2024-09-15 17:27:12,098 - __main__ - INFO - Device: cpu
2024-09-15 17:27:12,124 - __main__ - INFO - Connected to MQTT broker at 103.245.38.40:1883
2024-09-15 17:27:12,124 - __main__ - INFO - Starting main function.
2024-09-15 17:27:12,203 - __main__ - INFO - Loading model from ./yolov3-tinyu.pt
2024-09-15 17:27:12,315 - __main__ - INFO - Labels loaded: ['person', 'bicycle', 'car', 'motorcycle', 'airplane', 'bus', 'train', 'truck', 'boat']
2024-09-15 17:27:12,362 - __main__ - DEBUG - Getting detections from the frame.
2024-09-15 17:27:23,284 - __main__ - DEBUG - Processing bounding boxes.
2024-09-15 17:27:23,284 - __main__ - DEBUG - Marked object 1 at (426, 324)
2024-09-15 17:27:23,300 - __main__ - INFO - Object 1 detected crossing downward.
2024-09-15 17:27:23,310 - __main__ - DEBUG - Marked object 1 at (426, 324)
2024-09-15 17:27:23,313 - __main__ - INFO - Object 1 detected crossing upward.
2024-09-15 17:27:23,316 - __main__ - DEBUG - Lines drawn on the frame.
2024-09-15 17:27:23,318 - __main__ - INFO - Published data to MQTT: {'going_down': 1, 'going_up': 1}
2024-09-15 17:27:23,321 - __main__ - DEBUG - Counters drawn: Going Down=1, Going Up=1
2024-09-15 17:27:23,321 - __main__ - DEBUG - FPS drawn: 0.09
2024-09-15 17:27:23,637 - __main__ - DEBUG - Getting detections from the frame.
2024-09-15 17:27:24,503 - __main__ - DEBUG - Processing bounding boxes.
2024-09-15 17:27:24,503 - __main__ - DEBUG - Lines drawn on the frame.
2024-09-15 17:27:24,503 - __main__ - INFO - Published data to MQTT: {'going_down': 1, 'going_up': 1}
2024-09-15 17:27:24,503 - __main__ - DEBUG - Counters drawn: Going Down=1, Going Up=1
2024-09-15 17:27:24,503 - __main__ - DEBUG - FPS drawn: 0.16
2024-09-15 17:27:24,644 - __main__ - DEBUG - Getting detections from the frame.
2024-09-15 17:27:25,254 - __main__ - DEBUG - Processing bounding boxes.
2024-09-15 17:27:25,254 - __main__ - DEBUG - Marked object 3 at (455, 360)
2024-09-15 17:27:25,254 - __main__ - INFO - Object 3 detected crossing downward.
2024-09-15 17:27:25,254 - __main__ - DEBUG - Marked object 3 at (455, 360)
2024-09-15 17:27:25,254 - __main__ - INFO - Object 3 detected crossing upward.
2024-09-15 17:27:25,254 - __main__ - DEBUG - Lines drawn on the frame.
2024-09-15 17:27:25,254 - __main__ - INFO - Published data to MQTT: {'going_down': 2, 'going_up': 2}
2024-09-15 17:27:25,254 - __main__ - DEBUG - Counters drawn: Going Down=2, Going Up=2
2024-09-15 17:27:25,254 - __main__ - DEBUG - FPS drawn: 0.23
2024-09-15 17:27:25,367 - __main__ - DEBUG - Getting detections from the frame.
2024-09-15 17:27:26,005 - __main__ - DEBUG - Processing bounding boxes.
2024-09-15 17:27:26,005 - __main__ - DEBUG - Lines drawn on the frame.
2024-09-15 17:27:26,005 - __main__ - INFO - Published data to MQTT: {'going_down': 2, 'going_up': 2}
2024-09-15 17:27:26,005 - __main__ - DEBUG - Counters drawn: Going Down=2, Going Up=2
2024-09-15 17:27:26,030 - __main__ - DEBUG - FPS drawn: 0.29
2024-09-15 17:27:26,052 - __main__ - DEBUG - Getting detections from the frame.
2024-09-15 17:27:26,828 - __main__ - DEBUG - Processing bounding boxes.
2024-09-15 17:27:26,828 - __main__ - DEBUG - Marked object 5 at (155, 352)
2024-09-15 17:27:26,828 - __main__ - INFO - Object 5 detected crossing downward.
2024-09-15 17:27:26,844 - __main__ - DEBUG - Marked object 5 at (155, 352)
2024-09-15 17:27:26,844 - __main__ - INFO - Object 5 detected crossing upward.
2024-09-15 17:27:26,844 - __main__ - DEBUG - Lines drawn on the frame.
2024-09-15 17:27:26,844 - __main__ - INFO - Published data to MQTT: {'going_down': 3, 'going_up': 3}
2024-09-15 17:27:26,848 - __main__ - DEBUG - Counters drawn: Going Down=3, Going Up=3
2024-09-15 17:27:26,849 - __main__ - DEBUG - FPS drawn: 0.34
2024-09-15 17:27:26,989 - __main__ - DEBUG - Getting detections from the frame.
2024-09-15 17:27:28,068 - __main__ - DEBUG - Processing bounding boxes.
2024-09-15 17:27:28,068 - __main__ - DEBUG - Lines drawn on the frame.
2024-09-15 17:27:28,068 - __main__ - INFO - Published data to MQTT: {'going_down': 3, 'going_up': 3}
2024-09-15 17:27:28,068 - __main__ - DEBUG - Counters drawn: Going Down=3, Going Up=3
2024-09-15 17:27:28,068 - __main__ - DEBUG - FPS drawn: 0.38
2024-09-15 17:27:28,092 - __main__ - DEBUG - Getting detections from the frame.
2024-09-15 17:27:29,060 - __main__ - DEBUG - Processing bounding boxes.
2024-09-15 17:27:29,060 - __main__ - DEBUG - Marked object 9 at (451, 362)
2024-09-15 17:27:29,060 - __main__ - INFO - Object 9 detected crossing downward.
2024-09-15 17:27:29,060 - __main__ - DEBUG - Marked object 9 at (451, 362)
2024-09-15 17:27:29,060 - __main__ - INFO - Object 9 detected crossing upward.
2024-09-15 17:27:29,060 - __main__ - DEBUG - Lines drawn on the frame.
2024-09-15 17:27:29,060 - __main__ - INFO - Published data to MQTT: {'going_down': 4, 'going_up': 4}
2024-09-15 17:27:29,060 - __main__ - DEBUG - Counters drawn: Going Down=4, Going Up=4
2024-09-15 17:27:29,060 - __main__ - DEBUG - FPS drawn: 0.42
2024-09-15 17:27:29,124 - __main__ - DEBUG - Getting detections from the frame.
2024-09-15 17:27:29,871 - __main__ - DEBUG - Processing bounding boxes.
2024-09-15 17:27:29,871 - __main__ - DEBUG - Lines drawn on the frame.
2024-09-15 17:27:29,871 - __main__ - INFO - Published data to MQTT: {'going_down': 4, 'going_up': 4}
2024-09-15 17:27:29,871 - __main__ - DEBUG - Counters drawn: Going Down=4, Going Up=4
2024-09-15 17:27:29,878 - __main__ - DEBUG - FPS drawn: 0.45
2024-09-15 17:27:29,919 - __main__ - DEBUG - Getting detections from the frame.
2024-09-15 17:27:30,797 - __main__ - DEBUG - Processing bounding boxes.
2024-09-15 17:27:30,797 - __main__ - DEBUG - Lines drawn on the frame.
2024-09-15 17:27:30,797 - __main__ - INFO - Published data to MQTT: {'going_down': 4, 'going_up': 4}
2024-09-15 17:27:30,813 - __main__ - DEBUG - Counters drawn: Going Down=4, Going Up=4
2024-09-15 17:27:30,813 - __main__ - DEBUG - FPS drawn: 0.48
2024-09-15 17:27:30,854 - __main__ - DEBUG - Getting detections from the frame.
2024-09-15 17:27:31,639 - __main__ - DEBUG - Processing bounding boxes.
2024-09-15 17:27:31,639 - __main__ - DEBUG - Lines drawn on the frame.
2024-09-15 17:27:31,639 - __main__ - INFO - Published data to MQTT: {'going_down': 4, 'going_up': 4}
2024-09-15 17:27:31,639 - __main__ - DEBUG - Counters drawn: Going Down=4, Going Up=4
2024-09-15 17:27:31,639 - __main__ - DEBUG - FPS drawn: 0.51
2024-09-15 17:27:31,700 - __main__ - DEBUG - Getting detections from the frame.
2024-09-15 17:27:32,393 - __main__ - DEBUG - Processing bounding boxes.
2024-09-15 17:27:32,393 - __main__ - DEBUG - Lines drawn on the frame.
2024-09-15 17:27:32,393 - __main__ - INFO - Published data to MQTT: {'going_down': 4, 'going_up': 4}
2024-09-15 17:27:32,393 - __main__ - DEBUG - Counters drawn: Going Down=4, Going Up=4
2024-09-15 17:27:32,393 - __main__ - DEBUG - FPS drawn: 0.54
2024-09-15 17:27:32,462 - __main__ - DEBUG - Getting detections from the frame.
2024-09-15 17:27:33,098 - __main__ - DEBUG - Processing bounding boxes.
2024-09-15 17:27:33,098 - __main__ - DEBUG - Lines drawn on the frame.
2024-09-15 17:27:33,098 - __main__ - INFO - Published data to MQTT: {'going_down': 4, 'going_up': 4}
2024-09-15 17:27:33,098 - __main__ - DEBUG - Counters drawn: Going Down=4, Going Up=4
2024-09-15 17:27:33,098 - __main__ - DEBUG - FPS drawn: 0.57
2024-09-15 17:27:33,161 - __main__ - DEBUG - Getting detections from the frame.
2024-09-15 17:27:33,821 - __main__ - DEBUG - Processing bounding boxes.
2024-09-15 17:27:33,821 - __main__ - DEBUG - Lines drawn on the frame.
2024-09-15 17:27:33,821 - __main__ - INFO - Published data to MQTT: {'going_down': 4, 'going_up': 4}
2024-09-15 17:27:33,836 - __main__ - DEBUG - Counters drawn: Going Down=4, Going Up=4
2024-09-15 17:27:33,836 - __main__ - DEBUG - FPS drawn: 0.60
2024-09-15 17:27:33,957 - __main__ - DEBUG - Getting detections from the frame.
2024-09-15 17:27:34,603 - __main__ - WARNING - Label index out of range: 9
2024-09-15 17:27:34,619 - __main__ - DEBUG - Processing bounding boxes.
2024-09-15 17:27:34,619 - __main__ - DEBUG - Lines drawn on the frame.
2024-09-15 17:27:34,619 - __main__ - INFO - Published data to MQTT: {'going_down': 4, 'going_up': 4}
2024-09-15 17:27:34,619 - __main__ - DEBUG - Counters drawn: Going Down=4, Going Up=4
2024-09-15 17:27:34,619 - __main__ - DEBUG - FPS drawn: 0.62
2024-09-15 17:27:34,704 - __main__ - DEBUG - Getting detections from the frame.
2024-09-15 17:27:35,741 - __main__ - DEBUG - Processing bounding boxes.
2024-09-15 17:27:35,744 - __main__ - DEBUG - Lines drawn on the frame.
2024-09-15 17:27:35,746 - __main__ - INFO - Published data to MQTT: {'going_down': 4, 'going_up': 4}
2024-09-15 17:27:35,753 - __main__ - DEBUG - Counters drawn: Going Down=4, Going Up=4
2024-09-15 17:27:35,755 - __main__ - DEBUG - FPS drawn: 0.64
2024-09-15 17:27:35,868 - __main__ - DEBUG - Getting detections from the frame.
2024-09-15 17:27:36,490 - __main__ - DEBUG - Processing bounding boxes.
2024-09-15 17:27:36,490 - __main__ - DEBUG - Marked object 13 at (435, 341)
2024-09-15 17:27:36,490 - __main__ - INFO - Object 13 detected crossing downward.
2024-09-15 17:27:36,490 - __main__ - DEBUG - Marked object 13 at (435, 341)
2024-09-15 17:27:36,490 - __main__ - INFO - Object 13 detected crossing upward.
2024-09-15 17:27:36,499 - __main__ - DEBUG - Lines drawn on the frame.
2024-09-15 17:27:36,500 - __main__ - INFO - Published data to MQTT: {'going_down': 5, 'going_up': 5}
2024-09-15 17:27:36,501 - __main__ - DEBUG - Counters drawn: Going Down=5, Going Up=5
2024-09-15 17:27:36,501 - __main__ - DEBUG - FPS drawn: 0.66
2024-09-15 17:27:36,523 - __main__ - DEBUG - Getting detections from the frame.
2024-09-15 17:27:37,194 - __main__ - DEBUG - Processing bounding boxes.
2024-09-15 17:27:37,194 - __main__ - DEBUG - Marked object 14 at (450, 364)
2024-09-15 17:27:37,194 - __main__ - INFO - Object 14 detected crossing downward.
2024-09-15 17:27:37,194 - __main__ - DEBUG - Marked object 14 at (450, 364)
2024-09-15 17:27:37,194 - __main__ - INFO - Object 14 detected crossing upward.
2024-09-15 17:27:37,194 - __main__ - DEBUG - Lines drawn on the frame.
2024-09-15 17:27:37,194 - __main__ - INFO - Published data to MQTT: {'going_down': 6, 'going_up': 6}
2024-09-15 17:27:37,194 - __main__ - DEBUG - Counters drawn: Going Down=6, Going Up=6
2024-09-15 17:27:37,211 - __main__ - DEBUG - FPS drawn: 0.68
2024-09-15 17:27:37,305 - __main__ - DEBUG - Getting detections from the frame.
2024-09-15 17:27:37,895 - __main__ - DEBUG - Processing bounding boxes.
2024-09-15 17:27:37,895 - __main__ - DEBUG - Lines drawn on the frame.
2024-09-15 17:27:37,895 - __main__ - INFO - Published data to MQTT: {'going_down': 6, 'going_up': 6}
2024-09-15 17:27:37,895 - __main__ - DEBUG - Counters drawn: Going Down=6, Going Up=6
2024-09-15 17:27:37,903 - __main__ - DEBUG - FPS drawn: 0.70
2024-09-15 17:27:37,961 - __main__ - DEBUG - Getting detections from the frame.
2024-09-15 17:27:38,586 - __main__ - DEBUG - Processing bounding boxes.
2024-09-15 17:27:38,586 - __main__ - DEBUG - Marked object 16 at (272, 338)
2024-09-15 17:27:38,586 - __main__ - INFO - Object 16 detected crossing downward.
2024-09-15 17:27:38,586 - __main__ - DEBUG - Marked object 16 at (272, 338)
2024-09-15 17:27:38,586 - __main__ - INFO - Object 16 detected crossing upward.
2024-09-15 17:27:38,586 - __main__ - DEBUG - Lines drawn on the frame.
2024-09-15 17:27:38,594 - __main__ - INFO - Published data to MQTT: {'going_down': 7, 'going_up': 7}
2024-09-15 17:27:38,595 - __main__ - DEBUG - Counters drawn: Going Down=7, Going Up=7
2024-09-15 17:27:38,597 - __main__ - DEBUG - FPS drawn: 0.72
2024-09-15 17:27:38,689 - __main__ - DEBUG - Getting detections from the frame.
2024-09-15 17:27:39,306 - __main__ - DEBUG - Processing bounding boxes.
2024-09-15 17:27:39,306 - __main__ - DEBUG - Lines drawn on the frame.
2024-09-15 17:27:39,306 - __main__ - INFO - Published data to MQTT: {'going_down': 7, 'going_up': 7}
2024-09-15 17:27:39,306 - __main__ - DEBUG - Counters drawn: Going Down=7, Going Up=7
2024-09-15 17:27:39,306 - __main__ - DEBUG - FPS drawn: 0.74
2024-09-15 17:27:39,395 - __main__ - DEBUG - Getting detections from the frame.
2024-09-15 17:27:40,018 - __main__ - DEBUG - Processing bounding boxes.
2024-09-15 17:27:40,018 - __main__ - DEBUG - Marked object 19 at (189, 333)
2024-09-15 17:27:40,018 - __main__ - INFO - Object 19 detected crossing downward.
2024-09-15 17:27:40,018 - __main__ - DEBUG - Marked object 19 at (189, 333)
2024-09-15 17:27:40,018 - __main__ - INFO - Object 19 detected crossing upward.
2024-09-15 17:27:40,018 - __main__ - DEBUG - Lines drawn on the frame.
2024-09-15 17:27:40,018 - __main__ - INFO - Published data to MQTT: {'going_down': 8, 'going_up': 8}
2024-09-15 17:27:40,030 - __main__ - DEBUG - Counters drawn: Going Down=8, Going Up=8
2024-09-15 17:27:40,031 - __main__ - DEBUG - FPS drawn: 0.75
2024-09-15 17:27:40,085 - __main__ - DEBUG - Getting detections from the frame.
2024-09-15 17:27:40,775 - __main__ - DEBUG - Processing bounding boxes.
2024-09-15 17:27:40,775 - __main__ - DEBUG - Lines drawn on the frame.
2024-09-15 17:27:40,775 - __main__ - INFO - Published data to MQTT: {'going_down': 8, 'going_up': 8}
2024-09-15 17:27:40,775 - __main__ - DEBUG - Counters drawn: Going Down=8, Going Up=8
2024-09-15 17:27:40,775 - __main__ - DEBUG - FPS drawn: 0.77
2024-09-15 17:27:40,878 - __main__ - DEBUG - Getting detections from the frame.
2024-09-15 17:27:41,540 - __main__ - DEBUG - Processing bounding boxes.
2024-09-15 17:27:41,540 - __main__ - DEBUG - Lines drawn on the frame.
2024-09-15 17:27:41,540 - __main__ - INFO - Published data to MQTT: {'going_down': 8, 'going_up': 8}
2024-09-15 17:27:41,556 - __main__ - DEBUG - Counters drawn: Going Down=8, Going Up=8
2024-09-15 17:27:41,559 - __main__ - DEBUG - FPS drawn: 0.78
2024-09-15 17:27:41,601 - __main__ - DEBUG - Getting detections from the frame.
2024-09-15 17:27:42,275 - __main__ - DEBUG - Processing bounding boxes.
2024-09-15 17:27:42,282 - __main__ - DEBUG - Lines drawn on the frame.
2024-09-15 17:27:42,294 - __main__ - INFO - Published data to MQTT: {'going_down': 8, 'going_up': 8}
2024-09-15 17:27:42,299 - __main__ - DEBUG - Counters drawn: Going Down=8, Going Up=8
2024-09-15 17:27:42,312 - __main__ - DEBUG - FPS drawn: 0.80
2024-09-15 17:27:42,398 - __main__ - DEBUG - Getting detections from the frame.
2024-09-15 17:27:43,015 - __main__ - DEBUG - Processing bounding boxes.
2024-09-15 17:27:43,015 - __main__ - DEBUG - Marked object 27 at (203, 358)
2024-09-15 17:27:43,015 - __main__ - INFO - Object 27 detected crossing downward.
2024-09-15 17:27:43,033 - __main__ - DEBUG - Marked object 27 at (203, 358)
2024-09-15 17:27:43,037 - __main__ - INFO - Object 27 detected crossing upward.
2024-09-15 17:27:43,037 - __main__ - DEBUG - Lines drawn on the frame.
2024-09-15 17:27:43,051 - __main__ - INFO - Published data to MQTT: {'going_down': 9, 'going_up': 9}
2024-09-15 17:27:43,062 - __main__ - DEBUG - Counters drawn: Going Down=9, Going Up=9
2024-09-15 17:27:43,062 - __main__ - DEBUG - FPS drawn: 0.81
2024-09-15 17:27:43,173 - __main__ - DEBUG - Getting detections from the frame.
2024-09-15 17:27:43,811 - __main__ - DEBUG - Processing bounding boxes.
2024-09-15 17:27:43,814 - __main__ - DEBUG - Marked object 28 at (232, 322)
2024-09-15 17:27:43,815 - __main__ - INFO - Object 28 detected crossing downward.
2024-09-15 17:27:43,816 - __main__ - DEBUG - Marked object 28 at (232, 322)
2024-09-15 17:27:43,817 - __main__ - INFO - Object 28 detected crossing upward.
2024-09-15 17:27:43,818 - __main__ - DEBUG - Lines drawn on the frame.
2024-09-15 17:27:43,819 - __main__ - INFO - Published data to MQTT: {'going_down': 10, 'going_up': 10}
2024-09-15 17:27:43,820 - __main__ - DEBUG - Counters drawn: Going Down=10, Going Up=10
2024-09-15 17:27:43,822 - __main__ - DEBUG - FPS drawn: 0.82
2024-09-15 17:27:43,968 - __main__ - DEBUG - Getting detections from the frame.
2024-09-15 17:27:44,637 - __main__ - DEBUG - Processing bounding boxes.
2024-09-15 17:27:44,637 - __main__ - DEBUG - Lines drawn on the frame.
2024-09-15 17:27:44,637 - __main__ - INFO - Published data to MQTT: {'going_down': 10, 'going_up': 10}
2024-09-15 17:27:44,637 - __main__ - DEBUG - Counters drawn: Going Down=10, Going Up=10
2024-09-15 17:27:44,637 - __main__ - DEBUG - FPS drawn: 0.83
2024-09-15 17:27:44,704 - __main__ - DEBUG - Getting detections from the frame.
2024-09-15 17:27:45,373 - __main__ - DEBUG - Processing bounding boxes.
2024-09-15 17:27:45,377 - __main__ - DEBUG - Lines drawn on the frame.
2024-09-15 17:27:45,378 - __main__ - INFO - Published data to MQTT: {'going_down': 10, 'going_up': 10}
2024-09-15 17:27:45,379 - __main__ - DEBUG - Counters drawn: Going Down=10, Going Up=10
2024-09-15 17:27:45,380 - __main__ - DEBUG - FPS drawn: 0.84
2024-09-15 17:27:45,672 - __main__ - DEBUG - Getting detections from the frame.
2024-09-15 17:27:46,325 - __main__ - DEBUG - Processing bounding boxes.
2024-09-15 17:27:46,325 - __main__ - DEBUG - Lines drawn on the frame.
2024-09-15 17:27:46,325 - __main__ - INFO - Published data to MQTT: {'going_down': 10, 'going_up': 10}
2024-09-15 17:27:46,325 - __main__ - DEBUG - Counters drawn: Going Down=10, Going Up=10
2024-09-15 17:27:46,332 - __main__ - DEBUG - FPS drawn: 0.85
2024-09-15 17:27:46,424 - __main__ - DEBUG - Getting detections from the frame.
2024-09-15 17:27:46,533 - __main__ - INFO - End of video stream reached. Stopping video.
2024-09-15 17:27:46,767 - __main__ - DEBUG - Processing bounding boxes.
2024-09-15 17:27:46,783 - __main__ - DEBUG - Lines drawn on the frame.
2024-09-15 17:27:46,783 - __main__ - INFO - Published data to MQTT: {'going_down': 10, 'going_up': 10}
2024-09-15 17:27:46,783 - __main__ - DEBUG - Counters drawn: Going Down=10, Going Up=10
2024-09-15 17:27:46,783 - __main__ - DEBUG - FPS drawn: 0.87
2024-09-15 17:27:46,783 - __main__ - ERROR - Error reading frame, exiting.
2024-09-15 17:27:46,799 - __main__ - INFO - Video stream released.
2024-09-15 17:27:46,853 - __main__ - INFO - Published data to MQTT: {'going_down': 10, 'going_up': 10}
