2024-09-15 15:53:10,843 - __main__ - INFO - Device: cpu
2024-09-15 15:53:10,884 - __main__ - INFO - Connected to MQTT broker at 103.245.38.40:1883
2024-09-15 15:53:10,888 - __main__ - INFO - Starting main function.
2024-09-15 15:53:10,952 - __main__ - INFO - Loading model from ./yolov3-tinyu_1.onnx
2024-09-15 15:53:10,952 - __main__ - INFO - Labels loaded: ['person', 'bicycle', 'car', 'motorcycle', 'airplane', 'bus', 'train', 'truck', 'boat']
2024-09-15 15:53:11,058 - __main__ - INFO - Frame successfully retrieved.
2024-09-15 15:53:11,095 - __main__ - INFO - Frame successfully retrieved.
2024-09-15 15:53:11,122 - __main__ - INFO - Frame successfully retrieved.
2024-09-15 15:53:11,135 - __main__ - DEBUG - Getting detections from the frame.
2024-09-15 15:53:14,791 - __main__ - ERROR - Error during detection: [ONNXRuntimeError] : 7 : INVALID_PROTOBUF : Load model from yolov3-tinyu_1.onnx failed:Protobuf parsing failed.
2024-09-15 15:53:14,791 - __main__ - DEBUG - Processing bounding boxes.
2024-09-15 15:53:14,791 - __main__ - DEBUG - Lines drawn on the frame.
2024-09-15 15:53:14,791 - __main__ - INFO - Published data to MQTT: {'going_down': 0, 'going_up': 0}
2024-09-15 15:53:14,791 - __main__ - DEBUG - Counters drawn: Going Down=0, Going Up=0
2024-09-15 15:53:14,807 - __main__ - DEBUG - FPS drawn: 0.26
2024-09-15 15:53:15,001 - __main__ - INFO - Frame successfully retrieved.
2024-09-15 15:53:15,059 - __main__ - INFO - Frame successfully retrieved.
2024-09-15 15:53:15,134 - __main__ - INFO - Frame successfully retrieved.
2024-09-15 15:53:15,168 - __main__ - DEBUG - Getting detections from the frame.
2024-09-15 15:53:18,431 - __main__ - ERROR - Error during detection: [ONNXRuntimeError] : 7 : INVALID_PROTOBUF : Load model from yolov3-tinyu_1.onnx failed:Protobuf parsing failed.
2024-09-15 15:53:18,432 - __main__ - DEBUG - Processing bounding boxes.
2024-09-15 15:53:18,433 - __main__ - DEBUG - Lines drawn on the frame.
2024-09-15 15:53:18,434 - __main__ - INFO - Published data to MQTT: {'going_down': 0, 'going_up': 0}
2024-09-15 15:53:18,435 - __main__ - DEBUG - Counters drawn: Going Down=0, Going Up=0
2024-09-15 15:53:18,437 - __main__ - DEBUG - FPS drawn: 0.27
2024-09-15 15:53:18,465 - __main__ - INFO - Frame successfully retrieved.
2024-09-15 15:53:18,556 - __main__ - INFO - Frame successfully retrieved.
2024-09-15 15:53:18,603 - __main__ - INFO - Frame successfully retrieved.
2024-09-15 15:53:18,607 - __main__ - DEBUG - Getting detections from the frame.
2024-09-15 15:53:21,534 - __main__ - ERROR - Error during detection: [ONNXRuntimeError] : 7 : INVALID_PROTOBUF : Load model from yolov3-tinyu_1.onnx failed:Protobuf parsing failed.
2024-09-15 15:53:21,535 - __main__ - DEBUG - Processing bounding boxes.
2024-09-15 15:53:21,535 - __main__ - DEBUG - Lines drawn on the frame.
2024-09-15 15:53:21,536 - __main__ - INFO - Published data to MQTT: {'going_down': 0, 'going_up': 0}
2024-09-15 15:53:21,538 - __main__ - DEBUG - Counters drawn: Going Down=0, Going Up=0
2024-09-15 15:53:21,539 - __main__ - DEBUG - FPS drawn: 0.28
2024-09-15 15:53:21,564 - __main__ - INFO - Frame successfully retrieved.
2024-09-15 15:53:21,564 - __main__ - INFO - Frame successfully retrieved.
2024-09-15 15:53:21,569 - __main__ - INFO - Frame successfully retrieved.
2024-09-15 15:53:21,574 - __main__ - DEBUG - Getting detections from the frame.
2024-09-15 15:53:24,853 - __main__ - ERROR - Error during detection: [ONNXRuntimeError] : 7 : INVALID_PROTOBUF : Load model from yolov3-tinyu_1.onnx failed:Protobuf parsing failed.
2024-09-15 15:53:24,855 - __main__ - DEBUG - Processing bounding boxes.
2024-09-15 15:53:24,856 - __main__ - DEBUG - Lines drawn on the frame.
2024-09-15 15:53:24,858 - __main__ - INFO - Published data to MQTT: {'going_down': 0, 'going_up': 0}
2024-09-15 15:53:24,859 - __main__ - DEBUG - Counters drawn: Going Down=0, Going Up=0
2024-09-15 15:53:24,860 - __main__ - DEBUG - FPS drawn: 0.29
2024-09-15 15:53:24,919 - __main__ - INFO - Frame successfully retrieved.
2024-09-15 15:53:25,382 - __main__ - INFO - Frame successfully retrieved.
2024-09-15 15:53:25,456 - __main__ - INFO - Frame successfully retrieved.
2024-09-15 15:53:25,461 - __main__ - DEBUG - Getting detections from the frame.
2024-09-15 15:53:28,242 - __main__ - ERROR - Error during detection: [ONNXRuntimeError] : 7 : INVALID_PROTOBUF : Load model from yolov3-tinyu_1.onnx failed:Protobuf parsing failed.
2024-09-15 15:53:28,244 - __main__ - DEBUG - Processing bounding boxes.
2024-09-15 15:53:28,244 - __main__ - DEBUG - Lines drawn on the frame.
2024-09-15 15:53:28,245 - __main__ - INFO - Published data to MQTT: {'going_down': 0, 'going_up': 0}
2024-09-15 15:53:28,247 - __main__ - DEBUG - Counters drawn: Going Down=0, Going Up=0
2024-09-15 15:53:28,248 - __main__ - DEBUG - FPS drawn: 0.29
2024-09-15 15:53:28,285 - __main__ - INFO - Frame successfully retrieved.
2024-09-15 15:53:28,309 - __main__ - INFO - Frame successfully retrieved.
2024-09-15 15:53:28,385 - __main__ - INFO - Frame successfully retrieved.
2024-09-15 15:53:28,391 - __main__ - DEBUG - Getting detections from the frame.
2024-09-15 15:53:31,163 - __main__ - ERROR - Error during detection: [ONNXRuntimeError] : 7 : INVALID_PROTOBUF : Load model from yolov3-tinyu_1.onnx failed:Protobuf parsing failed.
2024-09-15 15:53:31,164 - __main__ - DEBUG - Processing bounding boxes.
2024-09-15 15:53:31,165 - __main__ - DEBUG - Lines drawn on the frame.
2024-09-15 15:53:31,167 - __main__ - INFO - Published data to MQTT: {'going_down': 0, 'going_up': 0}
2024-09-15 15:53:31,167 - __main__ - DEBUG - Counters drawn: Going Down=0, Going Up=0
2024-09-15 15:53:31,167 - __main__ - DEBUG - FPS drawn: 0.30
2024-09-15 15:53:31,182 - __main__ - INFO - Frame successfully retrieved.
2024-09-15 15:53:31,203 - __main__ - INFO - Frame successfully retrieved.
2024-09-15 15:53:31,246 - __main__ - INFO - Frame successfully retrieved.
2024-09-15 15:53:31,247 - __main__ - DEBUG - Getting detections from the frame.
2024-09-15 15:53:33,996 - __main__ - ERROR - Error during detection: [ONNXRuntimeError] : 7 : INVALID_PROTOBUF : Load model from yolov3-tinyu_1.onnx failed:Protobuf parsing failed.
2024-09-15 15:53:34,001 - __main__ - DEBUG - Processing bounding boxes.
2024-09-15 15:53:34,002 - __main__ - DEBUG - Lines drawn on the frame.
2024-09-15 15:53:34,004 - __main__ - INFO - Published data to MQTT: {'going_down': 0, 'going_up': 0}
2024-09-15 15:53:34,008 - __main__ - DEBUG - Counters drawn: Going Down=0, Going Up=0
2024-09-15 15:53:34,008 - __main__ - DEBUG - FPS drawn: 0.30
2024-09-15 15:53:34,039 - __main__ - INFO - Frame successfully retrieved.
2024-09-15 15:53:34,125 - __main__ - INFO - Frame successfully retrieved.
2024-09-15 15:53:34,285 - __main__ - INFO - Frame successfully retrieved.
2024-09-15 15:53:34,300 - __main__ - DEBUG - Getting detections from the frame.
2024-09-15 15:53:37,251 - __main__ - ERROR - Error during detection: [ONNXRuntimeError] : 7 : INVALID_PROTOBUF : Load model from yolov3-tinyu_1.onnx failed:Protobuf parsing failed.
2024-09-15 15:53:37,252 - __main__ - DEBUG - Processing bounding boxes.
2024-09-15 15:53:37,253 - __main__ - DEBUG - Lines drawn on the frame.
2024-09-15 15:53:37,255 - __main__ - INFO - Published data to MQTT: {'going_down': 0, 'going_up': 0}
2024-09-15 15:53:37,256 - __main__ - DEBUG - Counters drawn: Going Down=0, Going Up=0
2024-09-15 15:53:37,258 - __main__ - DEBUG - FPS drawn: 0.30
2024-09-15 15:53:37,304 - __main__ - INFO - Frame successfully retrieved.
2024-09-15 15:53:37,357 - __main__ - INFO - Frame successfully retrieved.
2024-09-15 15:53:37,385 - __main__ - INFO - Frame successfully retrieved.
2024-09-15 15:53:37,391 - __main__ - DEBUG - Getting detections from the frame.
2024-09-15 15:53:40,135 - __main__ - ERROR - Error during detection: [ONNXRuntimeError] : 7 : INVALID_PROTOBUF : Load model from yolov3-tinyu_1.onnx failed:Protobuf parsing failed.
2024-09-15 15:53:40,135 - __main__ - DEBUG - Processing bounding boxes.
2024-09-15 15:53:40,135 - __main__ - DEBUG - Lines drawn on the frame.
2024-09-15 15:53:40,135 - __main__ - INFO - Published data to MQTT: {'going_down': 0, 'going_up': 0}
2024-09-15 15:53:40,146 - __main__ - DEBUG - Counters drawn: Going Down=0, Going Up=0
2024-09-15 15:53:40,147 - __main__ - DEBUG - FPS drawn: 0.31
2024-09-15 15:53:40,153 - __main__ - INFO - Frame successfully retrieved.
2024-09-15 15:53:40,230 - __main__ - INFO - Frame successfully retrieved.
2024-09-15 15:53:40,359 - __main__ - INFO - Frame successfully retrieved.
2024-09-15 15:53:40,375 - __main__ - DEBUG - Getting detections from the frame.
2024-09-15 15:53:40,665 - __main__ - ERROR - Failed to retrieve frame from stream. Attempting to reconnect...
2024-09-15 15:53:42,601 - __main__ - ERROR - Error during detection: [ONNXRuntimeError] : 7 : INVALID_PROTOBUF : Load model from yolov3-tinyu_1.onnx failed:Protobuf parsing failed.
2024-09-15 15:53:42,602 - __main__ - DEBUG - Processing bounding boxes.
2024-09-15 15:53:42,603 - __main__ - DEBUG - Lines drawn on the frame.
2024-09-15 15:53:42,604 - __main__ - INFO - Published data to MQTT: {'going_down': 0, 'going_up': 0}
2024-09-15 15:53:42,605 - __main__ - DEBUG - Counters drawn: Going Down=0, Going Up=0
2024-09-15 15:53:42,605 - __main__ - DEBUG - FPS drawn: 0.32
2024-09-15 15:53:42,758 - __main__ - INFO - Reconnected to video source: ../veh2.mp4
2024-09-15 15:53:42,825 - __main__ - INFO - Frame successfully retrieved.
2024-09-15 15:53:42,890 - __main__ - INFO - Frame successfully retrieved.
2024-09-15 15:53:42,944 - __main__ - INFO - Frame successfully retrieved.
2024-09-15 15:53:42,957 - __main__ - DEBUG - Getting detections from the frame.
2024-09-15 15:53:45,782 - __main__ - ERROR - Error during detection: [ONNXRuntimeError] : 7 : INVALID_PROTOBUF : Load model from yolov3-tinyu_1.onnx failed:Protobuf parsing failed.
2024-09-15 15:53:45,787 - __main__ - DEBUG - Processing bounding boxes.
2024-09-15 15:53:45,788 - __main__ - DEBUG - Lines drawn on the frame.
2024-09-15 15:53:45,789 - __main__ - INFO - Published data to MQTT: {'going_down': 0, 'going_up': 0}
2024-09-15 15:53:45,796 - __main__ - DEBUG - Counters drawn: Going Down=0, Going Up=0
2024-09-15 15:53:45,797 - __main__ - DEBUG - FPS drawn: 0.32
2024-09-15 15:53:45,823 - __main__ - INFO - Frame successfully retrieved.
2024-09-15 15:53:45,873 - __main__ - INFO - Frame successfully retrieved.
2024-09-15 15:53:45,887 - __main__ - INFO - Frame successfully retrieved.
2024-09-15 15:53:45,891 - __main__ - DEBUG - Getting detections from the frame.
2024-09-15 15:53:48,734 - __main__ - ERROR - Error during detection: [ONNXRuntimeError] : 7 : INVALID_PROTOBUF : Load model from yolov3-tinyu_1.onnx failed:Protobuf parsing failed.
2024-09-15 15:53:48,739 - __main__ - DEBUG - Processing bounding boxes.
2024-09-15 15:53:48,741 - __main__ - DEBUG - Lines drawn on the frame.
2024-09-15 15:53:48,744 - __main__ - INFO - Published data to MQTT: {'going_down': 0, 'going_up': 0}
2024-09-15 15:53:48,746 - __main__ - DEBUG - Counters drawn: Going Down=0, Going Up=0
2024-09-15 15:53:48,747 - __main__ - DEBUG - FPS drawn: 0.32
2024-09-15 15:53:48,794 - __main__ - INFO - Frame successfully retrieved.
2024-09-15 15:53:48,829 - __main__ - INFO - Frame successfully retrieved.
2024-09-15 15:53:48,903 - __main__ - INFO - Frame successfully retrieved.
2024-09-15 15:53:48,908 - __main__ - DEBUG - Getting detections from the frame.
2024-09-15 15:53:52,240 - __main__ - ERROR - Error during detection: [ONNXRuntimeError] : 7 : INVALID_PROTOBUF : Load model from yolov3-tinyu_1.onnx failed:Protobuf parsing failed.
2024-09-15 15:53:52,243 - __main__ - DEBUG - Processing bounding boxes.
2024-09-15 15:53:52,244 - __main__ - DEBUG - Lines drawn on the frame.
2024-09-15 15:53:52,245 - __main__ - INFO - Published data to MQTT: {'going_down': 0, 'going_up': 0}
2024-09-15 15:53:52,246 - __main__ - DEBUG - Counters drawn: Going Down=0, Going Up=0
2024-09-15 15:53:52,258 - __main__ - DEBUG - FPS drawn: 0.31
2024-09-15 15:53:52,386 - __main__ - INFO - Frame successfully retrieved.
2024-09-15 15:53:52,541 - __main__ - INFO - Frame successfully retrieved.
2024-09-15 15:53:52,606 - __main__ - INFO - Frame successfully retrieved.
2024-09-15 15:53:52,610 - __main__ - DEBUG - Getting detections from the frame.
2024-09-15 15:53:55,261 - __main__ - ERROR - Error during detection: [ONNXRuntimeError] : 7 : INVALID_PROTOBUF : Load model from yolov3-tinyu_1.onnx failed:Protobuf parsing failed.
2024-09-15 15:53:55,265 - __main__ - DEBUG - Processing bounding boxes.
2024-09-15 15:53:55,275 - __main__ - DEBUG - Lines drawn on the frame.
2024-09-15 15:53:55,276 - __main__ - INFO - Published data to MQTT: {'going_down': 0, 'going_up': 0}
2024-09-15 15:53:55,289 - __main__ - DEBUG - Counters drawn: Going Down=0, Going Up=0
2024-09-15 15:53:55,290 - __main__ - DEBUG - FPS drawn: 0.32
2024-09-15 15:53:55,303 - __main__ - INFO - Frame successfully retrieved.
2024-09-15 15:53:55,360 - __main__ - INFO - Frame successfully retrieved.
2024-09-15 15:53:55,404 - __main__ - INFO - Frame successfully retrieved.
2024-09-15 15:53:55,420 - __main__ - DEBUG - Getting detections from the frame.
2024-09-15 15:53:58,071 - __main__ - ERROR - Error during detection: [ONNXRuntimeError] : 7 : INVALID_PROTOBUF : Load model from yolov3-tinyu_1.onnx failed:Protobuf parsing failed.
2024-09-15 15:53:58,072 - __main__ - DEBUG - Processing bounding boxes.
2024-09-15 15:53:58,073 - __main__ - DEBUG - Lines drawn on the frame.
2024-09-15 15:53:58,075 - __main__ - INFO - Published data to MQTT: {'going_down': 0, 'going_up': 0}
2024-09-15 15:53:58,077 - __main__ - DEBUG - Counters drawn: Going Down=0, Going Up=0
2024-09-15 15:53:58,079 - __main__ - DEBUG - FPS drawn: 0.32
2024-09-15 15:53:58,641 - __main__ - INFO - Frame successfully retrieved.
2024-09-15 15:53:58,686 - __main__ - INFO - Frame successfully retrieved.
2024-09-15 15:53:58,853 - __main__ - INFO - Frame successfully retrieved.
2024-09-15 15:53:58,860 - __main__ - DEBUG - Getting detections from the frame.
2024-09-15 15:54:01,399 - __main__ - ERROR - Error during detection: [ONNXRuntimeError] : 7 : INVALID_PROTOBUF : Load model from yolov3-tinyu_1.onnx failed:Protobuf parsing failed.
2024-09-15 15:54:01,400 - __main__ - DEBUG - Processing bounding boxes.
2024-09-15 15:54:01,401 - __main__ - DEBUG - Lines drawn on the frame.
2024-09-15 15:54:01,402 - __main__ - INFO - Published data to MQTT: {'going_down': 0, 'going_up': 0}
2024-09-15 15:54:01,403 - __main__ - DEBUG - Counters drawn: Going Down=0, Going Up=0
2024-09-15 15:54:01,405 - __main__ - DEBUG - FPS drawn: 0.32
2024-09-15 15:54:01,430 - __main__ - INFO - Frame successfully retrieved.
2024-09-15 15:54:01,505 - __main__ - INFO - Frame successfully retrieved.
2024-09-15 15:54:01,528 - __main__ - INFO - Frame successfully retrieved.
2024-09-15 15:54:01,540 - __main__ - DEBUG - Getting detections from the frame.
2024-09-15 15:54:04,144 - __main__ - ERROR - Error during detection: [ONNXRuntimeError] : 7 : INVALID_PROTOBUF : Load model from yolov3-tinyu_1.onnx failed:Protobuf parsing failed.
2024-09-15 15:54:04,146 - __main__ - DEBUG - Processing bounding boxes.
2024-09-15 15:54:04,146 - __main__ - DEBUG - Lines drawn on the frame.
2024-09-15 15:54:04,146 - __main__ - INFO - Published data to MQTT: {'going_down': 0, 'going_up': 0}
2024-09-15 15:54:04,146 - __main__ - DEBUG - Counters drawn: Going Down=0, Going Up=0
2024-09-15 15:54:04,150 - __main__ - DEBUG - FPS drawn: 0.32
2024-09-15 15:54:04,278 - __main__ - INFO - Frame successfully retrieved.
2024-09-15 15:54:04,446 - __main__ - INFO - Frame successfully retrieved.
2024-09-15 15:54:04,482 - __main__ - INFO - Frame successfully retrieved.
2024-09-15 15:54:04,487 - __main__ - DEBUG - Getting detections from the frame.
2024-09-15 15:54:07,281 - __main__ - ERROR - Error during detection: [ONNXRuntimeError] : 7 : INVALID_PROTOBUF : Load model from yolov3-tinyu_1.onnx failed:Protobuf parsing failed.
2024-09-15 15:54:07,282 - __main__ - DEBUG - Processing bounding boxes.
2024-09-15 15:54:07,283 - __main__ - DEBUG - Lines drawn on the frame.
2024-09-15 15:54:07,284 - __main__ - INFO - Published data to MQTT: {'going_down': 0, 'going_up': 0}
2024-09-15 15:54:07,285 - __main__ - DEBUG - Counters drawn: Going Down=0, Going Up=0
2024-09-15 15:54:07,286 - __main__ - DEBUG - FPS drawn: 0.32
2024-09-15 15:54:07,410 - __main__ - INFO - Frame successfully retrieved.
2024-09-15 15:54:07,492 - __main__ - INFO - Frame successfully retrieved.
2024-09-15 15:54:07,493 - __main__ - INFO - Frame successfully retrieved.
2024-09-15 15:54:07,493 - __main__ - DEBUG - Getting detections from the frame.
2024-09-15 15:54:10,244 - __main__ - ERROR - Error during detection: [ONNXRuntimeError] : 7 : INVALID_PROTOBUF : Load model from yolov3-tinyu_1.onnx failed:Protobuf parsing failed.
2024-09-15 15:54:10,246 - __main__ - DEBUG - Processing bounding boxes.
2024-09-15 15:54:10,247 - __main__ - DEBUG - Lines drawn on the frame.
2024-09-15 15:54:10,248 - __main__ - INFO - Published data to MQTT: {'going_down': 0, 'going_up': 0}
2024-09-15 15:54:10,249 - __main__ - DEBUG - Counters drawn: Going Down=0, Going Up=0
2024-09-15 15:54:10,250 - __main__ - DEBUG - FPS drawn: 0.32
2024-09-15 15:54:10,303 - __main__ - INFO - Frame successfully retrieved.
2024-09-15 15:54:10,401 - __main__ - INFO - Frame successfully retrieved.
2024-09-15 15:54:10,436 - __main__ - INFO - Frame successfully retrieved.
2024-09-15 15:54:10,440 - __main__ - DEBUG - Getting detections from the frame.
2024-09-15 15:54:13,186 - __main__ - ERROR - Error during detection: [ONNXRuntimeError] : 7 : INVALID_PROTOBUF : Load model from yolov3-tinyu_1.onnx failed:Protobuf parsing failed.
2024-09-15 15:54:13,187 - __main__ - DEBUG - Processing bounding boxes.
2024-09-15 15:54:13,188 - __main__ - DEBUG - Lines drawn on the frame.
2024-09-15 15:54:13,189 - __main__ - INFO - Published data to MQTT: {'going_down': 0, 'going_up': 0}
2024-09-15 15:54:13,191 - __main__ - DEBUG - Counters drawn: Going Down=0, Going Up=0
2024-09-15 15:54:13,192 - __main__ - DEBUG - FPS drawn: 0.32
2024-09-15 15:54:13,277 - __main__ - INFO - Frame successfully retrieved.
2024-09-15 15:54:13,709 - __main__ - ERROR - Failed to retrieve frame from stream. Attempting to reconnect...
2024-09-15 15:54:15,775 - __main__ - INFO - Reconnected to video source: ../veh2.mp4
2024-09-15 15:54:15,777 - __main__ - ERROR - No frame received. Skipping iteration.
2024-09-15 15:54:16,315 - __main__ - INFO - Frame successfully retrieved.
2024-09-15 15:54:16,323 - __main__ - INFO - Frame successfully retrieved.
2024-09-15 15:54:16,323 - __main__ - DEBUG - Getting detections from the frame.
2024-09-15 15:54:19,119 - __main__ - ERROR - Error during detection: [ONNXRuntimeError] : 7 : INVALID_PROTOBUF : Load model from yolov3-tinyu_1.onnx failed:Protobuf parsing failed.
2024-09-15 15:54:19,120 - __main__ - DEBUG - Processing bounding boxes.
2024-09-15 15:54:19,121 - __main__ - DEBUG - Lines drawn on the frame.
2024-09-15 15:54:19,122 - __main__ - INFO - Published data to MQTT: {'going_down': 0, 'going_up': 0}
2024-09-15 15:54:19,123 - __main__ - DEBUG - Counters drawn: Going Down=0, Going Up=0
2024-09-15 15:54:19,125 - __main__ - DEBUG - FPS drawn: 0.31
2024-09-15 15:54:19,186 - __main__ - INFO - Frame successfully retrieved.
2024-09-15 15:54:19,243 - __main__ - INFO - Frame successfully retrieved.
2024-09-15 15:54:19,301 - __main__ - INFO - Frame successfully retrieved.
2024-09-15 15:54:19,305 - __main__ - DEBUG - Getting detections from the frame.
2024-09-15 15:54:23,506 - __main__ - ERROR - Error during detection: [ONNXRuntimeError] : 7 : INVALID_PROTOBUF : Load model from yolov3-tinyu_1.onnx failed:Protobuf parsing failed.
2024-09-15 15:54:23,508 - __main__ - DEBUG - Processing bounding boxes.
2024-09-15 15:54:23,511 - __main__ - DEBUG - Lines drawn on the frame.
2024-09-15 15:54:23,512 - __main__ - INFO - Published data to MQTT: {'going_down': 0, 'going_up': 0}
2024-09-15 15:54:23,513 - __main__ - DEBUG - Counters drawn: Going Down=0, Going Up=0
2024-09-15 15:54:23,524 - __main__ - DEBUG - FPS drawn: 0.30
2024-09-15 15:54:23,577 - __main__ - INFO - Frame successfully retrieved.
2024-09-15 15:54:23,976 - __main__ - INFO - Frame successfully retrieved.
2024-09-15 15:54:24,062 - __main__ - INFO - Frame successfully retrieved.
2024-09-15 15:54:24,068 - __main__ - DEBUG - Getting detections from the frame.
2024-09-15 15:54:28,509 - __main__ - ERROR - Error during detection: [ONNXRuntimeError] : 7 : INVALID_PROTOBUF : Load model from yolov3-tinyu_1.onnx failed:Protobuf parsing failed.
2024-09-15 15:54:28,517 - __main__ - DEBUG - Processing bounding boxes.
2024-09-15 15:54:28,519 - __main__ - DEBUG - Lines drawn on the frame.
2024-09-15 15:54:28,520 - __main__ - INFO - Published data to MQTT: {'going_down': 0, 'going_up': 0}
2024-09-15 15:54:28,520 - __main__ - DEBUG - Counters drawn: Going Down=0, Going Up=0
2024-09-15 15:54:28,520 - __main__ - DEBUG - FPS drawn: 0.30
2024-09-15 15:54:28,549 - __main__ - INFO - Frame successfully retrieved.
2024-09-15 15:54:28,620 - __main__ - INFO - Frame successfully retrieved.
2024-09-15 15:54:28,643 - __main__ - INFO - Frame successfully retrieved.
2024-09-15 15:54:28,645 - __main__ - DEBUG - Getting detections from the frame.
2024-09-15 15:54:31,978 - __main__ - ERROR - Error during detection: [ONNXRuntimeError] : 7 : INVALID_PROTOBUF : Load model from yolov3-tinyu_1.onnx failed:Protobuf parsing failed.
2024-09-15 15:54:31,983 - __main__ - DEBUG - Processing bounding boxes.
2024-09-15 15:54:31,984 - __main__ - DEBUG - Lines drawn on the frame.
2024-09-15 15:54:31,985 - __main__ - INFO - Published data to MQTT: {'going_down': 0, 'going_up': 0}
2024-09-15 15:54:31,986 - __main__ - DEBUG - Counters drawn: Going Down=0, Going Up=0
2024-09-15 15:54:31,986 - __main__ - DEBUG - FPS drawn: 0.30
2024-09-15 15:54:31,999 - __main__ - INFO - Frame successfully retrieved.
2024-09-15 15:54:32,172 - __main__ - INFO - Frame successfully retrieved.
2024-09-15 15:54:32,352 - __main__ - INFO - Frame successfully retrieved.
2024-09-15 15:54:32,352 - __main__ - DEBUG - Getting detections from the frame.
2024-09-15 15:54:35,225 - __main__ - ERROR - Error during detection: [ONNXRuntimeError] : 7 : INVALID_PROTOBUF : Load model from yolov3-tinyu_1.onnx failed:Protobuf parsing failed.
2024-09-15 15:54:35,226 - __main__ - DEBUG - Processing bounding boxes.
2024-09-15 15:54:35,226 - __main__ - DEBUG - Lines drawn on the frame.
2024-09-15 15:54:35,237 - __main__ - INFO - Published data to MQTT: {'going_down': 0, 'going_up': 0}
2024-09-15 15:54:35,240 - __main__ - DEBUG - Counters drawn: Going Down=0, Going Up=0
2024-09-15 15:54:35,256 - __main__ - DEBUG - FPS drawn: 0.30
2024-09-15 15:54:35,260 - __main__ - INFO - Elapsed time: 84.31
2024-09-15 15:54:35,262 - __main__ - INFO - Approx. FPS: 0.00
2024-09-15 15:54:35,294 - __main__ - INFO - Video stream released.
2024-09-15 15:54:35,328 - __main__ - INFO - Published data to MQTT: {'going_down': 0, 'going_up': 0}
2024-09-15 15:54:35,329 - __main__ - INFO - FFmpeg process finished.
2024-09-15 15:54:35,330 - __main__ - INFO - MQTT client disconnected and garbage collected.
