2024-09-15 17:52:34,670 - __main__ - INFO - Device: cpu
2024-09-15 17:52:34,701 - __main__ - INFO - Connected to MQTT broker at 103.245.38.40:1883
2024-09-15 17:52:34,701 - __main__ - INFO - Starting main function.
2024-09-15 17:52:34,771 - __main__ - INFO - Loading model from ./yolov3-tinyu.pt
2024-09-15 17:52:34,887 - __main__ - INFO - Labels loaded: ['person', 'bicycle', 'car', 'motorcycle', 'airplane', 'bus', 'train', 'truck', 'boat']
2024-09-15 17:52:34,910 - __main__ - DEBUG - Getting detections from the frame.
2024-09-15 17:52:46,471 - __main__ - DEBUG - Processing bounding boxes.
2024-09-15 17:52:46,471 - __main__ - DEBUG - Lines drawn on the frame.
2024-09-15 17:52:46,491 - __main__ - INFO - Published data to MQTT: {'going_down': 0, 'going_up': 0}
2024-09-15 17:52:46,500 - __main__ - DEBUG - Counters drawn: Going Down=0, Going Up=0
2024-09-15 17:52:46,507 - __main__ - DEBUG - FPS drawn: 0.09
2024-09-15 17:52:46,678 - __main__ - DEBUG - Getting detections from the frame.
2024-09-15 17:52:47,608 - __main__ - DEBUG - Processing bounding boxes.
2024-09-15 17:52:47,608 - __main__ - DEBUG - Lines drawn on the frame.
2024-09-15 17:52:47,608 - __main__ - INFO - Published data to MQTT: {'going_down': 0, 'going_up': 0}
2024-09-15 17:52:47,608 - __main__ - DEBUG - Counters drawn: Going Down=0, Going Up=0
2024-09-15 17:52:47,608 - __main__ - DEBUG - FPS drawn: 0.16
2024-09-15 17:52:47,668 - __main__ - DEBUG - Getting detections from the frame.
2024-09-15 17:52:48,312 - __main__ - DEBUG - Processing bounding boxes.
2024-09-15 17:52:48,312 - __main__ - DEBUG - Lines drawn on the frame.
2024-09-15 17:52:48,312 - __main__ - INFO - Published data to MQTT: {'going_down': 0, 'going_up': 0}
2024-09-15 17:52:48,312 - __main__ - DEBUG - Counters drawn: Going Down=0, Going Up=0
2024-09-15 17:52:48,312 - __main__ - DEBUG - FPS drawn: 0.22
2024-09-15 17:52:48,403 - __main__ - DEBUG - Getting detections from the frame.
2024-09-15 17:52:49,083 - __main__ - DEBUG - Processing bounding boxes.
2024-09-15 17:52:49,088 - __main__ - DEBUG - Lines drawn on the frame.
2024-09-15 17:52:49,090 - __main__ - INFO - Published data to MQTT: {'going_down': 0, 'going_up': 0}
2024-09-15 17:52:49,095 - __main__ - DEBUG - Counters drawn: Going Down=0, Going Up=0
2024-09-15 17:52:49,096 - __main__ - DEBUG - FPS drawn: 0.28
2024-09-15 17:52:49,112 - __main__ - DEBUG - Getting detections from the frame.
2024-09-15 17:52:49,771 - __main__ - DEBUG - Processing bounding boxes.
2024-09-15 17:52:49,771 - __main__ - DEBUG - Lines drawn on the frame.
2024-09-15 17:52:49,798 - __main__ - INFO - Published data to MQTT: {'going_down': 0, 'going_up': 0}
2024-09-15 17:52:49,799 - __main__ - DEBUG - Counters drawn: Going Down=0, Going Up=0
2024-09-15 17:52:49,801 - __main__ - DEBUG - FPS drawn: 0.33
2024-09-15 17:52:49,810 - __main__ - DEBUG - Getting detections from the frame.
2024-09-15 17:52:50,424 - __main__ - DEBUG - Processing bounding boxes.
2024-09-15 17:52:50,424 - __main__ - DEBUG - Lines drawn on the frame.
2024-09-15 17:52:50,424 - __main__ - INFO - Published data to MQTT: {'going_down': 0, 'going_up': 0}
2024-09-15 17:52:50,424 - __main__ - DEBUG - Counters drawn: Going Down=0, Going Up=0
2024-09-15 17:52:50,424 - __main__ - DEBUG - FPS drawn: 0.38
2024-09-15 17:52:50,459 - __main__ - DEBUG - Getting detections from the frame.
2024-09-15 17:52:51,132 - __main__ - DEBUG - Processing bounding boxes.
2024-09-15 17:52:51,132 - __main__ - DEBUG - Lines drawn on the frame.
2024-09-15 17:52:51,132 - __main__ - INFO - Published data to MQTT: {'going_down': 0, 'going_up': 0}
2024-09-15 17:52:51,147 - __main__ - DEBUG - Counters drawn: Going Down=0, Going Up=0
2024-09-15 17:52:51,157 - __main__ - DEBUG - FPS drawn: 0.43
2024-09-15 17:52:51,175 - __main__ - DEBUG - Getting detections from the frame.
2024-09-15 17:52:51,831 - __main__ - DEBUG - Processing bounding boxes.
2024-09-15 17:52:51,831 - __main__ - DEBUG - Lines drawn on the frame.
2024-09-15 17:52:51,831 - __main__ - INFO - Published data to MQTT: {'going_down': 0, 'going_up': 0}
2024-09-15 17:52:51,831 - __main__ - DEBUG - Counters drawn: Going Down=0, Going Up=0
2024-09-15 17:52:51,831 - __main__ - DEBUG - FPS drawn: 0.47
2024-09-15 17:52:51,873 - __main__ - DEBUG - Getting detections from the frame.
2024-09-15 17:52:52,583 - __main__ - DEBUG - Processing bounding boxes.
2024-09-15 17:52:52,599 - __main__ - DEBUG - Lines drawn on the frame.
2024-09-15 17:52:52,599 - __main__ - INFO - Published data to MQTT: {'going_down': 0, 'going_up': 0}
2024-09-15 17:52:52,599 - __main__ - DEBUG - Counters drawn: Going Down=0, Going Up=0
2024-09-15 17:52:52,599 - __main__ - DEBUG - FPS drawn: 0.50
2024-09-15 17:52:52,658 - __main__ - DEBUG - Getting detections from the frame.
2024-09-15 17:52:53,301 - __main__ - DEBUG - Processing bounding boxes.
2024-09-15 17:52:53,301 - __main__ - DEBUG - Lines drawn on the frame.
2024-09-15 17:52:53,301 - __main__ - INFO - Published data to MQTT: {'going_down': 0, 'going_up': 0}
2024-09-15 17:52:53,317 - __main__ - DEBUG - Counters drawn: Going Down=0, Going Up=0
2024-09-15 17:52:53,317 - __main__ - DEBUG - FPS drawn: 0.54
2024-09-15 17:52:53,334 - __main__ - DEBUG - Getting detections from the frame.
2024-09-15 17:52:53,986 - __main__ - DEBUG - Processing bounding boxes.
2024-09-15 17:52:53,986 - __main__ - DEBUG - Lines drawn on the frame.
2024-09-15 17:52:53,986 - __main__ - INFO - Published data to MQTT: {'going_down': 0, 'going_up': 0}
2024-09-15 17:52:54,001 - __main__ - DEBUG - Counters drawn: Going Down=0, Going Up=0
2024-09-15 17:52:54,001 - __main__ - DEBUG - FPS drawn: 0.57
2024-09-15 17:52:54,001 - __main__ - INFO - Exiting the main loop.
2024-09-15 17:52:54,031 - __main__ - INFO - Video stream released.
2024-09-15 17:52:54,151 - __main__ - INFO - Published data to MQTT: {'going_down': 0, 'going_up': 0}
