2024-09-15 17:38:24,523 - __main__ - INFO - Device: cpu
2024-09-15 17:38:24,570 - __main__ - INFO - Connected to MQTT broker at 103.245.38.40:1883
2024-09-15 17:38:24,570 - __main__ - INFO - Starting main function.
2024-09-15 17:38:24,639 - __main__ - INFO - Loading model from ./yolov3-tinyu.pt
2024-09-15 17:38:24,749 - __main__ - INFO - Labels loaded: ['person', 'bicycle', 'car', 'motorcycle', 'airplane', 'bus', 'train', 'truck', 'boat']
2024-09-15 17:38:24,785 - __main__ - DEBUG - Getting detections from the frame.
2024-09-15 17:38:36,215 - __main__ - DEBUG - Processing bounding boxes.
2024-09-15 17:38:36,222 - __main__ - DEBUG - Marked object 2 at (422, 320)
2024-09-15 17:38:36,222 - __main__ - INFO - Object 2 detected crossing downward.
2024-09-15 17:38:36,230 - __main__ - DEBUG - Marked object 2 at (422, 320)
2024-09-15 17:38:36,236 - __main__ - INFO - Object 2 detected crossing upward.
2024-09-15 17:38:36,240 - __main__ - DEBUG - Lines drawn on the frame.
2024-09-15 17:38:36,242 - __main__ - INFO - Published data to MQTT: {'going_down': 1, 'going_up': 1}
2024-09-15 17:38:36,243 - __main__ - DEBUG - Counters drawn: Going Down=1, Going Up=1
2024-09-15 17:38:36,246 - __main__ - DEBUG - FPS drawn: 0.09
2024-09-15 17:38:36,410 - __main__ - DEBUG - Getting detections from the frame.
2024-09-15 17:38:37,501 - __main__ - DEBUG - Processing bounding boxes.
2024-09-15 17:38:37,501 - __main__ - DEBUG - Lines drawn on the frame.
2024-09-15 17:38:37,501 - __main__ - INFO - Published data to MQTT: {'going_down': 1, 'going_up': 1}
2024-09-15 17:38:37,501 - __main__ - DEBUG - Counters drawn: Going Down=1, Going Up=1
2024-09-15 17:38:37,501 - __main__ - DEBUG - FPS drawn: 0.16
2024-09-15 17:38:37,535 - __main__ - DEBUG - Getting detections from the frame.
2024-09-15 17:38:38,216 - __main__ - DEBUG - Processing bounding boxes.
2024-09-15 17:38:38,216 - __main__ - DEBUG - Lines drawn on the frame.
2024-09-15 17:38:38,216 - __main__ - INFO - Published data to MQTT: {'going_down': 1, 'going_up': 1}
2024-09-15 17:38:38,216 - __main__ - DEBUG - Counters drawn: Going Down=1, Going Up=1
2024-09-15 17:38:38,216 - __main__ - DEBUG - FPS drawn: 0.22
2024-09-15 17:38:38,259 - __main__ - DEBUG - Getting detections from the frame.
2024-09-15 17:38:38,888 - __main__ - DEBUG - Processing bounding boxes.
2024-09-15 17:38:38,904 - __main__ - DEBUG - Lines drawn on the frame.
2024-09-15 17:38:38,904 - __main__ - INFO - Published data to MQTT: {'going_down': 1, 'going_up': 1}
2024-09-15 17:38:38,904 - __main__ - DEBUG - Counters drawn: Going Down=1, Going Up=1
2024-09-15 17:38:38,904 - __main__ - DEBUG - FPS drawn: 0.28
2024-09-15 17:38:38,926 - __main__ - DEBUG - Getting detections from the frame.
2024-09-15 17:38:39,578 - __main__ - DEBUG - Processing bounding boxes.
2024-09-15 17:38:39,578 - __main__ - DEBUG - Lines drawn on the frame.
2024-09-15 17:38:39,580 - __main__ - INFO - Published data to MQTT: {'going_down': 1, 'going_up': 1}
2024-09-15 17:38:39,580 - __main__ - DEBUG - Counters drawn: Going Down=1, Going Up=1
2024-09-15 17:38:39,581 - __main__ - DEBUG - FPS drawn: 0.33
2024-09-15 17:38:39,587 - __main__ - DEBUG - Getting detections from the frame.
2024-09-15 17:38:40,249 - __main__ - DEBUG - Processing bounding boxes.
2024-09-15 17:38:40,249 - __main__ - DEBUG - Lines drawn on the frame.
2024-09-15 17:38:40,249 - __main__ - INFO - Published data to MQTT: {'going_down': 1, 'going_up': 1}
2024-09-15 17:38:40,249 - __main__ - DEBUG - Counters drawn: Going Down=1, Going Up=1
2024-09-15 17:38:40,265 - __main__ - DEBUG - FPS drawn: 0.38
2024-09-15 17:38:40,277 - __main__ - DEBUG - Getting detections from the frame.
2024-09-15 17:38:40,971 - __main__ - DEBUG - Processing bounding boxes.
2024-09-15 17:38:40,973 - __main__ - DEBUG - Lines drawn on the frame.
2024-09-15 17:38:40,974 - __main__ - INFO - Published data to MQTT: {'going_down': 1, 'going_up': 1}
2024-09-15 17:38:40,975 - __main__ - DEBUG - Counters drawn: Going Down=1, Going Up=1
2024-09-15 17:38:40,976 - __main__ - DEBUG - FPS drawn: 0.43
2024-09-15 17:38:41,040 - __main__ - DEBUG - Getting detections from the frame.
2024-09-15 17:38:41,866 - __main__ - DEBUG - Processing bounding boxes.
2024-09-15 17:38:41,866 - __main__ - DEBUG - Lines drawn on the frame.
2024-09-15 17:38:41,866 - __main__ - INFO - Published data to MQTT: {'going_down': 1, 'going_up': 1}
2024-09-15 17:38:41,866 - __main__ - DEBUG - Counters drawn: Going Down=1, Going Up=1
2024-09-15 17:38:41,866 - __main__ - DEBUG - FPS drawn: 0.46
2024-09-15 17:38:41,901 - __main__ - DEBUG - Getting detections from the frame.
2024-09-15 17:38:42,496 - __main__ - DEBUG - Processing bounding boxes.
2024-09-15 17:38:42,496 - __main__ - DEBUG - Lines drawn on the frame.
2024-09-15 17:38:42,496 - __main__ - INFO - Published data to MQTT: {'going_down': 1, 'going_up': 1}
2024-09-15 17:38:42,496 - __main__ - DEBUG - Counters drawn: Going Down=1, Going Up=1
2024-09-15 17:38:42,496 - __main__ - DEBUG - FPS drawn: 0.50
2024-09-15 17:38:42,516 - __main__ - DEBUG - Getting detections from the frame.
2024-09-15 17:38:43,143 - __main__ - DEBUG - Processing bounding boxes.
2024-09-15 17:38:43,143 - __main__ - DEBUG - Lines drawn on the frame.
2024-09-15 17:38:43,159 - __main__ - INFO - Published data to MQTT: {'going_down': 1, 'going_up': 1}
2024-09-15 17:38:43,159 - __main__ - DEBUG - Counters drawn: Going Down=1, Going Up=1
2024-09-15 17:38:43,159 - __main__ - DEBUG - FPS drawn: 0.54
2024-09-15 17:38:43,172 - __main__ - DEBUG - Getting detections from the frame.
2024-09-15 17:38:43,889 - __main__ - DEBUG - Processing bounding boxes.
2024-09-15 17:38:43,889 - __main__ - DEBUG - Lines drawn on the frame.
2024-09-15 17:38:43,889 - __main__ - INFO - Published data to MQTT: {'going_down': 1, 'going_up': 1}
2024-09-15 17:38:43,889 - __main__ - DEBUG - Counters drawn: Going Down=1, Going Up=1
2024-09-15 17:38:43,889 - __main__ - DEBUG - FPS drawn: 0.57
2024-09-15 17:38:43,928 - __main__ - DEBUG - Getting detections from the frame.
2024-09-15 17:38:44,658 - __main__ - DEBUG - Processing bounding boxes.
2024-09-15 17:38:44,658 - __main__ - DEBUG - Marked object 13 at (446, 303)
2024-09-15 17:38:44,659 - __main__ - INFO - Object 13 detected crossing downward.
2024-09-15 17:38:44,660 - __main__ - DEBUG - Marked object 13 at (446, 303)
2024-09-15 17:38:44,660 - __main__ - INFO - Object 13 detected crossing upward.
2024-09-15 17:38:44,662 - __main__ - DEBUG - Lines drawn on the frame.
2024-09-15 17:38:44,662 - __main__ - INFO - Published data to MQTT: {'going_down': 2, 'going_up': 2}
2024-09-15 17:38:44,662 - __main__ - DEBUG - Counters drawn: Going Down=2, Going Up=2
2024-09-15 17:38:44,662 - __main__ - DEBUG - FPS drawn: 0.60
2024-09-15 17:38:44,687 - __main__ - DEBUG - Getting detections from the frame.
2024-09-15 17:38:45,363 - __main__ - DEBUG - Processing bounding boxes.
2024-09-15 17:38:45,363 - __main__ - DEBUG - Lines drawn on the frame.
2024-09-15 17:38:45,363 - __main__ - INFO - Published data to MQTT: {'going_down': 2, 'going_up': 2}
2024-09-15 17:38:45,363 - __main__ - DEBUG - Counters drawn: Going Down=2, Going Up=2
2024-09-15 17:38:45,363 - __main__ - DEBUG - FPS drawn: 0.63
2024-09-15 17:38:45,406 - __main__ - DEBUG - Getting detections from the frame.
2024-09-15 17:38:46,039 - __main__ - DEBUG - Processing bounding boxes.
2024-09-15 17:38:46,039 - __main__ - DEBUG - Lines drawn on the frame.
2024-09-15 17:38:46,039 - __main__ - INFO - Published data to MQTT: {'going_down': 2, 'going_up': 2}
2024-09-15 17:38:46,039 - __main__ - DEBUG - Counters drawn: Going Down=2, Going Up=2
2024-09-15 17:38:46,039 - __main__ - DEBUG - FPS drawn: 0.65
2024-09-15 17:38:46,063 - __main__ - DEBUG - Getting detections from the frame.
2024-09-15 17:38:46,740 - __main__ - DEBUG - Processing bounding boxes.
2024-09-15 17:38:46,741 - __main__ - DEBUG - Lines drawn on the frame.
2024-09-15 17:38:46,742 - __main__ - INFO - Published data to MQTT: {'going_down': 2, 'going_up': 2}
2024-09-15 17:38:46,743 - __main__ - DEBUG - Counters drawn: Going Down=2, Going Up=2
2024-09-15 17:38:46,744 - __main__ - DEBUG - FPS drawn: 0.68
2024-09-15 17:38:46,780 - __main__ - DEBUG - Getting detections from the frame.
2024-09-15 17:38:47,397 - __main__ - DEBUG - Processing bounding boxes.
2024-09-15 17:38:47,397 - __main__ - DEBUG - Lines drawn on the frame.
2024-09-15 17:38:47,397 - __main__ - INFO - Published data to MQTT: {'going_down': 2, 'going_up': 2}
2024-09-15 17:38:47,397 - __main__ - DEBUG - Counters drawn: Going Down=2, Going Up=2
2024-09-15 17:38:47,397 - __main__ - DEBUG - FPS drawn: 0.70
2024-09-15 17:38:47,425 - __main__ - DEBUG - Getting detections from the frame.
2024-09-15 17:38:48,007 - __main__ - DEBUG - Processing bounding boxes.
2024-09-15 17:38:48,007 - __main__ - DEBUG - Marked object 15 at (405, 305)
2024-09-15 17:38:48,007 - __main__ - INFO - Object 15 detected crossing downward.
2024-09-15 17:38:48,007 - __main__ - DEBUG - Marked object 15 at (405, 305)
2024-09-15 17:38:48,007 - __main__ - INFO - Object 15 detected crossing upward.
2024-09-15 17:38:48,007 - __main__ - DEBUG - Lines drawn on the frame.
2024-09-15 17:38:48,007 - __main__ - INFO - Published data to MQTT: {'going_down': 3, 'going_up': 3}
2024-09-15 17:38:48,022 - __main__ - DEBUG - Counters drawn: Going Down=3, Going Up=3
2024-09-15 17:38:48,023 - __main__ - DEBUG - FPS drawn: 0.73
2024-09-15 17:38:48,104 - __main__ - DEBUG - Getting detections from the frame.
2024-09-15 17:38:48,758 - __main__ - DEBUG - Processing bounding boxes.
2024-09-15 17:38:48,853 - __main__ - DEBUG - Lines drawn on the frame.
2024-09-15 17:38:48,926 - __main__ - INFO - Published data to MQTT: {'going_down': 3, 'going_up': 3}
2024-09-15 17:38:48,927 - __main__ - DEBUG - Counters drawn: Going Down=3, Going Up=3
2024-09-15 17:38:48,928 - __main__ - DEBUG - FPS drawn: 0.74
2024-09-15 17:38:49,005 - __main__ - DEBUG - Getting detections from the frame.
2024-09-15 17:38:49,880 - __main__ - DEBUG - Processing bounding boxes.
2024-09-15 17:38:49,880 - __main__ - DEBUG - Lines drawn on the frame.
2024-09-15 17:38:49,880 - __main__ - INFO - Published data to MQTT: {'going_down': 3, 'going_up': 3}
2024-09-15 17:38:49,889 - __main__ - DEBUG - Counters drawn: Going Down=3, Going Up=3
2024-09-15 17:38:49,889 - __main__ - DEBUG - FPS drawn: 0.75
2024-09-15 17:38:49,941 - __main__ - DEBUG - Getting detections from the frame.
2024-09-15 17:38:50,644 - __main__ - DEBUG - Processing bounding boxes.
2024-09-15 17:38:50,644 - __main__ - DEBUG - Lines drawn on the frame.
2024-09-15 17:38:50,644 - __main__ - INFO - Published data to MQTT: {'going_down': 3, 'going_up': 3}
2024-09-15 17:38:50,644 - __main__ - DEBUG - Counters drawn: Going Down=3, Going Up=3
2024-09-15 17:38:50,644 - __main__ - DEBUG - FPS drawn: 0.77
2024-09-15 17:38:50,709 - __main__ - DEBUG - Getting detections from the frame.
2024-09-15 17:38:51,336 - __main__ - DEBUG - Processing bounding boxes.
2024-09-15 17:38:51,336 - __main__ - DEBUG - Lines drawn on the frame.
2024-09-15 17:38:51,336 - __main__ - INFO - Published data to MQTT: {'going_down': 3, 'going_up': 3}
2024-09-15 17:38:51,352 - __main__ - DEBUG - Counters drawn: Going Down=3, Going Up=3
2024-09-15 17:38:51,352 - __main__ - DEBUG - FPS drawn: 0.79
2024-09-15 17:38:51,368 - __main__ - DEBUG - Getting detections from the frame.
2024-09-15 17:38:52,191 - __main__ - DEBUG - Processing bounding boxes.
2024-09-15 17:38:52,192 - __main__ - DEBUG - Lines drawn on the frame.
2024-09-15 17:38:52,192 - __main__ - INFO - Published data to MQTT: {'going_down': 3, 'going_up': 3}
2024-09-15 17:38:52,193 - __main__ - DEBUG - Counters drawn: Going Down=3, Going Up=3
2024-09-15 17:38:52,194 - __main__ - DEBUG - FPS drawn: 0.80
2024-09-15 17:38:52,212 - __main__ - DEBUG - Getting detections from the frame.
2024-09-15 17:38:53,104 - __main__ - WARNING - Label index out of range: 25
2024-09-15 17:38:53,104 - __main__ - DEBUG - Processing bounding boxes.
2024-09-15 17:38:53,104 - __main__ - DEBUG - Lines drawn on the frame.
2024-09-15 17:38:53,104 - __main__ - INFO - Published data to MQTT: {'going_down': 3, 'going_up': 3}
2024-09-15 17:38:53,104 - __main__ - DEBUG - Counters drawn: Going Down=3, Going Up=3
2024-09-15 17:38:53,104 - __main__ - DEBUG - FPS drawn: 0.81
2024-09-15 17:38:53,154 - __main__ - DEBUG - Getting detections from the frame.
2024-09-15 17:38:53,871 - __main__ - DEBUG - Processing bounding boxes.
2024-09-15 17:38:53,871 - __main__ - DEBUG - Lines drawn on the frame.
2024-09-15 17:38:53,871 - __main__ - INFO - Published data to MQTT: {'going_down': 3, 'going_up': 3}
2024-09-15 17:38:53,871 - __main__ - DEBUG - Counters drawn: Going Down=3, Going Up=3
2024-09-15 17:38:53,871 - __main__ - DEBUG - FPS drawn: 0.82
2024-09-15 17:38:53,916 - __main__ - DEBUG - Getting detections from the frame.
2024-09-15 17:38:54,570 - __main__ - DEBUG - Processing bounding boxes.
2024-09-15 17:38:54,570 - __main__ - DEBUG - Lines drawn on the frame.
2024-09-15 17:38:54,570 - __main__ - INFO - Published data to MQTT: {'going_down': 3, 'going_up': 3}
2024-09-15 17:38:54,570 - __main__ - DEBUG - Counters drawn: Going Down=3, Going Up=3
2024-09-15 17:38:54,570 - __main__ - DEBUG - FPS drawn: 0.84
2024-09-15 17:38:54,598 - __main__ - DEBUG - Getting detections from the frame.
2024-09-15 17:38:55,734 - __main__ - DEBUG - Processing bounding boxes.
2024-09-15 17:38:55,734 - __main__ - DEBUG - Marked object 29 at (197, 322)
2024-09-15 17:38:55,734 - __main__ - INFO - Object 29 detected crossing downward.
2024-09-15 17:38:55,734 - __main__ - DEBUG - Marked object 29 at (197, 322)
2024-09-15 17:38:55,734 - __main__ - INFO - Object 29 detected crossing upward.
2024-09-15 17:38:55,734 - __main__ - DEBUG - Marked object 27 at (298, 307)
2024-09-15 17:38:55,734 - __main__ - INFO - Object 27 detected crossing downward.
2024-09-15 17:38:55,734 - __main__ - DEBUG - Marked object 27 at (298, 307)
2024-09-15 17:38:55,734 - __main__ - INFO - Object 27 detected crossing upward.
2024-09-15 17:38:55,734 - __main__ - DEBUG - Marked object 31 at (233, 329)
2024-09-15 17:38:55,734 - __main__ - INFO - Object 31 detected crossing downward.
2024-09-15 17:38:55,734 - __main__ - DEBUG - Marked object 31 at (233, 329)
2024-09-15 17:38:55,734 - __main__ - INFO - Object 31 detected crossing upward.
2024-09-15 17:38:55,734 - __main__ - DEBUG - Lines drawn on the frame.
2024-09-15 17:38:55,734 - __main__ - INFO - Published data to MQTT: {'going_down': 6, 'going_up': 6}
2024-09-15 17:38:55,734 - __main__ - DEBUG - Counters drawn: Going Down=6, Going Up=6
2024-09-15 17:38:55,734 - __main__ - DEBUG - FPS drawn: 0.84
2024-09-15 17:38:55,766 - __main__ - DEBUG - Getting detections from the frame.
2024-09-15 17:38:56,646 - __main__ - DEBUG - Processing bounding boxes.
2024-09-15 17:38:56,647 - __main__ - DEBUG - Marked object 34 at (241, 305)
2024-09-15 17:38:56,647 - __main__ - INFO - Object 34 detected crossing downward.
2024-09-15 17:38:56,648 - __main__ - DEBUG - Marked object 34 at (241, 305)
2024-09-15 17:38:56,653 - __main__ - INFO - Object 34 detected crossing upward.
2024-09-15 17:38:56,654 - __main__ - DEBUG - Lines drawn on the frame.
2024-09-15 17:38:56,656 - __main__ - INFO - Published data to MQTT: {'going_down': 7, 'going_up': 7}
2024-09-15 17:38:56,658 - __main__ - DEBUG - Counters drawn: Going Down=7, Going Up=7
2024-09-15 17:38:56,659 - __main__ - DEBUG - FPS drawn: 0.84
2024-09-15 17:38:56,710 - __main__ - DEBUG - Getting detections from the frame.
2024-09-15 17:38:57,367 - __main__ - DEBUG - Processing bounding boxes.
2024-09-15 17:38:57,367 - __main__ - DEBUG - Lines drawn on the frame.
2024-09-15 17:38:57,367 - __main__ - INFO - Published data to MQTT: {'going_down': 7, 'going_up': 7}
2024-09-15 17:38:57,367 - __main__ - DEBUG - Counters drawn: Going Down=7, Going Up=7
2024-09-15 17:38:57,367 - __main__ - DEBUG - FPS drawn: 0.86
2024-09-15 17:38:57,423 - __main__ - DEBUG - Getting detections from the frame.
2024-09-15 17:38:58,079 - __main__ - DEBUG - Processing bounding boxes.
2024-09-15 17:38:58,094 - __main__ - DEBUG - Lines drawn on the frame.
2024-09-15 17:38:58,094 - __main__ - INFO - Published data to MQTT: {'going_down': 7, 'going_up': 7}
2024-09-15 17:38:58,094 - __main__ - DEBUG - Counters drawn: Going Down=7, Going Up=7
2024-09-15 17:38:58,094 - __main__ - DEBUG - FPS drawn: 0.87
2024-09-15 17:38:58,159 - __main__ - DEBUG - Getting detections from the frame.
2024-09-15 17:38:58,793 - __main__ - DEBUG - Processing bounding boxes.
2024-09-15 17:38:58,793 - __main__ - DEBUG - Lines drawn on the frame.
2024-09-15 17:38:58,809 - __main__ - INFO - Published data to MQTT: {'going_down': 7, 'going_up': 7}
2024-09-15 17:38:58,809 - __main__ - DEBUG - Counters drawn: Going Down=7, Going Up=7
2024-09-15 17:38:58,809 - __main__ - DEBUG - FPS drawn: 0.88
2024-09-15 17:38:58,822 - __main__ - DEBUG - Getting detections from the frame.
2024-09-15 17:38:58,970 - __main__ - INFO - End of video stream reached. Stopping video.
2024-09-15 17:38:59,208 - __main__ - DEBUG - Processing bounding boxes.
2024-09-15 17:38:59,223 - __main__ - DEBUG - Lines drawn on the frame.
2024-09-15 17:38:59,223 - __main__ - INFO - Published data to MQTT: {'going_down': 7, 'going_up': 7}
2024-09-15 17:38:59,223 - __main__ - DEBUG - Counters drawn: Going Down=7, Going Up=7
2024-09-15 17:38:59,223 - __main__ - DEBUG - FPS drawn: 0.90
2024-09-15 17:38:59,223 - __main__ - ERROR - Error reading frame, exiting.
2024-09-15 17:38:59,241 - __main__ - INFO - Video stream released.
2024-09-15 17:38:59,301 - __main__ - INFO - Published data to MQTT: {'going_down': 7, 'going_up': 7}
