2024-09-15 16:54:57,336 - __main__ - INFO - Device: cpu
2024-09-15 16:54:57,371 - __main__ - INFO - Connected to MQTT broker at 103.245.38.40:1883
2024-09-15 16:54:57,376 - __main__ - INFO - Starting main function.
2024-09-15 16:54:57,452 - __main__ - INFO - Loading model from ./yolov3-tinyu_1.onnx
2024-09-15 16:54:57,452 - __main__ - INFO - Labels loaded: ['person', 'bicycle', 'car', 'motorcycle', 'airplane', 'bus', 'train', 'truck', 'boat']
2024-09-15 16:54:57,578 - __main__ - DEBUG - Getting detections from the frame.
2024-09-15 16:55:00,577 - __main__ - ERROR - Error during detection: [ONNXRuntimeError] : 7 : INVALID_PROTOBUF : Load model from yolov3-tinyu_1.onnx failed:Protobuf parsing failed.
2024-09-15 16:55:00,593 - __main__ - DEBUG - Processing bounding boxes.
2024-09-15 16:55:00,593 - __main__ - DEBUG - Lines drawn on the frame.
2024-09-15 16:55:00,593 - __main__ - INFO - Published data to MQTT: {'going_down': 0, 'going_up': 0}
2024-09-15 16:55:00,593 - __main__ - DEBUG - Counters drawn: Going Down=0, Going Up=0
2024-09-15 16:55:00,601 - __main__ - DEBUG - FPS drawn: 0.32
2024-09-15 16:55:01,560 - __main__ - DEBUG - Getting detections from the frame.
2024-09-15 16:55:06,091 - __main__ - ERROR - Error during detection: [ONNXRuntimeError] : 7 : INVALID_PROTOBUF : Load model from yolov3-tinyu_1.onnx failed:Protobuf parsing failed.
2024-09-15 16:55:06,095 - __main__ - DEBUG - Processing bounding boxes.
2024-09-15 16:55:06,096 - __main__ - DEBUG - Lines drawn on the frame.
2024-09-15 16:55:06,096 - __main__ - INFO - Published data to MQTT: {'going_down': 0, 'going_up': 0}
2024-09-15 16:55:06,096 - __main__ - DEBUG - Counters drawn: Going Down=0, Going Up=0
2024-09-15 16:55:06,096 - __main__ - DEBUG - FPS drawn: 0.23
2024-09-15 16:55:06,402 - __main__ - DEBUG - Getting detections from the frame.
2024-09-15 16:55:09,413 - __main__ - ERROR - Error during detection: [ONNXRuntimeError] : 7 : INVALID_PROTOBUF : Load model from yolov3-tinyu_1.onnx failed:Protobuf parsing failed.
2024-09-15 16:55:09,415 - __main__ - DEBUG - Processing bounding boxes.
2024-09-15 16:55:09,416 - __main__ - DEBUG - Lines drawn on the frame.
2024-09-15 16:55:09,417 - __main__ - INFO - Published data to MQTT: {'going_down': 0, 'going_up': 0}
2024-09-15 16:55:09,417 - __main__ - DEBUG - Counters drawn: Going Down=0, Going Up=0
2024-09-15 16:55:09,417 - __main__ - DEBUG - FPS drawn: 0.25
2024-09-15 16:55:09,527 - __main__ - DEBUG - Getting detections from the frame.
2024-09-15 16:55:12,455 - __main__ - ERROR - Error during detection: [ONNXRuntimeError] : 7 : INVALID_PROTOBUF : Load model from yolov3-tinyu_1.onnx failed:Protobuf parsing failed.
2024-09-15 16:55:12,456 - __main__ - DEBUG - Processing bounding boxes.
2024-09-15 16:55:12,457 - __main__ - DEBUG - Lines drawn on the frame.
2024-09-15 16:55:12,458 - __main__ - INFO - Published data to MQTT: {'going_down': 0, 'going_up': 0}
2024-09-15 16:55:12,460 - __main__ - DEBUG - Counters drawn: Going Down=0, Going Up=0
2024-09-15 16:55:12,460 - __main__ - DEBUG - FPS drawn: 0.27
2024-09-15 16:55:12,682 - __main__ - DEBUG - Getting detections from the frame.
2024-09-15 16:55:15,404 - __main__ - ERROR - Error during detection: [ONNXRuntimeError] : 7 : INVALID_PROTOBUF : Load model from yolov3-tinyu_1.onnx failed:Protobuf parsing failed.
2024-09-15 16:55:15,404 - __main__ - DEBUG - Processing bounding boxes.
2024-09-15 16:55:15,404 - __main__ - DEBUG - Lines drawn on the frame.
2024-09-15 16:55:15,404 - __main__ - INFO - Published data to MQTT: {'going_down': 0, 'going_up': 0}
2024-09-15 16:55:15,412 - __main__ - DEBUG - Counters drawn: Going Down=0, Going Up=0
2024-09-15 16:55:15,413 - __main__ - DEBUG - FPS drawn: 0.28
2024-09-15 16:55:15,956 - __main__ - DEBUG - Getting detections from the frame.
2024-09-15 16:55:18,689 - __main__ - ERROR - Error during detection: [ONNXRuntimeError] : 7 : INVALID_PROTOBUF : Load model from yolov3-tinyu_1.onnx failed:Protobuf parsing failed.
2024-09-15 16:55:18,690 - __main__ - DEBUG - Processing bounding boxes.
2024-09-15 16:55:18,691 - __main__ - DEBUG - Lines drawn on the frame.
2024-09-15 16:55:18,692 - __main__ - INFO - Published data to MQTT: {'going_down': 0, 'going_up': 0}
2024-09-15 16:55:18,693 - __main__ - DEBUG - Counters drawn: Going Down=0, Going Up=0
2024-09-15 16:55:18,698 - __main__ - DEBUG - FPS drawn: 0.28
2024-09-15 16:55:19,076 - __main__ - DEBUG - Getting detections from the frame.
2024-09-15 16:55:22,461 - __main__ - ERROR - Error during detection: [ONNXRuntimeError] : 7 : INVALID_PROTOBUF : Load model from yolov3-tinyu_1.onnx failed:Protobuf parsing failed.
2024-09-15 16:55:22,463 - __main__ - DEBUG - Processing bounding boxes.
2024-09-15 16:55:22,464 - __main__ - DEBUG - Lines drawn on the frame.
2024-09-15 16:55:22,470 - __main__ - INFO - Published data to MQTT: {'going_down': 0, 'going_up': 0}
2024-09-15 16:55:22,471 - __main__ - DEBUG - Counters drawn: Going Down=0, Going Up=0
2024-09-15 16:55:22,473 - __main__ - DEBUG - FPS drawn: 0.28
2024-09-15 16:55:22,700 - __main__ - DEBUG - Getting detections from the frame.
