2024-09-15 18:03:32,626 - __main__ - INFO - Device: cpu
2024-09-15 18:03:32,657 - __main__ - INFO - Connected to MQTT broker at 103.245.38.40:1883
2024-09-15 18:03:32,661 - __main__ - INFO - Starting main function.
2024-09-15 18:03:32,734 - __main__ - INFO - Loading model from ./yolov3-tinyu.pt
2024-09-15 18:03:32,848 - __main__ - INFO - Labels loaded: ['person', 'bicycle', 'car', 'motorcycle', 'airplane', 'bus', 'train', 'truck', 'boat']
2024-09-15 18:03:32,864 - __main__ - DEBUG - Getting detections from the frame.
2024-09-15 18:03:44,131 - __main__ - DEBUG - Processing bounding boxes.
2024-09-15 18:03:44,131 - __main__ - DEBUG - Marked object 2 at (422, 320)
2024-09-15 18:03:44,131 - __main__ - DEBUG - Marked object 2 at (422, 320)
2024-09-15 18:03:44,146 - __main__ - DEBUG - Lines drawn on the frame.
2024-09-15 18:03:44,149 - __main__ - INFO - Published data to MQTT: {'going_down': 1, 'going_up': 1}
2024-09-15 18:03:44,151 - __main__ - DEBUG - Counters drawn: Going Down=1, Going Up=1
2024-09-15 18:03:44,151 - __main__ - DEBUG - FPS drawn: 0.09
2024-09-15 18:03:44,301 - __main__ - DEBUG - Getting detections from the frame.
2024-09-15 18:03:45,270 - __main__ - DEBUG - Processing bounding boxes.
2024-09-15 18:03:45,270 - __main__ - DEBUG - Lines drawn on the frame.
2024-09-15 18:03:45,270 - __main__ - INFO - Published data to MQTT: {'going_down': 1, 'going_up': 1}
2024-09-15 18:03:45,270 - __main__ - DEBUG - Counters drawn: Going Down=1, Going Up=1
2024-09-15 18:03:45,270 - __main__ - DEBUG - FPS drawn: 0.16
2024-09-15 18:03:45,301 - __main__ - DEBUG - Getting detections from the frame.
2024-09-15 18:03:45,973 - __main__ - DEBUG - Processing bounding boxes.
2024-09-15 18:03:45,973 - __main__ - DEBUG - Marked object 4 at (429, 326)
2024-09-15 18:03:45,973 - __main__ - DEBUG - Marked object 4 at (429, 326)
2024-09-15 18:03:45,973 - __main__ - DEBUG - Lines drawn on the frame.
2024-09-15 18:03:45,973 - __main__ - INFO - Published data to MQTT: {'going_down': 2, 'going_up': 2}
2024-09-15 18:03:45,973 - __main__ - DEBUG - Counters drawn: Going Down=2, Going Up=2
2024-09-15 18:03:45,990 - __main__ - DEBUG - FPS drawn: 0.23
2024-09-15 18:03:46,013 - __main__ - DEBUG - Getting detections from the frame.
2024-09-15 18:03:46,739 - __main__ - DEBUG - Processing bounding boxes.
2024-09-15 18:03:46,739 - __main__ - DEBUG - Lines drawn on the frame.
2024-09-15 18:03:46,740 - __main__ - INFO - Published data to MQTT: {'going_down': 2, 'going_up': 2}
2024-09-15 18:03:46,741 - __main__ - DEBUG - Counters drawn: Going Down=2, Going Up=2
2024-09-15 18:03:46,742 - __main__ - DEBUG - FPS drawn: 0.29
2024-09-15 18:03:46,778 - __main__ - DEBUG - Getting detections from the frame.
2024-09-15 18:03:47,440 - __main__ - DEBUG - Processing bounding boxes.
2024-09-15 18:03:47,440 - __main__ - DEBUG - Lines drawn on the frame.
2024-09-15 18:03:47,440 - __main__ - INFO - Published data to MQTT: {'going_down': 2, 'going_up': 2}
2024-09-15 18:03:47,440 - __main__ - DEBUG - Counters drawn: Going Down=2, Going Up=2
2024-09-15 18:03:47,450 - __main__ - DEBUG - FPS drawn: 0.34
2024-09-15 18:03:47,493 - __main__ - DEBUG - Getting detections from the frame.
2024-09-15 18:03:48,131 - __main__ - DEBUG - Processing bounding boxes.
2024-09-15 18:03:48,147 - __main__ - DEBUG - Lines drawn on the frame.
2024-09-15 18:03:48,147 - __main__ - INFO - Published data to MQTT: {'going_down': 2, 'going_up': 2}
2024-09-15 18:03:48,147 - __main__ - DEBUG - Counters drawn: Going Down=2, Going Up=2
2024-09-15 18:03:48,147 - __main__ - DEBUG - FPS drawn: 0.39
2024-09-15 18:03:48,190 - __main__ - DEBUG - Getting detections from the frame.
2024-09-15 18:03:48,810 - __main__ - DEBUG - Processing bounding boxes.
2024-09-15 18:03:48,810 - __main__ - DEBUG - Marked object 10 at (407, 301)
2024-09-15 18:03:48,810 - __main__ - DEBUG - Marked object 10 at (407, 301)
2024-09-15 18:03:48,810 - __main__ - DEBUG - Lines drawn on the frame.
2024-09-15 18:03:48,820 - __main__ - INFO - Published data to MQTT: {'going_down': 3, 'going_up': 3}
2024-09-15 18:03:48,821 - __main__ - DEBUG - Counters drawn: Going Down=3, Going Up=3
2024-09-15 18:03:48,822 - __main__ - DEBUG - FPS drawn: 0.44
2024-09-15 18:03:48,842 - __main__ - DEBUG - Getting detections from the frame.
2024-09-15 18:03:49,543 - __main__ - DEBUG - Processing bounding boxes.
2024-09-15 18:03:49,543 - __main__ - DEBUG - Lines drawn on the frame.
2024-09-15 18:03:49,543 - __main__ - INFO - Published data to MQTT: {'going_down': 3, 'going_up': 3}
2024-09-15 18:03:49,543 - __main__ - DEBUG - Counters drawn: Going Down=3, Going Up=3
2024-09-15 18:03:49,543 - __main__ - DEBUG - FPS drawn: 0.48
2024-09-15 18:03:49,630 - __main__ - DEBUG - Getting detections from the frame.
2024-09-15 18:03:50,281 - __main__ - DEBUG - Processing bounding boxes.
2024-09-15 18:03:50,281 - __main__ - DEBUG - Lines drawn on the frame.
2024-09-15 18:03:50,281 - __main__ - INFO - Published data to MQTT: {'going_down': 3, 'going_up': 3}
2024-09-15 18:03:50,281 - __main__ - DEBUG - Counters drawn: Going Down=3, Going Up=3
2024-09-15 18:03:50,281 - __main__ - DEBUG - FPS drawn: 0.51
2024-09-15 18:03:50,302 - __main__ - DEBUG - Getting detections from the frame.
2024-09-15 18:03:50,994 - __main__ - DEBUG - Processing bounding boxes.
2024-09-15 18:03:50,994 - __main__ - DEBUG - Lines drawn on the frame.
2024-09-15 18:03:50,994 - __main__ - INFO - Published data to MQTT: {'going_down': 3, 'going_up': 3}
2024-09-15 18:03:50,994 - __main__ - DEBUG - Counters drawn: Going Down=3, Going Up=3
2024-09-15 18:03:50,994 - __main__ - DEBUG - FPS drawn: 0.55
2024-09-15 18:03:51,033 - __main__ - DEBUG - Getting detections from the frame.
2024-09-15 18:03:51,715 - __main__ - DEBUG - Processing bounding boxes.
2024-09-15 18:03:51,731 - __main__ - DEBUG - Lines drawn on the frame.
2024-09-15 18:03:51,731 - __main__ - INFO - Published data to MQTT: {'going_down': 3, 'going_up': 3}
2024-09-15 18:03:51,731 - __main__ - DEBUG - Counters drawn: Going Down=3, Going Up=3
2024-09-15 18:03:51,731 - __main__ - DEBUG - FPS drawn: 0.58
2024-09-15 18:03:51,772 - __main__ - DEBUG - Getting detections from the frame.
2024-09-15 18:03:52,421 - __main__ - DEBUG - Processing bounding boxes.
2024-09-15 18:03:52,421 - __main__ - DEBUG - Lines drawn on the frame.
2024-09-15 18:03:52,423 - __main__ - INFO - Published data to MQTT: {'going_down': 3, 'going_up': 3}
2024-09-15 18:03:52,424 - __main__ - DEBUG - Counters drawn: Going Down=3, Going Up=3
2024-09-15 18:03:52,424 - __main__ - DEBUG - FPS drawn: 0.61
2024-09-15 18:03:52,466 - __main__ - DEBUG - Getting detections from the frame.
2024-09-15 18:03:53,123 - __main__ - DEBUG - Processing bounding boxes.
2024-09-15 18:03:53,123 - __main__ - DEBUG - Lines drawn on the frame.
2024-09-15 18:03:53,123 - __main__ - INFO - Published data to MQTT: {'going_down': 3, 'going_up': 3}
2024-09-15 18:03:53,123 - __main__ - DEBUG - Counters drawn: Going Down=3, Going Up=3
2024-09-15 18:03:53,123 - __main__ - DEBUG - FPS drawn: 0.64
2024-09-15 18:03:53,140 - __main__ - DEBUG - Getting detections from the frame.
2024-09-15 18:03:53,826 - __main__ - DEBUG - Processing bounding boxes.
2024-09-15 18:03:53,826 - __main__ - DEBUG - Lines drawn on the frame.
2024-09-15 18:03:53,841 - __main__ - INFO - Published data to MQTT: {'going_down': 3, 'going_up': 3}
2024-09-15 18:03:53,841 - __main__ - DEBUG - Counters drawn: Going Down=3, Going Up=3
2024-09-15 18:03:53,841 - __main__ - DEBUG - FPS drawn: 0.66
2024-09-15 18:03:53,866 - __main__ - DEBUG - Getting detections from the frame.
2024-09-15 18:03:54,547 - __main__ - DEBUG - Processing bounding boxes.
2024-09-15 18:03:54,547 - __main__ - DEBUG - Lines drawn on the frame.
2024-09-15 18:03:54,547 - __main__ - INFO - Published data to MQTT: {'going_down': 3, 'going_up': 3}
2024-09-15 18:03:54,547 - __main__ - DEBUG - Counters drawn: Going Down=3, Going Up=3
2024-09-15 18:03:54,547 - __main__ - DEBUG - FPS drawn: 0.69
2024-09-15 18:03:54,580 - __main__ - DEBUG - Getting detections from the frame.
2024-09-15 18:03:55,251 - __main__ - DEBUG - Processing bounding boxes.
2024-09-15 18:03:55,251 - __main__ - DEBUG - Lines drawn on the frame.
2024-09-15 18:03:55,251 - __main__ - INFO - Published data to MQTT: {'going_down': 3, 'going_up': 3}
2024-09-15 18:03:55,251 - __main__ - DEBUG - Counters drawn: Going Down=3, Going Up=3
2024-09-15 18:03:55,251 - __main__ - DEBUG - FPS drawn: 0.71
2024-09-15 18:03:55,265 - __main__ - DEBUG - Getting detections from the frame.
2024-09-15 18:03:55,891 - __main__ - DEBUG - Processing bounding boxes.
2024-09-15 18:03:55,891 - __main__ - DEBUG - Lines drawn on the frame.
2024-09-15 18:03:55,891 - __main__ - INFO - Published data to MQTT: {'going_down': 3, 'going_up': 3}
2024-09-15 18:03:55,891 - __main__ - DEBUG - Counters drawn: Going Down=3, Going Up=3
2024-09-15 18:03:55,891 - __main__ - DEBUG - FPS drawn: 0.73
2024-09-15 18:03:55,917 - __main__ - DEBUG - Getting detections from the frame.
2024-09-15 18:03:56,523 - __main__ - DEBUG - Processing bounding boxes.
2024-09-15 18:03:56,523 - __main__ - DEBUG - Marked object 15 at (407, 308)
2024-09-15 18:03:56,523 - __main__ - DEBUG - Marked object 15 at (407, 308)
2024-09-15 18:03:56,523 - __main__ - DEBUG - Lines drawn on the frame.
2024-09-15 18:03:56,523 - __main__ - INFO - Published data to MQTT: {'going_down': 4, 'going_up': 4}
2024-09-15 18:03:56,523 - __main__ - DEBUG - Counters drawn: Going Down=4, Going Up=4
2024-09-15 18:03:56,523 - __main__ - DEBUG - FPS drawn: 0.76
2024-09-15 18:03:56,572 - __main__ - DEBUG - Getting detections from the frame.
2024-09-15 18:03:57,254 - __main__ - DEBUG - Processing bounding boxes.
2024-09-15 18:03:57,257 - __main__ - DEBUG - Lines drawn on the frame.
2024-09-15 18:03:57,273 - __main__ - INFO - Published data to MQTT: {'going_down': 4, 'going_up': 4}
2024-09-15 18:03:57,274 - __main__ - DEBUG - Counters drawn: Going Down=4, Going Up=4
2024-09-15 18:03:57,276 - __main__ - DEBUG - FPS drawn: 0.77
2024-09-15 18:03:57,324 - __main__ - DEBUG - Getting detections from the frame.
2024-09-15 18:03:57,959 - __main__ - DEBUG - Processing bounding boxes.
2024-09-15 18:03:57,959 - __main__ - DEBUG - Lines drawn on the frame.
2024-09-15 18:03:57,959 - __main__ - INFO - Published data to MQTT: {'going_down': 4, 'going_up': 4}
2024-09-15 18:03:57,959 - __main__ - DEBUG - Counters drawn: Going Down=4, Going Up=4
2024-09-15 18:03:57,959 - __main__ - DEBUG - FPS drawn: 0.79
2024-09-15 18:03:58,023 - __main__ - DEBUG - Getting detections from the frame.
2024-09-15 18:03:58,645 - __main__ - DEBUG - Processing bounding boxes.
2024-09-15 18:03:58,645 - __main__ - DEBUG - Lines drawn on the frame.
2024-09-15 18:03:58,645 - __main__ - INFO - Published data to MQTT: {'going_down': 4, 'going_up': 4}
2024-09-15 18:03:58,655 - __main__ - DEBUG - Counters drawn: Going Down=4, Going Up=4
2024-09-15 18:03:58,657 - __main__ - DEBUG - FPS drawn: 0.81
2024-09-15 18:03:58,670 - __main__ - DEBUG - Getting detections from the frame.
2024-09-15 18:03:59,344 - __main__ - DEBUG - Processing bounding boxes.
2024-09-15 18:03:59,345 - __main__ - DEBUG - Lines drawn on the frame.
2024-09-15 18:03:59,347 - __main__ - INFO - Published data to MQTT: {'going_down': 4, 'going_up': 4}
2024-09-15 18:03:59,348 - __main__ - DEBUG - Counters drawn: Going Down=4, Going Up=4
2024-09-15 18:03:59,350 - __main__ - DEBUG - FPS drawn: 0.83
2024-09-15 18:03:59,416 - __main__ - DEBUG - Getting detections from the frame.
2024-09-15 18:04:00,100 - __main__ - DEBUG - Processing bounding boxes.
2024-09-15 18:04:00,100 - __main__ - DEBUG - Lines drawn on the frame.
2024-09-15 18:04:00,100 - __main__ - INFO - Published data to MQTT: {'going_down': 4, 'going_up': 4}
2024-09-15 18:04:00,100 - __main__ - DEBUG - Counters drawn: Going Down=4, Going Up=4
2024-09-15 18:04:00,100 - __main__ - DEBUG - FPS drawn: 0.84
2024-09-15 18:04:00,132 - __main__ - DEBUG - Getting detections from the frame.
2024-09-15 18:04:00,798 - __main__ - DEBUG - Processing bounding boxes.
2024-09-15 18:04:00,798 - __main__ - DEBUG - Marked object 24 at (289, 320)
2024-09-15 18:04:00,798 - __main__ - DEBUG - Marked object 24 at (289, 320)
2024-09-15 18:04:00,798 - __main__ - DEBUG - Lines drawn on the frame.
2024-09-15 18:04:00,813 - __main__ - INFO - Published data to MQTT: {'going_down': 5, 'going_up': 5}
2024-09-15 18:04:00,817 - __main__ - DEBUG - Counters drawn: Going Down=5, Going Up=5
2024-09-15 18:04:00,818 - __main__ - DEBUG - FPS drawn: 0.85
2024-09-15 18:04:00,819 - __main__ - DEBUG - Getting detections from the frame.
2024-09-15 18:04:01,485 - __main__ - DEBUG - Processing bounding boxes.
2024-09-15 18:04:01,486 - __main__ - DEBUG - Lines drawn on the frame.
2024-09-15 18:04:01,487 - __main__ - INFO - Published data to MQTT: {'going_down': 5, 'going_up': 5}
2024-09-15 18:04:01,488 - __main__ - DEBUG - Counters drawn: Going Down=5, Going Up=5
2024-09-15 18:04:01,488 - __main__ - DEBUG - FPS drawn: 0.87
2024-09-15 18:04:01,547 - __main__ - DEBUG - Getting detections from the frame.
2024-09-15 18:04:02,184 - __main__ - DEBUG - Processing bounding boxes.
2024-09-15 18:04:02,200 - __main__ - DEBUG - Marked object 28 at (259, 302)
2024-09-15 18:04:02,200 - __main__ - DEBUG - Marked object 28 at (259, 302)
2024-09-15 18:04:02,205 - __main__ - DEBUG - Lines drawn on the frame.
2024-09-15 18:04:02,207 - __main__ - INFO - Published data to MQTT: {'going_down': 6, 'going_up': 6}
2024-09-15 18:04:02,208 - __main__ - DEBUG - Counters drawn: Going Down=6, Going Up=6
2024-09-15 18:04:02,208 - __main__ - DEBUG - FPS drawn: 0.88
2024-09-15 18:04:02,210 - __main__ - DEBUG - Getting detections from the frame.
2024-09-15 18:04:02,888 - __main__ - DEBUG - Processing bounding boxes.
2024-09-15 18:04:02,888 - __main__ - DEBUG - Lines drawn on the frame.
2024-09-15 18:04:02,888 - __main__ - INFO - Published data to MQTT: {'going_down': 6, 'going_up': 6}
2024-09-15 18:04:02,888 - __main__ - DEBUG - Counters drawn: Going Down=6, Going Up=6
2024-09-15 18:04:02,904 - __main__ - DEBUG - FPS drawn: 0.89
2024-09-15 18:04:02,947 - __main__ - DEBUG - Getting detections from the frame.
2024-09-15 18:04:03,656 - __main__ - DEBUG - Processing bounding boxes.
2024-09-15 18:04:03,656 - __main__ - DEBUG - Marked object 29 at (293, 320)
2024-09-15 18:04:03,656 - __main__ - DEBUG - Marked object 29 at (293, 320)
2024-09-15 18:04:03,656 - __main__ - DEBUG - Lines drawn on the frame.
2024-09-15 18:04:03,669 - __main__ - INFO - Published data to MQTT: {'going_down': 7, 'going_up': 7}
2024-09-15 18:04:03,670 - __main__ - DEBUG - Counters drawn: Going Down=7, Going Up=7
2024-09-15 18:04:03,671 - __main__ - DEBUG - FPS drawn: 0.91
2024-09-15 18:04:03,712 - __main__ - DEBUG - Getting detections from the frame.
2024-09-15 18:04:04,359 - __main__ - DEBUG - Processing bounding boxes.
2024-09-15 18:04:04,359 - __main__ - DEBUG - Marked object 29 at (288, 329)
2024-09-15 18:04:04,375 - __main__ - DEBUG - Marked object 29 at (288, 329)
2024-09-15 18:04:04,375 - __main__ - DEBUG - Marked object 34 at (227, 303)
2024-09-15 18:04:04,375 - __main__ - DEBUG - Marked object 34 at (227, 303)
2024-09-15 18:04:04,375 - __main__ - DEBUG - Lines drawn on the frame.
2024-09-15 18:04:04,375 - __main__ - INFO - Published data to MQTT: {'going_down': 8, 'going_up': 8}
2024-09-15 18:04:04,375 - __main__ - DEBUG - Counters drawn: Going Down=8, Going Up=8
2024-09-15 18:04:04,375 - __main__ - DEBUG - FPS drawn: 0.92
2024-09-15 18:04:04,419 - __main__ - DEBUG - Getting detections from the frame.
2024-09-15 18:04:05,110 - __main__ - DEBUG - Processing bounding boxes.
2024-09-15 18:04:05,110 - __main__ - DEBUG - Marked object 29 at (294, 314)
2024-09-15 18:04:05,126 - __main__ - DEBUG - Marked object 29 at (294, 314)
2024-09-15 18:04:05,126 - __main__ - DEBUG - Marked object 34 at (247, 292)
2024-09-15 18:04:05,126 - __main__ - DEBUG - Lines drawn on the frame.
2024-09-15 18:04:05,138 - __main__ - INFO - Published data to MQTT: {'going_down': 8, 'going_up': 8}
2024-09-15 18:04:05,140 - __main__ - DEBUG - Counters drawn: Going Down=8, Going Up=8
2024-09-15 18:04:05,156 - __main__ - DEBUG - FPS drawn: 0.93
2024-09-15 18:04:05,165 - __main__ - DEBUG - Getting detections from the frame.
2024-09-15 18:04:05,815 - __main__ - DEBUG - Processing bounding boxes.
2024-09-15 18:04:05,815 - __main__ - DEBUG - Lines drawn on the frame.
2024-09-15 18:04:05,815 - __main__ - INFO - Published data to MQTT: {'going_down': 8, 'going_up': 8}
2024-09-15 18:04:05,815 - __main__ - DEBUG - Counters drawn: Going Down=8, Going Up=8
2024-09-15 18:04:05,815 - __main__ - DEBUG - FPS drawn: 0.94
2024-09-15 18:04:05,846 - __main__ - DEBUG - Getting detections from the frame.
2024-09-15 18:04:06,548 - __main__ - DEBUG - Processing bounding boxes.
2024-09-15 18:04:06,548 - __main__ - DEBUG - Lines drawn on the frame.
2024-09-15 18:04:06,548 - __main__ - INFO - Published data to MQTT: {'going_down': 8, 'going_up': 8}
2024-09-15 18:04:06,548 - __main__ - DEBUG - Counters drawn: Going Down=8, Going Up=8
2024-09-15 18:04:06,548 - __main__ - DEBUG - FPS drawn: 0.95
2024-09-15 18:04:06,582 - __main__ - DEBUG - Getting detections from the frame.
2024-09-15 18:04:07,278 - __main__ - DEBUG - Processing bounding boxes.
2024-09-15 18:04:07,278 - __main__ - DEBUG - Lines drawn on the frame.
2024-09-15 18:04:07,279 - __main__ - INFO - Published data to MQTT: {'going_down': 8, 'going_up': 8}
2024-09-15 18:04:07,281 - __main__ - DEBUG - Counters drawn: Going Down=8, Going Up=8
2024-09-15 18:04:07,285 - __main__ - DEBUG - FPS drawn: 0.96
2024-09-15 18:04:07,309 - __main__ - DEBUG - Getting detections from the frame.
2024-09-15 18:04:07,364 - __main__ - INFO - End of video stream reached. Stopping video.
2024-09-15 18:04:07,672 - __main__ - DEBUG - Processing bounding boxes.
2024-09-15 18:04:07,672 - __main__ - DEBUG - Lines drawn on the frame.
2024-09-15 18:04:07,672 - __main__ - INFO - Published data to MQTT: {'going_down': 8, 'going_up': 8}
2024-09-15 18:04:07,672 - __main__ - DEBUG - Counters drawn: Going Down=8, Going Up=8
2024-09-15 18:04:07,672 - __main__ - DEBUG - FPS drawn: 0.97
2024-09-15 18:04:07,684 - __main__ - ERROR - Error reading frame, exiting.
2024-09-15 18:04:07,695 - __main__ - INFO - Video stream released.
2024-09-15 18:04:07,756 - __main__ - INFO - Published data to MQTT: {'going_down': 8, 'going_up': 8}
