2024-09-15 11:40:05,665 - __main__ - INFO - Device: cpu
2024-09-15 11:40:05,701 - __main__ - INFO - Connected to MQTT broker at 103.245.38.40:1883
2024-09-15 11:40:05,701 - __main__ - INFO - Starting main function.
2024-09-15 11:40:05,778 - __main__ - INFO - Loading model from ./yolov3-tinyu_1.onnx
2024-09-15 11:40:05,781 - __main__ - INFO - Labels loaded: ['person', 'bicycle', 'car', 'motorcycle', 'airplane', 'bus', 'train', 'truck', 'boat']
2024-09-15 11:40:05,853 - __main__ - INFO - Frame successfully retrieved.
2024-09-15 11:40:05,936 - __main__ - INFO - Frame successfully retrieved.
2024-09-15 11:40:05,952 - __main__ - INFO - Frame successfully retrieved.
2024-09-15 11:40:05,959 - __main__ - DEBUG - Getting detections from the frame.
2024-09-15 11:40:09,493 - __main__ - ERROR - Error during detection: [ONNXRuntimeError] : 7 : INVALID_PROTOBUF : Load model from yolov3-tinyu_1.onnx failed:Protobuf parsing failed.
2024-09-15 11:40:09,508 - __main__ - DEBUG - Processing bounding boxes.
2024-09-15 11:40:09,508 - __main__ - DEBUG - Lines drawn on the frame.
2024-09-15 11:40:09,508 - __main__ - INFO - Published data to MQTT: {'going_down': 0, 'going_up': 0}
2024-09-15 11:40:09,508 - __main__ - DEBUG - Counters drawn: Going Down=0, Going Up=0
2024-09-15 11:40:09,508 - __main__ - DEBUG - FPS drawn: 0.27
2024-09-15 11:40:09,644 - __main__ - INFO - Frame successfully retrieved.
2024-09-15 11:40:09,712 - __main__ - INFO - Frame successfully retrieved.
2024-09-15 11:40:09,725 - __main__ - INFO - Frame successfully retrieved.
2024-09-15 11:40:09,744 - __main__ - DEBUG - Getting detections from the frame.
2024-09-15 11:40:12,731 - __main__ - ERROR - Error during detection: [ONNXRuntimeError] : 7 : INVALID_PROTOBUF : Load model from yolov3-tinyu_1.onnx failed:Protobuf parsing failed.
2024-09-15 11:40:12,732 - __main__ - DEBUG - Processing bounding boxes.
2024-09-15 11:40:12,733 - __main__ - DEBUG - Lines drawn on the frame.
2024-09-15 11:40:12,734 - __main__ - INFO - Published data to MQTT: {'going_down': 0, 'going_up': 0}
2024-09-15 11:40:12,735 - __main__ - DEBUG - Counters drawn: Going Down=0, Going Up=0
2024-09-15 11:40:12,736 - __main__ - DEBUG - FPS drawn: 0.29
2024-09-15 11:40:12,771 - __main__ - INFO - Frame successfully retrieved.
2024-09-15 11:40:12,790 - __main__ - INFO - Frame successfully retrieved.
2024-09-15 11:40:12,831 - __main__ - INFO - Frame successfully retrieved.
2024-09-15 11:40:12,834 - __main__ - DEBUG - Getting detections from the frame.
2024-09-15 11:40:15,938 - __main__ - ERROR - Error during detection: [ONNXRuntimeError] : 7 : INVALID_PROTOBUF : Load model from yolov3-tinyu_1.onnx failed:Protobuf parsing failed.
2024-09-15 11:40:15,938 - __main__ - DEBUG - Processing bounding boxes.
2024-09-15 11:40:15,938 - __main__ - DEBUG - Lines drawn on the frame.
2024-09-15 11:40:15,938 - __main__ - INFO - Published data to MQTT: {'going_down': 0, 'going_up': 0}
2024-09-15 11:40:15,938 - __main__ - DEBUG - Counters drawn: Going Down=0, Going Up=0
2024-09-15 11:40:15,938 - __main__ - DEBUG - FPS drawn: 0.30
2024-09-15 11:40:15,987 - __main__ - INFO - Frame successfully retrieved.
2024-09-15 11:40:16,006 - __main__ - INFO - Frame successfully retrieved.
2024-09-15 11:40:16,016 - __main__ - INFO - Frame successfully retrieved.
2024-09-15 11:40:16,028 - __main__ - DEBUG - Getting detections from the frame.
2024-09-15 11:40:18,881 - __main__ - ERROR - Error during detection: [ONNXRuntimeError] : 7 : INVALID_PROTOBUF : Load model from yolov3-tinyu_1.onnx failed:Protobuf parsing failed.
2024-09-15 11:40:18,883 - __main__ - DEBUG - Processing bounding boxes.
2024-09-15 11:40:18,883 - __main__ - DEBUG - Lines drawn on the frame.
2024-09-15 11:40:18,883 - __main__ - INFO - Published data to MQTT: {'going_down': 0, 'going_up': 0}
2024-09-15 11:40:18,883 - __main__ - DEBUG - Counters drawn: Going Down=0, Going Up=0
2024-09-15 11:40:18,883 - __main__ - DEBUG - FPS drawn: 0.31
2024-09-15 11:40:19,012 - __main__ - INFO - Frame successfully retrieved.
2024-09-15 11:40:19,264 - __main__ - INFO - Frame successfully retrieved.
2024-09-15 11:40:19,341 - __main__ - INFO - Frame successfully retrieved.
2024-09-15 11:40:19,341 - __main__ - DEBUG - Getting detections from the frame.
2024-09-15 11:40:22,273 - __main__ - ERROR - Error during detection: [ONNXRuntimeError] : 7 : INVALID_PROTOBUF : Load model from yolov3-tinyu_1.onnx failed:Protobuf parsing failed.
2024-09-15 11:40:22,276 - __main__ - DEBUG - Processing bounding boxes.
2024-09-15 11:40:22,276 - __main__ - DEBUG - Lines drawn on the frame.
2024-09-15 11:40:22,276 - __main__ - INFO - Published data to MQTT: {'going_down': 0, 'going_up': 0}
2024-09-15 11:40:22,276 - __main__ - DEBUG - Counters drawn: Going Down=0, Going Up=0
2024-09-15 11:40:22,286 - __main__ - DEBUG - FPS drawn: 0.30
2024-09-15 11:40:22,290 - __main__ - INFO - Frame successfully retrieved.
2024-09-15 11:40:22,323 - __main__ - INFO - Frame successfully retrieved.
2024-09-15 11:40:22,349 - __main__ - INFO - Frame successfully retrieved.
2024-09-15 11:40:22,364 - __main__ - DEBUG - Getting detections from the frame.
2024-09-15 11:40:25,760 - __main__ - ERROR - Error during detection: [ONNXRuntimeError] : 7 : INVALID_PROTOBUF : Load model from yolov3-tinyu_1.onnx failed:Protobuf parsing failed.
2024-09-15 11:40:25,762 - __main__ - DEBUG - Processing bounding boxes.
2024-09-15 11:40:25,764 - __main__ - DEBUG - Lines drawn on the frame.
2024-09-15 11:40:25,767 - __main__ - INFO - Published data to MQTT: {'going_down': 0, 'going_up': 0}
2024-09-15 11:40:25,769 - __main__ - DEBUG - Counters drawn: Going Down=0, Going Up=0
2024-09-15 11:40:25,769 - __main__ - DEBUG - FPS drawn: 0.30
2024-09-15 11:40:25,769 - __main__ - INFO - Elapsed time: 19.99
2024-09-15 11:40:25,779 - __main__ - INFO - Approx. FPS: 0.00
2024-09-15 11:40:25,797 - __main__ - INFO - Video stream released.
2024-09-15 11:40:25,830 - __main__ - INFO - Published data to MQTT: {'going_down': 0, 'going_up': 0}
2024-09-15 11:40:25,830 - __main__ - INFO - FFmpeg process finished.
2024-09-15 11:40:25,830 - __main__ - INFO - MQTT client disconnected and garbage collected.
