2024-09-15 17:30:26,042 - __main__ - INFO - Device: cpu
2024-09-15 17:30:26,086 - __main__ - INFO - Connected to MQTT broker at 103.245.38.40:1883
2024-09-15 17:30:26,093 - __main__ - INFO - Starting main function.
2024-09-15 17:30:26,154 - __main__ - INFO - Loading model from ./yolov3-tinyu.pt
2024-09-15 17:30:26,274 - __main__ - INFO - Labels loaded: ['person', 'bicycle', 'car', 'motorcycle', 'airplane', 'bus', 'train', 'truck', 'boat']
2024-09-15 17:30:26,285 - __main__ - DEBUG - Getting detections from the frame.
2024-09-15 17:30:36,740 - __main__ - DEBUG - Processing bounding boxes.
2024-09-15 17:30:36,741 - __main__ - DEBUG - Lines drawn on the frame.
2024-09-15 17:30:36,749 - __main__ - INFO - Published data to MQTT: {'going_down': 0, 'going_up': 0}
2024-09-15 17:30:36,755 - __main__ - DEBUG - Counters drawn: Going Down=0, Going Up=0
2024-09-15 17:30:36,756 - __main__ - DEBUG - FPS drawn: 0.09
2024-09-15 17:30:36,820 - __main__ - DEBUG - Getting detections from the frame.
2024-09-15 17:30:38,045 - __main__ - DEBUG - Processing bounding boxes.
2024-09-15 17:30:38,061 - __main__ - DEBUG - Lines drawn on the frame.
2024-09-15 17:30:38,061 - __main__ - INFO - Published data to MQTT: {'going_down': 0, 'going_up': 0}
2024-09-15 17:30:38,061 - __main__ - DEBUG - Counters drawn: Going Down=0, Going Up=0
2024-09-15 17:30:38,061 - __main__ - DEBUG - FPS drawn: 0.17
2024-09-15 17:30:38,117 - __main__ - DEBUG - Getting detections from the frame.
2024-09-15 17:30:38,788 - __main__ - DEBUG - Processing bounding boxes.
2024-09-15 17:30:38,789 - __main__ - DEBUG - Lines drawn on the frame.
2024-09-15 17:30:38,790 - __main__ - INFO - Published data to MQTT: {'going_down': 0, 'going_up': 0}
2024-09-15 17:30:38,791 - __main__ - DEBUG - Counters drawn: Going Down=0, Going Up=0
2024-09-15 17:30:38,792 - __main__ - DEBUG - FPS drawn: 0.24
2024-09-15 17:30:38,864 - __main__ - DEBUG - Getting detections from the frame.
2024-09-15 17:30:39,477 - __main__ - DEBUG - Processing bounding boxes.
2024-09-15 17:30:39,477 - __main__ - DEBUG - Lines drawn on the frame.
2024-09-15 17:30:39,477 - __main__ - INFO - Published data to MQTT: {'going_down': 0, 'going_up': 0}
2024-09-15 17:30:39,477 - __main__ - DEBUG - Counters drawn: Going Down=0, Going Up=0
2024-09-15 17:30:39,493 - __main__ - DEBUG - FPS drawn: 0.30
2024-09-15 17:30:39,547 - __main__ - DEBUG - Getting detections from the frame.
2024-09-15 17:30:40,172 - __main__ - DEBUG - Processing bounding boxes.
2024-09-15 17:30:40,172 - __main__ - DEBUG - Lines drawn on the frame.
2024-09-15 17:30:40,172 - __main__ - INFO - Published data to MQTT: {'going_down': 0, 'going_up': 0}
2024-09-15 17:30:40,172 - __main__ - DEBUG - Counters drawn: Going Down=0, Going Up=0
2024-09-15 17:30:40,172 - __main__ - DEBUG - FPS drawn: 0.36
2024-09-15 17:30:40,246 - __main__ - DEBUG - Getting detections from the frame.
2024-09-15 17:30:40,875 - __main__ - DEBUG - Processing bounding boxes.
2024-09-15 17:30:40,884 - __main__ - DEBUG - Lines drawn on the frame.
2024-09-15 17:30:40,884 - __main__ - INFO - Published data to MQTT: {'going_down': 0, 'going_up': 0}
2024-09-15 17:30:40,884 - __main__ - DEBUG - Counters drawn: Going Down=0, Going Up=0
2024-09-15 17:30:40,884 - __main__ - DEBUG - FPS drawn: 0.41
2024-09-15 17:30:40,975 - __main__ - DEBUG - Getting detections from the frame.
2024-09-15 17:30:41,584 - __main__ - DEBUG - Processing bounding boxes.
2024-09-15 17:30:41,584 - __main__ - DEBUG - Lines drawn on the frame.
2024-09-15 17:30:41,584 - __main__ - INFO - Published data to MQTT: {'going_down': 0, 'going_up': 0}
2024-09-15 17:30:41,584 - __main__ - DEBUG - Counters drawn: Going Down=0, Going Up=0
2024-09-15 17:30:41,584 - __main__ - DEBUG - FPS drawn: 0.45
2024-09-15 17:30:41,635 - __main__ - DEBUG - Getting detections from the frame.
2024-09-15 17:30:42,285 - __main__ - DEBUG - Processing bounding boxes.
2024-09-15 17:30:42,285 - __main__ - DEBUG - Lines drawn on the frame.
2024-09-15 17:30:42,285 - __main__ - INFO - Published data to MQTT: {'going_down': 0, 'going_up': 0}
2024-09-15 17:30:42,285 - __main__ - DEBUG - Counters drawn: Going Down=0, Going Up=0
2024-09-15 17:30:42,285 - __main__ - DEBUG - FPS drawn: 0.50
2024-09-15 17:30:42,310 - __main__ - DEBUG - Getting detections from the frame.
2024-09-15 17:30:43,000 - __main__ - DEBUG - Processing bounding boxes.
2024-09-15 17:30:43,001 - __main__ - DEBUG - Lines drawn on the frame.
2024-09-15 17:30:43,002 - __main__ - INFO - Published data to MQTT: {'going_down': 0, 'going_up': 0}
2024-09-15 17:30:43,006 - __main__ - DEBUG - Counters drawn: Going Down=0, Going Up=0
2024-09-15 17:30:43,006 - __main__ - DEBUG - FPS drawn: 0.53
2024-09-15 17:30:43,166 - __main__ - DEBUG - Getting detections from the frame.
2024-09-15 17:30:43,960 - __main__ - DEBUG - Processing bounding boxes.
2024-09-15 17:30:43,960 - __main__ - DEBUG - Lines drawn on the frame.
2024-09-15 17:30:43,960 - __main__ - INFO - Published data to MQTT: {'going_down': 0, 'going_up': 0}
2024-09-15 17:30:43,960 - __main__ - DEBUG - Counters drawn: Going Down=0, Going Up=0
2024-09-15 17:30:43,960 - __main__ - DEBUG - FPS drawn: 0.56
2024-09-15 17:30:44,463 - __main__ - DEBUG - Getting detections from the frame.
2024-09-15 17:30:45,262 - __main__ - DEBUG - Processing bounding boxes.
2024-09-15 17:30:45,262 - __main__ - DEBUG - Lines drawn on the frame.
2024-09-15 17:30:45,262 - __main__ - INFO - Published data to MQTT: {'going_down': 0, 'going_up': 0}
2024-09-15 17:30:45,262 - __main__ - DEBUG - Counters drawn: Going Down=0, Going Up=0
2024-09-15 17:30:45,262 - __main__ - DEBUG - FPS drawn: 0.58
2024-09-15 17:30:45,309 - __main__ - DEBUG - Getting detections from the frame.
2024-09-15 17:30:46,186 - __main__ - DEBUG - Processing bounding boxes.
2024-09-15 17:30:46,186 - __main__ - DEBUG - Lines drawn on the frame.
2024-09-15 17:30:46,186 - __main__ - INFO - Published data to MQTT: {'going_down': 0, 'going_up': 0}
2024-09-15 17:30:46,186 - __main__ - DEBUG - Counters drawn: Going Down=0, Going Up=0
2024-09-15 17:30:46,186 - __main__ - DEBUG - FPS drawn: 0.60
2024-09-15 17:30:46,312 - __main__ - DEBUG - Getting detections from the frame.
2024-09-15 17:30:47,032 - __main__ - DEBUG - Processing bounding boxes.
2024-09-15 17:30:47,032 - __main__ - DEBUG - Lines drawn on the frame.
2024-09-15 17:30:47,032 - __main__ - INFO - Published data to MQTT: {'going_down': 0, 'going_up': 0}
2024-09-15 17:30:47,038 - __main__ - DEBUG - Counters drawn: Going Down=0, Going Up=0
2024-09-15 17:30:47,064 - __main__ - DEBUG - FPS drawn: 0.62
2024-09-15 17:30:47,192 - __main__ - DEBUG - Getting detections from the frame.
2024-09-15 17:30:47,894 - __main__ - DEBUG - Processing bounding boxes.
2024-09-15 17:30:47,894 - __main__ - DEBUG - Lines drawn on the frame.
2024-09-15 17:30:47,894 - __main__ - INFO - Published data to MQTT: {'going_down': 0, 'going_up': 0}
2024-09-15 17:30:47,894 - __main__ - DEBUG - Counters drawn: Going Down=0, Going Up=0
2024-09-15 17:30:47,894 - __main__ - DEBUG - FPS drawn: 0.64
2024-09-15 17:30:47,986 - __main__ - DEBUG - Getting detections from the frame.
2024-09-15 17:30:48,640 - __main__ - DEBUG - Processing bounding boxes.
2024-09-15 17:30:48,640 - __main__ - DEBUG - Lines drawn on the frame.
2024-09-15 17:30:48,640 - __main__ - INFO - Published data to MQTT: {'going_down': 0, 'going_up': 0}
2024-09-15 17:30:48,640 - __main__ - DEBUG - Counters drawn: Going Down=0, Going Up=0
2024-09-15 17:30:48,640 - __main__ - DEBUG - FPS drawn: 0.67
2024-09-15 17:30:48,719 - __main__ - DEBUG - Getting detections from the frame.
2024-09-15 17:30:49,349 - __main__ - DEBUG - Processing bounding boxes.
2024-09-15 17:30:49,349 - __main__ - DEBUG - Lines drawn on the frame.
2024-09-15 17:30:49,349 - __main__ - INFO - Published data to MQTT: {'going_down': 0, 'going_up': 0}
2024-09-15 17:30:49,349 - __main__ - DEBUG - Counters drawn: Going Down=0, Going Up=0
2024-09-15 17:30:49,349 - __main__ - DEBUG - FPS drawn: 0.69
2024-09-15 17:30:49,391 - __main__ - DEBUG - Getting detections from the frame.
2024-09-15 17:30:50,038 - __main__ - DEBUG - Processing bounding boxes.
2024-09-15 17:30:50,038 - __main__ - DEBUG - Lines drawn on the frame.
2024-09-15 17:30:50,038 - __main__ - INFO - Published data to MQTT: {'going_down': 0, 'going_up': 0}
2024-09-15 17:30:50,038 - __main__ - DEBUG - Counters drawn: Going Down=0, Going Up=0
2024-09-15 17:30:50,038 - __main__ - DEBUG - FPS drawn: 0.71
2024-09-15 17:30:50,119 - __main__ - DEBUG - Getting detections from the frame.
2024-09-15 17:30:50,746 - __main__ - DEBUG - Processing bounding boxes.
2024-09-15 17:30:50,746 - __main__ - DEBUG - Lines drawn on the frame.
2024-09-15 17:30:50,746 - __main__ - INFO - Published data to MQTT: {'going_down': 0, 'going_up': 0}
2024-09-15 17:30:50,746 - __main__ - DEBUG - Counters drawn: Going Down=0, Going Up=0
2024-09-15 17:30:50,746 - __main__ - DEBUG - FPS drawn: 0.73
2024-09-15 17:30:50,865 - __main__ - DEBUG - Getting detections from the frame.
2024-09-15 17:30:51,494 - __main__ - DEBUG - Processing bounding boxes.
2024-09-15 17:30:51,496 - __main__ - DEBUG - Lines drawn on the frame.
2024-09-15 17:30:51,497 - __main__ - INFO - Published data to MQTT: {'going_down': 0, 'going_up': 0}
2024-09-15 17:30:51,503 - __main__ - DEBUG - Counters drawn: Going Down=0, Going Up=0
2024-09-15 17:30:51,503 - __main__ - DEBUG - FPS drawn: 0.75
2024-09-15 17:30:51,569 - __main__ - DEBUG - Getting detections from the frame.
2024-09-15 17:30:52,180 - __main__ - DEBUG - Processing bounding boxes.
2024-09-15 17:30:52,180 - __main__ - DEBUG - Lines drawn on the frame.
2024-09-15 17:30:52,180 - __main__ - INFO - Published data to MQTT: {'going_down': 0, 'going_up': 0}
2024-09-15 17:30:52,180 - __main__ - DEBUG - Counters drawn: Going Down=0, Going Up=0
2024-09-15 17:30:52,180 - __main__ - DEBUG - FPS drawn: 0.77
2024-09-15 17:30:52,301 - __main__ - DEBUG - Getting detections from the frame.
2024-09-15 17:30:52,962 - __main__ - DEBUG - Processing bounding boxes.
2024-09-15 17:30:52,962 - __main__ - DEBUG - Lines drawn on the frame.
2024-09-15 17:30:52,962 - __main__ - INFO - Published data to MQTT: {'going_down': 0, 'going_up': 0}
2024-09-15 17:30:52,978 - __main__ - DEBUG - Counters drawn: Going Down=0, Going Up=0
2024-09-15 17:30:52,978 - __main__ - DEBUG - FPS drawn: 0.78
2024-09-15 17:30:53,072 - __main__ - DEBUG - Getting detections from the frame.
2024-09-15 17:30:53,713 - __main__ - DEBUG - Processing bounding boxes.
2024-09-15 17:30:53,713 - __main__ - DEBUG - Lines drawn on the frame.
2024-09-15 17:30:53,729 - __main__ - INFO - Published data to MQTT: {'going_down': 0, 'going_up': 0}
2024-09-15 17:30:53,729 - __main__ - DEBUG - Counters drawn: Going Down=0, Going Up=0
2024-09-15 17:30:53,729 - __main__ - DEBUG - FPS drawn: 0.80
2024-09-15 17:30:53,778 - __main__ - DEBUG - Getting detections from the frame.
2024-09-15 17:30:54,415 - __main__ - DEBUG - Processing bounding boxes.
2024-09-15 17:30:54,415 - __main__ - DEBUG - Lines drawn on the frame.
2024-09-15 17:30:54,415 - __main__ - INFO - Published data to MQTT: {'going_down': 0, 'going_up': 0}
2024-09-15 17:30:54,415 - __main__ - DEBUG - Counters drawn: Going Down=0, Going Up=0
2024-09-15 17:30:54,415 - __main__ - DEBUG - FPS drawn: 0.81
2024-09-15 17:30:54,514 - __main__ - DEBUG - Getting detections from the frame.
2024-09-15 17:30:55,128 - __main__ - DEBUG - Processing bounding boxes.
2024-09-15 17:30:55,128 - __main__ - DEBUG - Lines drawn on the frame.
2024-09-15 17:30:55,128 - __main__ - INFO - Published data to MQTT: {'going_down': 0, 'going_up': 0}
2024-09-15 17:30:55,128 - __main__ - DEBUG - Counters drawn: Going Down=0, Going Up=0
2024-09-15 17:30:55,128 - __main__ - DEBUG - FPS drawn: 0.83
2024-09-15 17:30:55,189 - __main__ - DEBUG - Getting detections from the frame.
2024-09-15 17:30:55,881 - __main__ - DEBUG - Processing bounding boxes.
2024-09-15 17:30:55,881 - __main__ - DEBUG - Lines drawn on the frame.
2024-09-15 17:30:55,881 - __main__ - INFO - Published data to MQTT: {'going_down': 0, 'going_up': 0}
2024-09-15 17:30:55,881 - __main__ - DEBUG - Counters drawn: Going Down=0, Going Up=0
2024-09-15 17:30:55,888 - __main__ - DEBUG - FPS drawn: 0.84
2024-09-15 17:30:55,942 - __main__ - DEBUG - Getting detections from the frame.
2024-09-15 17:30:56,588 - __main__ - DEBUG - Processing bounding boxes.
2024-09-15 17:30:56,588 - __main__ - DEBUG - Lines drawn on the frame.
2024-09-15 17:30:56,588 - __main__ - INFO - Published data to MQTT: {'going_down': 0, 'going_up': 0}
2024-09-15 17:30:56,594 - __main__ - DEBUG - Counters drawn: Going Down=0, Going Up=0
2024-09-15 17:30:56,595 - __main__ - DEBUG - FPS drawn: 0.85
2024-09-15 17:30:56,645 - __main__ - DEBUG - Getting detections from the frame.
2024-09-15 17:30:57,301 - __main__ - DEBUG - Processing bounding boxes.
2024-09-15 17:30:57,302 - __main__ - DEBUG - Lines drawn on the frame.
2024-09-15 17:30:57,304 - __main__ - INFO - Published data to MQTT: {'going_down': 0, 'going_up': 0}
2024-09-15 17:30:57,305 - __main__ - DEBUG - Counters drawn: Going Down=0, Going Up=0
2024-09-15 17:30:57,305 - __main__ - DEBUG - FPS drawn: 0.87
2024-09-15 17:30:57,311 - __main__ - DEBUG - Getting detections from the frame.
2024-09-15 17:30:58,340 - __main__ - DEBUG - Processing bounding boxes.
2024-09-15 17:30:58,340 - __main__ - DEBUG - Lines drawn on the frame.
2024-09-15 17:30:58,340 - __main__ - INFO - Published data to MQTT: {'going_down': 0, 'going_up': 0}
2024-09-15 17:30:58,340 - __main__ - DEBUG - Counters drawn: Going Down=0, Going Up=0
2024-09-15 17:30:58,340 - __main__ - DEBUG - FPS drawn: 0.87
2024-09-15 17:30:58,428 - __main__ - DEBUG - Getting detections from the frame.
2024-09-15 17:30:59,054 - __main__ - DEBUG - Processing bounding boxes.
2024-09-15 17:30:59,054 - __main__ - DEBUG - Lines drawn on the frame.
2024-09-15 17:30:59,054 - __main__ - INFO - Published data to MQTT: {'going_down': 0, 'going_up': 0}
2024-09-15 17:30:59,054 - __main__ - DEBUG - Counters drawn: Going Down=0, Going Up=0
2024-09-15 17:30:59,054 - __main__ - DEBUG - FPS drawn: 0.88
2024-09-15 17:30:59,107 - __main__ - DEBUG - Getting detections from the frame.
2024-09-15 17:30:59,741 - __main__ - DEBUG - Processing bounding boxes.
2024-09-15 17:30:59,742 - __main__ - DEBUG - Lines drawn on the frame.
2024-09-15 17:30:59,743 - __main__ - INFO - Published data to MQTT: {'going_down': 0, 'going_up': 0}
2024-09-15 17:30:59,744 - __main__ - DEBUG - Counters drawn: Going Down=0, Going Up=0
2024-09-15 17:30:59,745 - __main__ - DEBUG - FPS drawn: 0.89
2024-09-15 17:30:59,792 - __main__ - DEBUG - Getting detections from the frame.
2024-09-15 17:30:59,979 - __main__ - INFO - End of video stream reached. Stopping video.
2024-09-15 17:31:00,179 - __main__ - DEBUG - Processing bounding boxes.
2024-09-15 17:31:00,195 - __main__ - DEBUG - Lines drawn on the frame.
2024-09-15 17:31:00,195 - __main__ - INFO - Published data to MQTT: {'going_down': 0, 'going_up': 0}
2024-09-15 17:31:00,195 - __main__ - DEBUG - Counters drawn: Going Down=0, Going Up=0
2024-09-15 17:31:00,195 - __main__ - DEBUG - FPS drawn: 0.91
2024-09-15 17:31:00,195 - __main__ - ERROR - Error reading frame, exiting.
2024-09-15 17:31:00,213 - __main__ - INFO - Video stream released.
2024-09-15 17:31:00,289 - __main__ - INFO - Published data to MQTT: {'going_down': 0, 'going_up': 0}
