2024-09-15 17:22:16,800 - __main__ - INFO - Device: cpu
2024-09-15 17:22:16,831 - __main__ - INFO - Connected to MQTT broker at 103.245.38.40:1883
2024-09-15 17:22:16,831 - __main__ - INFO - Starting main function.
2024-09-15 17:22:16,914 - __main__ - INFO - Loading model from ./yolov3-tinyu.pt
2024-09-15 17:22:17,010 - __main__ - INFO - Labels loaded: ['person', 'bicycle', 'car', 'motorcycle', 'airplane', 'bus', 'train', 'truck', 'boat']
2024-09-15 17:22:17,081 - __main__ - DEBUG - Getting detections from the frame.
2024-09-15 17:22:27,618 - __main__ - DEBUG - Processing bounding boxes.
2024-09-15 17:22:27,618 - __main__ - DEBUG - Lines drawn on the frame.
2024-09-15 17:22:27,622 - __main__ - INFO - Published data to MQTT: {'going_down': 0, 'going_up': 0}
2024-09-15 17:22:27,629 - __main__ - DEBUG - Counters drawn: Going Down=0, Going Up=0
2024-09-15 17:22:27,639 - __main__ - DEBUG - FPS drawn: 0.09
2024-09-15 17:22:28,061 - __main__ - DEBUG - Getting detections from the frame.
2024-09-15 17:22:28,731 - __main__ - DEBUG - Processing bounding boxes.
2024-09-15 17:22:28,731 - __main__ - DEBUG - Lines drawn on the frame.
2024-09-15 17:22:28,731 - __main__ - INFO - Published data to MQTT: {'going_down': 0, 'going_up': 0}
2024-09-15 17:22:28,731 - __main__ - DEBUG - Counters drawn: Going Down=0, Going Up=0
2024-09-15 17:22:28,731 - __main__ - DEBUG - FPS drawn: 0.17
2024-09-15 17:22:28,841 - __main__ - DEBUG - Getting detections from the frame.
2024-09-15 17:22:29,463 - __main__ - DEBUG - Processing bounding boxes.
2024-09-15 17:22:29,463 - __main__ - DEBUG - Lines drawn on the frame.
2024-09-15 17:22:29,463 - __main__ - INFO - Published data to MQTT: {'going_down': 0, 'going_up': 0}
2024-09-15 17:22:29,463 - __main__ - DEBUG - Counters drawn: Going Down=0, Going Up=0
2024-09-15 17:22:29,486 - __main__ - DEBUG - FPS drawn: 0.24
2024-09-15 17:22:29,601 - __main__ - DEBUG - Getting detections from the frame.
2024-09-15 17:22:30,231 - __main__ - DEBUG - Processing bounding boxes.
2024-09-15 17:22:30,231 - __main__ - DEBUG - Lines drawn on the frame.
2024-09-15 17:22:30,231 - __main__ - INFO - Published data to MQTT: {'going_down': 0, 'going_up': 0}
2024-09-15 17:22:30,231 - __main__ - DEBUG - Counters drawn: Going Down=0, Going Up=0
2024-09-15 17:22:30,231 - __main__ - DEBUG - FPS drawn: 0.30
2024-09-15 17:22:30,302 - __main__ - DEBUG - Getting detections from the frame.
2024-09-15 17:22:30,935 - __main__ - DEBUG - Processing bounding boxes.
2024-09-15 17:22:30,935 - __main__ - DEBUG - Lines drawn on the frame.
2024-09-15 17:22:30,935 - __main__ - INFO - Published data to MQTT: {'going_down': 0, 'going_up': 0}
2024-09-15 17:22:30,949 - __main__ - DEBUG - Counters drawn: Going Down=0, Going Up=0
2024-09-15 17:22:30,949 - __main__ - DEBUG - FPS drawn: 0.36
2024-09-15 17:22:31,042 - __main__ - DEBUG - Getting detections from the frame.
2024-09-15 17:22:31,746 - __main__ - DEBUG - Processing bounding boxes.
2024-09-15 17:22:31,748 - __main__ - DEBUG - Lines drawn on the frame.
2024-09-15 17:22:31,748 - __main__ - INFO - Published data to MQTT: {'going_down': 0, 'going_up': 0}
2024-09-15 17:22:31,748 - __main__ - DEBUG - Counters drawn: Going Down=0, Going Up=0
2024-09-15 17:22:31,748 - __main__ - DEBUG - FPS drawn: 0.40
2024-09-15 17:22:31,847 - __main__ - DEBUG - Getting detections from the frame.
2024-09-15 17:22:32,523 - __main__ - DEBUG - Processing bounding boxes.
2024-09-15 17:22:32,523 - __main__ - DEBUG - Lines drawn on the frame.
2024-09-15 17:22:32,523 - __main__ - INFO - Published data to MQTT: {'going_down': 0, 'going_up': 0}
2024-09-15 17:22:32,523 - __main__ - DEBUG - Counters drawn: Going Down=0, Going Up=0
2024-09-15 17:22:32,523 - __main__ - DEBUG - FPS drawn: 0.45
2024-09-15 17:22:32,630 - __main__ - DEBUG - Getting detections from the frame.
2024-09-15 17:22:33,260 - __main__ - DEBUG - Processing bounding boxes.
2024-09-15 17:22:33,267 - __main__ - DEBUG - Lines drawn on the frame.
2024-09-15 17:22:33,267 - __main__ - INFO - Published data to MQTT: {'going_down': 0, 'going_up': 0}
2024-09-15 17:22:33,278 - __main__ - DEBUG - Counters drawn: Going Down=0, Going Up=0
2024-09-15 17:22:33,280 - __main__ - DEBUG - FPS drawn: 0.49
2024-09-15 17:22:33,308 - __main__ - DEBUG - Getting detections from the frame.
2024-09-15 17:22:33,970 - __main__ - DEBUG - Processing bounding boxes.
2024-09-15 17:22:33,970 - __main__ - DEBUG - Lines drawn on the frame.
2024-09-15 17:22:33,970 - __main__ - INFO - Published data to MQTT: {'going_down': 0, 'going_up': 0}
2024-09-15 17:22:33,970 - __main__ - DEBUG - Counters drawn: Going Down=0, Going Up=0
2024-09-15 17:22:33,970 - __main__ - DEBUG - FPS drawn: 0.53
2024-09-15 17:22:34,057 - __main__ - DEBUG - Getting detections from the frame.
2024-09-15 17:22:34,693 - __main__ - DEBUG - Processing bounding boxes.
2024-09-15 17:22:34,693 - __main__ - DEBUG - Lines drawn on the frame.
2024-09-15 17:22:34,693 - __main__ - INFO - Published data to MQTT: {'going_down': 0, 'going_up': 0}
2024-09-15 17:22:34,693 - __main__ - DEBUG - Counters drawn: Going Down=0, Going Up=0
2024-09-15 17:22:34,693 - __main__ - DEBUG - FPS drawn: 0.56
2024-09-15 17:22:34,750 - __main__ - DEBUG - Getting detections from the frame.
2024-09-15 17:22:35,440 - __main__ - DEBUG - Processing bounding boxes.
2024-09-15 17:22:35,442 - __main__ - DEBUG - Lines drawn on the frame.
2024-09-15 17:22:35,443 - __main__ - INFO - Published data to MQTT: {'going_down': 0, 'going_up': 0}
2024-09-15 17:22:35,444 - __main__ - DEBUG - Counters drawn: Going Down=0, Going Up=0
2024-09-15 17:22:35,445 - __main__ - DEBUG - FPS drawn: 0.59
2024-09-15 17:22:35,495 - __main__ - DEBUG - Getting detections from the frame.
2024-09-15 17:22:36,158 - __main__ - DEBUG - Processing bounding boxes.
2024-09-15 17:22:36,158 - __main__ - DEBUG - Lines drawn on the frame.
2024-09-15 17:22:36,158 - __main__ - INFO - Published data to MQTT: {'going_down': 0, 'going_up': 0}
2024-09-15 17:22:36,158 - __main__ - DEBUG - Counters drawn: Going Down=0, Going Up=0
2024-09-15 17:22:36,158 - __main__ - DEBUG - FPS drawn: 0.62
2024-09-15 17:22:36,176 - __main__ - DEBUG - Getting detections from the frame.
2024-09-15 17:22:36,800 - __main__ - DEBUG - Processing bounding boxes.
2024-09-15 17:22:36,800 - __main__ - DEBUG - Lines drawn on the frame.
2024-09-15 17:22:36,800 - __main__ - INFO - Published data to MQTT: {'going_down': 0, 'going_up': 0}
2024-09-15 17:22:36,800 - __main__ - DEBUG - Counters drawn: Going Down=0, Going Up=0
2024-09-15 17:22:36,800 - __main__ - DEBUG - FPS drawn: 0.65
2024-09-15 17:22:36,917 - __main__ - DEBUG - Getting detections from the frame.
2024-09-15 17:22:37,549 - __main__ - DEBUG - Processing bounding boxes.
2024-09-15 17:22:37,549 - __main__ - DEBUG - Lines drawn on the frame.
2024-09-15 17:22:37,565 - __main__ - INFO - Published data to MQTT: {'going_down': 0, 'going_up': 0}
2024-09-15 17:22:37,565 - __main__ - DEBUG - Counters drawn: Going Down=0, Going Up=0
2024-09-15 17:22:37,565 - __main__ - DEBUG - FPS drawn: 0.68
2024-09-15 17:22:37,665 - __main__ - DEBUG - Getting detections from the frame.
2024-09-15 17:22:38,300 - __main__ - DEBUG - Processing bounding boxes.
2024-09-15 17:22:38,300 - __main__ - DEBUG - Lines drawn on the frame.
2024-09-15 17:22:38,300 - __main__ - INFO - Published data to MQTT: {'going_down': 0, 'going_up': 0}
2024-09-15 17:22:38,300 - __main__ - DEBUG - Counters drawn: Going Down=0, Going Up=0
2024-09-15 17:22:38,300 - __main__ - DEBUG - FPS drawn: 0.70
2024-09-15 17:22:38,318 - __main__ - DEBUG - Getting detections from the frame.
2024-09-15 17:22:38,956 - __main__ - DEBUG - Processing bounding boxes.
2024-09-15 17:22:38,956 - __main__ - DEBUG - Lines drawn on the frame.
2024-09-15 17:22:38,956 - __main__ - INFO - Published data to MQTT: {'going_down': 0, 'going_up': 0}
2024-09-15 17:22:38,956 - __main__ - DEBUG - Counters drawn: Going Down=0, Going Up=0
2024-09-15 17:22:38,956 - __main__ - DEBUG - FPS drawn: 0.73
2024-09-15 17:22:38,972 - __main__ - DEBUG - Getting detections from the frame.
2024-09-15 17:22:39,630 - __main__ - DEBUG - Processing bounding boxes.
2024-09-15 17:22:39,630 - __main__ - DEBUG - Lines drawn on the frame.
2024-09-15 17:22:39,630 - __main__ - INFO - Published data to MQTT: {'going_down': 0, 'going_up': 0}
2024-09-15 17:22:39,630 - __main__ - DEBUG - Counters drawn: Going Down=0, Going Up=0
2024-09-15 17:22:39,646 - __main__ - DEBUG - FPS drawn: 0.75
2024-09-15 17:22:39,703 - __main__ - DEBUG - Getting detections from the frame.
2024-09-15 17:22:40,366 - __main__ - DEBUG - Processing bounding boxes.
2024-09-15 17:22:40,366 - __main__ - DEBUG - Lines drawn on the frame.
2024-09-15 17:22:40,366 - __main__ - INFO - Published data to MQTT: {'going_down': 0, 'going_up': 0}
2024-09-15 17:22:40,366 - __main__ - DEBUG - Counters drawn: Going Down=0, Going Up=0
2024-09-15 17:22:40,366 - __main__ - DEBUG - FPS drawn: 0.77
2024-09-15 17:22:40,450 - __main__ - DEBUG - Getting detections from the frame.
2024-09-15 17:22:41,143 - __main__ - DEBUG - Processing bounding boxes.
2024-09-15 17:22:41,144 - __main__ - DEBUG - Lines drawn on the frame.
2024-09-15 17:22:41,145 - __main__ - INFO - Published data to MQTT: {'going_down': 0, 'going_up': 0}
2024-09-15 17:22:41,146 - __main__ - DEBUG - Counters drawn: Going Down=0, Going Up=0
2024-09-15 17:22:41,146 - __main__ - DEBUG - FPS drawn: 0.78
2024-09-15 17:22:41,199 - __main__ - DEBUG - Getting detections from the frame.
2024-09-15 17:22:41,884 - __main__ - DEBUG - Processing bounding boxes.
2024-09-15 17:22:41,884 - __main__ - DEBUG - Lines drawn on the frame.
2024-09-15 17:22:41,884 - __main__ - INFO - Published data to MQTT: {'going_down': 0, 'going_up': 0}
2024-09-15 17:22:41,884 - __main__ - DEBUG - Counters drawn: Going Down=0, Going Up=0
2024-09-15 17:22:41,884 - __main__ - DEBUG - FPS drawn: 0.80
2024-09-15 17:22:42,181 - __main__ - DEBUG - Getting detections from the frame.
2024-09-15 17:22:42,821 - __main__ - DEBUG - Processing bounding boxes.
2024-09-15 17:22:42,821 - __main__ - DEBUG - Lines drawn on the frame.
2024-09-15 17:22:42,821 - __main__ - INFO - Published data to MQTT: {'going_down': 0, 'going_up': 0}
2024-09-15 17:22:42,821 - __main__ - DEBUG - Counters drawn: Going Down=0, Going Up=0
2024-09-15 17:22:42,845 - __main__ - DEBUG - FPS drawn: 0.81
2024-09-15 17:22:42,897 - __main__ - DEBUG - Getting detections from the frame.
2024-09-15 17:22:43,558 - __main__ - DEBUG - Processing bounding boxes.
2024-09-15 17:22:43,559 - __main__ - DEBUG - Lines drawn on the frame.
2024-09-15 17:22:43,561 - __main__ - INFO - Published data to MQTT: {'going_down': 0, 'going_up': 0}
2024-09-15 17:22:43,561 - __main__ - DEBUG - Counters drawn: Going Down=0, Going Up=0
2024-09-15 17:22:43,562 - __main__ - DEBUG - FPS drawn: 0.83
2024-09-15 17:22:43,653 - __main__ - DEBUG - Getting detections from the frame.
2024-09-15 17:22:44,290 - __main__ - DEBUG - Processing bounding boxes.
2024-09-15 17:22:44,290 - __main__ - DEBUG - Lines drawn on the frame.
2024-09-15 17:22:44,290 - __main__ - INFO - Published data to MQTT: {'going_down': 0, 'going_up': 0}
2024-09-15 17:22:44,290 - __main__ - DEBUG - Counters drawn: Going Down=0, Going Up=0
2024-09-15 17:22:44,290 - __main__ - DEBUG - FPS drawn: 0.84
2024-09-15 17:22:44,364 - __main__ - DEBUG - Getting detections from the frame.
2024-09-15 17:22:45,015 - __main__ - DEBUG - Processing bounding boxes.
2024-09-15 17:22:45,015 - __main__ - DEBUG - Lines drawn on the frame.
2024-09-15 17:22:45,031 - __main__ - INFO - Published data to MQTT: {'going_down': 0, 'going_up': 0}
2024-09-15 17:22:45,031 - __main__ - DEBUG - Counters drawn: Going Down=0, Going Up=0
2024-09-15 17:22:45,031 - __main__ - DEBUG - FPS drawn: 0.85
2024-09-15 17:22:45,107 - __main__ - DEBUG - Getting detections from the frame.
2024-09-15 17:22:45,745 - __main__ - DEBUG - Processing bounding boxes.
2024-09-15 17:22:45,745 - __main__ - DEBUG - Lines drawn on the frame.
2024-09-15 17:22:45,745 - __main__ - INFO - Published data to MQTT: {'going_down': 0, 'going_up': 0}
2024-09-15 17:22:45,761 - __main__ - DEBUG - Counters drawn: Going Down=0, Going Up=0
2024-09-15 17:22:45,761 - __main__ - DEBUG - FPS drawn: 0.87
2024-09-15 17:22:45,818 - __main__ - DEBUG - Getting detections from the frame.
2024-09-15 17:22:46,509 - __main__ - DEBUG - Processing bounding boxes.
2024-09-15 17:22:46,509 - __main__ - DEBUG - Lines drawn on the frame.
2024-09-15 17:22:46,524 - __main__ - INFO - Published data to MQTT: {'going_down': 0, 'going_up': 0}
2024-09-15 17:22:46,524 - __main__ - DEBUG - Counters drawn: Going Down=0, Going Up=0
2024-09-15 17:22:46,528 - __main__ - DEBUG - FPS drawn: 0.88
2024-09-15 17:22:46,633 - __main__ - DEBUG - Getting detections from the frame.
2024-09-15 17:22:47,235 - __main__ - DEBUG - Processing bounding boxes.
2024-09-15 17:22:47,235 - __main__ - DEBUG - Lines drawn on the frame.
2024-09-15 17:22:47,235 - __main__ - INFO - Published data to MQTT: {'going_down': 0, 'going_up': 0}
2024-09-15 17:22:47,251 - __main__ - DEBUG - Counters drawn: Going Down=0, Going Up=0
2024-09-15 17:22:47,261 - __main__ - DEBUG - FPS drawn: 0.89
2024-09-15 17:22:47,348 - __main__ - DEBUG - Getting detections from the frame.
2024-09-15 17:22:47,978 - __main__ - DEBUG - Processing bounding boxes.
2024-09-15 17:22:47,978 - __main__ - DEBUG - Lines drawn on the frame.
2024-09-15 17:22:47,978 - __main__ - INFO - Published data to MQTT: {'going_down': 0, 'going_up': 0}
2024-09-15 17:22:47,978 - __main__ - DEBUG - Counters drawn: Going Down=0, Going Up=0
2024-09-15 17:22:47,978 - __main__ - DEBUG - FPS drawn: 0.90
2024-09-15 17:22:48,063 - __main__ - DEBUG - Getting detections from the frame.
2024-09-15 17:22:48,695 - __main__ - DEBUG - Processing bounding boxes.
2024-09-15 17:22:48,695 - __main__ - DEBUG - Lines drawn on the frame.
2024-09-15 17:22:48,695 - __main__ - INFO - Published data to MQTT: {'going_down': 0, 'going_up': 0}
2024-09-15 17:22:48,695 - __main__ - DEBUG - Counters drawn: Going Down=0, Going Up=0
2024-09-15 17:22:48,695 - __main__ - DEBUG - FPS drawn: 0.91
2024-09-15 17:22:49,118 - __main__ - DEBUG - Getting detections from the frame.
2024-09-15 17:22:49,852 - __main__ - DEBUG - Processing bounding boxes.
2024-09-15 17:22:49,852 - __main__ - DEBUG - Lines drawn on the frame.
2024-09-15 17:22:49,868 - __main__ - INFO - Published data to MQTT: {'going_down': 0, 'going_up': 0}
2024-09-15 17:22:49,868 - __main__ - DEBUG - Counters drawn: Going Down=0, Going Up=0
2024-09-15 17:22:49,868 - __main__ - DEBUG - FPS drawn: 0.91
2024-09-15 17:22:49,881 - __main__ - DEBUG - Getting detections from the frame.
2024-09-15 17:22:50,511 - __main__ - DEBUG - Processing bounding boxes.
2024-09-15 17:22:50,511 - __main__ - DEBUG - Lines drawn on the frame.
2024-09-15 17:22:50,511 - __main__ - INFO - Published data to MQTT: {'going_down': 0, 'going_up': 0}
2024-09-15 17:22:50,527 - __main__ - DEBUG - Counters drawn: Going Down=0, Going Up=0
2024-09-15 17:22:50,528 - __main__ - DEBUG - FPS drawn: 0.92
2024-09-15 17:22:50,542 - __main__ - DEBUG - Getting detections from the frame.
2024-09-15 17:22:50,549 - __main__ - INFO - End of video stream reached. Stopping video.
2024-09-15 17:22:50,883 - __main__ - DEBUG - Processing bounding boxes.
2024-09-15 17:22:50,883 - __main__ - DEBUG - Lines drawn on the frame.
2024-09-15 17:22:50,883 - __main__ - INFO - Published data to MQTT: {'going_down': 0, 'going_up': 0}
2024-09-15 17:22:50,883 - __main__ - DEBUG - Counters drawn: Going Down=0, Going Up=0
2024-09-15 17:22:50,883 - __main__ - DEBUG - FPS drawn: 0.94
2024-09-15 17:22:50,883 - __main__ - ERROR - Error reading frame, exiting.
2024-09-15 17:22:50,899 - __main__ - INFO - Video stream released.
2024-09-15 17:22:51,023 - __main__ - INFO - Published data to MQTT: {'going_down': 0, 'going_up': 0}
