2024-09-15 18:14:08,765 - __main__ - INFO - Device: cpu
2024-09-15 18:14:08,822 - __main__ - INFO - Connected to MQTT broker at 103.245.38.40:1883
2024-09-15 18:14:08,826 - __main__ - INFO - Starting main function.
2024-09-15 18:14:08,906 - __main__ - INFO - Loading model from ./yolov3-tinyu.pt
2024-09-15 18:14:09,020 - __main__ - INFO - Labels loaded: ['person', 'bicycle', 'car', 'motorcycle', 'airplane', 'bus', 'train', 'truck', 'boat']
2024-09-15 18:14:09,048 - __main__ - DEBUG - Getting detections from the frame.
2024-09-15 18:14:20,875 - __main__ - DEBUG - Processing bounding boxes.
2024-09-15 18:14:20,877 - __main__ - DEBUG - Marked object 0 at (385, 263)
2024-09-15 18:14:20,877 - __main__ - DEBUG - Marked object 0 at (385, 263)
2024-09-15 18:14:20,879 - __main__ - DEBUG - Marked object 1 at (437, 281)
2024-09-15 18:14:20,880 - __main__ - DEBUG - Marked object 1 at (437, 281)
2024-09-15 18:14:20,881 - __main__ - DEBUG - Marked object 2 at (422, 320)
2024-09-15 18:14:20,881 - __main__ - DEBUG - Marked object 2 at (422, 320)
2024-09-15 18:14:20,883 - __main__ - DEBUG - Lines drawn on the frame.
2024-09-15 18:14:20,884 - __main__ - INFO - Published data to MQTT: {'going_down': 3, 'going_up': 3}
2024-09-15 18:14:20,885 - __main__ - DEBUG - Counters drawn: Going Down=3, Going Up=3
2024-09-15 18:14:20,888 - __main__ - DEBUG - FPS drawn: 0.08
2024-09-15 18:14:20,974 - __main__ - DEBUG - Getting detections from the frame.
2024-09-15 18:14:22,138 - __main__ - DEBUG - Processing bounding boxes.
2024-09-15 18:14:22,149 - __main__ - DEBUG - Marked object 3 at (406, 295)
2024-09-15 18:14:22,151 - __main__ - DEBUG - Marked object 3 at (406, 295)
2024-09-15 18:14:22,153 - __main__ - DEBUG - Lines drawn on the frame.
2024-09-15 18:14:22,157 - __main__ - INFO - Published data to MQTT: {'going_down': 4, 'going_up': 4}
2024-09-15 18:14:22,165 - __main__ - DEBUG - Counters drawn: Going Down=4, Going Up=4
2024-09-15 18:14:22,167 - __main__ - DEBUG - FPS drawn: 0.15
2024-09-15 18:14:22,200 - __main__ - DEBUG - Getting detections from the frame.
2024-09-15 18:14:23,004 - __main__ - DEBUG - Processing bounding boxes.
2024-09-15 18:14:23,005 - __main__ - DEBUG - Marked object 4 at (467, 375)
2024-09-15 18:14:23,006 - __main__ - DEBUG - Marked object 4 at (467, 375)
2024-09-15 18:14:23,006 - __main__ - DEBUG - Lines drawn on the frame.
2024-09-15 18:14:23,009 - __main__ - INFO - Published data to MQTT: {'going_down': 5, 'going_up': 5}
2024-09-15 18:14:23,010 - __main__ - DEBUG - Counters drawn: Going Down=5, Going Up=5
2024-09-15 18:14:23,024 - __main__ - DEBUG - FPS drawn: 0.21
2024-09-15 18:14:23,046 - __main__ - DEBUG - Getting detections from the frame.
2024-09-15 18:14:23,771 - __main__ - DEBUG - Processing bounding boxes.
2024-09-15 18:14:23,771 - __main__ - DEBUG - Marked object 5 at (381, 262)
2024-09-15 18:14:23,771 - __main__ - DEBUG - Marked object 5 at (381, 262)
2024-09-15 18:14:23,779 - __main__ - DEBUG - Lines drawn on the frame.
2024-09-15 18:14:23,783 - __main__ - INFO - Published data to MQTT: {'going_down': 6, 'going_up': 6}
2024-09-15 18:14:23,788 - __main__ - DEBUG - Counters drawn: Going Down=6, Going Up=6
2024-09-15 18:14:23,789 - __main__ - DEBUG - FPS drawn: 0.27
2024-09-15 18:14:23,823 - __main__ - DEBUG - Getting detections from the frame.
2024-09-15 18:14:24,792 - __main__ - DEBUG - Processing bounding boxes.
2024-09-15 18:14:24,792 - __main__ - DEBUG - Marked object 6 at (162, 346)
2024-09-15 18:14:24,792 - __main__ - DEBUG - Marked object 6 at (162, 346)
2024-09-15 18:14:24,804 - __main__ - DEBUG - Marked object 8 at (416, 295)
2024-09-15 18:14:24,806 - __main__ - DEBUG - Marked object 8 at (416, 295)
2024-09-15 18:14:24,808 - __main__ - DEBUG - Lines drawn on the frame.
2024-09-15 18:14:24,813 - __main__ - INFO - Published data to MQTT: {'going_down': 8, 'going_up': 8}
2024-09-15 18:14:24,820 - __main__ - DEBUG - Counters drawn: Going Down=8, Going Up=8
2024-09-15 18:14:24,822 - __main__ - DEBUG - FPS drawn: 0.31
2024-09-15 18:14:24,847 - __main__ - DEBUG - Getting detections from the frame.
2024-09-15 18:14:25,705 - __main__ - DEBUG - Processing bounding boxes.
2024-09-15 18:14:25,706 - __main__ - DEBUG - Marked object 9 at (251, 266)
2024-09-15 18:14:25,709 - __main__ - DEBUG - Marked object 9 at (251, 266)
2024-09-15 18:14:25,711 - __main__ - DEBUG - Marked object 10 at (382, 265)
2024-09-15 18:14:25,712 - __main__ - DEBUG - Marked object 10 at (382, 265)
2024-09-15 18:14:25,713 - __main__ - DEBUG - Lines drawn on the frame.
2024-09-15 18:14:25,715 - __main__ - INFO - Published data to MQTT: {'going_down': 10, 'going_up': 10}
2024-09-15 18:14:25,719 - __main__ - DEBUG - Counters drawn: Going Down=10, Going Up=10
2024-09-15 18:14:25,720 - __main__ - DEBUG - FPS drawn: 0.36
2024-09-15 18:14:25,762 - __main__ - DEBUG - Getting detections from the frame.
2024-09-15 18:14:26,615 - __main__ - DEBUG - Processing bounding boxes.
2024-09-15 18:14:26,615 - __main__ - DEBUG - Marked object 12 at (404, 297)
2024-09-15 18:14:26,615 - __main__ - DEBUG - Marked object 12 at (404, 297)
2024-09-15 18:14:26,615 - __main__ - DEBUG - Lines drawn on the frame.
2024-09-15 18:14:26,628 - __main__ - INFO - Published data to MQTT: {'going_down': 11, 'going_up': 11}
2024-09-15 18:14:26,630 - __main__ - DEBUG - Counters drawn: Going Down=11, Going Up=11
2024-09-15 18:14:26,631 - __main__ - DEBUG - FPS drawn: 0.39
2024-09-15 18:14:26,672 - __main__ - DEBUG - Getting detections from the frame.
2024-09-15 18:14:27,729 - __main__ - DEBUG - Processing bounding boxes.
2024-09-15 18:14:27,729 - __main__ - DEBUG - Marked object 13 at (459, 369)
2024-09-15 18:14:27,729 - __main__ - DEBUG - Marked object 13 at (459, 369)
2024-09-15 18:14:27,729 - __main__ - DEBUG - Lines drawn on the frame.
2024-09-15 18:14:27,729 - __main__ - INFO - Published data to MQTT: {'going_down': 12, 'going_up': 12}
2024-09-15 18:14:27,729 - __main__ - DEBUG - Counters drawn: Going Down=12, Going Up=12
2024-09-15 18:14:27,729 - __main__ - DEBUG - FPS drawn: 0.42
2024-09-15 18:14:27,779 - __main__ - DEBUG - Getting detections from the frame.
2024-09-15 18:14:28,499 - __main__ - DEBUG - Processing bounding boxes.
2024-09-15 18:14:28,499 - __main__ - DEBUG - Lines drawn on the frame.
2024-09-15 18:14:28,499 - __main__ - INFO - Published data to MQTT: {'going_down': 12, 'going_up': 12}
2024-09-15 18:14:28,499 - __main__ - DEBUG - Counters drawn: Going Down=12, Going Up=12
2024-09-15 18:14:28,515 - __main__ - DEBUG - FPS drawn: 0.46
2024-09-15 18:14:28,547 - __main__ - DEBUG - Getting detections from the frame.
2024-09-15 18:14:29,184 - __main__ - DEBUG - Processing bounding boxes.
2024-09-15 18:14:29,184 - __main__ - DEBUG - Lines drawn on the frame.
2024-09-15 18:14:29,184 - __main__ - INFO - Published data to MQTT: {'going_down': 12, 'going_up': 12}
2024-09-15 18:14:29,184 - __main__ - DEBUG - Counters drawn: Going Down=12, Going Up=12
2024-09-15 18:14:29,184 - __main__ - DEBUG - FPS drawn: 0.49
2024-09-15 18:14:29,226 - __main__ - DEBUG - Getting detections from the frame.
2024-09-15 18:14:29,873 - __main__ - DEBUG - Processing bounding boxes.
2024-09-15 18:14:29,873 - __main__ - DEBUG - Lines drawn on the frame.
2024-09-15 18:14:29,881 - __main__ - INFO - Published data to MQTT: {'going_down': 12, 'going_up': 12}
2024-09-15 18:14:29,891 - __main__ - DEBUG - Counters drawn: Going Down=12, Going Up=12
2024-09-15 18:14:29,902 - __main__ - DEBUG - FPS drawn: 0.52
2024-09-15 18:14:29,941 - __main__ - DEBUG - Getting detections from the frame.
2024-09-15 18:14:30,640 - __main__ - DEBUG - Processing bounding boxes.
2024-09-15 18:14:30,640 - __main__ - DEBUG - Marked object 14 at (418, 277)
2024-09-15 18:14:30,640 - __main__ - DEBUG - Marked object 14 at (418, 277)
2024-09-15 18:14:30,640 - __main__ - DEBUG - Lines drawn on the frame.
2024-09-15 18:14:30,640 - __main__ - INFO - Published data to MQTT: {'going_down': 13, 'going_up': 13}
2024-09-15 18:14:30,640 - __main__ - DEBUG - Counters drawn: Going Down=13, Going Up=13
2024-09-15 18:14:30,640 - __main__ - DEBUG - FPS drawn: 0.55
2024-09-15 18:14:30,659 - __main__ - DEBUG - Getting detections from the frame.
2024-09-15 18:14:31,916 - __main__ - DEBUG - Processing bounding boxes.
2024-09-15 18:14:31,916 - __main__ - DEBUG - Marked object 16 at (519, 367)
2024-09-15 18:14:31,916 - __main__ - DEBUG - Marked object 16 at (519, 367)
2024-09-15 18:14:31,916 - __main__ - DEBUG - Lines drawn on the frame.
2024-09-15 18:14:31,916 - __main__ - INFO - Published data to MQTT: {'going_down': 14, 'going_up': 14}
2024-09-15 18:14:31,916 - __main__ - DEBUG - Counters drawn: Going Down=14, Going Up=14
2024-09-15 18:14:31,916 - __main__ - DEBUG - FPS drawn: 0.56
2024-09-15 18:14:31,931 - __main__ - DEBUG - Getting detections from the frame.
2024-09-15 18:14:32,605 - __main__ - DEBUG - Processing bounding boxes.
2024-09-15 18:14:32,605 - __main__ - DEBUG - Lines drawn on the frame.
2024-09-15 18:14:32,605 - __main__ - INFO - Published data to MQTT: {'going_down': 14, 'going_up': 14}
2024-09-15 18:14:32,605 - __main__ - DEBUG - Counters drawn: Going Down=14, Going Up=14
2024-09-15 18:14:32,605 - __main__ - DEBUG - FPS drawn: 0.59
2024-09-15 18:14:32,635 - __main__ - DEBUG - Getting detections from the frame.
2024-09-15 18:14:33,323 - __main__ - DEBUG - Processing bounding boxes.
2024-09-15 18:14:33,323 - __main__ - DEBUG - Lines drawn on the frame.
2024-09-15 18:14:33,323 - __main__ - INFO - Published data to MQTT: {'going_down': 14, 'going_up': 14}
2024-09-15 18:14:33,323 - __main__ - DEBUG - Counters drawn: Going Down=14, Going Up=14
2024-09-15 18:14:33,323 - __main__ - DEBUG - FPS drawn: 0.61
2024-09-15 18:14:33,374 - __main__ - DEBUG - Getting detections from the frame.
2024-09-15 18:14:34,029 - __main__ - DEBUG - Processing bounding boxes.
2024-09-15 18:14:34,029 - __main__ - DEBUG - Marked object 17 at (389, 287)
2024-09-15 18:14:34,039 - __main__ - DEBUG - Marked object 17 at (389, 287)
2024-09-15 18:14:34,040 - __main__ - DEBUG - Lines drawn on the frame.
2024-09-15 18:14:34,057 - __main__ - INFO - Published data to MQTT: {'going_down': 15, 'going_up': 15}
2024-09-15 18:14:34,060 - __main__ - DEBUG - Counters drawn: Going Down=15, Going Up=15
2024-09-15 18:14:34,060 - __main__ - DEBUG - FPS drawn: 0.64
2024-09-15 18:14:34,110 - __main__ - DEBUG - Getting detections from the frame.
2024-09-15 18:14:35,030 - __main__ - DEBUG - Processing bounding boxes.
2024-09-15 18:14:35,030 - __main__ - DEBUG - Marked object 18 at (415, 320)
2024-09-15 18:14:35,030 - __main__ - DEBUG - Marked object 18 at (415, 320)
2024-09-15 18:14:35,030 - __main__ - DEBUG - Lines drawn on the frame.
2024-09-15 18:14:35,030 - __main__ - INFO - Published data to MQTT: {'going_down': 16, 'going_up': 16}
2024-09-15 18:14:35,030 - __main__ - DEBUG - Counters drawn: Going Down=16, Going Up=16
2024-09-15 18:14:35,030 - __main__ - DEBUG - FPS drawn: 0.65
2024-09-15 18:14:35,066 - __main__ - DEBUG - Getting detections from the frame.
2024-09-15 18:14:36,001 - __main__ - DEBUG - Processing bounding boxes.
2024-09-15 18:14:36,001 - __main__ - DEBUG - Marked object 19 at (447, 360)
2024-09-15 18:14:36,001 - __main__ - DEBUG - Marked object 19 at (447, 360)
2024-09-15 18:14:36,008 - __main__ - DEBUG - Lines drawn on the frame.
2024-09-15 18:14:36,010 - __main__ - INFO - Published data to MQTT: {'going_down': 17, 'going_up': 17}
2024-09-15 18:14:36,010 - __main__ - DEBUG - Counters drawn: Going Down=17, Going Up=17
2024-09-15 18:14:36,011 - __main__ - DEBUG - FPS drawn: 0.66
2024-09-15 18:14:36,058 - __main__ - DEBUG - Getting detections from the frame.
2024-09-15 18:14:36,898 - __main__ - DEBUG - Processing bounding boxes.
2024-09-15 18:14:36,914 - __main__ - DEBUG - Lines drawn on the frame.
2024-09-15 18:14:36,914 - __main__ - INFO - Published data to MQTT: {'going_down': 17, 'going_up': 17}
2024-09-15 18:14:36,914 - __main__ - DEBUG - Counters drawn: Going Down=17, Going Up=17
2024-09-15 18:14:36,914 - __main__ - DEBUG - FPS drawn: 0.68
2024-09-15 18:14:36,973 - __main__ - DEBUG - Getting detections from the frame.
2024-09-15 18:14:37,788 - __main__ - DEBUG - Processing bounding boxes.
2024-09-15 18:14:37,788 - __main__ - DEBUG - Marked object 21 at (284, 293)
2024-09-15 18:14:37,788 - __main__ - DEBUG - Marked object 21 at (284, 293)
2024-09-15 18:14:37,788 - __main__ - DEBUG - Lines drawn on the frame.
2024-09-15 18:14:37,788 - __main__ - INFO - Published data to MQTT: {'going_down': 18, 'going_up': 18}
2024-09-15 18:14:37,788 - __main__ - DEBUG - Counters drawn: Going Down=18, Going Up=18
2024-09-15 18:14:37,797 - __main__ - DEBUG - FPS drawn: 0.69
2024-09-15 18:14:37,816 - __main__ - DEBUG - Getting detections from the frame.
2024-09-15 18:14:38,646 - __main__ - DEBUG - Processing bounding boxes.
2024-09-15 18:14:38,646 - __main__ - DEBUG - Marked object 24 at (276, 360)
2024-09-15 18:14:38,646 - __main__ - DEBUG - Marked object 24 at (276, 360)
2024-09-15 18:14:38,646 - __main__ - DEBUG - Marked object 25 at (239, 287)
2024-09-15 18:14:38,659 - __main__ - DEBUG - Marked object 25 at (239, 287)
2024-09-15 18:14:38,660 - __main__ - DEBUG - Lines drawn on the frame.
2024-09-15 18:14:38,660 - __main__ - INFO - Published data to MQTT: {'going_down': 20, 'going_up': 20}
2024-09-15 18:14:38,661 - __main__ - DEBUG - Counters drawn: Going Down=20, Going Up=20
2024-09-15 18:14:38,663 - __main__ - DEBUG - FPS drawn: 0.71
2024-09-15 18:14:38,716 - __main__ - DEBUG - Getting detections from the frame.
2024-09-15 18:14:39,402 - __main__ - DEBUG - Processing bounding boxes.
2024-09-15 18:14:39,402 - __main__ - DEBUG - Marked object 25 at (251, 278)
2024-09-15 18:14:39,416 - __main__ - DEBUG - Marked object 25 at (251, 278)
2024-09-15 18:14:39,423 - __main__ - DEBUG - Marked object 26 at (309, 266)
2024-09-15 18:14:39,423 - __main__ - DEBUG - Marked object 26 at (309, 266)
2024-09-15 18:14:39,423 - __main__ - DEBUG - Lines drawn on the frame.
2024-09-15 18:14:39,428 - __main__ - INFO - Published data to MQTT: {'going_down': 21, 'going_up': 21}
2024-09-15 18:14:39,429 - __main__ - DEBUG - Counters drawn: Going Down=21, Going Up=21
2024-09-15 18:14:39,431 - __main__ - DEBUG - FPS drawn: 0.72
2024-09-15 18:14:39,469 - __main__ - DEBUG - Getting detections from the frame.
2024-09-15 18:14:40,117 - __main__ - DEBUG - Processing bounding boxes.
2024-09-15 18:14:40,117 - __main__ - DEBUG - Marked object 27 at (255, 306)
2024-09-15 18:14:40,117 - __main__ - DEBUG - Marked object 27 at (255, 306)
2024-09-15 18:14:40,117 - __main__ - DEBUG - Lines drawn on the frame.
2024-09-15 18:14:40,117 - __main__ - INFO - Published data to MQTT: {'going_down': 22, 'going_up': 22}
2024-09-15 18:14:40,117 - __main__ - DEBUG - Counters drawn: Going Down=22, Going Up=22
2024-09-15 18:14:40,117 - __main__ - DEBUG - FPS drawn: 0.74
2024-09-15 18:14:40,151 - __main__ - DEBUG - Getting detections from the frame.
2024-09-15 18:14:40,840 - __main__ - DEBUG - Processing bounding boxes.
2024-09-15 18:14:40,840 - __main__ - DEBUG - Marked object 28 at (296, 298)
2024-09-15 18:14:40,840 - __main__ - DEBUG - Marked object 28 at (296, 298)
2024-09-15 18:14:40,840 - __main__ - DEBUG - Marked object 29 at (291, 260)
2024-09-15 18:14:40,840 - __main__ - DEBUG - Marked object 29 at (291, 260)
2024-09-15 18:14:40,840 - __main__ - DEBUG - Lines drawn on the frame.
2024-09-15 18:14:40,840 - __main__ - INFO - Published data to MQTT: {'going_down': 24, 'going_up': 24}
2024-09-15 18:14:40,840 - __main__ - DEBUG - Counters drawn: Going Down=24, Going Up=24
2024-09-15 18:14:40,852 - __main__ - DEBUG - FPS drawn: 0.75
2024-09-15 18:14:40,881 - __main__ - DEBUG - Getting detections from the frame.
2024-09-15 18:14:41,589 - __main__ - DEBUG - Processing bounding boxes.
2024-09-15 18:14:41,589 - __main__ - DEBUG - Marked object 28 at (294, 318)
2024-09-15 18:14:41,589 - __main__ - DEBUG - Marked object 28 at (294, 318)
2024-09-15 18:14:41,589 - __main__ - DEBUG - Marked object 30 at (176, 342)
2024-09-15 18:14:41,589 - __main__ - DEBUG - Marked object 30 at (176, 342)
2024-09-15 18:14:41,605 - __main__ - DEBUG - Marked object 32 at (224, 340)
2024-09-15 18:14:41,606 - __main__ - DEBUG - Marked object 32 at (224, 340)
2024-09-15 18:14:41,607 - __main__ - DEBUG - Lines drawn on the frame.
2024-09-15 18:14:41,609 - __main__ - INFO - Published data to MQTT: {'going_down': 26, 'going_up': 26}
2024-09-15 18:14:41,614 - __main__ - DEBUG - Counters drawn: Going Down=26, Going Up=26
2024-09-15 18:14:41,614 - __main__ - DEBUG - FPS drawn: 0.76
2024-09-15 18:14:41,657 - __main__ - DEBUG - Getting detections from the frame.
2024-09-15 18:14:42,362 - __main__ - DEBUG - Processing bounding boxes.
2024-09-15 18:14:42,363 - __main__ - DEBUG - Marked object 28 at (290, 322)
2024-09-15 18:14:42,366 - __main__ - DEBUG - Marked object 28 at (290, 322)
2024-09-15 18:14:42,366 - __main__ - DEBUG - Marked object 32 at (217, 353)
2024-09-15 18:14:42,375 - __main__ - DEBUG - Marked object 32 at (217, 353)
2024-09-15 18:14:42,376 - __main__ - DEBUG - Marked object 34 at (309, 261)
2024-09-15 18:14:42,379 - __main__ - DEBUG - Marked object 34 at (309, 261)
2024-09-15 18:14:42,381 - __main__ - DEBUG - Marked object 35 at (228, 301)
2024-09-15 18:14:42,390 - __main__ - DEBUG - Marked object 35 at (228, 301)
2024-09-15 18:14:42,397 - __main__ - DEBUG - Lines drawn on the frame.
2024-09-15 18:14:42,398 - __main__ - INFO - Published data to MQTT: {'going_down': 28, 'going_up': 28}
2024-09-15 18:14:42,400 - __main__ - DEBUG - Counters drawn: Going Down=28, Going Up=28
2024-09-15 18:14:42,401 - __main__ - DEBUG - FPS drawn: 0.78
2024-09-15 18:14:42,443 - __main__ - DEBUG - Getting detections from the frame.
2024-09-15 18:14:43,126 - __main__ - DEBUG - Processing bounding boxes.
2024-09-15 18:14:43,126 - __main__ - DEBUG - Marked object 36 at (300, 298)
2024-09-15 18:14:43,126 - __main__ - DEBUG - Marked object 36 at (300, 298)
2024-09-15 18:14:43,126 - __main__ - DEBUG - Marked object 34 at (310, 264)
2024-09-15 18:14:43,132 - __main__ - DEBUG - Marked object 34 at (310, 264)
2024-09-15 18:14:43,132 - __main__ - DEBUG - Marked object 37 at (253, 285)
2024-09-15 18:14:43,134 - __main__ - DEBUG - Marked object 37 at (253, 285)
2024-09-15 18:14:43,135 - __main__ - DEBUG - Lines drawn on the frame.
2024-09-15 18:14:43,136 - __main__ - INFO - Published data to MQTT: {'going_down': 30, 'going_up': 30}
2024-09-15 18:14:43,136 - __main__ - DEBUG - Counters drawn: Going Down=30, Going Up=30
2024-09-15 18:14:43,136 - __main__ - DEBUG - FPS drawn: 0.79
2024-09-15 18:14:43,156 - __main__ - DEBUG - Getting detections from the frame.
2024-09-15 18:14:43,892 - __main__ - DEBUG - Processing bounding boxes.
2024-09-15 18:14:43,892 - __main__ - DEBUG - Marked object 38 at (270, 262)
2024-09-15 18:14:43,892 - __main__ - DEBUG - Marked object 38 at (270, 262)
2024-09-15 18:14:43,892 - __main__ - DEBUG - Marked object 34 at (314, 259)
2024-09-15 18:14:43,892 - __main__ - DEBUG - Marked object 34 at (314, 259)
2024-09-15 18:14:43,892 - __main__ - DEBUG - Lines drawn on the frame.
2024-09-15 18:14:43,892 - __main__ - INFO - Published data to MQTT: {'going_down': 31, 'going_up': 31}
2024-09-15 18:14:43,901 - __main__ - DEBUG - Counters drawn: Going Down=31, Going Up=31
2024-09-15 18:14:43,902 - __main__ - DEBUG - FPS drawn: 0.80
2024-09-15 18:14:43,942 - __main__ - DEBUG - Getting detections from the frame.
2024-09-15 18:14:44,613 - __main__ - DEBUG - Processing bounding boxes.
2024-09-15 18:14:44,613 - __main__ - DEBUG - Marked object 39 at (424, 319)
2024-09-15 18:14:44,613 - __main__ - DEBUG - Marked object 39 at (424, 319)
2024-09-15 18:14:44,613 - __main__ - DEBUG - Marked object 40 at (240, 330)
2024-09-15 18:14:44,613 - __main__ - DEBUG - Marked object 40 at (240, 330)
2024-09-15 18:14:44,613 - __main__ - DEBUG - Lines drawn on the frame.
2024-09-15 18:14:44,621 - __main__ - INFO - Published data to MQTT: {'going_down': 33, 'going_up': 33}
2024-09-15 18:14:44,624 - __main__ - DEBUG - Counters drawn: Going Down=33, Going Up=33
2024-09-15 18:14:44,626 - __main__ - DEBUG - FPS drawn: 0.81
2024-09-15 18:14:44,704 - __main__ - DEBUG - Getting detections from the frame.
2024-09-15 18:14:45,207 - __main__ - INFO - End of video stream reached. Stopping video.
2024-09-15 18:14:45,316 - __main__ - DEBUG - Processing bounding boxes.
2024-09-15 18:14:45,316 - __main__ - DEBUG - Lines drawn on the frame.
2024-09-15 18:14:45,316 - __main__ - INFO - Published data to MQTT: {'going_down': 33, 'going_up': 33}
2024-09-15 18:14:45,316 - __main__ - DEBUG - Counters drawn: Going Down=33, Going Up=33
2024-09-15 18:14:45,316 - __main__ - DEBUG - FPS drawn: 0.82
2024-09-15 18:14:45,333 - __main__ - ERROR - Error reading frame, exiting.
2024-09-15 18:14:45,337 - __main__ - INFO - Video stream released.
2024-09-15 18:14:45,402 - __main__ - INFO - Published data to MQTT: {'going_down': 33, 'going_up': 33}
