2024-09-15 21:00:20,278 - __main__ - INFO - Device: cpu
2024-09-15 21:00:20,316 - __main__ - INFO - Connected to MQTT broker at 103.245.38.40:1883
2024-09-15 21:00:20,319 - __main__ - INFO - Starting main function.
2024-09-15 21:00:20,395 - __main__ - INFO - Loading model from ./yolov3-tinyu.pt
2024-09-15 21:00:20,543 - __main__ - INFO - Labels loaded: ['person', 'bicycle', 'car', 'motorcycle', 'airplane', 'bus', 'train', 'truck', 'boat']
2024-09-15 21:00:20,595 - __main__ - DEBUG - Getting detections from the frame.
2024-09-15 21:00:34,405 - __main__ - DEBUG - Processing bounding boxes.
2024-09-15 21:00:34,406 - __main__ - DEBUG - Marked object 1 at (444, 287)
2024-09-15 21:00:34,411 - __main__ - DEBUG - Marked object 1 at (444, 287)
2024-09-15 21:00:34,422 - __main__ - DEBUG - Marked object 2 at (430, 329)
2024-09-15 21:00:34,424 - __main__ - DEBUG - Marked object 2 at (430, 329)
2024-09-15 21:00:34,426 - __main__ - DEBUG - Lines drawn on the frame.
2024-09-15 21:00:34,433 - __main__ - INFO - Published data to MQTT: {'going_down': 2, 'going_up': 2}
2024-09-15 21:00:34,434 - __main__ - DEBUG - Counters drawn: Going Down=2, Going Up=2
2024-09-15 21:00:34,435 - __main__ - DEBUG - FPS drawn: 0.07
2024-09-15 21:00:34,615 - __main__ - DEBUG - Getting detections from the frame.
2024-09-15 21:00:36,173 - __main__ - DEBUG - Processing bounding boxes.
2024-09-15 21:00:36,175 - __main__ - DEBUG - Marked object 3 at (209, 304)
2024-09-15 21:00:36,176 - __main__ - DEBUG - Marked object 3 at (209, 304)
2024-09-15 21:00:36,177 - __main__ - DEBUG - Marked object 1 at (441, 315)
2024-09-15 21:00:36,179 - __main__ - DEBUG - Marked object 1 at (441, 315)
2024-09-15 21:00:36,181 - __main__ - DEBUG - Lines drawn on the frame.
2024-09-15 21:00:36,183 - __main__ - INFO - Published data to MQTT: {'going_down': 3, 'going_up': 3}
2024-09-15 21:00:36,185 - __main__ - DEBUG - Counters drawn: Going Down=3, Going Up=3
2024-09-15 21:00:36,187 - __main__ - DEBUG - FPS drawn: 0.13
2024-09-15 21:00:36,213 - __main__ - DEBUG - Getting detections from the frame.
2024-09-15 21:00:37,800 - __main__ - DEBUG - Processing bounding boxes.
2024-09-15 21:00:37,803 - __main__ - DEBUG - Lines drawn on the frame.
2024-09-15 21:00:37,809 - __main__ - INFO - Published data to MQTT: {'going_down': 3, 'going_up': 3}
2024-09-15 21:00:37,810 - __main__ - DEBUG - Counters drawn: Going Down=3, Going Up=3
2024-09-15 21:00:37,811 - __main__ - DEBUG - FPS drawn: 0.17
2024-09-15 21:00:37,868 - __main__ - DEBUG - Getting detections from the frame.
2024-09-15 21:00:39,503 - __main__ - DEBUG - Processing bounding boxes.
2024-09-15 21:00:39,504 - __main__ - DEBUG - Lines drawn on the frame.
2024-09-15 21:00:39,506 - __main__ - INFO - Published data to MQTT: {'going_down': 3, 'going_up': 3}
2024-09-15 21:00:39,507 - __main__ - DEBUG - Counters drawn: Going Down=3, Going Up=3
2024-09-15 21:00:39,508 - __main__ - DEBUG - FPS drawn: 0.21
2024-09-15 21:00:39,517 - __main__ - DEBUG - Getting detections from the frame.
2024-09-15 21:00:41,823 - __main__ - DEBUG - Processing bounding boxes.
2024-09-15 21:00:41,824 - __main__ - DEBUG - Lines drawn on the frame.
2024-09-15 21:00:41,826 - __main__ - INFO - Published data to MQTT: {'going_down': 3, 'going_up': 3}
2024-09-15 21:00:41,827 - __main__ - DEBUG - Counters drawn: Going Down=3, Going Up=3
2024-09-15 21:00:41,828 - __main__ - DEBUG - FPS drawn: 0.23
2024-09-15 21:00:41,847 - __main__ - DEBUG - Getting detections from the frame.
2024-09-15 21:00:43,464 - __main__ - DEBUG - Processing bounding boxes.
2024-09-15 21:00:43,465 - __main__ - DEBUG - Lines drawn on the frame.
2024-09-15 21:00:43,466 - __main__ - INFO - Published data to MQTT: {'going_down': 3, 'going_up': 3}
2024-09-15 21:00:43,467 - __main__ - DEBUG - Counters drawn: Going Down=3, Going Up=3
2024-09-15 21:00:43,468 - __main__ - DEBUG - FPS drawn: 0.26
2024-09-15 21:00:43,490 - __main__ - DEBUG - Getting detections from the frame.
2024-09-15 21:00:44,727 - __main__ - DEBUG - Processing bounding boxes.
2024-09-15 21:00:44,728 - __main__ - DEBUG - Marked object 6 at (391, 290)
2024-09-15 21:00:44,729 - __main__ - DEBUG - Marked object 6 at (391, 290)
2024-09-15 21:00:44,730 - __main__ - DEBUG - Lines drawn on the frame.
2024-09-15 21:00:44,732 - __main__ - INFO - Published data to MQTT: {'going_down': 4, 'going_up': 4}
2024-09-15 21:00:44,733 - __main__ - DEBUG - Counters drawn: Going Down=4, Going Up=4
2024-09-15 21:00:44,734 - __main__ - DEBUG - FPS drawn: 0.29
2024-09-15 21:00:44,762 - __main__ - DEBUG - Getting detections from the frame.
2024-09-15 21:00:46,036 - __main__ - DEBUG - Processing bounding boxes.
2024-09-15 21:00:46,037 - __main__ - DEBUG - Marked object 7 at (438, 348)
2024-09-15 21:00:46,039 - __main__ - DEBUG - Marked object 7 at (438, 348)
2024-09-15 21:00:46,042 - __main__ - DEBUG - Lines drawn on the frame.
2024-09-15 21:00:46,043 - __main__ - INFO - Published data to MQTT: {'going_down': 5, 'going_up': 5}
2024-09-15 21:00:46,044 - __main__ - DEBUG - Counters drawn: Going Down=5, Going Up=5
2024-09-15 21:00:46,045 - __main__ - DEBUG - FPS drawn: 0.31
2024-09-15 21:00:46,062 - __main__ - DEBUG - Getting detections from the frame.
2024-09-15 21:00:47,296 - __main__ - DEBUG - Processing bounding boxes.
2024-09-15 21:00:47,297 - __main__ - DEBUG - Lines drawn on the frame.
2024-09-15 21:00:47,298 - __main__ - INFO - Published data to MQTT: {'going_down': 5, 'going_up': 5}
2024-09-15 21:00:47,303 - __main__ - DEBUG - Counters drawn: Going Down=5, Going Up=5
2024-09-15 21:00:47,306 - __main__ - DEBUG - FPS drawn: 0.33
2024-09-15 21:00:47,329 - __main__ - DEBUG - Getting detections from the frame.
2024-09-15 21:00:48,696 - __main__ - DEBUG - Processing bounding boxes.
2024-09-15 21:00:48,697 - __main__ - DEBUG - Lines drawn on the frame.
2024-09-15 21:00:48,698 - __main__ - INFO - Published data to MQTT: {'going_down': 5, 'going_up': 5}
2024-09-15 21:00:48,699 - __main__ - DEBUG - Counters drawn: Going Down=5, Going Up=5
2024-09-15 21:00:48,700 - __main__ - DEBUG - FPS drawn: 0.35
2024-09-15 21:00:48,733 - __main__ - DEBUG - Getting detections from the frame.
2024-09-15 21:00:50,265 - __main__ - DEBUG - Processing bounding boxes.
2024-09-15 21:00:50,267 - __main__ - DEBUG - Marked object 10 at (233, 293)
2024-09-15 21:00:50,268 - __main__ - DEBUG - Marked object 10 at (233, 293)
2024-09-15 21:00:50,269 - __main__ - DEBUG - Lines drawn on the frame.
2024-09-15 21:00:50,270 - __main__ - INFO - Published data to MQTT: {'going_down': 6, 'going_up': 6}
2024-09-15 21:00:50,271 - __main__ - DEBUG - Counters drawn: Going Down=6, Going Up=6
2024-09-15 21:00:50,272 - __main__ - DEBUG - FPS drawn: 0.37
2024-09-15 21:00:50,332 - __main__ - DEBUG - Getting detections from the frame.
2024-09-15 21:00:52,022 - __main__ - DEBUG - Processing bounding boxes.
2024-09-15 21:00:52,024 - __main__ - DEBUG - Marked object 11 at (292, 305)
2024-09-15 21:00:52,026 - __main__ - DEBUG - Marked object 11 at (292, 305)
2024-09-15 21:00:52,028 - __main__ - DEBUG - Lines drawn on the frame.
2024-09-15 21:00:52,030 - __main__ - INFO - Published data to MQTT: {'going_down': 7, 'going_up': 7}
2024-09-15 21:00:52,031 - __main__ - DEBUG - Counters drawn: Going Down=7, Going Up=7
2024-09-15 21:00:52,032 - __main__ - DEBUG - FPS drawn: 0.38
2024-09-15 21:00:52,062 - __main__ - DEBUG - Getting detections from the frame.
2024-09-15 21:00:53,591 - __main__ - DEBUG - Processing bounding boxes.
2024-09-15 21:00:53,592 - __main__ - DEBUG - Marked object 11 at (290, 324)
2024-09-15 21:00:53,593 - __main__ - DEBUG - Marked object 11 at (290, 324)
2024-09-15 21:00:53,594 - __main__ - DEBUG - Marked object 13 at (228, 302)
2024-09-15 21:00:53,594 - __main__ - DEBUG - Marked object 13 at (228, 302)
2024-09-15 21:00:53,595 - __main__ - DEBUG - Lines drawn on the frame.
2024-09-15 21:00:53,596 - __main__ - INFO - Published data to MQTT: {'going_down': 8, 'going_up': 8}
2024-09-15 21:00:53,597 - __main__ - DEBUG - Counters drawn: Going Down=8, Going Up=8
2024-09-15 21:00:53,598 - __main__ - DEBUG - FPS drawn: 0.39
2024-09-15 21:00:53,612 - __main__ - DEBUG - Getting detections from the frame.
2024-09-15 21:00:55,306 - __main__ - DEBUG - Processing bounding boxes.
2024-09-15 21:00:55,307 - __main__ - DEBUG - Lines drawn on the frame.
2024-09-15 21:00:55,311 - __main__ - INFO - Published data to MQTT: {'going_down': 8, 'going_up': 8}
2024-09-15 21:00:55,312 - __main__ - DEBUG - Counters drawn: Going Down=8, Going Up=8
2024-09-15 21:00:55,313 - __main__ - DEBUG - FPS drawn: 0.40
2024-09-15 21:00:55,371 - __main__ - DEBUG - Getting detections from the frame.
2024-09-15 21:00:56,753 - __main__ - DEBUG - Processing bounding boxes.
2024-09-15 21:00:56,754 - __main__ - DEBUG - Lines drawn on the frame.
2024-09-15 21:00:56,756 - __main__ - INFO - Published data to MQTT: {'going_down': 8, 'going_up': 8}
2024-09-15 21:00:56,757 - __main__ - DEBUG - Counters drawn: Going Down=8, Going Up=8
2024-09-15 21:00:56,758 - __main__ - DEBUG - FPS drawn: 0.41
2024-09-15 21:00:56,769 - __main__ - INFO - End of video stream reached. Stopping video.
2024-09-15 21:00:56,770 - __main__ - ERROR - Error reading frame, exiting.
2024-09-15 21:00:56,792 - __main__ - INFO - Video stream released.
2024-09-15 21:00:56,847 - __main__ - INFO - Published data to MQTT: {'going_down': 8, 'going_up': 8}
