2024-09-15 17:59:05,108 - __main__ - INFO - Device: cpu
2024-09-15 17:59:05,152 - __main__ - INFO - Connected to MQTT broker at 103.245.38.40:1883
2024-09-15 17:59:05,156 - __main__ - INFO - Starting main function.
2024-09-15 17:59:05,230 - __main__ - INFO - Loading model from ./yolov3-tinyu.pt
2024-09-15 17:59:05,404 - __main__ - INFO - Labels loaded: ['person', 'bicycle', 'car', 'motorcycle', 'airplane', 'bus', 'train', 'truck', 'boat']
2024-09-15 17:59:05,424 - __main__ - DEBUG - Getting detections from the frame.
2024-09-15 17:59:17,938 - __main__ - DEBUG - Processing bounding boxes.
2024-09-15 17:59:17,938 - __main__ - DEBUG - Lines drawn on the frame.
2024-09-15 17:59:17,954 - __main__ - INFO - Published data to MQTT: {'going_down': 0, 'going_up': 0}
2024-09-15 17:59:17,969 - __main__ - DEBUG - Counters drawn: Going Down=0, Going Up=0
2024-09-15 17:59:17,971 - __main__ - DEBUG - FPS drawn: 0.08
2024-09-15 17:59:18,131 - __main__ - DEBUG - Getting detections from the frame.
2024-09-15 17:59:19,336 - __main__ - DEBUG - Processing bounding boxes.
2024-09-15 17:59:19,337 - __main__ - DEBUG - Lines drawn on the frame.
2024-09-15 17:59:19,338 - __main__ - INFO - Published data to MQTT: {'going_down': 0, 'going_up': 0}
2024-09-15 17:59:19,339 - __main__ - DEBUG - Counters drawn: Going Down=0, Going Up=0
2024-09-15 17:59:19,340 - __main__ - DEBUG - FPS drawn: 0.14
2024-09-15 17:59:19,377 - __main__ - DEBUG - Getting detections from the frame.
2024-09-15 17:59:20,003 - __main__ - DEBUG - Processing bounding boxes.
2024-09-15 17:59:20,003 - __main__ - DEBUG - Lines drawn on the frame.
2024-09-15 17:59:20,003 - __main__ - INFO - Published data to MQTT: {'going_down': 0, 'going_up': 0}
2024-09-15 17:59:20,003 - __main__ - DEBUG - Counters drawn: Going Down=0, Going Up=0
2024-09-15 17:59:20,003 - __main__ - DEBUG - FPS drawn: 0.20
2024-09-15 17:59:20,070 - __main__ - DEBUG - Getting detections from the frame.
2024-09-15 17:59:21,135 - __main__ - DEBUG - Processing bounding boxes.
2024-09-15 17:59:21,135 - __main__ - DEBUG - Lines drawn on the frame.
2024-09-15 17:59:21,135 - __main__ - INFO - Published data to MQTT: {'going_down': 0, 'going_up': 0}
2024-09-15 17:59:21,135 - __main__ - DEBUG - Counters drawn: Going Down=0, Going Up=0
2024-09-15 17:59:21,147 - __main__ - DEBUG - FPS drawn: 0.25
2024-09-15 17:59:21,161 - __main__ - DEBUG - Getting detections from the frame.
2024-09-15 17:59:21,981 - __main__ - DEBUG - Processing bounding boxes.
2024-09-15 17:59:21,981 - __main__ - DEBUG - Lines drawn on the frame.
2024-09-15 17:59:21,981 - __main__ - INFO - Published data to MQTT: {'going_down': 0, 'going_up': 0}
2024-09-15 17:59:21,981 - __main__ - DEBUG - Counters drawn: Going Down=0, Going Up=0
2024-09-15 17:59:21,981 - __main__ - DEBUG - FPS drawn: 0.30
2024-09-15 17:59:22,000 - __main__ - DEBUG - Getting detections from the frame.
2024-09-15 17:59:22,671 - __main__ - DEBUG - Processing bounding boxes.
2024-09-15 17:59:22,671 - __main__ - DEBUG - Lines drawn on the frame.
2024-09-15 17:59:22,671 - __main__ - INFO - Published data to MQTT: {'going_down': 0, 'going_up': 0}
2024-09-15 17:59:22,671 - __main__ - DEBUG - Counters drawn: Going Down=0, Going Up=0
2024-09-15 17:59:22,671 - __main__ - DEBUG - FPS drawn: 0.34
2024-09-15 17:59:22,687 - __main__ - DEBUG - Getting detections from the frame.
2024-09-15 17:59:23,412 - __main__ - DEBUG - Processing bounding boxes.
2024-09-15 17:59:23,414 - __main__ - DEBUG - Lines drawn on the frame.
2024-09-15 17:59:23,416 - __main__ - INFO - Published data to MQTT: {'going_down': 0, 'going_up': 0}
2024-09-15 17:59:23,417 - __main__ - DEBUG - Counters drawn: Going Down=0, Going Up=0
2024-09-15 17:59:23,418 - __main__ - DEBUG - FPS drawn: 0.38
2024-09-15 17:59:23,448 - __main__ - DEBUG - Getting detections from the frame.
2024-09-15 17:59:24,110 - __main__ - DEBUG - Processing bounding boxes.
2024-09-15 17:59:24,110 - __main__ - DEBUG - Lines drawn on the frame.
2024-09-15 17:59:24,110 - __main__ - INFO - Published data to MQTT: {'going_down': 0, 'going_up': 0}
2024-09-15 17:59:24,110 - __main__ - DEBUG - Counters drawn: Going Down=0, Going Up=0
2024-09-15 17:59:24,110 - __main__ - DEBUG - FPS drawn: 0.42
2024-09-15 17:59:24,126 - __main__ - DEBUG - Getting detections from the frame.
2024-09-15 17:59:24,795 - __main__ - DEBUG - Processing bounding boxes.
2024-09-15 17:59:24,795 - __main__ - DEBUG - Lines drawn on the frame.
2024-09-15 17:59:24,795 - __main__ - INFO - Published data to MQTT: {'going_down': 0, 'going_up': 0}
2024-09-15 17:59:24,795 - __main__ - DEBUG - Counters drawn: Going Down=0, Going Up=0
2024-09-15 17:59:24,795 - __main__ - DEBUG - FPS drawn: 0.46
2024-09-15 17:59:24,843 - __main__ - DEBUG - Getting detections from the frame.
2024-09-15 17:59:25,516 - __main__ - DEBUG - Processing bounding boxes.
2024-09-15 17:59:25,519 - __main__ - DEBUG - Lines drawn on the frame.
2024-09-15 17:59:25,521 - __main__ - INFO - Published data to MQTT: {'going_down': 0, 'going_up': 0}
2024-09-15 17:59:25,526 - __main__ - DEBUG - Counters drawn: Going Down=0, Going Up=0
2024-09-15 17:59:25,530 - __main__ - DEBUG - FPS drawn: 0.49
2024-09-15 17:59:25,575 - __main__ - DEBUG - Getting detections from the frame.
2024-09-15 17:59:26,221 - __main__ - DEBUG - Processing bounding boxes.
2024-09-15 17:59:26,221 - __main__ - DEBUG - Lines drawn on the frame.
2024-09-15 17:59:26,221 - __main__ - INFO - Published data to MQTT: {'going_down': 0, 'going_up': 0}
2024-09-15 17:59:26,221 - __main__ - DEBUG - Counters drawn: Going Down=0, Going Up=0
2024-09-15 17:59:26,221 - __main__ - DEBUG - FPS drawn: 0.52
2024-09-15 17:59:26,236 - __main__ - DEBUG - Getting detections from the frame.
2024-09-15 17:59:26,945 - __main__ - DEBUG - Processing bounding boxes.
2024-09-15 17:59:26,945 - __main__ - DEBUG - Lines drawn on the frame.
2024-09-15 17:59:26,945 - __main__ - INFO - Published data to MQTT: {'going_down': 0, 'going_up': 0}
2024-09-15 17:59:26,945 - __main__ - DEBUG - Counters drawn: Going Down=0, Going Up=0
2024-09-15 17:59:26,945 - __main__ - DEBUG - FPS drawn: 0.55
2024-09-15 17:59:26,965 - __main__ - DEBUG - Getting detections from the frame.
2024-09-15 17:59:27,646 - __main__ - DEBUG - Processing bounding boxes.
2024-09-15 17:59:27,646 - __main__ - DEBUG - Lines drawn on the frame.
2024-09-15 17:59:27,646 - __main__ - INFO - Published data to MQTT: {'going_down': 0, 'going_up': 0}
2024-09-15 17:59:27,646 - __main__ - DEBUG - Counters drawn: Going Down=0, Going Up=0
2024-09-15 17:59:27,646 - __main__ - DEBUG - FPS drawn: 0.58
2024-09-15 17:59:27,671 - __main__ - DEBUG - Getting detections from the frame.
2024-09-15 17:59:28,368 - __main__ - DEBUG - Processing bounding boxes.
2024-09-15 17:59:28,368 - __main__ - DEBUG - Lines drawn on the frame.
2024-09-15 17:59:28,368 - __main__ - INFO - Published data to MQTT: {'going_down': 0, 'going_up': 0}
2024-09-15 17:59:28,368 - __main__ - DEBUG - Counters drawn: Going Down=0, Going Up=0
2024-09-15 17:59:28,368 - __main__ - DEBUG - FPS drawn: 0.61
2024-09-15 17:59:28,418 - __main__ - DEBUG - Getting detections from the frame.
2024-09-15 17:59:29,286 - __main__ - DEBUG - Processing bounding boxes.
2024-09-15 17:59:29,287 - __main__ - DEBUG - Lines drawn on the frame.
2024-09-15 17:59:29,288 - __main__ - INFO - Published data to MQTT: {'going_down': 0, 'going_up': 0}
2024-09-15 17:59:29,289 - __main__ - DEBUG - Counters drawn: Going Down=0, Going Up=0
2024-09-15 17:59:29,290 - __main__ - DEBUG - FPS drawn: 0.62
2024-09-15 17:59:29,308 - __main__ - DEBUG - Getting detections from the frame.
2024-09-15 17:59:30,001 - __main__ - DEBUG - Processing bounding boxes.
2024-09-15 17:59:30,001 - __main__ - DEBUG - Lines drawn on the frame.
2024-09-15 17:59:30,001 - __main__ - INFO - Published data to MQTT: {'going_down': 0, 'going_up': 0}
2024-09-15 17:59:30,001 - __main__ - DEBUG - Counters drawn: Going Down=0, Going Up=0
2024-09-15 17:59:30,001 - __main__ - DEBUG - FPS drawn: 0.65
2024-09-15 17:59:30,022 - __main__ - DEBUG - Getting detections from the frame.
2024-09-15 17:59:30,935 - __main__ - DEBUG - Processing bounding boxes.
2024-09-15 17:59:30,935 - __main__ - DEBUG - Lines drawn on the frame.
2024-09-15 17:59:30,935 - __main__ - INFO - Published data to MQTT: {'going_down': 0, 'going_up': 0}
2024-09-15 17:59:30,935 - __main__ - DEBUG - Counters drawn: Going Down=0, Going Up=0
2024-09-15 17:59:30,935 - __main__ - DEBUG - FPS drawn: 0.66
2024-09-15 17:59:30,960 - __main__ - DEBUG - Getting detections from the frame.
2024-09-15 17:59:31,647 - __main__ - DEBUG - Processing bounding boxes.
2024-09-15 17:59:31,647 - __main__ - DEBUG - Lines drawn on the frame.
2024-09-15 17:59:31,647 - __main__ - INFO - Published data to MQTT: {'going_down': 0, 'going_up': 0}
2024-09-15 17:59:31,663 - __main__ - DEBUG - Counters drawn: Going Down=0, Going Up=0
2024-09-15 17:59:31,663 - __main__ - DEBUG - FPS drawn: 0.68
2024-09-15 17:59:31,671 - __main__ - DEBUG - Getting detections from the frame.
2024-09-15 17:59:32,343 - __main__ - DEBUG - Processing bounding boxes.
2024-09-15 17:59:32,343 - __main__ - DEBUG - Lines drawn on the frame.
2024-09-15 17:59:32,343 - __main__ - INFO - Published data to MQTT: {'going_down': 0, 'going_up': 0}
2024-09-15 17:59:32,343 - __main__ - DEBUG - Counters drawn: Going Down=0, Going Up=0
2024-09-15 17:59:32,343 - __main__ - DEBUG - FPS drawn: 0.70
2024-09-15 17:59:32,363 - __main__ - DEBUG - Getting detections from the frame.
2024-09-15 17:59:33,031 - __main__ - DEBUG - Processing bounding boxes.
2024-09-15 17:59:33,031 - __main__ - DEBUG - Lines drawn on the frame.
2024-09-15 17:59:33,031 - __main__ - INFO - Published data to MQTT: {'going_down': 0, 'going_up': 0}
2024-09-15 17:59:33,031 - __main__ - DEBUG - Counters drawn: Going Down=0, Going Up=0
2024-09-15 17:59:33,037 - __main__ - DEBUG - FPS drawn: 0.72
2024-09-15 17:59:33,073 - __main__ - DEBUG - Getting detections from the frame.
2024-09-15 17:59:33,739 - __main__ - DEBUG - Processing bounding boxes.
2024-09-15 17:59:33,739 - __main__ - DEBUG - Lines drawn on the frame.
2024-09-15 17:59:33,739 - __main__ - INFO - Published data to MQTT: {'going_down': 0, 'going_up': 0}
2024-09-15 17:59:33,739 - __main__ - DEBUG - Counters drawn: Going Down=0, Going Up=0
2024-09-15 17:59:33,739 - __main__ - DEBUG - FPS drawn: 0.74
2024-09-15 17:59:33,759 - __main__ - DEBUG - Getting detections from the frame.
2024-09-15 17:59:34,423 - __main__ - DEBUG - Processing bounding boxes.
2024-09-15 17:59:34,423 - __main__ - DEBUG - Lines drawn on the frame.
2024-09-15 17:59:34,423 - __main__ - INFO - Published data to MQTT: {'going_down': 0, 'going_up': 0}
2024-09-15 17:59:34,423 - __main__ - DEBUG - Counters drawn: Going Down=0, Going Up=0
2024-09-15 17:59:34,423 - __main__ - DEBUG - FPS drawn: 0.75
2024-09-15 17:59:34,466 - __main__ - DEBUG - Getting detections from the frame.
2024-09-15 17:59:35,125 - __main__ - DEBUG - Processing bounding boxes.
2024-09-15 17:59:35,125 - __main__ - DEBUG - Lines drawn on the frame.
2024-09-15 17:59:35,125 - __main__ - INFO - Published data to MQTT: {'going_down': 0, 'going_up': 0}
2024-09-15 17:59:35,125 - __main__ - DEBUG - Counters drawn: Going Down=0, Going Up=0
2024-09-15 17:59:35,125 - __main__ - DEBUG - FPS drawn: 0.77
2024-09-15 17:59:35,183 - __main__ - DEBUG - Getting detections from the frame.
2024-09-15 17:59:35,846 - __main__ - DEBUG - Processing bounding boxes.
2024-09-15 17:59:35,846 - __main__ - DEBUG - Lines drawn on the frame.
2024-09-15 17:59:35,855 - __main__ - INFO - Published data to MQTT: {'going_down': 0, 'going_up': 0}
2024-09-15 17:59:35,857 - __main__ - DEBUG - Counters drawn: Going Down=0, Going Up=0
2024-09-15 17:59:35,870 - __main__ - DEBUG - FPS drawn: 0.78
2024-09-15 17:59:35,920 - __main__ - DEBUG - Getting detections from the frame.
2024-09-15 17:59:37,060 - __main__ - DEBUG - Processing bounding boxes.
2024-09-15 17:59:37,061 - __main__ - DEBUG - Lines drawn on the frame.
2024-09-15 17:59:37,065 - __main__ - INFO - Published data to MQTT: {'going_down': 0, 'going_up': 0}
2024-09-15 17:59:37,066 - __main__ - DEBUG - Counters drawn: Going Down=0, Going Up=0
2024-09-15 17:59:37,067 - __main__ - DEBUG - FPS drawn: 0.79
2024-09-15 17:59:37,161 - __main__ - DEBUG - Getting detections from the frame.
2024-09-15 17:59:37,829 - __main__ - DEBUG - Processing bounding boxes.
2024-09-15 17:59:37,844 - __main__ - DEBUG - Lines drawn on the frame.
2024-09-15 17:59:37,844 - __main__ - INFO - Published data to MQTT: {'going_down': 0, 'going_up': 0}
2024-09-15 17:59:37,844 - __main__ - DEBUG - Counters drawn: Going Down=0, Going Up=0
2024-09-15 17:59:37,844 - __main__ - DEBUG - FPS drawn: 0.80
2024-09-15 17:59:37,864 - __main__ - DEBUG - Getting detections from the frame.
2024-09-15 17:59:38,515 - __main__ - DEBUG - Processing bounding boxes.
2024-09-15 17:59:38,515 - __main__ - DEBUG - Lines drawn on the frame.
2024-09-15 17:59:38,515 - __main__ - INFO - Published data to MQTT: {'going_down': 0, 'going_up': 0}
2024-09-15 17:59:38,515 - __main__ - DEBUG - Counters drawn: Going Down=0, Going Up=0
2024-09-15 17:59:38,529 - __main__ - DEBUG - FPS drawn: 0.81
2024-09-15 17:59:38,580 - __main__ - DEBUG - Getting detections from the frame.
2024-09-15 17:59:39,253 - __main__ - DEBUG - Processing bounding boxes.
2024-09-15 17:59:39,253 - __main__ - DEBUG - Lines drawn on the frame.
2024-09-15 17:59:39,253 - __main__ - INFO - Published data to MQTT: {'going_down': 0, 'going_up': 0}
2024-09-15 17:59:39,253 - __main__ - DEBUG - Counters drawn: Going Down=0, Going Up=0
2024-09-15 17:59:39,253 - __main__ - DEBUG - FPS drawn: 0.82
2024-09-15 17:59:39,276 - __main__ - DEBUG - Getting detections from the frame.
2024-09-15 17:59:39,956 - __main__ - DEBUG - Processing bounding boxes.
2024-09-15 17:59:39,956 - __main__ - DEBUG - Lines drawn on the frame.
2024-09-15 17:59:39,956 - __main__ - INFO - Published data to MQTT: {'going_down': 0, 'going_up': 0}
2024-09-15 17:59:39,956 - __main__ - DEBUG - Counters drawn: Going Down=0, Going Up=0
2024-09-15 17:59:39,956 - __main__ - DEBUG - FPS drawn: 0.84
2024-09-15 17:59:40,013 - __main__ - DEBUG - Getting detections from the frame.
2024-09-15 17:59:40,646 - __main__ - DEBUG - Processing bounding boxes.
2024-09-15 17:59:40,648 - __main__ - DEBUG - Lines drawn on the frame.
2024-09-15 17:59:40,649 - __main__ - INFO - Published data to MQTT: {'going_down': 0, 'going_up': 0}
2024-09-15 17:59:40,650 - __main__ - DEBUG - Counters drawn: Going Down=0, Going Up=0
2024-09-15 17:59:40,651 - __main__ - DEBUG - FPS drawn: 0.85
2024-09-15 17:59:40,668 - __main__ - DEBUG - Getting detections from the frame.
2024-09-15 17:59:40,884 - __main__ - INFO - End of video stream reached. Stopping video.
2024-09-15 17:59:41,080 - __main__ - DEBUG - Processing bounding boxes.
2024-09-15 17:59:41,096 - __main__ - DEBUG - Lines drawn on the frame.
2024-09-15 17:59:41,096 - __main__ - INFO - Published data to MQTT: {'going_down': 0, 'going_up': 0}
2024-09-15 17:59:41,096 - __main__ - DEBUG - Counters drawn: Going Down=0, Going Up=0
2024-09-15 17:59:41,096 - __main__ - DEBUG - FPS drawn: 0.86
2024-09-15 17:59:41,096 - __main__ - ERROR - Error reading frame, exiting.
2024-09-15 17:59:41,113 - __main__ - INFO - Video stream released.
2024-09-15 17:59:41,240 - __main__ - INFO - Published data to MQTT: {'going_down': 0, 'going_up': 0}
