2024-09-15 16:55:54,081 - __main__ - INFO - Device: cpu
2024-09-15 16:55:54,116 - __main__ - INFO - Connected to MQTT broker at 103.245.38.40:1883
2024-09-15 16:55:54,119 - __main__ - INFO - Starting main function.
2024-09-15 16:55:54,191 - __main__ - INFO - Loading model from ./yolov3-tinyu_1.onnx
2024-09-15 16:55:54,191 - __main__ - INFO - Labels loaded: ['person', 'bicycle', 'car', 'motorcycle', 'airplane', 'bus', 'train', 'truck', 'boat']
2024-09-15 16:55:54,258 - __main__ - DEBUG - Getting detections from the frame.
2024-09-15 16:55:57,317 - __main__ - ERROR - Error during detection: [ONNXRuntimeError] : 7 : INVALID_PROTOBUF : Load model from yolov3-tinyu_1.onnx failed:Protobuf parsing failed.
2024-09-15 16:55:57,332 - __main__ - DEBUG - Processing bounding boxes.
2024-09-15 16:55:57,332 - __main__ - DEBUG - Lines drawn on the frame.
2024-09-15 16:55:57,332 - __main__ - INFO - Published data to MQTT: {'going_down': 0, 'going_up': 0}
2024-09-15 16:55:57,339 - __main__ - DEBUG - Counters drawn: Going Down=0, Going Up=0
2024-09-15 16:55:57,342 - __main__ - DEBUG - FPS drawn: 0.32
2024-09-15 16:55:57,745 - __main__ - DEBUG - Getting detections from the frame.
2024-09-15 16:56:01,231 - __main__ - ERROR - Error during detection: [ONNXRuntimeError] : 7 : INVALID_PROTOBUF : Load model from yolov3-tinyu_1.onnx failed:Protobuf parsing failed.
2024-09-15 16:56:01,234 - __main__ - DEBUG - Processing bounding boxes.
2024-09-15 16:56:01,235 - __main__ - DEBUG - Lines drawn on the frame.
2024-09-15 16:56:01,236 - __main__ - INFO - Published data to MQTT: {'going_down': 0, 'going_up': 0}
2024-09-15 16:56:01,237 - __main__ - DEBUG - Counters drawn: Going Down=0, Going Up=0
2024-09-15 16:56:01,238 - __main__ - DEBUG - FPS drawn: 0.28
2024-09-15 16:56:01,535 - __main__ - DEBUG - Getting detections from the frame.
2024-09-15 16:56:04,454 - __main__ - ERROR - Error during detection: [ONNXRuntimeError] : 7 : INVALID_PROTOBUF : Load model from yolov3-tinyu_1.onnx failed:Protobuf parsing failed.
2024-09-15 16:56:04,457 - __main__ - DEBUG - Processing bounding boxes.
2024-09-15 16:56:04,458 - __main__ - DEBUG - Lines drawn on the frame.
2024-09-15 16:56:04,460 - __main__ - INFO - Published data to MQTT: {'going_down': 0, 'going_up': 0}
2024-09-15 16:56:04,461 - __main__ - DEBUG - Counters drawn: Going Down=0, Going Up=0
2024-09-15 16:56:04,461 - __main__ - DEBUG - FPS drawn: 0.29
2024-09-15 16:56:04,538 - __main__ - DEBUG - Getting detections from the frame.
2024-09-15 16:56:07,217 - __main__ - ERROR - Error during detection: [ONNXRuntimeError] : 7 : INVALID_PROTOBUF : Load model from yolov3-tinyu_1.onnx failed:Protobuf parsing failed.
2024-09-15 16:56:07,222 - __main__ - DEBUG - Processing bounding boxes.
2024-09-15 16:56:07,223 - __main__ - DEBUG - Lines drawn on the frame.
2024-09-15 16:56:07,224 - __main__ - INFO - Published data to MQTT: {'going_down': 0, 'going_up': 0}
2024-09-15 16:56:07,225 - __main__ - DEBUG - Counters drawn: Going Down=0, Going Up=0
2024-09-15 16:56:07,226 - __main__ - DEBUG - FPS drawn: 0.31
2024-09-15 16:56:07,439 - __main__ - DEBUG - Getting detections from the frame.
2024-09-15 16:56:10,028 - __main__ - ERROR - Error during detection: [ONNXRuntimeError] : 7 : INVALID_PROTOBUF : Load model from yolov3-tinyu_1.onnx failed:Protobuf parsing failed.
2024-09-15 16:56:10,029 - __main__ - DEBUG - Processing bounding boxes.
2024-09-15 16:56:10,032 - __main__ - DEBUG - Lines drawn on the frame.
2024-09-15 16:56:10,034 - __main__ - INFO - Published data to MQTT: {'going_down': 0, 'going_up': 0}
2024-09-15 16:56:10,056 - __main__ - DEBUG - Counters drawn: Going Down=0, Going Up=0
2024-09-15 16:56:10,057 - __main__ - DEBUG - FPS drawn: 0.32
2024-09-15 16:56:10,383 - __main__ - DEBUG - Getting detections from the frame.
2024-09-15 16:56:13,313 - __main__ - ERROR - Error during detection: [ONNXRuntimeError] : 7 : INVALID_PROTOBUF : Load model from yolov3-tinyu_1.onnx failed:Protobuf parsing failed.
2024-09-15 16:56:13,314 - __main__ - DEBUG - Processing bounding boxes.
2024-09-15 16:56:13,316 - __main__ - DEBUG - Lines drawn on the frame.
2024-09-15 16:56:13,321 - __main__ - INFO - Published data to MQTT: {'going_down': 0, 'going_up': 0}
2024-09-15 16:56:13,322 - __main__ - DEBUG - Counters drawn: Going Down=0, Going Up=0
2024-09-15 16:56:13,324 - __main__ - DEBUG - FPS drawn: 0.31
2024-09-15 16:56:13,849 - __main__ - DEBUG - Getting detections from the frame.
2024-09-15 16:56:16,771 - __main__ - ERROR - Error during detection: [ONNXRuntimeError] : 7 : INVALID_PROTOBUF : Load model from yolov3-tinyu_1.onnx failed:Protobuf parsing failed.
2024-09-15 16:56:16,781 - __main__ - DEBUG - Processing bounding boxes.
2024-09-15 16:56:16,782 - __main__ - DEBUG - Lines drawn on the frame.
2024-09-15 16:56:16,783 - __main__ - INFO - Published data to MQTT: {'going_down': 0, 'going_up': 0}
2024-09-15 16:56:16,784 - __main__ - DEBUG - Counters drawn: Going Down=0, Going Up=0
2024-09-15 16:56:16,784 - __main__ - DEBUG - FPS drawn: 0.31
2024-09-15 16:56:17,000 - __main__ - DEBUG - Getting detections from the frame.
2024-09-15 16:56:19,750 - __main__ - ERROR - Error during detection: [ONNXRuntimeError] : 7 : INVALID_PROTOBUF : Load model from yolov3-tinyu_1.onnx failed:Protobuf parsing failed.
2024-09-15 16:56:19,750 - __main__ - DEBUG - Processing bounding boxes.
2024-09-15 16:56:19,750 - __main__ - DEBUG - Lines drawn on the frame.
2024-09-15 16:56:19,750 - __main__ - INFO - Published data to MQTT: {'going_down': 0, 'going_up': 0}
2024-09-15 16:56:19,765 - __main__ - DEBUG - Counters drawn: Going Down=0, Going Up=0
2024-09-15 16:56:19,767 - __main__ - DEBUG - FPS drawn: 0.31
2024-09-15 16:56:19,998 - __main__ - DEBUG - Getting detections from the frame.
2024-09-15 16:56:22,659 - __main__ - ERROR - Error during detection: [ONNXRuntimeError] : 7 : INVALID_PROTOBUF : Load model from yolov3-tinyu_1.onnx failed:Protobuf parsing failed.
2024-09-15 16:56:22,659 - __main__ - DEBUG - Processing bounding boxes.
2024-09-15 16:56:22,659 - __main__ - DEBUG - Lines drawn on the frame.
2024-09-15 16:56:22,671 - __main__ - INFO - Published data to MQTT: {'going_down': 0, 'going_up': 0}
2024-09-15 16:56:22,676 - __main__ - DEBUG - Counters drawn: Going Down=0, Going Up=0
2024-09-15 16:56:22,688 - __main__ - DEBUG - FPS drawn: 0.32
2024-09-15 16:56:22,864 - __main__ - ERROR - Failed to retrieve frame from stream. Attempting to reconnect...
2024-09-15 16:56:24,946 - __main__ - INFO - Reconnected to video source: ../veh2.mp4
2024-09-15 16:56:25,217 - __main__ - DEBUG - Getting detections from the frame.
2024-09-15 16:56:28,026 - __main__ - ERROR - Error during detection: [ONNXRuntimeError] : 7 : INVALID_PROTOBUF : Load model from yolov3-tinyu_1.onnx failed:Protobuf parsing failed.
2024-09-15 16:56:28,028 - __main__ - DEBUG - Processing bounding boxes.
2024-09-15 16:56:28,029 - __main__ - DEBUG - Lines drawn on the frame.
2024-09-15 16:56:28,030 - __main__ - INFO - Published data to MQTT: {'going_down': 0, 'going_up': 0}
2024-09-15 16:56:28,030 - __main__ - DEBUG - Counters drawn: Going Down=0, Going Up=0
2024-09-15 16:56:28,030 - __main__ - DEBUG - FPS drawn: 0.30
2024-09-15 16:56:28,789 - __main__ - DEBUG - Getting detections from the frame.
2024-09-15 16:56:31,577 - __main__ - ERROR - Error during detection: [ONNXRuntimeError] : 7 : INVALID_PROTOBUF : Load model from yolov3-tinyu_1.onnx failed:Protobuf parsing failed.
2024-09-15 16:56:31,577 - __main__ - DEBUG - Processing bounding boxes.
2024-09-15 16:56:31,577 - __main__ - DEBUG - Lines drawn on the frame.
2024-09-15 16:56:31,577 - __main__ - INFO - Published data to MQTT: {'going_down': 0, 'going_up': 0}
2024-09-15 16:56:31,583 - __main__ - DEBUG - Counters drawn: Going Down=0, Going Up=0
2024-09-15 16:56:31,585 - __main__ - DEBUG - FPS drawn: 0.29
2024-09-15 16:56:31,657 - __main__ - DEBUG - Getting detections from the frame.
2024-09-15 16:56:34,451 - __main__ - ERROR - Error during detection: [ONNXRuntimeError] : 7 : INVALID_PROTOBUF : Load model from yolov3-tinyu_1.onnx failed:Protobuf parsing failed.
2024-09-15 16:56:34,454 - __main__ - DEBUG - Processing bounding boxes.
2024-09-15 16:56:34,454 - __main__ - DEBUG - Lines drawn on the frame.
2024-09-15 16:56:34,454 - __main__ - INFO - Published data to MQTT: {'going_down': 0, 'going_up': 0}
2024-09-15 16:56:34,454 - __main__ - DEBUG - Counters drawn: Going Down=0, Going Up=0
2024-09-15 16:56:34,454 - __main__ - DEBUG - FPS drawn: 0.30
2024-09-15 16:56:34,466 - __main__ - DEBUG - Getting detections from the frame.
2024-09-15 16:56:37,571 - __main__ - ERROR - Error during detection: [ONNXRuntimeError] : 7 : INVALID_PROTOBUF : Load model from yolov3-tinyu_1.onnx failed:Protobuf parsing failed.
2024-09-15 16:56:37,571 - __main__ - DEBUG - Processing bounding boxes.
2024-09-15 16:56:37,576 - __main__ - DEBUG - Lines drawn on the frame.
2024-09-15 16:56:37,580 - __main__ - INFO - Published data to MQTT: {'going_down': 0, 'going_up': 0}
2024-09-15 16:56:37,580 - __main__ - DEBUG - Counters drawn: Going Down=0, Going Up=0
2024-09-15 16:56:37,588 - __main__ - DEBUG - FPS drawn: 0.30
