2024-09-15 18:19:03,301 - __main__ - INFO - Device: cpu
2024-09-15 18:19:03,333 - __main__ - INFO - Connected to MQTT broker at 103.245.38.40:1883
2024-09-15 18:19:03,333 - __main__ - INFO - Starting main function.
2024-09-15 18:19:03,416 - __main__ - INFO - Loading model from ./yolov3-tinyu.pt
2024-09-15 18:19:03,527 - __main__ - INFO - Labels loaded: ['person', 'bicycle', 'car', 'motorcycle', 'airplane', 'bus', 'train', 'truck', 'boat']
2024-09-15 18:19:03,543 - __main__ - DEBUG - Getting detections from the frame.
2024-09-15 18:19:15,531 - __main__ - DEBUG - Processing bounding boxes.
2024-09-15 18:19:15,532 - __main__ - DEBUG - Marked object 1 at (423, 321)
2024-09-15 18:19:15,534 - __main__ - DEBUG - Marked object 1 at (423, 321)
2024-09-15 18:19:15,542 - __main__ - DEBUG - Marked object 2 at (438, 283)
2024-09-15 18:19:15,544 - __main__ - DEBUG - Marked object 2 at (438, 283)
2024-09-15 18:19:15,547 - __main__ - DEBUG - Lines drawn on the frame.
2024-09-15 18:19:15,557 - __main__ - INFO - Published data to MQTT: {'going_down': 2, 'going_up': 2}
2024-09-15 18:19:15,561 - __main__ - DEBUG - Counters drawn: Going Down=2, Going Up=2
2024-09-15 18:19:15,563 - __main__ - DEBUG - FPS drawn: 0.08
2024-09-15 18:19:15,705 - __main__ - DEBUG - Getting detections from the frame.
2024-09-15 18:19:17,160 - __main__ - DEBUG - Processing bounding boxes.
2024-09-15 18:19:17,164 - __main__ - DEBUG - Marked object 3 at (404, 295)
2024-09-15 18:19:17,164 - __main__ - DEBUG - Marked object 3 at (404, 295)
2024-09-15 18:19:17,165 - __main__ - DEBUG - Marked object 3 at (403, 290)
2024-09-15 18:19:17,166 - __main__ - DEBUG - Marked object 3 at (403, 290)
2024-09-15 18:19:17,168 - __main__ - DEBUG - Lines drawn on the frame.
2024-09-15 18:19:17,169 - __main__ - INFO - Published data to MQTT: {'going_down': 3, 'going_up': 3}
2024-09-15 18:19:17,171 - __main__ - DEBUG - Counters drawn: Going Down=3, Going Up=3
2024-09-15 18:19:17,172 - __main__ - DEBUG - FPS drawn: 0.15
2024-09-15 18:19:17,285 - __main__ - DEBUG - Getting detections from the frame.
2024-09-15 18:19:17,923 - __main__ - DEBUG - Processing bounding boxes.
2024-09-15 18:19:17,923 - __main__ - DEBUG - Lines drawn on the frame.
2024-09-15 18:19:17,923 - __main__ - INFO - Published data to MQTT: {'going_down': 3, 'going_up': 3}
2024-09-15 18:19:17,923 - __main__ - DEBUG - Counters drawn: Going Down=3, Going Up=3
2024-09-15 18:19:17,923 - __main__ - DEBUG - FPS drawn: 0.21
2024-09-15 18:19:17,942 - __main__ - DEBUG - Getting detections from the frame.
2024-09-15 18:19:18,682 - __main__ - DEBUG - Processing bounding boxes.
2024-09-15 18:19:18,683 - __main__ - DEBUG - Marked object 6 at (413, 294)
2024-09-15 18:19:18,684 - __main__ - DEBUG - Marked object 6 at (413, 294)
2024-09-15 18:19:18,684 - __main__ - DEBUG - Lines drawn on the frame.
2024-09-15 18:19:18,685 - __main__ - INFO - Published data to MQTT: {'going_down': 4, 'going_up': 4}
2024-09-15 18:19:18,686 - __main__ - DEBUG - Counters drawn: Going Down=4, Going Up=4
2024-09-15 18:19:18,692 - __main__ - DEBUG - FPS drawn: 0.26
2024-09-15 18:19:18,744 - __main__ - DEBUG - Getting detections from the frame.
2024-09-15 18:19:19,410 - __main__ - DEBUG - Processing bounding boxes.
2024-09-15 18:19:19,411 - __main__ - DEBUG - Lines drawn on the frame.
2024-09-15 18:19:19,412 - __main__ - INFO - Published data to MQTT: {'going_down': 4, 'going_up': 4}
2024-09-15 18:19:19,413 - __main__ - DEBUG - Counters drawn: Going Down=4, Going Up=4
2024-09-15 18:19:19,414 - __main__ - DEBUG - FPS drawn: 0.31
2024-09-15 18:19:19,455 - __main__ - DEBUG - Getting detections from the frame.
2024-09-15 18:19:20,079 - __main__ - DEBUG - Processing bounding boxes.
2024-09-15 18:19:20,094 - __main__ - DEBUG - Marked object 10 at (418, 319)
2024-09-15 18:19:20,094 - __main__ - DEBUG - Marked object 10 at (418, 319)
2024-09-15 18:19:20,094 - __main__ - DEBUG - Lines drawn on the frame.
2024-09-15 18:19:20,094 - __main__ - INFO - Published data to MQTT: {'going_down': 5, 'going_up': 5}
2024-09-15 18:19:20,094 - __main__ - DEBUG - Counters drawn: Going Down=5, Going Up=5
2024-09-15 18:19:20,094 - __main__ - DEBUG - FPS drawn: 0.36
2024-09-15 18:19:20,094 - __main__ - DEBUG - Getting detections from the frame.
2024-09-15 18:19:20,759 - __main__ - DEBUG - Processing bounding boxes.
2024-09-15 18:19:20,759 - __main__ - DEBUG - Lines drawn on the frame.
2024-09-15 18:19:20,759 - __main__ - INFO - Published data to MQTT: {'going_down': 5, 'going_up': 5}
2024-09-15 18:19:20,759 - __main__ - DEBUG - Counters drawn: Going Down=5, Going Up=5
2024-09-15 18:19:20,781 - __main__ - DEBUG - FPS drawn: 0.40
2024-09-15 18:19:20,799 - __main__ - DEBUG - Getting detections from the frame.
2024-09-15 18:19:21,452 - __main__ - DEBUG - Processing bounding boxes.
2024-09-15 18:19:21,452 - __main__ - DEBUG - Lines drawn on the frame.
2024-09-15 18:19:21,452 - __main__ - INFO - Published data to MQTT: {'going_down': 5, 'going_up': 5}
2024-09-15 18:19:21,452 - __main__ - DEBUG - Counters drawn: Going Down=5, Going Up=5
2024-09-15 18:19:21,452 - __main__ - DEBUG - FPS drawn: 0.44
2024-09-15 18:19:21,497 - __main__ - DEBUG - Getting detections from the frame.
2024-09-15 18:19:22,185 - __main__ - DEBUG - Processing bounding boxes.
2024-09-15 18:19:22,185 - __main__ - DEBUG - Lines drawn on the frame.
2024-09-15 18:19:22,185 - __main__ - INFO - Published data to MQTT: {'going_down': 5, 'going_up': 5}
2024-09-15 18:19:22,185 - __main__ - DEBUG - Counters drawn: Going Down=5, Going Up=5
2024-09-15 18:19:22,201 - __main__ - DEBUG - FPS drawn: 0.48
2024-09-15 18:19:22,212 - __main__ - DEBUG - Getting detections from the frame.
2024-09-15 18:19:22,898 - __main__ - DEBUG - Processing bounding boxes.
2024-09-15 18:19:22,898 - __main__ - DEBUG - Lines drawn on the frame.
2024-09-15 18:19:22,898 - __main__ - INFO - Published data to MQTT: {'going_down': 5, 'going_up': 5}
2024-09-15 18:19:22,913 - __main__ - DEBUG - Counters drawn: Going Down=5, Going Up=5
2024-09-15 18:19:22,913 - __main__ - DEBUG - FPS drawn: 0.51
2024-09-15 18:19:22,930 - __main__ - DEBUG - Getting detections from the frame.
2024-09-15 18:19:23,614 - __main__ - DEBUG - Processing bounding boxes.
2024-09-15 18:19:23,616 - __main__ - DEBUG - Lines drawn on the frame.
2024-09-15 18:19:23,617 - __main__ - INFO - Published data to MQTT: {'going_down': 5, 'going_up': 5}
2024-09-15 18:19:23,618 - __main__ - DEBUG - Counters drawn: Going Down=5, Going Up=5
2024-09-15 18:19:23,619 - __main__ - DEBUG - FPS drawn: 0.54
2024-09-15 18:19:23,628 - __main__ - DEBUG - Getting detections from the frame.
2024-09-15 18:19:24,391 - __main__ - DEBUG - Processing bounding boxes.
2024-09-15 18:19:24,391 - __main__ - DEBUG - Marked object 13 at (486, 338)
2024-09-15 18:19:24,391 - __main__ - DEBUG - Marked object 13 at (486, 338)
2024-09-15 18:19:24,391 - __main__ - DEBUG - Lines drawn on the frame.
2024-09-15 18:19:24,404 - __main__ - INFO - Published data to MQTT: {'going_down': 6, 'going_up': 6}
2024-09-15 18:19:24,407 - __main__ - DEBUG - Counters drawn: Going Down=6, Going Up=6
2024-09-15 18:19:24,410 - __main__ - DEBUG - FPS drawn: 0.57
2024-09-15 18:19:24,463 - __main__ - DEBUG - Getting detections from the frame.
2024-09-15 18:19:25,130 - __main__ - DEBUG - Processing bounding boxes.
2024-09-15 18:19:25,130 - __main__ - DEBUG - Lines drawn on the frame.
2024-09-15 18:19:25,130 - __main__ - INFO - Published data to MQTT: {'going_down': 6, 'going_up': 6}
2024-09-15 18:19:25,130 - __main__ - DEBUG - Counters drawn: Going Down=6, Going Up=6
2024-09-15 18:19:25,130 - __main__ - DEBUG - FPS drawn: 0.60
2024-09-15 18:19:25,160 - __main__ - DEBUG - Getting detections from the frame.
2024-09-15 18:19:25,957 - __main__ - DEBUG - Processing bounding boxes.
2024-09-15 18:19:25,957 - __main__ - DEBUG - Lines drawn on the frame.
2024-09-15 18:19:25,957 - __main__ - INFO - Published data to MQTT: {'going_down': 6, 'going_up': 6}
2024-09-15 18:19:25,973 - __main__ - DEBUG - Counters drawn: Going Down=6, Going Up=6
2024-09-15 18:19:25,978 - __main__ - DEBUG - FPS drawn: 0.62
2024-09-15 18:19:25,985 - __main__ - INFO - Exiting the main loop.
2024-09-15 18:19:26,008 - __main__ - INFO - Video stream released.
2024-09-15 18:19:26,098 - __main__ - INFO - Published data to MQTT: {'going_down': 6, 'going_up': 6}
