2024-09-15 11:12:03,201 - __main__ - INFO - Device: cpu
2024-09-15 11:12:03,232 - __main__ - INFO - Connected to MQTT broker at 103.245.38.40:1883
2024-09-15 11:12:03,232 - __main__ - INFO - Starting main function.
2024-09-15 11:12:03,295 - __main__ - INFO - Loading model from ./yolov3-tinyu.pt
2024-09-15 11:12:03,393 - __main__ - INFO - Labels loaded: ['person', 'bicycle', 'car', 'motorcycle', 'airplane', 'bus', 'train', 'truck', 'boat']
2024-09-15 11:12:03,432 - __main__ - DEBUG - Lines drawn on the frame.
2024-09-15 11:12:03,434 - __main__ - DEBUG - Getting detections from the frame.
2024-09-15 11:12:16,537 - __main__ - DEBUG - Processing bounding boxes.
2024-09-15 11:12:16,539 - __main__ - INFO - Published data to MQTT: {'going_down': 0, 'going_up': 0}
2024-09-15 11:12:16,542 - __main__ - DEBUG - Counters drawn: Going Down=0, Going Up=0
2024-09-15 11:12:16,546 - __main__ - DEBUG - FPS drawn: 0.08
2024-09-15 11:12:16,670 - __main__ - DEBUG - Lines drawn on the frame.
2024-09-15 11:12:16,699 - __main__ - DEBUG - Getting detections from the frame.
2024-09-15 11:12:17,608 - __main__ - DEBUG - Processing bounding boxes.
2024-09-15 11:12:17,608 - __main__ - INFO - Published data to MQTT: {'going_down': 0, 'going_up': 0}
2024-09-15 11:12:17,616 - __main__ - DEBUG - Counters drawn: Going Down=0, Going Up=0
2024-09-15 11:12:17,618 - __main__ - DEBUG - FPS drawn: 0.14
2024-09-15 11:12:17,710 - __main__ - DEBUG - Lines drawn on the frame.
2024-09-15 11:12:17,711 - __main__ - DEBUG - Getting detections from the frame.
2024-09-15 11:12:18,469 - __main__ - DEBUG - Processing bounding boxes.
2024-09-15 11:12:18,469 - __main__ - INFO - Published data to MQTT: {'going_down': 0, 'going_up': 0}
2024-09-15 11:12:18,469 - __main__ - DEBUG - Counters drawn: Going Down=0, Going Up=0
2024-09-15 11:12:18,469 - __main__ - DEBUG - FPS drawn: 0.20
2024-09-15 11:12:18,487 - __main__ - DEBUG - Lines drawn on the frame.
2024-09-15 11:12:18,488 - __main__ - DEBUG - Getting detections from the frame.
2024-09-15 11:12:19,098 - __main__ - DEBUG - Processing bounding boxes.
2024-09-15 11:12:19,098 - __main__ - INFO - Published data to MQTT: {'going_down': 0, 'going_up': 0}
2024-09-15 11:12:19,098 - __main__ - DEBUG - Counters drawn: Going Down=0, Going Up=0
2024-09-15 11:12:19,098 - __main__ - DEBUG - FPS drawn: 0.25
2024-09-15 11:12:19,133 - __main__ - DEBUG - Lines drawn on the frame.
2024-09-15 11:12:19,135 - __main__ - DEBUG - Getting detections from the frame.
2024-09-15 11:12:19,793 - __main__ - DEBUG - Processing bounding boxes.
2024-09-15 11:12:19,805 - __main__ - INFO - Published data to MQTT: {'going_down': 0, 'going_up': 0}
2024-09-15 11:12:19,806 - __main__ - DEBUG - Counters drawn: Going Down=0, Going Up=0
2024-09-15 11:12:19,820 - __main__ - DEBUG - FPS drawn: 0.30
2024-09-15 11:12:19,854 - __main__ - DEBUG - Lines drawn on the frame.
2024-09-15 11:12:19,855 - __main__ - DEBUG - Getting detections from the frame.
2024-09-15 11:12:20,521 - __main__ - DEBUG - Processing bounding boxes.
2024-09-15 11:12:20,521 - __main__ - INFO - Published data to MQTT: {'going_down': 0, 'going_up': 0}
2024-09-15 11:12:20,522 - __main__ - DEBUG - Counters drawn: Going Down=0, Going Up=0
2024-09-15 11:12:20,523 - __main__ - DEBUG - FPS drawn: 0.35
2024-09-15 11:12:20,534 - __main__ - DEBUG - Lines drawn on the frame.
2024-09-15 11:12:20,535 - __main__ - DEBUG - Getting detections from the frame.
2024-09-15 11:12:21,134 - __main__ - DEBUG - Processing bounding boxes.
2024-09-15 11:12:21,150 - __main__ - INFO - Published data to MQTT: {'going_down': 0, 'going_up': 0}
2024-09-15 11:12:21,150 - __main__ - DEBUG - Counters drawn: Going Down=0, Going Up=0
2024-09-15 11:12:21,150 - __main__ - DEBUG - FPS drawn: 0.39
2024-09-15 11:12:21,165 - __main__ - DEBUG - Lines drawn on the frame.
2024-09-15 11:12:21,167 - __main__ - DEBUG - Getting detections from the frame.
2024-09-15 11:12:21,791 - __main__ - DEBUG - Processing bounding boxes.
2024-09-15 11:12:21,791 - __main__ - INFO - Published data to MQTT: {'going_down': 0, 'going_up': 0}
2024-09-15 11:12:21,791 - __main__ - DEBUG - Counters drawn: Going Down=0, Going Up=0
2024-09-15 11:12:21,807 - __main__ - DEBUG - FPS drawn: 0.43
2024-09-15 11:12:21,861 - __main__ - DEBUG - Lines drawn on the frame.
2024-09-15 11:12:21,865 - __main__ - DEBUG - Getting detections from the frame.
2024-09-15 11:12:22,553 - __main__ - DEBUG - Processing bounding boxes.
2024-09-15 11:12:22,558 - __main__ - INFO - Published data to MQTT: {'going_down': 0, 'going_up': 0}
2024-09-15 11:12:22,559 - __main__ - DEBUG - Counters drawn: Going Down=0, Going Up=0
2024-09-15 11:12:22,560 - __main__ - DEBUG - FPS drawn: 0.47
2024-09-15 11:12:22,595 - __main__ - DEBUG - Lines drawn on the frame.
2024-09-15 11:12:22,598 - __main__ - DEBUG - Getting detections from the frame.
2024-09-15 11:12:23,260 - __main__ - DEBUG - Processing bounding boxes.
2024-09-15 11:12:23,260 - __main__ - INFO - Published data to MQTT: {'going_down': 0, 'going_up': 0}
2024-09-15 11:12:23,260 - __main__ - DEBUG - Counters drawn: Going Down=0, Going Up=0
2024-09-15 11:12:23,260 - __main__ - DEBUG - FPS drawn: 0.50
2024-09-15 11:12:23,291 - __main__ - DEBUG - Lines drawn on the frame.
2024-09-15 11:12:23,291 - __main__ - DEBUG - Getting detections from the frame.
2024-09-15 11:12:23,919 - __main__ - DEBUG - Processing bounding boxes.
2024-09-15 11:12:23,919 - __main__ - INFO - Published data to MQTT: {'going_down': 0, 'going_up': 0}
2024-09-15 11:12:23,919 - __main__ - DEBUG - Counters drawn: Going Down=0, Going Up=0
2024-09-15 11:12:23,919 - __main__ - DEBUG - FPS drawn: 0.53
2024-09-15 11:12:23,943 - __main__ - DEBUG - Lines drawn on the frame.
2024-09-15 11:12:23,945 - __main__ - DEBUG - Getting detections from the frame.
2024-09-15 11:12:24,617 - __main__ - DEBUG - Processing bounding boxes.
2024-09-15 11:12:24,617 - __main__ - INFO - Published data to MQTT: {'going_down': 0, 'going_up': 0}
2024-09-15 11:12:24,617 - __main__ - DEBUG - Counters drawn: Going Down=0, Going Up=0
2024-09-15 11:12:24,617 - __main__ - DEBUG - FPS drawn: 0.56
2024-09-15 11:12:24,641 - __main__ - DEBUG - Lines drawn on the frame.
2024-09-15 11:12:24,655 - __main__ - DEBUG - Getting detections from the frame.
2024-09-15 11:12:25,631 - __main__ - DEBUG - Processing bounding boxes.
2024-09-15 11:12:25,631 - __main__ - INFO - Published data to MQTT: {'going_down': 0, 'going_up': 0}
2024-09-15 11:12:25,631 - __main__ - DEBUG - Counters drawn: Going Down=0, Going Up=0
2024-09-15 11:12:25,631 - __main__ - DEBUG - FPS drawn: 0.58
2024-09-15 11:12:25,668 - __main__ - DEBUG - Lines drawn on the frame.
2024-09-15 11:12:25,669 - __main__ - DEBUG - Getting detections from the frame.
2024-09-15 11:12:26,298 - __main__ - DEBUG - Processing bounding boxes.
2024-09-15 11:12:26,311 - __main__ - INFO - Published data to MQTT: {'going_down': 0, 'going_up': 0}
2024-09-15 11:12:26,317 - __main__ - DEBUG - Counters drawn: Going Down=0, Going Up=0
2024-09-15 11:12:26,319 - __main__ - DEBUG - FPS drawn: 0.61
2024-09-15 11:12:26,335 - __main__ - DEBUG - Lines drawn on the frame.
2024-09-15 11:12:26,337 - __main__ - DEBUG - Getting detections from the frame.
2024-09-15 11:12:26,986 - __main__ - DEBUG - Processing bounding boxes.
2024-09-15 11:12:26,986 - __main__ - INFO - Published data to MQTT: {'going_down': 0, 'going_up': 0}
2024-09-15 11:12:26,986 - __main__ - DEBUG - Counters drawn: Going Down=0, Going Up=0
2024-09-15 11:12:26,986 - __main__ - DEBUG - FPS drawn: 0.63
2024-09-15 11:12:27,039 - __main__ - DEBUG - Lines drawn on the frame.
2024-09-15 11:12:27,040 - __main__ - DEBUG - Getting detections from the frame.
2024-09-15 11:12:27,676 - __main__ - DEBUG - Processing bounding boxes.
2024-09-15 11:12:27,692 - __main__ - INFO - Published data to MQTT: {'going_down': 0, 'going_up': 0}
2024-09-15 11:12:27,692 - __main__ - DEBUG - Counters drawn: Going Down=0, Going Up=0
2024-09-15 11:12:27,692 - __main__ - DEBUG - FPS drawn: 0.66
2024-09-15 11:12:27,733 - __main__ - DEBUG - Lines drawn on the frame.
2024-09-15 11:12:27,733 - __main__ - DEBUG - Getting detections from the frame.
2024-09-15 11:12:28,428 - __main__ - DEBUG - Processing bounding boxes.
2024-09-15 11:12:28,428 - __main__ - INFO - Published data to MQTT: {'going_down': 0, 'going_up': 0}
2024-09-15 11:12:28,428 - __main__ - DEBUG - Counters drawn: Going Down=0, Going Up=0
2024-09-15 11:12:28,428 - __main__ - DEBUG - FPS drawn: 0.68
2024-09-15 11:12:28,465 - __main__ - DEBUG - Lines drawn on the frame.
2024-09-15 11:12:28,465 - __main__ - DEBUG - Getting detections from the frame.
2024-09-15 11:12:29,100 - __main__ - DEBUG - Processing bounding boxes.
2024-09-15 11:12:29,100 - __main__ - INFO - Published data to MQTT: {'going_down': 0, 'going_up': 0}
2024-09-15 11:12:29,100 - __main__ - DEBUG - Counters drawn: Going Down=0, Going Up=0
2024-09-15 11:12:29,100 - __main__ - DEBUG - FPS drawn: 0.70
2024-09-15 11:12:29,124 - __main__ - DEBUG - Lines drawn on the frame.
2024-09-15 11:12:29,129 - __main__ - DEBUG - Getting detections from the frame.
2024-09-15 11:12:29,768 - __main__ - DEBUG - Processing bounding boxes.
2024-09-15 11:12:29,768 - __main__ - INFO - Published data to MQTT: {'going_down': 0, 'going_up': 0}
2024-09-15 11:12:29,768 - __main__ - DEBUG - Counters drawn: Going Down=0, Going Up=0
2024-09-15 11:12:29,768 - __main__ - DEBUG - FPS drawn: 0.72
2024-09-15 11:12:29,852 - __main__ - DEBUG - Lines drawn on the frame.
2024-09-15 11:12:29,852 - __main__ - DEBUG - Getting detections from the frame.
2024-09-15 11:12:30,483 - __main__ - DEBUG - Processing bounding boxes.
2024-09-15 11:12:30,485 - __main__ - INFO - Published data to MQTT: {'going_down': 0, 'going_up': 0}
2024-09-15 11:12:30,485 - __main__ - DEBUG - Counters drawn: Going Down=0, Going Up=0
2024-09-15 11:12:30,486 - __main__ - DEBUG - FPS drawn: 0.74
2024-09-15 11:12:30,497 - __main__ - DEBUG - Lines drawn on the frame.
2024-09-15 11:12:30,497 - __main__ - DEBUG - Getting detections from the frame.
2024-09-15 11:12:31,194 - __main__ - DEBUG - Processing bounding boxes.
2024-09-15 11:12:31,194 - __main__ - INFO - Published data to MQTT: {'going_down': 0, 'going_up': 0}
2024-09-15 11:12:31,194 - __main__ - DEBUG - Counters drawn: Going Down=0, Going Up=0
2024-09-15 11:12:31,194 - __main__ - DEBUG - FPS drawn: 0.75
2024-09-15 11:12:31,209 - __main__ - DEBUG - Lines drawn on the frame.
2024-09-15 11:12:31,210 - __main__ - DEBUG - Getting detections from the frame.
2024-09-15 11:12:31,891 - __main__ - DEBUG - Processing bounding boxes.
2024-09-15 11:12:31,891 - __main__ - INFO - Published data to MQTT: {'going_down': 0, 'going_up': 0}
2024-09-15 11:12:31,891 - __main__ - DEBUG - Counters drawn: Going Down=0, Going Up=0
2024-09-15 11:12:31,891 - __main__ - DEBUG - FPS drawn: 0.77
2024-09-15 11:12:31,928 - __main__ - DEBUG - Lines drawn on the frame.
2024-09-15 11:12:31,928 - __main__ - DEBUG - Getting detections from the frame.
2024-09-15 11:12:32,601 - __main__ - DEBUG - Processing bounding boxes.
2024-09-15 11:12:32,601 - __main__ - INFO - Published data to MQTT: {'going_down': 0, 'going_up': 0}
2024-09-15 11:12:32,617 - __main__ - DEBUG - Counters drawn: Going Down=0, Going Up=0
2024-09-15 11:12:32,617 - __main__ - DEBUG - FPS drawn: 0.78
2024-09-15 11:12:32,632 - __main__ - DEBUG - Lines drawn on the frame.
2024-09-15 11:12:32,633 - __main__ - DEBUG - Getting detections from the frame.
2024-09-15 11:12:33,292 - __main__ - DEBUG - Processing bounding boxes.
2024-09-15 11:12:33,292 - __main__ - INFO - Published data to MQTT: {'going_down': 0, 'going_up': 0}
2024-09-15 11:12:33,305 - __main__ - DEBUG - Counters drawn: Going Down=0, Going Up=0
2024-09-15 11:12:33,314 - __main__ - DEBUG - FPS drawn: 0.80
2024-09-15 11:12:33,321 - __main__ - DEBUG - Lines drawn on the frame.
2024-09-15 11:12:33,322 - __main__ - DEBUG - Getting detections from the frame.
2024-09-15 11:12:34,196 - __main__ - DEBUG - Processing bounding boxes.
2024-09-15 11:12:34,196 - __main__ - INFO - Published data to MQTT: {'going_down': 0, 'going_up': 0}
2024-09-15 11:12:34,196 - __main__ - DEBUG - Counters drawn: Going Down=0, Going Up=0
2024-09-15 11:12:34,196 - __main__ - DEBUG - FPS drawn: 0.81
2024-09-15 11:12:34,215 - __main__ - DEBUG - Lines drawn on the frame.
2024-09-15 11:12:34,220 - __main__ - DEBUG - Getting detections from the frame.
2024-09-15 11:12:35,060 - __main__ - DEBUG - Processing bounding boxes.
2024-09-15 11:12:35,060 - __main__ - INFO - Published data to MQTT: {'going_down': 0, 'going_up': 0}
2024-09-15 11:12:35,060 - __main__ - DEBUG - Counters drawn: Going Down=0, Going Up=0
2024-09-15 11:12:35,060 - __main__ - DEBUG - FPS drawn: 0.82
2024-09-15 11:12:35,102 - __main__ - DEBUG - Lines drawn on the frame.
2024-09-15 11:12:35,102 - __main__ - DEBUG - Getting detections from the frame.
2024-09-15 11:12:35,841 - __main__ - DEBUG - Processing bounding boxes.
2024-09-15 11:12:35,841 - __main__ - INFO - Published data to MQTT: {'going_down': 0, 'going_up': 0}
2024-09-15 11:12:35,841 - __main__ - DEBUG - Counters drawn: Going Down=0, Going Up=0
2024-09-15 11:12:35,841 - __main__ - DEBUG - FPS drawn: 0.83
2024-09-15 11:12:35,856 - __main__ - INFO - Elapsed time: 32.56
2024-09-15 11:12:35,859 - __main__ - INFO - Approx. FPS: 0.00
2024-09-15 11:12:35,884 - __main__ - INFO - Video stream released.
2024-09-15 11:12:35,910 - __main__ - INFO - Published data to MQTT: {'going_down': 0, 'going_up': 0}
2024-09-15 11:12:35,910 - __main__ - INFO - FFmpeg process finished.
2024-09-15 11:12:36,087 - __main__ - INFO - MQTT client disconnected and garbage collected.
