2024-09-15 17:28:08,743 - __main__ - INFO - Device: cpu
2024-09-15 17:28:08,778 - __main__ - INFO - Connected to MQTT broker at 103.245.38.40:1883
2024-09-15 17:28:08,781 - __main__ - INFO - Starting main function.
2024-09-15 17:28:08,848 - __main__ - INFO - Loading model from ./yolov3-tinyu.pt
2024-09-15 17:28:08,942 - __main__ - INFO - Labels loaded: ['person', 'bicycle', 'car', 'motorcycle', 'airplane', 'bus', 'train', 'truck', 'boat']
2024-09-15 17:28:08,981 - __main__ - DEBUG - Getting detections from the frame.
2024-09-15 17:28:19,393 - __main__ - DEBUG - Processing bounding boxes.
2024-09-15 17:28:19,396 - __main__ - DEBUG - Lines drawn on the frame.
2024-09-15 17:28:19,399 - __main__ - INFO - Published data to MQTT: {'going_down': 0, 'going_up': 0}
2024-09-15 17:28:19,404 - __main__ - DEBUG - Counters drawn: Going Down=0, Going Up=0
2024-09-15 17:28:19,404 - __main__ - DEBUG - FPS drawn: 0.09
2024-09-15 17:28:19,544 - __main__ - DEBUG - Getting detections from the frame.
2024-09-15 17:28:20,512 - __main__ - DEBUG - Processing bounding boxes.
2024-09-15 17:28:20,512 - __main__ - DEBUG - Lines drawn on the frame.
2024-09-15 17:28:20,512 - __main__ - INFO - Published data to MQTT: {'going_down': 0, 'going_up': 0}
2024-09-15 17:28:20,512 - __main__ - DEBUG - Counters drawn: Going Down=0, Going Up=0
2024-09-15 17:28:20,512 - __main__ - DEBUG - FPS drawn: 0.17
2024-09-15 17:28:20,585 - __main__ - DEBUG - Getting detections from the frame.
2024-09-15 17:28:21,529 - __main__ - DEBUG - Processing bounding boxes.
2024-09-15 17:28:21,529 - __main__ - DEBUG - Lines drawn on the frame.
2024-09-15 17:28:21,529 - __main__ - INFO - Published data to MQTT: {'going_down': 0, 'going_up': 0}
2024-09-15 17:28:21,529 - __main__ - DEBUG - Counters drawn: Going Down=0, Going Up=0
2024-09-15 17:28:21,529 - __main__ - DEBUG - FPS drawn: 0.24
2024-09-15 17:28:21,676 - __main__ - DEBUG - Getting detections from the frame.
2024-09-15 17:28:22,364 - __main__ - DEBUG - Processing bounding boxes.
2024-09-15 17:28:22,364 - __main__ - DEBUG - Lines drawn on the frame.
2024-09-15 17:28:22,364 - __main__ - INFO - Published data to MQTT: {'going_down': 0, 'going_up': 0}
2024-09-15 17:28:22,364 - __main__ - DEBUG - Counters drawn: Going Down=0, Going Up=0
2024-09-15 17:28:22,372 - __main__ - DEBUG - FPS drawn: 0.30
2024-09-15 17:28:22,733 - __main__ - DEBUG - Getting detections from the frame.
2024-09-15 17:28:23,420 - __main__ - DEBUG - Processing bounding boxes.
2024-09-15 17:28:23,420 - __main__ - DEBUG - Lines drawn on the frame.
2024-09-15 17:28:23,420 - __main__ - INFO - Published data to MQTT: {'going_down': 0, 'going_up': 0}
2024-09-15 17:28:23,420 - __main__ - DEBUG - Counters drawn: Going Down=0, Going Up=0
2024-09-15 17:28:23,420 - __main__ - DEBUG - FPS drawn: 0.34
2024-09-15 17:28:23,482 - __main__ - DEBUG - Getting detections from the frame.
2024-09-15 17:28:24,130 - __main__ - DEBUG - Processing bounding boxes.
2024-09-15 17:28:24,144 - __main__ - DEBUG - Lines drawn on the frame.
2024-09-15 17:28:24,148 - __main__ - INFO - Published data to MQTT: {'going_down': 0, 'going_up': 0}
2024-09-15 17:28:24,154 - __main__ - DEBUG - Counters drawn: Going Down=0, Going Up=0
2024-09-15 17:28:24,158 - __main__ - DEBUG - FPS drawn: 0.39
2024-09-15 17:28:24,208 - __main__ - DEBUG - Getting detections from the frame.
2024-09-15 17:28:24,879 - __main__ - DEBUG - Processing bounding boxes.
2024-09-15 17:28:24,879 - __main__ - DEBUG - Lines drawn on the frame.
2024-09-15 17:28:24,879 - __main__ - INFO - Published data to MQTT: {'going_down': 0, 'going_up': 0}
2024-09-15 17:28:24,879 - __main__ - DEBUG - Counters drawn: Going Down=0, Going Up=0
2024-09-15 17:28:24,879 - __main__ - DEBUG - FPS drawn: 0.44
2024-09-15 17:28:25,000 - __main__ - DEBUG - Getting detections from the frame.
2024-09-15 17:28:25,632 - __main__ - DEBUG - Processing bounding boxes.
2024-09-15 17:28:25,648 - __main__ - DEBUG - Lines drawn on the frame.
2024-09-15 17:28:25,648 - __main__ - INFO - Published data to MQTT: {'going_down': 0, 'going_up': 0}
2024-09-15 17:28:25,648 - __main__ - DEBUG - Counters drawn: Going Down=0, Going Up=0
2024-09-15 17:28:25,651 - __main__ - DEBUG - FPS drawn: 0.48
2024-09-15 17:28:25,757 - __main__ - DEBUG - Getting detections from the frame.
2024-09-15 17:28:26,335 - __main__ - DEBUG - Processing bounding boxes.
2024-09-15 17:28:26,335 - __main__ - DEBUG - Lines drawn on the frame.
2024-09-15 17:28:26,350 - __main__ - INFO - Published data to MQTT: {'going_down': 0, 'going_up': 0}
2024-09-15 17:28:26,350 - __main__ - DEBUG - Counters drawn: Going Down=0, Going Up=0
2024-09-15 17:28:26,350 - __main__ - DEBUG - FPS drawn: 0.51
2024-09-15 17:28:26,375 - __main__ - DEBUG - Getting detections from the frame.
2024-09-15 17:28:26,976 - __main__ - DEBUG - Processing bounding boxes.
2024-09-15 17:28:26,976 - __main__ - DEBUG - Lines drawn on the frame.
2024-09-15 17:28:26,976 - __main__ - INFO - Published data to MQTT: {'going_down': 0, 'going_up': 0}
2024-09-15 17:28:26,976 - __main__ - DEBUG - Counters drawn: Going Down=0, Going Up=0
2024-09-15 17:28:26,976 - __main__ - DEBUG - FPS drawn: 0.55
2024-09-15 17:28:27,066 - __main__ - DEBUG - Getting detections from the frame.
2024-09-15 17:28:27,677 - __main__ - DEBUG - Processing bounding boxes.
2024-09-15 17:28:27,677 - __main__ - DEBUG - Lines drawn on the frame.
2024-09-15 17:28:27,677 - __main__ - INFO - Published data to MQTT: {'going_down': 0, 'going_up': 0}
2024-09-15 17:28:27,677 - __main__ - DEBUG - Counters drawn: Going Down=0, Going Up=0
2024-09-15 17:28:27,677 - __main__ - DEBUG - FPS drawn: 0.58
2024-09-15 17:28:27,768 - __main__ - DEBUG - Getting detections from the frame.
2024-09-15 17:28:28,350 - __main__ - DEBUG - Processing bounding boxes.
2024-09-15 17:28:28,350 - __main__ - DEBUG - Lines drawn on the frame.
2024-09-15 17:28:28,365 - __main__ - INFO - Published data to MQTT: {'going_down': 0, 'going_up': 0}
2024-09-15 17:28:28,365 - __main__ - DEBUG - Counters drawn: Going Down=0, Going Up=0
2024-09-15 17:28:28,365 - __main__ - DEBUG - FPS drawn: 0.61
2024-09-15 17:28:28,501 - __main__ - DEBUG - Getting detections from the frame.
2024-09-15 17:28:29,085 - __main__ - DEBUG - Processing bounding boxes.
2024-09-15 17:28:29,085 - __main__ - DEBUG - Lines drawn on the frame.
2024-09-15 17:28:29,100 - __main__ - INFO - Published data to MQTT: {'going_down': 0, 'going_up': 0}
2024-09-15 17:28:29,100 - __main__ - DEBUG - Counters drawn: Going Down=0, Going Up=0
2024-09-15 17:28:29,100 - __main__ - DEBUG - FPS drawn: 0.64
2024-09-15 17:28:29,231 - __main__ - DEBUG - Getting detections from the frame.
2024-09-15 17:28:29,800 - __main__ - DEBUG - Processing bounding boxes.
2024-09-15 17:28:29,800 - __main__ - DEBUG - Lines drawn on the frame.
2024-09-15 17:28:29,800 - __main__ - INFO - Published data to MQTT: {'going_down': 0, 'going_up': 0}
2024-09-15 17:28:29,800 - __main__ - DEBUG - Counters drawn: Going Down=0, Going Up=0
2024-09-15 17:28:29,816 - __main__ - DEBUG - FPS drawn: 0.67
2024-09-15 17:28:29,868 - __main__ - DEBUG - Getting detections from the frame.
2024-09-15 17:28:30,524 - __main__ - DEBUG - Processing bounding boxes.
2024-09-15 17:28:30,524 - __main__ - DEBUG - Lines drawn on the frame.
2024-09-15 17:28:30,524 - __main__ - INFO - Published data to MQTT: {'going_down': 0, 'going_up': 0}
2024-09-15 17:28:30,524 - __main__ - DEBUG - Counters drawn: Going Down=0, Going Up=0
2024-09-15 17:28:30,524 - __main__ - DEBUG - FPS drawn: 0.69
2024-09-15 17:28:30,633 - __main__ - DEBUG - Getting detections from the frame.
2024-09-15 17:28:31,196 - __main__ - DEBUG - Processing bounding boxes.
2024-09-15 17:28:31,196 - __main__ - DEBUG - Lines drawn on the frame.
2024-09-15 17:28:31,196 - __main__ - INFO - Published data to MQTT: {'going_down': 0, 'going_up': 0}
2024-09-15 17:28:31,196 - __main__ - DEBUG - Counters drawn: Going Down=0, Going Up=0
2024-09-15 17:28:31,215 - __main__ - DEBUG - FPS drawn: 0.72
2024-09-15 17:28:31,347 - __main__ - DEBUG - Getting detections from the frame.
2024-09-15 17:28:31,892 - __main__ - DEBUG - Processing bounding boxes.
2024-09-15 17:28:31,892 - __main__ - DEBUG - Lines drawn on the frame.
2024-09-15 17:28:31,892 - __main__ - INFO - Published data to MQTT: {'going_down': 0, 'going_up': 0}
2024-09-15 17:28:31,892 - __main__ - DEBUG - Counters drawn: Going Down=0, Going Up=0
2024-09-15 17:28:31,892 - __main__ - DEBUG - FPS drawn: 0.74
2024-09-15 17:28:31,998 - __main__ - DEBUG - Getting detections from the frame.
2024-09-15 17:28:32,735 - __main__ - DEBUG - Processing bounding boxes.
2024-09-15 17:28:32,735 - __main__ - DEBUG - Lines drawn on the frame.
2024-09-15 17:28:32,735 - __main__ - INFO - Published data to MQTT: {'going_down': 0, 'going_up': 0}
2024-09-15 17:28:32,745 - __main__ - DEBUG - Counters drawn: Going Down=0, Going Up=0
2024-09-15 17:28:32,748 - __main__ - DEBUG - FPS drawn: 0.75
2024-09-15 17:28:32,778 - __main__ - DEBUG - Getting detections from the frame.
2024-09-15 17:28:33,533 - __main__ - DEBUG - Processing bounding boxes.
2024-09-15 17:28:33,534 - __main__ - DEBUG - Marked object 18 at (435, 341)
2024-09-15 17:28:33,534 - __main__ - INFO - Object 18 detected crossing downward.
2024-09-15 17:28:33,535 - __main__ - DEBUG - Marked object 18 at (435, 341)
2024-09-15 17:28:33,536 - __main__ - INFO - Object 18 detected crossing upward.
2024-09-15 17:28:33,537 - __main__ - DEBUG - Lines drawn on the frame.
2024-09-15 17:28:33,538 - __main__ - INFO - Published data to MQTT: {'going_down': 1, 'going_up': 1}
2024-09-15 17:28:33,539 - __main__ - DEBUG - Counters drawn: Going Down=1, Going Up=1
2024-09-15 17:28:33,539 - __main__ - DEBUG - FPS drawn: 0.77
2024-09-15 17:28:33,736 - __main__ - DEBUG - Getting detections from the frame.
2024-09-15 17:28:34,436 - __main__ - DEBUG - Processing bounding boxes.
2024-09-15 17:28:34,452 - __main__ - DEBUG - Lines drawn on the frame.
2024-09-15 17:28:34,453 - __main__ - INFO - Published data to MQTT: {'going_down': 1, 'going_up': 1}
2024-09-15 17:28:34,457 - __main__ - DEBUG - Counters drawn: Going Down=1, Going Up=1
2024-09-15 17:28:34,458 - __main__ - DEBUG - FPS drawn: 0.78
2024-09-15 17:28:34,512 - __main__ - DEBUG - Getting detections from the frame.
2024-09-15 17:28:35,250 - __main__ - DEBUG - Processing bounding boxes.
2024-09-15 17:28:35,250 - __main__ - DEBUG - Lines drawn on the frame.
2024-09-15 17:28:35,250 - __main__ - INFO - Published data to MQTT: {'going_down': 1, 'going_up': 1}
2024-09-15 17:28:35,250 - __main__ - DEBUG - Counters drawn: Going Down=1, Going Up=1
2024-09-15 17:28:35,250 - __main__ - DEBUG - FPS drawn: 0.80
2024-09-15 17:28:35,304 - __main__ - DEBUG - Getting detections from the frame.
2024-09-15 17:28:36,109 - __main__ - DEBUG - Processing bounding boxes.
2024-09-15 17:28:36,109 - __main__ - DEBUG - Lines drawn on the frame.
2024-09-15 17:28:36,109 - __main__ - INFO - Published data to MQTT: {'going_down': 1, 'going_up': 1}
2024-09-15 17:28:36,109 - __main__ - DEBUG - Counters drawn: Going Down=1, Going Up=1
2024-09-15 17:28:36,121 - __main__ - DEBUG - FPS drawn: 0.81
2024-09-15 17:28:36,204 - __main__ - DEBUG - Getting detections from the frame.
2024-09-15 17:28:36,955 - __main__ - WARNING - Label index out of range: 9
2024-09-15 17:28:36,955 - __main__ - DEBUG - Processing bounding boxes.
2024-09-15 17:28:36,955 - __main__ - DEBUG - Marked object 23 at (280, 345)
2024-09-15 17:28:36,955 - __main__ - INFO - Object 23 detected crossing downward.
2024-09-15 17:28:36,955 - __main__ - DEBUG - Marked object 23 at (280, 345)
2024-09-15 17:28:36,964 - __main__ - INFO - Object 23 detected crossing upward.
2024-09-15 17:28:36,964 - __main__ - DEBUG - Lines drawn on the frame.
2024-09-15 17:28:36,966 - __main__ - INFO - Published data to MQTT: {'going_down': 2, 'going_up': 2}
2024-09-15 17:28:36,966 - __main__ - DEBUG - Counters drawn: Going Down=2, Going Up=2
2024-09-15 17:28:36,967 - __main__ - DEBUG - FPS drawn: 0.82
2024-09-15 17:28:37,048 - __main__ - DEBUG - Getting detections from the frame.
2024-09-15 17:28:37,697 - __main__ - DEBUG - Processing bounding boxes.
2024-09-15 17:28:37,698 - __main__ - DEBUG - Lines drawn on the frame.
2024-09-15 17:28:37,700 - __main__ - INFO - Published data to MQTT: {'going_down': 2, 'going_up': 2}
2024-09-15 17:28:37,700 - __main__ - DEBUG - Counters drawn: Going Down=2, Going Up=2
2024-09-15 17:28:37,701 - __main__ - DEBUG - FPS drawn: 0.83
2024-09-15 17:28:37,754 - __main__ - DEBUG - Getting detections from the frame.
2024-09-15 17:28:38,408 - __main__ - DEBUG - Processing bounding boxes.
2024-09-15 17:28:38,408 - __main__ - DEBUG - Lines drawn on the frame.
2024-09-15 17:28:38,423 - __main__ - INFO - Published data to MQTT: {'going_down': 2, 'going_up': 2}
2024-09-15 17:28:38,423 - __main__ - DEBUG - Counters drawn: Going Down=2, Going Up=2
2024-09-15 17:28:38,423 - __main__ - DEBUG - FPS drawn: 0.85
2024-09-15 17:28:38,517 - __main__ - DEBUG - Getting detections from the frame.
2024-09-15 17:28:39,173 - __main__ - DEBUG - Processing bounding boxes.
2024-09-15 17:28:39,173 - __main__ - DEBUG - Lines drawn on the frame.
2024-09-15 17:28:39,173 - __main__ - INFO - Published data to MQTT: {'going_down': 2, 'going_up': 2}
2024-09-15 17:28:39,173 - __main__ - DEBUG - Counters drawn: Going Down=2, Going Up=2
2024-09-15 17:28:39,173 - __main__ - DEBUG - FPS drawn: 0.86
2024-09-15 17:28:39,189 - __main__ - DEBUG - Getting detections from the frame.
2024-09-15 17:28:39,863 - __main__ - DEBUG - Processing bounding boxes.
2024-09-15 17:28:39,866 - __main__ - DEBUG - Lines drawn on the frame.
2024-09-15 17:28:39,869 - __main__ - INFO - Published data to MQTT: {'going_down': 2, 'going_up': 2}
2024-09-15 17:28:39,870 - __main__ - DEBUG - Counters drawn: Going Down=2, Going Up=2
2024-09-15 17:28:39,881 - __main__ - DEBUG - FPS drawn: 0.87
2024-09-15 17:28:39,951 - __main__ - DEBUG - Getting detections from the frame.
2024-09-15 17:28:40,580 - __main__ - DEBUG - Processing bounding boxes.
2024-09-15 17:28:40,580 - __main__ - DEBUG - Lines drawn on the frame.
2024-09-15 17:28:40,580 - __main__ - INFO - Published data to MQTT: {'going_down': 2, 'going_up': 2}
2024-09-15 17:28:40,580 - __main__ - DEBUG - Counters drawn: Going Down=2, Going Up=2
2024-09-15 17:28:40,580 - __main__ - DEBUG - FPS drawn: 0.88
2024-09-15 17:28:40,648 - __main__ - DEBUG - Getting detections from the frame.
2024-09-15 17:28:41,268 - __main__ - DEBUG - Processing bounding boxes.
2024-09-15 17:28:41,284 - __main__ - DEBUG - Lines drawn on the frame.
2024-09-15 17:28:41,284 - __main__ - INFO - Published data to MQTT: {'going_down': 2, 'going_up': 2}
2024-09-15 17:28:41,284 - __main__ - DEBUG - Counters drawn: Going Down=2, Going Up=2
2024-09-15 17:28:41,284 - __main__ - DEBUG - FPS drawn: 0.89
2024-09-15 17:28:41,378 - __main__ - DEBUG - Getting detections from the frame.
2024-09-15 17:28:42,364 - __main__ - DEBUG - Processing bounding boxes.
2024-09-15 17:28:42,364 - __main__ - DEBUG - Lines drawn on the frame.
2024-09-15 17:28:42,364 - __main__ - INFO - Published data to MQTT: {'going_down': 2, 'going_up': 2}
2024-09-15 17:28:42,364 - __main__ - DEBUG - Counters drawn: Going Down=2, Going Up=2
2024-09-15 17:28:42,364 - __main__ - DEBUG - FPS drawn: 0.90
2024-09-15 17:28:42,426 - __main__ - DEBUG - Getting detections from the frame.
2024-09-15 17:28:43,067 - __main__ - DEBUG - Processing bounding boxes.
2024-09-15 17:28:43,067 - __main__ - DEBUG - Marked object 37 at (444, 346)
2024-09-15 17:28:43,067 - __main__ - INFO - Object 37 detected crossing downward.
2024-09-15 17:28:43,067 - __main__ - DEBUG - Marked object 37 at (444, 346)
2024-09-15 17:28:43,067 - __main__ - INFO - Object 37 detected crossing upward.
2024-09-15 17:28:43,067 - __main__ - DEBUG - Lines drawn on the frame.
2024-09-15 17:28:43,080 - __main__ - INFO - Published data to MQTT: {'going_down': 3, 'going_up': 3}
2024-09-15 17:28:43,081 - __main__ - DEBUG - Counters drawn: Going Down=3, Going Up=3
2024-09-15 17:28:43,083 - __main__ - DEBUG - FPS drawn: 0.91
2024-09-15 17:28:43,108 - __main__ - DEBUG - Getting detections from the frame.
2024-09-15 17:28:43,583 - __main__ - INFO - End of video stream reached. Stopping video.
2024-09-15 17:28:43,701 - __main__ - DEBUG - Processing bounding boxes.
2024-09-15 17:28:43,701 - __main__ - DEBUG - Lines drawn on the frame.
2024-09-15 17:28:43,701 - __main__ - INFO - Published data to MQTT: {'going_down': 3, 'going_up': 3}
2024-09-15 17:28:43,701 - __main__ - DEBUG - Counters drawn: Going Down=3, Going Up=3
2024-09-15 17:28:43,701 - __main__ - DEBUG - FPS drawn: 0.92
2024-09-15 17:28:43,701 - __main__ - ERROR - Error reading frame, exiting.
2024-09-15 17:28:43,720 - __main__ - INFO - Video stream released.
2024-09-15 17:28:43,798 - __main__ - INFO - Published data to MQTT: {'going_down': 3, 'going_up': 3}
