2024-09-15 20:57:06,855 - __main__ - INFO - Device: cpu
2024-09-15 20:57:06,918 - __main__ - INFO - Connected to MQTT broker at 103.245.38.40:1883
2024-09-15 20:57:06,924 - __main__ - INFO - Starting main function.
2024-09-15 20:57:07,131 - __main__ - INFO - Loading model from ./yolov3-tinyu.pt
2024-09-15 20:57:07,402 - __main__ - INFO - Labels loaded: ['person', 'bicycle', 'car', 'motorcycle', 'airplane', 'bus', 'train', 'truck', 'boat']
2024-09-15 20:57:08,642 - __main__ - DEBUG - Getting detections from the frame.
2024-09-15 20:57:26,374 - __main__ - DEBUG - Processing bounding boxes.
2024-09-15 20:57:26,377 - __main__ - DEBUG - Lines drawn on the frame.
2024-09-15 20:57:26,379 - __main__ - INFO - Published data to MQTT: {'going_down': 0, 'going_up': 0}
2024-09-15 20:57:26,380 - __main__ - DEBUG - Counters drawn: Going Down=0, Going Up=0
2024-09-15 20:57:26,381 - __main__ - DEBUG - FPS drawn: 0.05
2024-09-15 20:57:26,620 - __main__ - DEBUG - Getting detections from the frame.
2024-09-15 20:57:28,434 - __main__ - DEBUG - Processing bounding boxes.
2024-09-15 20:57:28,436 - __main__ - DEBUG - Lines drawn on the frame.
2024-09-15 20:57:28,438 - __main__ - INFO - Published data to MQTT: {'going_down': 0, 'going_up': 0}
2024-09-15 20:57:28,441 - __main__ - DEBUG - Counters drawn: Going Down=0, Going Up=0
2024-09-15 20:57:28,442 - __main__ - DEBUG - FPS drawn: 0.09
2024-09-15 20:57:28,477 - __main__ - DEBUG - Getting detections from the frame.
2024-09-15 20:57:29,769 - __main__ - DEBUG - Processing bounding boxes.
2024-09-15 20:57:29,770 - __main__ - DEBUG - Lines drawn on the frame.
2024-09-15 20:57:29,772 - __main__ - INFO - Published data to MQTT: {'going_down': 0, 'going_up': 0}
2024-09-15 20:57:29,773 - __main__ - DEBUG - Counters drawn: Going Down=0, Going Up=0
2024-09-15 20:57:29,777 - __main__ - DEBUG - FPS drawn: 0.13
2024-09-15 20:57:29,796 - __main__ - DEBUG - Getting detections from the frame.
2024-09-15 20:57:31,336 - __main__ - DEBUG - Processing bounding boxes.
2024-09-15 20:57:31,351 - __main__ - DEBUG - Marked object 2 at (428, 286)
2024-09-15 20:57:31,353 - __main__ - DEBUG - Marked object 2 at (428, 286)
2024-09-15 20:57:31,354 - __main__ - DEBUG - Lines drawn on the frame.
2024-09-15 20:57:31,356 - __main__ - INFO - Published data to MQTT: {'going_down': 1, 'going_up': 1}
2024-09-15 20:57:31,356 - __main__ - DEBUG - Counters drawn: Going Down=1, Going Up=1
2024-09-15 20:57:31,357 - __main__ - DEBUG - FPS drawn: 0.17
2024-09-15 20:57:31,370 - __main__ - DEBUG - Getting detections from the frame.
2024-09-15 20:57:32,833 - __main__ - DEBUG - Processing bounding boxes.
2024-09-15 20:57:32,834 - __main__ - DEBUG - Lines drawn on the frame.
2024-09-15 20:57:32,835 - __main__ - INFO - Published data to MQTT: {'going_down': 1, 'going_up': 1}
2024-09-15 20:57:32,836 - __main__ - DEBUG - Counters drawn: Going Down=1, Going Up=1
2024-09-15 20:57:32,837 - __main__ - DEBUG - FPS drawn: 0.19
2024-09-15 20:57:32,873 - __main__ - DEBUG - Getting detections from the frame.
2024-09-15 20:57:34,266 - __main__ - DEBUG - Processing bounding boxes.
2024-09-15 20:57:34,267 - __main__ - DEBUG - Lines drawn on the frame.
2024-09-15 20:57:34,268 - __main__ - INFO - Published data to MQTT: {'going_down': 1, 'going_up': 1}
2024-09-15 20:57:34,269 - __main__ - DEBUG - Counters drawn: Going Down=1, Going Up=1
2024-09-15 20:57:34,270 - __main__ - DEBUG - FPS drawn: 0.22
2024-09-15 20:57:34,298 - __main__ - DEBUG - Getting detections from the frame.
2024-09-15 20:57:35,716 - __main__ - DEBUG - Processing bounding boxes.
2024-09-15 20:57:35,726 - __main__ - DEBUG - Marked object 4 at (419, 324)
2024-09-15 20:57:35,730 - __main__ - DEBUG - Marked object 4 at (419, 324)
2024-09-15 20:57:35,733 - __main__ - DEBUG - Lines drawn on the frame.
2024-09-15 20:57:35,738 - __main__ - INFO - Published data to MQTT: {'going_down': 2, 'going_up': 2}
2024-09-15 20:57:35,741 - __main__ - DEBUG - Counters drawn: Going Down=2, Going Up=2
2024-09-15 20:57:35,743 - __main__ - DEBUG - FPS drawn: 0.24
2024-09-15 20:57:35,783 - __main__ - DEBUG - Getting detections from the frame.
2024-09-15 20:57:37,269 - __main__ - DEBUG - Processing bounding boxes.
2024-09-15 20:57:37,271 - __main__ - DEBUG - Lines drawn on the frame.
2024-09-15 20:57:37,272 - __main__ - INFO - Published data to MQTT: {'going_down': 2, 'going_up': 2}
2024-09-15 20:57:37,273 - __main__ - DEBUG - Counters drawn: Going Down=2, Going Up=2
2024-09-15 20:57:37,273 - __main__ - DEBUG - FPS drawn: 0.27
2024-09-15 20:57:37,326 - __main__ - DEBUG - Getting detections from the frame.
2024-09-15 20:57:38,847 - __main__ - DEBUG - Processing bounding boxes.
2024-09-15 20:57:38,848 - __main__ - DEBUG - Marked object 6 at (286, 285)
2024-09-15 20:57:38,850 - __main__ - DEBUG - Marked object 6 at (286, 285)
2024-09-15 20:57:38,852 - __main__ - DEBUG - Lines drawn on the frame.
2024-09-15 20:57:38,854 - __main__ - INFO - Published data to MQTT: {'going_down': 3, 'going_up': 3}
2024-09-15 20:57:38,855 - __main__ - DEBUG - Counters drawn: Going Down=3, Going Up=3
2024-09-15 20:57:38,857 - __main__ - DEBUG - FPS drawn: 0.28
2024-09-15 20:57:38,907 - __main__ - DEBUG - Getting detections from the frame.
2024-09-15 20:57:40,353 - __main__ - WARNING - Label index out of range: 25
2024-09-15 20:57:40,355 - __main__ - DEBUG - Processing bounding boxes.
2024-09-15 20:57:40,404 - __main__ - DEBUG - Marked object 7 at (239, 289)
2024-09-15 20:57:40,409 - __main__ - DEBUG - Marked object 7 at (239, 289)
2024-09-15 20:57:40,409 - __main__ - DEBUG - Marked object 6 at (304, 277)
2024-09-15 20:57:40,410 - __main__ - DEBUG - Lines drawn on the frame.
2024-09-15 20:57:40,411 - __main__ - INFO - Published data to MQTT: {'going_down': 4, 'going_up': 4}
2024-09-15 20:57:40,412 - __main__ - DEBUG - Counters drawn: Going Down=4, Going Up=4
2024-09-15 20:57:40,413 - __main__ - DEBUG - FPS drawn: 0.30
2024-09-15 20:57:40,478 - __main__ - DEBUG - Getting detections from the frame.
2024-09-15 20:57:42,059 - __main__ - DEBUG - Processing bounding boxes.
2024-09-15 20:57:42,061 - __main__ - DEBUG - Marked object 8 at (292, 305)
2024-09-15 20:57:42,062 - __main__ - DEBUG - Marked object 8 at (292, 305)
2024-09-15 20:57:42,063 - __main__ - DEBUG - Marked object 6 at (289, 262)
2024-09-15 20:57:42,066 - __main__ - DEBUG - Lines drawn on the frame.
2024-09-15 20:57:42,072 - __main__ - INFO - Published data to MQTT: {'going_down': 5, 'going_up': 5}
2024-09-15 20:57:42,073 - __main__ - DEBUG - Counters drawn: Going Down=5, Going Up=5
2024-09-15 20:57:42,074 - __main__ - DEBUG - FPS drawn: 0.31
2024-09-15 20:57:42,089 - __main__ - DEBUG - Getting detections from the frame.
2024-09-15 20:57:43,466 - __main__ - DEBUG - Processing bounding boxes.
2024-09-15 20:57:43,473 - __main__ - DEBUG - Marked object 9 at (284, 342)
2024-09-15 20:57:43,474 - __main__ - DEBUG - Marked object 9 at (284, 342)
2024-09-15 20:57:43,476 - __main__ - DEBUG - Marked object 6 at (309, 264)
2024-09-15 20:57:43,478 - __main__ - DEBUG - Marked object 11 at (260, 281)
2024-09-15 20:57:43,481 - __main__ - DEBUG - Marked object 11 at (260, 281)
2024-09-15 20:57:43,483 - __main__ - DEBUG - Lines drawn on the frame.
2024-09-15 20:57:43,485 - __main__ - INFO - Published data to MQTT: {'going_down': 7, 'going_up': 7}
2024-09-15 20:57:43,488 - __main__ - DEBUG - Counters drawn: Going Down=7, Going Up=7
2024-09-15 20:57:43,491 - __main__ - DEBUG - FPS drawn: 0.33
2024-09-15 20:57:43,562 - __main__ - DEBUG - Getting detections from the frame.
2024-09-15 20:57:45,006 - __main__ - DEBUG - Processing bounding boxes.
2024-09-15 20:57:45,007 - __main__ - DEBUG - Marked object 6 at (310, 265)
2024-09-15 20:57:45,007 - __main__ - DEBUG - Marked object 11 at (266, 266)
2024-09-15 20:57:45,009 - __main__ - DEBUG - Lines drawn on the frame.
2024-09-15 20:57:45,010 - __main__ - INFO - Published data to MQTT: {'going_down': 7, 'going_up': 7}
2024-09-15 20:57:45,011 - __main__ - DEBUG - Counters drawn: Going Down=7, Going Up=7
2024-09-15 20:57:45,012 - __main__ - DEBUG - FPS drawn: 0.34
2024-09-15 20:57:45,083 - __main__ - DEBUG - Getting detections from the frame.
2024-09-15 20:57:45,978 - __main__ - INFO - End of video stream reached. Stopping video.
2024-09-15 20:57:46,117 - __main__ - DEBUG - Processing bounding boxes.
2024-09-15 20:57:46,117 - __main__ - DEBUG - Marked object 11 at (277, 279)
2024-09-15 20:57:46,118 - __main__ - DEBUG - Lines drawn on the frame.
2024-09-15 20:57:46,119 - __main__ - INFO - Published data to MQTT: {'going_down': 7, 'going_up': 7}
2024-09-15 20:57:46,120 - __main__ - DEBUG - Counters drawn: Going Down=7, Going Up=7
2024-09-15 20:57:46,121 - __main__ - DEBUG - FPS drawn: 0.36
2024-09-15 20:57:46,124 - __main__ - ERROR - Error reading frame, exiting.
2024-09-15 20:57:46,143 - __main__ - INFO - Video stream released.
2024-09-15 20:57:46,251 - __main__ - INFO - Published data to MQTT: {'going_down': 7, 'going_up': 7}
