2024-09-15 18:20:21,275 - __main__ - INFO - Device: cpu
2024-09-15 18:20:21,309 - __main__ - INFO - Connected to MQTT broker at 103.245.38.40:1883
2024-09-15 18:20:21,313 - __main__ - INFO - Starting main function.
2024-09-15 18:20:21,406 - __main__ - INFO - Loading model from ./yolov3-tinyu.pt
2024-09-15 18:20:21,663 - __main__ - INFO - Labels loaded: ['person', 'bicycle', 'car', 'motorcycle', 'airplane', 'bus', 'train', 'truck', 'boat']
2024-09-15 18:20:21,705 - __main__ - DEBUG - Getting detections from the frame.
2024-09-15 18:20:32,707 - __main__ - DEBUG - Processing bounding boxes.
2024-09-15 18:20:32,707 - __main__ - DEBUG - Marked object 1 at (445, 288)
2024-09-15 18:20:32,707 - __main__ - DEBUG - Marked object 1 at (445, 288)
2024-09-15 18:20:32,717 - __main__ - DEBUG - Marked object 2 at (433, 332)
2024-09-15 18:20:32,717 - __main__ - DEBUG - Marked object 2 at (433, 332)
2024-09-15 18:20:32,736 - __main__ - DEBUG - Lines drawn on the frame.
2024-09-15 18:20:32,742 - __main__ - INFO - Published data to MQTT: {'going_down': 2, 'going_up': 2}
2024-09-15 18:20:32,746 - __main__ - DEBUG - Counters drawn: Going Down=2, Going Up=2
2024-09-15 18:20:32,757 - __main__ - DEBUG - FPS drawn: 0.09
2024-09-15 18:20:32,908 - __main__ - DEBUG - Getting detections from the frame.
2024-09-15 18:20:34,120 - __main__ - DEBUG - Processing bounding boxes.
2024-09-15 18:20:34,120 - __main__ - DEBUG - Lines drawn on the frame.
2024-09-15 18:20:34,120 - __main__ - INFO - Published data to MQTT: {'going_down': 2, 'going_up': 2}
2024-09-15 18:20:34,120 - __main__ - DEBUG - Counters drawn: Going Down=2, Going Up=2
2024-09-15 18:20:34,120 - __main__ - DEBUG - FPS drawn: 0.16
2024-09-15 18:20:34,160 - __main__ - DEBUG - Getting detections from the frame.
2024-09-15 18:20:34,831 - __main__ - DEBUG - Processing bounding boxes.
2024-09-15 18:20:34,831 - __main__ - DEBUG - Lines drawn on the frame.
2024-09-15 18:20:34,831 - __main__ - INFO - Published data to MQTT: {'going_down': 2, 'going_up': 2}
2024-09-15 18:20:34,831 - __main__ - DEBUG - Counters drawn: Going Down=2, Going Up=2
2024-09-15 18:20:34,831 - __main__ - DEBUG - FPS drawn: 0.22
2024-09-15 18:20:34,854 - __main__ - DEBUG - Getting detections from the frame.
2024-09-15 18:20:35,561 - __main__ - DEBUG - Processing bounding boxes.
2024-09-15 18:20:35,561 - __main__ - DEBUG - Lines drawn on the frame.
2024-09-15 18:20:35,561 - __main__ - INFO - Published data to MQTT: {'going_down': 2, 'going_up': 2}
2024-09-15 18:20:35,561 - __main__ - DEBUG - Counters drawn: Going Down=2, Going Up=2
2024-09-15 18:20:35,571 - __main__ - DEBUG - FPS drawn: 0.28
2024-09-15 18:20:35,590 - __main__ - DEBUG - Getting detections from the frame.
2024-09-15 18:20:36,280 - __main__ - DEBUG - Processing bounding boxes.
2024-09-15 18:20:36,280 - __main__ - DEBUG - Marked object 5 at (227, 287)
2024-09-15 18:20:36,280 - __main__ - DEBUG - Marked object 5 at (227, 287)
2024-09-15 18:20:36,280 - __main__ - DEBUG - Marked object 6 at (463, 333)
2024-09-15 18:20:36,280 - __main__ - DEBUG - Marked object 6 at (463, 333)
2024-09-15 18:20:36,280 - __main__ - DEBUG - Lines drawn on the frame.
2024-09-15 18:20:36,280 - __main__ - INFO - Published data to MQTT: {'going_down': 4, 'going_up': 4}
2024-09-15 18:20:36,289 - __main__ - DEBUG - Counters drawn: Going Down=4, Going Up=4
2024-09-15 18:20:36,290 - __main__ - DEBUG - FPS drawn: 0.34
2024-09-15 18:20:36,319 - __main__ - DEBUG - Getting detections from the frame.
2024-09-15 18:20:36,969 - __main__ - DEBUG - Processing bounding boxes.
2024-09-15 18:20:36,977 - __main__ - DEBUG - Marked object 7 at (396, 288)
2024-09-15 18:20:36,978 - __main__ - DEBUG - Marked object 7 at (396, 288)
2024-09-15 18:20:36,981 - __main__ - DEBUG - Lines drawn on the frame.
2024-09-15 18:20:36,986 - __main__ - INFO - Published data to MQTT: {'going_down': 5, 'going_up': 5}
2024-09-15 18:20:36,986 - __main__ - DEBUG - Counters drawn: Going Down=5, Going Up=5
2024-09-15 18:20:36,986 - __main__ - DEBUG - FPS drawn: 0.39
2024-09-15 18:20:37,072 - __main__ - DEBUG - Getting detections from the frame.
2024-09-15 18:20:37,718 - __main__ - DEBUG - Processing bounding boxes.
2024-09-15 18:20:37,718 - __main__ - DEBUG - Lines drawn on the frame.
2024-09-15 18:20:37,734 - __main__ - INFO - Published data to MQTT: {'going_down': 5, 'going_up': 5}
2024-09-15 18:20:37,734 - __main__ - DEBUG - Counters drawn: Going Down=5, Going Up=5
2024-09-15 18:20:37,734 - __main__ - DEBUG - FPS drawn: 0.43
2024-09-15 18:20:37,785 - __main__ - DEBUG - Getting detections from the frame.
2024-09-15 18:20:38,462 - __main__ - DEBUG - Processing bounding boxes.
2024-09-15 18:20:38,462 - __main__ - DEBUG - Lines drawn on the frame.
2024-09-15 18:20:38,478 - __main__ - INFO - Published data to MQTT: {'going_down': 5, 'going_up': 5}
2024-09-15 18:20:38,478 - __main__ - DEBUG - Counters drawn: Going Down=5, Going Up=5
2024-09-15 18:20:38,478 - __main__ - DEBUG - FPS drawn: 0.47
2024-09-15 18:20:38,539 - __main__ - DEBUG - Getting detections from the frame.
2024-09-15 18:20:39,256 - __main__ - DEBUG - Processing bounding boxes.
2024-09-15 18:20:39,257 - __main__ - DEBUG - Lines drawn on the frame.
2024-09-15 18:20:39,258 - __main__ - INFO - Published data to MQTT: {'going_down': 5, 'going_up': 5}
2024-09-15 18:20:39,258 - __main__ - DEBUG - Counters drawn: Going Down=5, Going Up=5
2024-09-15 18:20:39,259 - __main__ - DEBUG - FPS drawn: 0.50
2024-09-15 18:20:39,268 - __main__ - DEBUG - Getting detections from the frame.
2024-09-15 18:20:39,935 - __main__ - DEBUG - Processing bounding boxes.
2024-09-15 18:20:39,935 - __main__ - DEBUG - Lines drawn on the frame.
2024-09-15 18:20:39,935 - __main__ - INFO - Published data to MQTT: {'going_down': 5, 'going_up': 5}
2024-09-15 18:20:39,935 - __main__ - DEBUG - Counters drawn: Going Down=5, Going Up=5
2024-09-15 18:20:39,935 - __main__ - DEBUG - FPS drawn: 0.54
2024-09-15 18:20:39,973 - __main__ - DEBUG - Getting detections from the frame.
2024-09-15 18:20:40,634 - __main__ - DEBUG - Processing bounding boxes.
2024-09-15 18:20:40,635 - __main__ - DEBUG - Lines drawn on the frame.
2024-09-15 18:20:40,636 - __main__ - INFO - Published data to MQTT: {'going_down': 5, 'going_up': 5}
2024-09-15 18:20:40,637 - __main__ - DEBUG - Counters drawn: Going Down=5, Going Up=5
2024-09-15 18:20:40,638 - __main__ - DEBUG - FPS drawn: 0.57
2024-09-15 18:20:40,652 - __main__ - DEBUG - Getting detections from the frame.
2024-09-15 18:20:41,328 - __main__ - DEBUG - Processing bounding boxes.
2024-09-15 18:20:41,328 - __main__ - DEBUG - Marked object 10 at (444, 303)
2024-09-15 18:20:41,328 - __main__ - DEBUG - Marked object 10 at (444, 303)
2024-09-15 18:20:41,328 - __main__ - DEBUG - Marked object 10 at (443, 299)
2024-09-15 18:20:41,328 - __main__ - DEBUG - Marked object 10 at (443, 299)
2024-09-15 18:20:41,328 - __main__ - DEBUG - Lines drawn on the frame.
2024-09-15 18:20:41,344 - __main__ - INFO - Published data to MQTT: {'going_down': 6, 'going_up': 6}
2024-09-15 18:20:41,348 - __main__ - DEBUG - Counters drawn: Going Down=6, Going Up=6
2024-09-15 18:20:41,349 - __main__ - DEBUG - FPS drawn: 0.60
2024-09-15 18:20:41,375 - __main__ - DEBUG - Getting detections from the frame.
2024-09-15 18:20:42,027 - __main__ - DEBUG - Processing bounding boxes.
2024-09-15 18:20:42,027 - __main__ - DEBUG - Lines drawn on the frame.
2024-09-15 18:20:42,027 - __main__ - INFO - Published data to MQTT: {'going_down': 6, 'going_up': 6}
2024-09-15 18:20:42,027 - __main__ - DEBUG - Counters drawn: Going Down=6, Going Up=6
2024-09-15 18:20:42,027 - __main__ - DEBUG - FPS drawn: 0.63
2024-09-15 18:20:42,078 - __main__ - DEBUG - Getting detections from the frame.
2024-09-15 18:20:42,741 - __main__ - DEBUG - Processing bounding boxes.
2024-09-15 18:20:42,743 - __main__ - DEBUG - Lines drawn on the frame.
2024-09-15 18:20:42,746 - __main__ - INFO - Published data to MQTT: {'going_down': 6, 'going_up': 6}
2024-09-15 18:20:42,753 - __main__ - DEBUG - Counters drawn: Going Down=6, Going Up=6
2024-09-15 18:20:42,760 - __main__ - DEBUG - FPS drawn: 0.66
2024-09-15 18:20:42,782 - __main__ - DEBUG - Getting detections from the frame.
2024-09-15 18:20:43,460 - __main__ - DEBUG - Processing bounding boxes.
2024-09-15 18:20:43,460 - __main__ - DEBUG - Lines drawn on the frame.
2024-09-15 18:20:43,460 - __main__ - INFO - Published data to MQTT: {'going_down': 6, 'going_up': 6}
2024-09-15 18:20:43,460 - __main__ - DEBUG - Counters drawn: Going Down=6, Going Up=6
2024-09-15 18:20:43,475 - __main__ - DEBUG - FPS drawn: 0.68
2024-09-15 18:20:43,506 - __main__ - DEBUG - Getting detections from the frame.
2024-09-15 18:20:44,135 - __main__ - DEBUG - Processing bounding boxes.
2024-09-15 18:20:44,135 - __main__ - DEBUG - Lines drawn on the frame.
2024-09-15 18:20:44,135 - __main__ - INFO - Published data to MQTT: {'going_down': 6, 'going_up': 6}
2024-09-15 18:20:44,135 - __main__ - DEBUG - Counters drawn: Going Down=6, Going Up=6
2024-09-15 18:20:44,135 - __main__ - DEBUG - FPS drawn: 0.70
2024-09-15 18:20:44,164 - __main__ - DEBUG - Getting detections from the frame.
2024-09-15 18:20:44,807 - __main__ - DEBUG - Processing bounding boxes.
2024-09-15 18:20:44,807 - __main__ - DEBUG - Marked object 14 at (402, 303)
2024-09-15 18:20:44,807 - __main__ - DEBUG - Marked object 14 at (402, 303)
2024-09-15 18:20:44,807 - __main__ - DEBUG - Marked object 14 at (401, 299)
2024-09-15 18:20:44,807 - __main__ - DEBUG - Marked object 14 at (401, 299)
2024-09-15 18:20:44,807 - __main__ - DEBUG - Lines drawn on the frame.
2024-09-15 18:20:44,807 - __main__ - INFO - Published data to MQTT: {'going_down': 7, 'going_up': 7}
2024-09-15 18:20:44,807 - __main__ - DEBUG - Counters drawn: Going Down=7, Going Up=7
2024-09-15 18:20:44,822 - __main__ - DEBUG - FPS drawn: 0.73
2024-09-15 18:20:44,838 - __main__ - DEBUG - Getting detections from the frame.
2024-09-15 18:20:45,483 - __main__ - DEBUG - Processing bounding boxes.
2024-09-15 18:20:45,483 - __main__ - DEBUG - Marked object 15 at (423, 330)
2024-09-15 18:20:45,483 - __main__ - DEBUG - Marked object 15 at (423, 330)
2024-09-15 18:20:45,483 - __main__ - DEBUG - Lines drawn on the frame.
2024-09-15 18:20:45,483 - __main__ - INFO - Published data to MQTT: {'going_down': 8, 'going_up': 8}
2024-09-15 18:20:45,489 - __main__ - DEBUG - Counters drawn: Going Down=8, Going Up=8
2024-09-15 18:20:45,490 - __main__ - DEBUG - FPS drawn: 0.75
2024-09-15 18:20:45,508 - __main__ - DEBUG - Getting detections from the frame.
2024-09-15 18:20:46,704 - __main__ - DEBUG - Processing bounding boxes.
2024-09-15 18:20:46,704 - __main__ - DEBUG - Lines drawn on the frame.
2024-09-15 18:20:46,704 - __main__ - INFO - Published data to MQTT: {'going_down': 8, 'going_up': 8}
2024-09-15 18:20:46,704 - __main__ - DEBUG - Counters drawn: Going Down=8, Going Up=8
2024-09-15 18:20:46,704 - __main__ - DEBUG - FPS drawn: 0.75
2024-09-15 18:20:46,729 - __main__ - DEBUG - Getting detections from the frame.
2024-09-15 18:20:47,454 - __main__ - DEBUG - Processing bounding boxes.
2024-09-15 18:20:47,454 - __main__ - DEBUG - Lines drawn on the frame.
2024-09-15 18:20:47,454 - __main__ - INFO - Published data to MQTT: {'going_down': 8, 'going_up': 8}
2024-09-15 18:20:47,471 - __main__ - DEBUG - Counters drawn: Going Down=8, Going Up=8
2024-09-15 18:20:47,473 - __main__ - DEBUG - FPS drawn: 0.77
2024-09-15 18:20:47,522 - __main__ - DEBUG - Getting detections from the frame.
2024-09-15 18:20:48,469 - __main__ - DEBUG - Processing bounding boxes.
2024-09-15 18:20:48,469 - __main__ - DEBUG - Marked object 18 at (283, 299)
2024-09-15 18:20:48,481 - __main__ - DEBUG - Marked object 18 at (283, 299)
2024-09-15 18:20:48,483 - __main__ - DEBUG - Lines drawn on the frame.
2024-09-15 18:20:48,484 - __main__ - INFO - Published data to MQTT: {'going_down': 9, 'going_up': 9}
2024-09-15 18:20:48,491 - __main__ - DEBUG - Counters drawn: Going Down=9, Going Up=9
2024-09-15 18:20:48,492 - __main__ - DEBUG - FPS drawn: 0.78
2024-09-15 18:20:48,514 - __main__ - DEBUG - Getting detections from the frame.
2024-09-15 18:20:49,353 - __main__ - DEBUG - Processing bounding boxes.
2024-09-15 18:20:49,353 - __main__ - DEBUG - Marked object 20 at (279, 347)
2024-09-15 18:20:49,353 - __main__ - DEBUG - Marked object 20 at (279, 347)
2024-09-15 18:20:49,353 - __main__ - DEBUG - Marked object 21 at (242, 283)
2024-09-15 18:20:49,353 - __main__ - DEBUG - Marked object 21 at (242, 283)
2024-09-15 18:20:49,353 - __main__ - DEBUG - Lines drawn on the frame.
2024-09-15 18:20:49,353 - __main__ - INFO - Published data to MQTT: {'going_down': 11, 'going_up': 11}
2024-09-15 18:20:49,368 - __main__ - DEBUG - Counters drawn: Going Down=11, Going Up=11
2024-09-15 18:20:49,369 - __main__ - DEBUG - FPS drawn: 0.79
2024-09-15 18:20:49,406 - __main__ - DEBUG - Getting detections from the frame.
2024-09-15 18:20:50,223 - __main__ - DEBUG - Processing bounding boxes.
2024-09-15 18:20:50,223 - __main__ - DEBUG - Marked object 21 at (252, 277)
2024-09-15 18:20:50,223 - __main__ - DEBUG - Lines drawn on the frame.
2024-09-15 18:20:50,223 - __main__ - INFO - Published data to MQTT: {'going_down': 11, 'going_up': 11}
2024-09-15 18:20:50,223 - __main__ - DEBUG - Counters drawn: Going Down=11, Going Up=11
2024-09-15 18:20:50,237 - __main__ - DEBUG - FPS drawn: 0.80
2024-09-15 18:20:50,309 - __main__ - DEBUG - Getting detections from the frame.
2024-09-15 18:20:50,949 - __main__ - DEBUG - Processing bounding boxes.
2024-09-15 18:20:50,949 - __main__ - DEBUG - Marked object 21 at (271, 287)
2024-09-15 18:20:50,949 - __main__ - DEBUG - Marked object 21 at (271, 287)
2024-09-15 18:20:50,949 - __main__ - DEBUG - Lines drawn on the frame.
2024-09-15 18:20:50,949 - __main__ - INFO - Published data to MQTT: {'going_down': 11, 'going_up': 11}
2024-09-15 18:20:50,965 - __main__ - DEBUG - Counters drawn: Going Down=11, Going Up=11
2024-09-15 18:20:50,966 - __main__ - DEBUG - FPS drawn: 0.81
2024-09-15 18:20:50,996 - __main__ - DEBUG - Getting detections from the frame.
2024-09-15 18:20:51,981 - __main__ - DEBUG - Processing bounding boxes.
2024-09-15 18:20:51,981 - __main__ - DEBUG - Marked object 24 at (300, 287)
2024-09-15 18:20:51,981 - __main__ - DEBUG - Marked object 24 at (300, 287)
2024-09-15 18:20:51,981 - __main__ - DEBUG - Lines drawn on the frame.
2024-09-15 18:20:51,981 - __main__ - INFO - Published data to MQTT: {'going_down': 12, 'going_up': 12}
2024-09-15 18:20:51,981 - __main__ - DEBUG - Counters drawn: Going Down=12, Going Up=12
2024-09-15 18:20:51,995 - __main__ - DEBUG - FPS drawn: 0.82
2024-09-15 18:20:52,046 - __main__ - DEBUG - Getting detections from the frame.
2024-09-15 18:20:52,714 - __main__ - DEBUG - Processing bounding boxes.
2024-09-15 18:20:52,714 - __main__ - DEBUG - Marked object 24 at (305, 283)
2024-09-15 18:20:52,714 - __main__ - DEBUG - Marked object 24 at (305, 283)
2024-09-15 18:20:52,714 - __main__ - DEBUG - Marked object 26 at (208, 346)
2024-09-15 18:20:52,730 - __main__ - DEBUG - Marked object 26 at (208, 346)
2024-09-15 18:20:52,731 - __main__ - DEBUG - Marked object 27 at (228, 292)
2024-09-15 18:20:52,734 - __main__ - DEBUG - Marked object 27 at (228, 292)
2024-09-15 18:20:52,735 - __main__ - DEBUG - Marked object 27 at (250, 302)
2024-09-15 18:20:52,739 - __main__ - DEBUG - Marked object 27 at (250, 302)
2024-09-15 18:20:52,740 - __main__ - DEBUG - Lines drawn on the frame.
2024-09-15 18:20:52,742 - __main__ - INFO - Published data to MQTT: {'going_down': 14, 'going_up': 14}
2024-09-15 18:20:52,743 - __main__ - DEBUG - Counters drawn: Going Down=14, Going Up=14
2024-09-15 18:20:52,744 - __main__ - DEBUG - FPS drawn: 0.83
2024-09-15 18:20:52,787 - __main__ - DEBUG - Getting detections from the frame.
2024-09-15 18:20:53,454 - __main__ - DEBUG - Processing bounding boxes.
2024-09-15 18:20:53,454 - __main__ - DEBUG - Marked object 24 at (302, 291)
2024-09-15 18:20:53,454 - __main__ - DEBUG - Marked object 24 at (302, 291)
2024-09-15 18:20:53,454 - __main__ - DEBUG - Marked object 27 at (235, 316)
2024-09-15 18:20:53,454 - __main__ - DEBUG - Marked object 27 at (235, 316)
2024-09-15 18:20:53,454 - __main__ - DEBUG - Marked object 30 at (241, 284)
2024-09-15 18:20:53,460 - __main__ - DEBUG - Marked object 30 at (241, 284)
2024-09-15 18:20:53,462 - __main__ - DEBUG - Lines drawn on the frame.
2024-09-15 18:20:53,464 - __main__ - INFO - Published data to MQTT: {'going_down': 15, 'going_up': 15}
2024-09-15 18:20:53,465 - __main__ - DEBUG - Counters drawn: Going Down=15, Going Up=15
2024-09-15 18:20:53,466 - __main__ - DEBUG - FPS drawn: 0.84
2024-09-15 18:20:53,479 - __main__ - DEBUG - Getting detections from the frame.
2024-09-15 18:20:54,163 - __main__ - DEBUG - Processing bounding boxes.
2024-09-15 18:20:54,163 - __main__ - DEBUG - Marked object 24 at (306, 280)
2024-09-15 18:20:54,178 - __main__ - DEBUG - Lines drawn on the frame.
2024-09-15 18:20:54,178 - __main__ - INFO - Published data to MQTT: {'going_down': 15, 'going_up': 15}
2024-09-15 18:20:54,178 - __main__ - DEBUG - Counters drawn: Going Down=15, Going Up=15
2024-09-15 18:20:54,178 - __main__ - DEBUG - FPS drawn: 0.85
2024-09-15 18:20:54,184 - __main__ - INFO - Exiting the main loop.
2024-09-15 18:20:54,200 - __main__ - INFO - Video stream released.
2024-09-15 18:20:54,290 - __main__ - INFO - Published data to MQTT: {'going_down': 15, 'going_up': 15}
