2024-09-15 20:58:35,353 - __main__ - INFO - Device: cpu
2024-09-15 20:58:35,391 - __main__ - INFO - Connected to MQTT broker at 103.245.38.40:1883
2024-09-15 20:58:35,395 - __main__ - INFO - Starting main function.
2024-09-15 20:58:35,468 - __main__ - INFO - Loading model from ./yolov3-tinyu.pt
2024-09-15 20:58:35,603 - __main__ - INFO - Labels loaded: ['person', 'bicycle', 'car', 'motorcycle', 'airplane', 'bus', 'train', 'truck', 'boat']
2024-09-15 20:58:35,635 - __main__ - DEBUG - Getting detections from the frame.
2024-09-15 20:58:49,404 - __main__ - DEBUG - Processing bounding boxes.
2024-09-15 20:58:49,406 - __main__ - DEBUG - Marked object 1 at (426, 324)
2024-09-15 20:58:49,413 - __main__ - DEBUG - Marked object 1 at (426, 324)
2024-09-15 20:58:49,429 - __main__ - DEBUG - Marked object 2 at (441, 288)
2024-09-15 20:58:49,431 - __main__ - DEBUG - Marked object 2 at (441, 288)
2024-09-15 20:58:49,436 - __main__ - DEBUG - Lines drawn on the frame.
2024-09-15 20:58:49,439 - __main__ - INFO - Published data to MQTT: {'going_down': 2, 'going_up': 2}
2024-09-15 20:58:49,441 - __main__ - DEBUG - Counters drawn: Going Down=2, Going Up=2
2024-09-15 20:58:49,444 - __main__ - DEBUG - FPS drawn: 0.07
2024-09-15 20:58:49,614 - __main__ - DEBUG - Getting detections from the frame.
2024-09-15 20:58:51,358 - __main__ - DEBUG - Processing bounding boxes.
2024-09-15 20:58:51,359 - __main__ - DEBUG - Marked object 3 at (204, 307)
2024-09-15 20:58:51,359 - __main__ - DEBUG - Marked object 3 at (204, 307)
2024-09-15 20:58:51,360 - __main__ - DEBUG - Marked object 1 at (437, 311)
2024-09-15 20:58:51,361 - __main__ - DEBUG - Marked object 1 at (437, 311)
2024-09-15 20:58:51,368 - __main__ - DEBUG - Lines drawn on the frame.
2024-09-15 20:58:51,369 - __main__ - INFO - Published data to MQTT: {'going_down': 3, 'going_up': 3}
2024-09-15 20:58:51,370 - __main__ - DEBUG - Counters drawn: Going Down=3, Going Up=3
2024-09-15 20:58:51,371 - __main__ - DEBUG - FPS drawn: 0.13
2024-09-15 20:58:51,441 - __main__ - DEBUG - Getting detections from the frame.
2024-09-15 20:58:52,876 - __main__ - DEBUG - Processing bounding boxes.
2024-09-15 20:58:52,877 - __main__ - DEBUG - Lines drawn on the frame.
2024-09-15 20:58:52,879 - __main__ - INFO - Published data to MQTT: {'going_down': 3, 'going_up': 3}
2024-09-15 20:58:52,880 - __main__ - DEBUG - Counters drawn: Going Down=3, Going Up=3
2024-09-15 20:58:52,881 - __main__ - DEBUG - FPS drawn: 0.17
2024-09-15 20:58:53,219 - __main__ - DEBUG - Getting detections from the frame.
2024-09-15 20:58:54,547 - __main__ - DEBUG - Processing bounding boxes.
2024-09-15 20:58:54,548 - __main__ - DEBUG - Lines drawn on the frame.
2024-09-15 20:58:54,550 - __main__ - INFO - Published data to MQTT: {'going_down': 3, 'going_up': 3}
2024-09-15 20:58:54,550 - __main__ - DEBUG - Counters drawn: Going Down=3, Going Up=3
2024-09-15 20:58:54,551 - __main__ - DEBUG - FPS drawn: 0.21
2024-09-15 20:58:55,142 - __main__ - DEBUG - Getting detections from the frame.
2024-09-15 20:58:56,855 - __main__ - DEBUG - Processing bounding boxes.
2024-09-15 20:58:56,856 - __main__ - DEBUG - Marked object 5 at (446, 303)
2024-09-15 20:58:56,857 - __main__ - DEBUG - Marked object 5 at (446, 303)
2024-09-15 20:58:56,858 - __main__ - DEBUG - Lines drawn on the frame.
2024-09-15 20:58:56,859 - __main__ - INFO - Published data to MQTT: {'going_down': 4, 'going_up': 4}
2024-09-15 20:58:56,862 - __main__ - DEBUG - Counters drawn: Going Down=4, Going Up=4
2024-09-15 20:58:56,863 - __main__ - DEBUG - FPS drawn: 0.23
2024-09-15 20:58:56,881 - __main__ - DEBUG - Getting detections from the frame.
2024-09-15 20:58:58,463 - __main__ - DEBUG - Processing bounding boxes.
2024-09-15 20:58:58,465 - __main__ - DEBUG - Lines drawn on the frame.
2024-09-15 20:58:58,469 - __main__ - INFO - Published data to MQTT: {'going_down': 4, 'going_up': 4}
2024-09-15 20:58:58,479 - __main__ - DEBUG - Counters drawn: Going Down=4, Going Up=4
2024-09-15 20:58:58,481 - __main__ - DEBUG - FPS drawn: 0.26
2024-09-15 20:58:58,522 - __main__ - DEBUG - Getting detections from the frame.
2024-09-15 20:59:01,606 - __main__ - DEBUG - Processing bounding boxes.
2024-09-15 20:59:01,606 - __main__ - DEBUG - Marked object 6 at (389, 286)
2024-09-15 20:59:01,607 - __main__ - DEBUG - Marked object 6 at (389, 286)
2024-09-15 20:59:01,608 - __main__ - DEBUG - Lines drawn on the frame.
2024-09-15 20:59:01,610 - __main__ - INFO - Published data to MQTT: {'going_down': 5, 'going_up': 5}
2024-09-15 20:59:01,610 - __main__ - DEBUG - Counters drawn: Going Down=5, Going Up=5
2024-09-15 20:59:01,611 - __main__ - DEBUG - FPS drawn: 0.27
2024-09-15 20:59:01,624 - __main__ - DEBUG - Getting detections from the frame.
2024-09-15 20:59:04,125 - __main__ - DEBUG - Processing bounding boxes.
2024-09-15 20:59:04,126 - __main__ - DEBUG - Lines drawn on the frame.
2024-09-15 20:59:04,127 - __main__ - INFO - Published data to MQTT: {'going_down': 5, 'going_up': 5}
2024-09-15 20:59:04,129 - __main__ - DEBUG - Counters drawn: Going Down=5, Going Up=5
2024-09-15 20:59:04,130 - __main__ - DEBUG - FPS drawn: 0.28
2024-09-15 20:59:04,237 - __main__ - DEBUG - Getting detections from the frame.
2024-09-15 20:59:05,901 - __main__ - WARNING - Label index out of range: 25
2024-09-15 20:59:05,902 - __main__ - DEBUG - Processing bounding boxes.
2024-09-15 20:59:05,904 - __main__ - DEBUG - Marked object 8 at (211, 313)
2024-09-15 20:59:05,906 - __main__ - DEBUG - Marked object 8 at (211, 313)
2024-09-15 20:59:05,907 - __main__ - DEBUG - Marked object 9 at (300, 295)
2024-09-15 20:59:05,908 - __main__ - DEBUG - Marked object 9 at (300, 295)
2024-09-15 20:59:05,909 - __main__ - DEBUG - Lines drawn on the frame.
2024-09-15 20:59:05,910 - __main__ - INFO - Published data to MQTT: {'going_down': 7, 'going_up': 7}
2024-09-15 20:59:05,912 - __main__ - DEBUG - Counters drawn: Going Down=7, Going Up=7
2024-09-15 20:59:05,913 - __main__ - DEBUG - FPS drawn: 0.30
2024-09-15 20:59:05,936 - __main__ - DEBUG - Getting detections from the frame.
2024-09-15 20:59:07,511 - __main__ - DEBUG - Processing bounding boxes.
2024-09-15 20:59:07,512 - __main__ - DEBUG - Marked object 11 at (282, 330)
2024-09-15 20:59:07,513 - __main__ - DEBUG - Marked object 11 at (282, 330)
2024-09-15 20:59:07,514 - __main__ - DEBUG - Lines drawn on the frame.
2024-09-15 20:59:07,516 - __main__ - INFO - Published data to MQTT: {'going_down': 8, 'going_up': 8}
2024-09-15 20:59:07,517 - __main__ - DEBUG - Counters drawn: Going Down=8, Going Up=8
2024-09-15 20:59:07,519 - __main__ - DEBUG - FPS drawn: 0.31
2024-09-15 20:59:07,587 - __main__ - DEBUG - Getting detections from the frame.
2024-09-15 20:59:09,058 - __main__ - DEBUG - Processing bounding boxes.
2024-09-15 20:59:09,058 - __main__ - DEBUG - Marked object 15 at (254, 293)
2024-09-15 20:59:09,060 - __main__ - DEBUG - Marked object 15 at (254, 293)
2024-09-15 20:59:09,061 - __main__ - DEBUG - Marked object 16 at (214, 332)
2024-09-15 20:59:09,062 - __main__ - DEBUG - Marked object 16 at (214, 332)
2024-09-15 20:59:09,063 - __main__ - DEBUG - Lines drawn on the frame.
2024-09-15 20:59:09,065 - __main__ - INFO - Published data to MQTT: {'going_down': 10, 'going_up': 10}
2024-09-15 20:59:09,066 - __main__ - DEBUG - Counters drawn: Going Down=10, Going Up=10
2024-09-15 20:59:09,068 - __main__ - DEBUG - FPS drawn: 0.33
2024-09-15 20:59:09,099 - __main__ - DEBUG - Getting detections from the frame.
2024-09-15 20:59:10,619 - __main__ - DEBUG - Processing bounding boxes.
2024-09-15 20:59:10,620 - __main__ - DEBUG - Marked object 15 at (260, 272)
2024-09-15 20:59:10,621 - __main__ - DEBUG - Lines drawn on the frame.
2024-09-15 20:59:10,622 - __main__ - INFO - Published data to MQTT: {'going_down': 10, 'going_up': 10}
2024-09-15 20:59:10,623 - __main__ - DEBUG - Counters drawn: Going Down=10, Going Up=10
2024-09-15 20:59:10,626 - __main__ - DEBUG - FPS drawn: 0.34
2024-09-15 20:59:10,707 - __main__ - DEBUG - Getting detections from the frame.
2024-09-15 20:59:11,997 - __main__ - INFO - End of video stream reached. Stopping video.
2024-09-15 20:59:12,353 - __main__ - DEBUG - Processing bounding boxes.
2024-09-15 20:59:12,354 - __main__ - DEBUG - Marked object 15 at (267, 294)
2024-09-15 20:59:12,354 - __main__ - DEBUG - Marked object 15 at (267, 294)
2024-09-15 20:59:12,355 - __main__ - DEBUG - Lines drawn on the frame.
2024-09-15 20:59:12,356 - __main__ - INFO - Published data to MQTT: {'going_down': 10, 'going_up': 10}
2024-09-15 20:59:12,356 - __main__ - DEBUG - Counters drawn: Going Down=10, Going Up=10
2024-09-15 20:59:12,357 - __main__ - DEBUG - FPS drawn: 0.35
2024-09-15 20:59:12,370 - __main__ - ERROR - Error reading frame, exiting.
2024-09-15 20:59:12,383 - __main__ - INFO - Video stream released.
2024-09-15 20:59:12,511 - __main__ - INFO - Published data to MQTT: {'going_down': 10, 'going_up': 10}
