2024-09-15 17:36:09,335 - __main__ - INFO - Device: cpu
2024-09-15 17:36:09,382 - __main__ - INFO - Connected to MQTT broker at 103.245.38.40:1883
2024-09-15 17:36:09,386 - __main__ - INFO - Starting main function.
2024-09-15 17:36:09,466 - __main__ - INFO - Loading model from ./yolov3-tinyu.pt
2024-09-15 17:36:09,599 - __main__ - INFO - Labels loaded: ['person', 'bicycle', 'car', 'motorcycle', 'airplane', 'bus', 'train', 'truck', 'boat']
2024-09-15 17:36:09,622 - __main__ - DEBUG - Getting detections from the frame.
2024-09-15 17:36:21,549 - __main__ - DEBUG - Processing bounding boxes.
2024-09-15 17:36:21,549 - __main__ - DEBUG - Lines drawn on the frame.
2024-09-15 17:36:21,564 - __main__ - INFO - Published data to MQTT: {'going_down': 0, 'going_up': 0}
2024-09-15 17:36:21,565 - __main__ - DEBUG - Counters drawn: Going Down=0, Going Up=0
2024-09-15 17:36:21,575 - __main__ - DEBUG - FPS drawn: 0.08
2024-09-15 17:36:21,794 - __main__ - DEBUG - Getting detections from the frame.
2024-09-15 17:36:22,788 - __main__ - DEBUG - Processing bounding boxes.
2024-09-15 17:36:22,788 - __main__ - DEBUG - Lines drawn on the frame.
2024-09-15 17:36:22,788 - __main__ - INFO - Published data to MQTT: {'going_down': 0, 'going_up': 0}
2024-09-15 17:36:22,788 - __main__ - DEBUG - Counters drawn: Going Down=0, Going Up=0
2024-09-15 17:36:22,801 - __main__ - DEBUG - FPS drawn: 0.15
2024-09-15 17:36:22,874 - __main__ - DEBUG - Getting detections from the frame.
2024-09-15 17:36:23,516 - __main__ - DEBUG - Processing bounding boxes.
2024-09-15 17:36:23,516 - __main__ - DEBUG - Lines drawn on the frame.
2024-09-15 17:36:23,516 - __main__ - INFO - Published data to MQTT: {'going_down': 0, 'going_up': 0}
2024-09-15 17:36:23,531 - __main__ - DEBUG - Counters drawn: Going Down=0, Going Up=0
2024-09-15 17:36:23,531 - __main__ - DEBUG - FPS drawn: 0.21
2024-09-15 17:36:23,544 - __main__ - DEBUG - Getting detections from the frame.
2024-09-15 17:36:24,203 - __main__ - DEBUG - Processing bounding boxes.
2024-09-15 17:36:24,205 - __main__ - DEBUG - Lines drawn on the frame.
2024-09-15 17:36:24,207 - __main__ - INFO - Published data to MQTT: {'going_down': 0, 'going_up': 0}
2024-09-15 17:36:24,208 - __main__ - DEBUG - Counters drawn: Going Down=0, Going Up=0
2024-09-15 17:36:24,209 - __main__ - DEBUG - FPS drawn: 0.27
2024-09-15 17:36:24,228 - __main__ - DEBUG - Getting detections from the frame.
2024-09-15 17:36:24,878 - __main__ - DEBUG - Processing bounding boxes.
2024-09-15 17:36:24,878 - __main__ - DEBUG - Lines drawn on the frame.
2024-09-15 17:36:24,878 - __main__ - INFO - Published data to MQTT: {'going_down': 0, 'going_up': 0}
2024-09-15 17:36:24,878 - __main__ - DEBUG - Counters drawn: Going Down=0, Going Up=0
2024-09-15 17:36:24,878 - __main__ - DEBUG - FPS drawn: 0.32
2024-09-15 17:36:24,905 - __main__ - DEBUG - Getting detections from the frame.
2024-09-15 17:36:25,576 - __main__ - DEBUG - Processing bounding boxes.
2024-09-15 17:36:25,576 - __main__ - DEBUG - Lines drawn on the frame.
2024-09-15 17:36:25,576 - __main__ - INFO - Published data to MQTT: {'going_down': 0, 'going_up': 0}
2024-09-15 17:36:25,576 - __main__ - DEBUG - Counters drawn: Going Down=0, Going Up=0
2024-09-15 17:36:25,576 - __main__ - DEBUG - FPS drawn: 0.37
2024-09-15 17:36:25,666 - __main__ - DEBUG - Getting detections from the frame.
2024-09-15 17:36:26,301 - __main__ - DEBUG - Processing bounding boxes.
2024-09-15 17:36:26,301 - __main__ - DEBUG - Lines drawn on the frame.
2024-09-15 17:36:26,318 - __main__ - INFO - Published data to MQTT: {'going_down': 0, 'going_up': 0}
2024-09-15 17:36:26,319 - __main__ - DEBUG - Counters drawn: Going Down=0, Going Up=0
2024-09-15 17:36:26,320 - __main__ - DEBUG - FPS drawn: 0.42
2024-09-15 17:36:26,330 - __main__ - DEBUG - Getting detections from the frame.
2024-09-15 17:36:27,004 - __main__ - DEBUG - Processing bounding boxes.
2024-09-15 17:36:27,004 - __main__ - DEBUG - Lines drawn on the frame.
2024-09-15 17:36:27,004 - __main__ - INFO - Published data to MQTT: {'going_down': 0, 'going_up': 0}
2024-09-15 17:36:27,004 - __main__ - DEBUG - Counters drawn: Going Down=0, Going Up=0
2024-09-15 17:36:27,004 - __main__ - DEBUG - FPS drawn: 0.46
2024-09-15 17:36:27,027 - __main__ - DEBUG - Getting detections from the frame.
2024-09-15 17:36:27,684 - __main__ - DEBUG - Processing bounding boxes.
2024-09-15 17:36:27,699 - __main__ - DEBUG - Lines drawn on the frame.
2024-09-15 17:36:27,699 - __main__ - INFO - Published data to MQTT: {'going_down': 0, 'going_up': 0}
2024-09-15 17:36:27,699 - __main__ - DEBUG - Counters drawn: Going Down=0, Going Up=0
2024-09-15 17:36:27,699 - __main__ - DEBUG - FPS drawn: 0.49
2024-09-15 17:36:27,730 - __main__ - DEBUG - Getting detections from the frame.
2024-09-15 17:36:28,333 - __main__ - DEBUG - Processing bounding boxes.
2024-09-15 17:36:28,344 - __main__ - DEBUG - Lines drawn on the frame.
2024-09-15 17:36:28,346 - __main__ - INFO - Published data to MQTT: {'going_down': 0, 'going_up': 0}
2024-09-15 17:36:28,347 - __main__ - DEBUG - Counters drawn: Going Down=0, Going Up=0
2024-09-15 17:36:28,347 - __main__ - DEBUG - FPS drawn: 0.53
2024-09-15 17:36:28,384 - __main__ - DEBUG - Getting detections from the frame.
2024-09-15 17:36:29,006 - __main__ - DEBUG - Processing bounding boxes.
2024-09-15 17:36:29,006 - __main__ - DEBUG - Lines drawn on the frame.
2024-09-15 17:36:29,006 - __main__ - INFO - Published data to MQTT: {'going_down': 0, 'going_up': 0}
2024-09-15 17:36:29,006 - __main__ - DEBUG - Counters drawn: Going Down=0, Going Up=0
2024-09-15 17:36:29,006 - __main__ - DEBUG - FPS drawn: 0.56
2024-09-15 17:36:29,037 - __main__ - DEBUG - Getting detections from the frame.
2024-09-15 17:36:29,682 - __main__ - DEBUG - Processing bounding boxes.
2024-09-15 17:36:29,682 - __main__ - DEBUG - Lines drawn on the frame.
2024-09-15 17:36:29,682 - __main__ - INFO - Published data to MQTT: {'going_down': 0, 'going_up': 0}
2024-09-15 17:36:29,682 - __main__ - DEBUG - Counters drawn: Going Down=0, Going Up=0
2024-09-15 17:36:29,682 - __main__ - DEBUG - FPS drawn: 0.59
2024-09-15 17:36:29,746 - __main__ - DEBUG - Getting detections from the frame.
2024-09-15 17:36:30,397 - __main__ - DEBUG - Processing bounding boxes.
2024-09-15 17:36:30,397 - __main__ - DEBUG - Lines drawn on the frame.
2024-09-15 17:36:30,397 - __main__ - INFO - Published data to MQTT: {'going_down': 0, 'going_up': 0}
2024-09-15 17:36:30,397 - __main__ - DEBUG - Counters drawn: Going Down=0, Going Up=0
2024-09-15 17:36:30,397 - __main__ - DEBUG - FPS drawn: 0.62
2024-09-15 17:36:30,448 - __main__ - DEBUG - Getting detections from the frame.
2024-09-15 17:36:31,101 - __main__ - DEBUG - Processing bounding boxes.
2024-09-15 17:36:31,101 - __main__ - DEBUG - Lines drawn on the frame.
2024-09-15 17:36:31,101 - __main__ - INFO - Published data to MQTT: {'going_down': 0, 'going_up': 0}
2024-09-15 17:36:31,101 - __main__ - DEBUG - Counters drawn: Going Down=0, Going Up=0
2024-09-15 17:36:31,101 - __main__ - DEBUG - FPS drawn: 0.65
2024-09-15 17:36:31,122 - __main__ - DEBUG - Getting detections from the frame.
2024-09-15 17:36:31,821 - __main__ - DEBUG - Processing bounding boxes.
2024-09-15 17:36:31,821 - __main__ - DEBUG - Lines drawn on the frame.
2024-09-15 17:36:31,821 - __main__ - INFO - Published data to MQTT: {'going_down': 0, 'going_up': 0}
2024-09-15 17:36:31,821 - __main__ - DEBUG - Counters drawn: Going Down=0, Going Up=0
2024-09-15 17:36:31,821 - __main__ - DEBUG - FPS drawn: 0.67
2024-09-15 17:36:31,883 - __main__ - DEBUG - Getting detections from the frame.
2024-09-15 17:36:32,603 - __main__ - DEBUG - Processing bounding boxes.
2024-09-15 17:36:32,603 - __main__ - DEBUG - Lines drawn on the frame.
2024-09-15 17:36:32,603 - __main__ - INFO - Published data to MQTT: {'going_down': 0, 'going_up': 0}
2024-09-15 17:36:32,603 - __main__ - DEBUG - Counters drawn: Going Down=0, Going Up=0
2024-09-15 17:36:32,603 - __main__ - DEBUG - FPS drawn: 0.69
2024-09-15 17:36:32,658 - __main__ - DEBUG - Getting detections from the frame.
2024-09-15 17:36:33,307 - __main__ - DEBUG - Processing bounding boxes.
2024-09-15 17:36:33,307 - __main__ - DEBUG - Lines drawn on the frame.
2024-09-15 17:36:33,307 - __main__ - INFO - Published data to MQTT: {'going_down': 0, 'going_up': 0}
2024-09-15 17:36:33,319 - __main__ - DEBUG - Counters drawn: Going Down=0, Going Up=0
2024-09-15 17:36:33,320 - __main__ - DEBUG - FPS drawn: 0.71
2024-09-15 17:36:33,389 - __main__ - DEBUG - Getting detections from the frame.
2024-09-15 17:36:34,020 - __main__ - DEBUG - Processing bounding boxes.
2024-09-15 17:36:34,020 - __main__ - DEBUG - Lines drawn on the frame.
2024-09-15 17:36:34,020 - __main__ - INFO - Published data to MQTT: {'going_down': 0, 'going_up': 0}
2024-09-15 17:36:34,020 - __main__ - DEBUG - Counters drawn: Going Down=0, Going Up=0
2024-09-15 17:36:34,020 - __main__ - DEBUG - FPS drawn: 0.73
2024-09-15 17:36:34,043 - __main__ - DEBUG - Getting detections from the frame.
2024-09-15 17:36:34,716 - __main__ - DEBUG - Processing bounding boxes.
2024-09-15 17:36:34,720 - __main__ - DEBUG - Lines drawn on the frame.
2024-09-15 17:36:34,722 - __main__ - INFO - Published data to MQTT: {'going_down': 0, 'going_up': 0}
2024-09-15 17:36:34,722 - __main__ - DEBUG - Counters drawn: Going Down=0, Going Up=0
2024-09-15 17:36:34,724 - __main__ - DEBUG - FPS drawn: 0.75
2024-09-15 17:36:34,761 - __main__ - DEBUG - Getting detections from the frame.
2024-09-15 17:36:35,421 - __main__ - DEBUG - Processing bounding boxes.
2024-09-15 17:36:35,421 - __main__ - DEBUG - Lines drawn on the frame.
2024-09-15 17:36:35,421 - __main__ - INFO - Published data to MQTT: {'going_down': 0, 'going_up': 0}
2024-09-15 17:36:35,439 - __main__ - DEBUG - Counters drawn: Going Down=0, Going Up=0
2024-09-15 17:36:35,440 - __main__ - DEBUG - FPS drawn: 0.77
2024-09-15 17:36:35,502 - __main__ - DEBUG - Getting detections from the frame.
2024-09-15 17:36:36,156 - __main__ - DEBUG - Processing bounding boxes.
2024-09-15 17:36:36,156 - __main__ - DEBUG - Lines drawn on the frame.
2024-09-15 17:36:36,156 - __main__ - INFO - Published data to MQTT: {'going_down': 0, 'going_up': 0}
2024-09-15 17:36:36,156 - __main__ - DEBUG - Counters drawn: Going Down=0, Going Up=0
2024-09-15 17:36:36,156 - __main__ - DEBUG - FPS drawn: 0.79
2024-09-15 17:36:36,189 - __main__ - DEBUG - Getting detections from the frame.
2024-09-15 17:36:36,893 - __main__ - DEBUG - Processing bounding boxes.
2024-09-15 17:36:36,893 - __main__ - DEBUG - Lines drawn on the frame.
2024-09-15 17:36:36,893 - __main__ - INFO - Published data to MQTT: {'going_down': 0, 'going_up': 0}
2024-09-15 17:36:36,893 - __main__ - DEBUG - Counters drawn: Going Down=0, Going Up=0
2024-09-15 17:36:36,893 - __main__ - DEBUG - FPS drawn: 0.80
2024-09-15 17:36:36,950 - __main__ - DEBUG - Getting detections from the frame.
2024-09-15 17:36:37,752 - __main__ - DEBUG - Processing bounding boxes.
2024-09-15 17:36:37,752 - __main__ - DEBUG - Lines drawn on the frame.
2024-09-15 17:36:37,768 - __main__ - INFO - Published data to MQTT: {'going_down': 0, 'going_up': 0}
2024-09-15 17:36:37,768 - __main__ - DEBUG - Counters drawn: Going Down=0, Going Up=0
2024-09-15 17:36:37,768 - __main__ - DEBUG - FPS drawn: 0.81
2024-09-15 17:36:37,811 - __main__ - DEBUG - Getting detections from the frame.
2024-09-15 17:36:38,475 - __main__ - DEBUG - Processing bounding boxes.
2024-09-15 17:36:38,475 - __main__ - DEBUG - Lines drawn on the frame.
2024-09-15 17:36:38,475 - __main__ - INFO - Published data to MQTT: {'going_down': 0, 'going_up': 0}
2024-09-15 17:36:38,475 - __main__ - DEBUG - Counters drawn: Going Down=0, Going Up=0
2024-09-15 17:36:38,475 - __main__ - DEBUG - FPS drawn: 0.83
2024-09-15 17:36:38,496 - __main__ - DEBUG - Getting detections from the frame.
2024-09-15 17:36:39,112 - __main__ - DEBUG - Processing bounding boxes.
2024-09-15 17:36:39,128 - __main__ - DEBUG - Lines drawn on the frame.
2024-09-15 17:36:39,128 - __main__ - INFO - Published data to MQTT: {'going_down': 0, 'going_up': 0}
2024-09-15 17:36:39,128 - __main__ - DEBUG - Counters drawn: Going Down=0, Going Up=0
2024-09-15 17:36:39,128 - __main__ - DEBUG - FPS drawn: 0.84
2024-09-15 17:36:39,141 - __main__ - DEBUG - Getting detections from the frame.
2024-09-15 17:36:39,782 - __main__ - DEBUG - Processing bounding boxes.
2024-09-15 17:36:39,782 - __main__ - DEBUG - Lines drawn on the frame.
2024-09-15 17:36:39,797 - __main__ - INFO - Published data to MQTT: {'going_down': 0, 'going_up': 0}
2024-09-15 17:36:39,797 - __main__ - DEBUG - Counters drawn: Going Down=0, Going Up=0
2024-09-15 17:36:39,797 - __main__ - DEBUG - FPS drawn: 0.86
2024-09-15 17:36:39,826 - __main__ - DEBUG - Getting detections from the frame.
2024-09-15 17:36:40,471 - __main__ - DEBUG - Processing bounding boxes.
2024-09-15 17:36:40,484 - __main__ - DEBUG - Lines drawn on the frame.
2024-09-15 17:36:40,485 - __main__ - INFO - Published data to MQTT: {'going_down': 0, 'going_up': 0}
2024-09-15 17:36:40,486 - __main__ - DEBUG - Counters drawn: Going Down=0, Going Up=0
2024-09-15 17:36:40,487 - __main__ - DEBUG - FPS drawn: 0.87
2024-09-15 17:36:40,497 - __main__ - DEBUG - Getting detections from the frame.
2024-09-15 17:36:41,194 - __main__ - DEBUG - Processing bounding boxes.
2024-09-15 17:36:41,210 - __main__ - DEBUG - Lines drawn on the frame.
2024-09-15 17:36:41,210 - __main__ - INFO - Published data to MQTT: {'going_down': 0, 'going_up': 0}
2024-09-15 17:36:41,210 - __main__ - DEBUG - Counters drawn: Going Down=0, Going Up=0
2024-09-15 17:36:41,210 - __main__ - DEBUG - FPS drawn: 0.88
2024-09-15 17:36:41,222 - __main__ - DEBUG - Getting detections from the frame.
2024-09-15 17:36:41,874 - __main__ - DEBUG - Processing bounding boxes.
2024-09-15 17:36:41,874 - __main__ - DEBUG - Lines drawn on the frame.
2024-09-15 17:36:41,874 - __main__ - INFO - Published data to MQTT: {'going_down': 0, 'going_up': 0}
2024-09-15 17:36:41,874 - __main__ - DEBUG - Counters drawn: Going Down=0, Going Up=0
2024-09-15 17:36:41,882 - __main__ - DEBUG - FPS drawn: 0.89
2024-09-15 17:36:41,923 - __main__ - DEBUG - Getting detections from the frame.
2024-09-15 17:36:42,575 - __main__ - DEBUG - Processing bounding boxes.
2024-09-15 17:36:42,575 - __main__ - DEBUG - Lines drawn on the frame.
2024-09-15 17:36:42,575 - __main__ - INFO - Published data to MQTT: {'going_down': 0, 'going_up': 0}
2024-09-15 17:36:42,575 - __main__ - DEBUG - Counters drawn: Going Down=0, Going Up=0
2024-09-15 17:36:42,584 - __main__ - DEBUG - FPS drawn: 0.91
2024-09-15 17:36:42,616 - __main__ - DEBUG - Getting detections from the frame.
2024-09-15 17:36:43,344 - __main__ - DEBUG - Processing bounding boxes.
2024-09-15 17:36:43,344 - __main__ - DEBUG - Lines drawn on the frame.
2024-09-15 17:36:43,344 - __main__ - INFO - Published data to MQTT: {'going_down': 0, 'going_up': 0}
2024-09-15 17:36:43,344 - __main__ - DEBUG - Counters drawn: Going Down=0, Going Up=0
2024-09-15 17:36:43,360 - __main__ - DEBUG - FPS drawn: 0.91
2024-09-15 17:36:43,378 - __main__ - DEBUG - Getting detections from the frame.
2024-09-15 17:36:44,036 - __main__ - DEBUG - Processing bounding boxes.
2024-09-15 17:36:44,036 - __main__ - DEBUG - Lines drawn on the frame.
2024-09-15 17:36:44,036 - __main__ - INFO - Published data to MQTT: {'going_down': 0, 'going_up': 0}
2024-09-15 17:36:44,036 - __main__ - DEBUG - Counters drawn: Going Down=0, Going Up=0
2024-09-15 17:36:44,043 - __main__ - DEBUG - FPS drawn: 0.93
2024-09-15 17:36:44,061 - __main__ - DEBUG - Getting detections from the frame.
2024-09-15 17:36:44,728 - __main__ - DEBUG - Processing bounding boxes.
2024-09-15 17:36:44,730 - __main__ - DEBUG - Lines drawn on the frame.
2024-09-15 17:36:44,732 - __main__ - INFO - Published data to MQTT: {'going_down': 0, 'going_up': 0}
2024-09-15 17:36:44,733 - __main__ - DEBUG - Counters drawn: Going Down=0, Going Up=0
2024-09-15 17:36:44,734 - __main__ - DEBUG - FPS drawn: 0.94
2024-09-15 17:36:44,743 - __main__ - DEBUG - Getting detections from the frame.
2024-09-15 17:36:45,269 - __main__ - INFO - End of video stream reached. Stopping video.
2024-09-15 17:36:45,337 - __main__ - DEBUG - Processing bounding boxes.
2024-09-15 17:36:45,338 - __main__ - DEBUG - Lines drawn on the frame.
2024-09-15 17:36:45,339 - __main__ - INFO - Published data to MQTT: {'going_down': 0, 'going_up': 0}
2024-09-15 17:36:45,339 - __main__ - DEBUG - Counters drawn: Going Down=0, Going Up=0
2024-09-15 17:36:45,340 - __main__ - DEBUG - FPS drawn: 0.95
2024-09-15 17:36:45,342 - __main__ - ERROR - Error reading frame, exiting.
2024-09-15 17:36:45,349 - __main__ - INFO - Video stream released.
2024-09-15 17:36:45,465 - __main__ - INFO - Published data to MQTT: {'going_down': 0, 'going_up': 0}
