2024-09-15 17:42:52,608 - __main__ - INFO - Device: cpu
2024-09-15 17:42:52,639 - __main__ - INFO - Connected to MQTT broker at 103.245.38.40:1883
2024-09-15 17:42:52,639 - __main__ - INFO - Starting main function.
2024-09-15 17:42:52,715 - __main__ - INFO - Loading model from ./yolov3-tinyu.pt
2024-09-15 17:42:52,836 - __main__ - INFO - Labels loaded: ['person', 'bicycle', 'car', 'motorcycle', 'airplane', 'bus', 'train', 'truck', 'boat']
2024-09-15 17:42:52,879 - __main__ - DEBUG - Getting detections from the frame.
2024-09-15 17:43:03,628 - __main__ - DEBUG - Processing bounding boxes.
2024-09-15 17:43:03,628 - __main__ - DEBUG - Marked object 1 at (423, 321)
2024-09-15 17:43:03,628 - __main__ - DEBUG - Marked object 1 at (423, 321)
2024-09-15 17:43:03,660 - __main__ - DEBUG - Lines drawn on the frame.
2024-09-15 17:43:03,660 - __main__ - INFO - Published data to MQTT: {'going_down': 1, 'going_up': 1}
2024-09-15 17:43:03,672 - __main__ - DEBUG - Counters drawn: Going Down=1, Going Up=1
2024-09-15 17:43:03,676 - __main__ - DEBUG - FPS drawn: 0.09
2024-09-15 17:43:03,890 - __main__ - DEBUG - Getting detections from the frame.
2024-09-15 17:43:05,027 - __main__ - DEBUG - Processing bounding boxes.
2024-09-15 17:43:05,027 - __main__ - DEBUG - Lines drawn on the frame.
2024-09-15 17:43:05,027 - __main__ - INFO - Published data to MQTT: {'going_down': 1, 'going_up': 1}
2024-09-15 17:43:05,027 - __main__ - DEBUG - Counters drawn: Going Down=1, Going Up=1
2024-09-15 17:43:05,042 - __main__ - DEBUG - FPS drawn: 0.16
2024-09-15 17:43:05,070 - __main__ - DEBUG - Getting detections from the frame.
2024-09-15 17:43:05,723 - __main__ - DEBUG - Processing bounding boxes.
2024-09-15 17:43:05,723 - __main__ - DEBUG - Lines drawn on the frame.
2024-09-15 17:43:05,723 - __main__ - INFO - Published data to MQTT: {'going_down': 1, 'going_up': 1}
2024-09-15 17:43:05,739 - __main__ - DEBUG - Counters drawn: Going Down=1, Going Up=1
2024-09-15 17:43:05,739 - __main__ - DEBUG - FPS drawn: 0.23
2024-09-15 17:43:05,747 - __main__ - DEBUG - Getting detections from the frame.
2024-09-15 17:43:06,447 - __main__ - DEBUG - Processing bounding boxes.
2024-09-15 17:43:06,448 - __main__ - DEBUG - Lines drawn on the frame.
2024-09-15 17:43:06,449 - __main__ - INFO - Published data to MQTT: {'going_down': 1, 'going_up': 1}
2024-09-15 17:43:06,449 - __main__ - DEBUG - Counters drawn: Going Down=1, Going Up=1
2024-09-15 17:43:06,449 - __main__ - DEBUG - FPS drawn: 0.29
2024-09-15 17:43:06,487 - __main__ - DEBUG - Getting detections from the frame.
2024-09-15 17:43:07,170 - __main__ - DEBUG - Processing bounding boxes.
2024-09-15 17:43:07,170 - __main__ - DEBUG - Marked object 5 at (196, 317)
2024-09-15 17:43:07,170 - __main__ - DEBUG - Marked object 5 at (196, 317)
2024-09-15 17:43:07,170 - __main__ - DEBUG - Marked object 6 at (430, 307)
2024-09-15 17:43:07,170 - __main__ - DEBUG - Marked object 6 at (430, 307)
2024-09-15 17:43:07,170 - __main__ - DEBUG - Lines drawn on the frame.
2024-09-15 17:43:07,170 - __main__ - INFO - Published data to MQTT: {'going_down': 3, 'going_up': 3}
2024-09-15 17:43:07,170 - __main__ - DEBUG - Counters drawn: Going Down=3, Going Up=3
2024-09-15 17:43:07,170 - __main__ - DEBUG - FPS drawn: 0.35
2024-09-15 17:43:07,222 - __main__ - DEBUG - Getting detections from the frame.
2024-09-15 17:43:07,843 - __main__ - DEBUG - Processing bounding boxes.
2024-09-15 17:43:07,843 - __main__ - DEBUG - Lines drawn on the frame.
2024-09-15 17:43:07,843 - __main__ - INFO - Published data to MQTT: {'going_down': 3, 'going_up': 3}
2024-09-15 17:43:07,843 - __main__ - DEBUG - Counters drawn: Going Down=3, Going Up=3
2024-09-15 17:43:07,843 - __main__ - DEBUG - FPS drawn: 0.40
2024-09-15 17:43:07,866 - __main__ - DEBUG - Getting detections from the frame.
2024-09-15 17:43:08,527 - __main__ - DEBUG - Processing bounding boxes.
2024-09-15 17:43:08,528 - __main__ - DEBUG - Marked object 9 at (420, 320)
2024-09-15 17:43:08,528 - __main__ - DEBUG - Marked object 9 at (420, 320)
2024-09-15 17:43:08,528 - __main__ - DEBUG - Lines drawn on the frame.
2024-09-15 17:43:08,528 - __main__ - INFO - Published data to MQTT: {'going_down': 4, 'going_up': 4}
2024-09-15 17:43:08,528 - __main__ - DEBUG - Counters drawn: Going Down=4, Going Up=4
2024-09-15 17:43:08,528 - __main__ - DEBUG - FPS drawn: 0.44
2024-09-15 17:43:08,549 - __main__ - DEBUG - Getting detections from the frame.
2024-09-15 17:43:09,215 - __main__ - DEBUG - Processing bounding boxes.
2024-09-15 17:43:09,231 - __main__ - DEBUG - Lines drawn on the frame.
2024-09-15 17:43:09,231 - __main__ - INFO - Published data to MQTT: {'going_down': 4, 'going_up': 4}
2024-09-15 17:43:09,231 - __main__ - DEBUG - Counters drawn: Going Down=4, Going Up=4
2024-09-15 17:43:09,231 - __main__ - DEBUG - FPS drawn: 0.48
2024-09-15 17:43:09,253 - __main__ - DEBUG - Getting detections from the frame.
2024-09-15 17:43:09,871 - __main__ - DEBUG - Processing bounding boxes.
2024-09-15 17:43:09,871 - __main__ - DEBUG - Lines drawn on the frame.
2024-09-15 17:43:09,886 - __main__ - INFO - Published data to MQTT: {'going_down': 4, 'going_up': 4}
2024-09-15 17:43:09,886 - __main__ - DEBUG - Counters drawn: Going Down=4, Going Up=4
2024-09-15 17:43:09,886 - __main__ - DEBUG - FPS drawn: 0.52
2024-09-15 17:43:09,902 - __main__ - DEBUG - Getting detections from the frame.
2024-09-15 17:43:10,606 - __main__ - DEBUG - Processing bounding boxes.
2024-09-15 17:43:10,606 - __main__ - DEBUG - Lines drawn on the frame.
2024-09-15 17:43:10,606 - __main__ - INFO - Published data to MQTT: {'going_down': 4, 'going_up': 4}
2024-09-15 17:43:10,606 - __main__ - DEBUG - Counters drawn: Going Down=4, Going Up=4
2024-09-15 17:43:10,606 - __main__ - DEBUG - FPS drawn: 0.56
2024-09-15 17:43:10,634 - __main__ - DEBUG - Getting detections from the frame.
2024-09-15 17:43:11,264 - __main__ - DEBUG - Processing bounding boxes.
2024-09-15 17:43:11,279 - __main__ - DEBUG - Lines drawn on the frame.
2024-09-15 17:43:11,279 - __main__ - INFO - Published data to MQTT: {'going_down': 4, 'going_up': 4}
2024-09-15 17:43:11,279 - __main__ - DEBUG - Counters drawn: Going Down=4, Going Up=4
2024-09-15 17:43:11,284 - __main__ - DEBUG - FPS drawn: 0.59
2024-09-15 17:43:11,288 - __main__ - DEBUG - Getting detections from the frame.
2024-09-15 17:43:11,912 - __main__ - DEBUG - Processing bounding boxes.
2024-09-15 17:43:11,912 - __main__ - DEBUG - Lines drawn on the frame.
2024-09-15 17:43:11,928 - __main__ - INFO - Published data to MQTT: {'going_down': 4, 'going_up': 4}
2024-09-15 17:43:11,928 - __main__ - DEBUG - Counters drawn: Going Down=4, Going Up=4
2024-09-15 17:43:11,928 - __main__ - DEBUG - FPS drawn: 0.62
2024-09-15 17:43:11,944 - __main__ - DEBUG - Getting detections from the frame.
2024-09-15 17:43:13,480 - __main__ - WARNING - Label index out of range: 11
2024-09-15 17:43:13,480 - __main__ - DEBUG - Processing bounding boxes.
2024-09-15 17:43:13,480 - __main__ - DEBUG - Lines drawn on the frame.
2024-09-15 17:43:13,480 - __main__ - INFO - Published data to MQTT: {'going_down': 4, 'going_up': 4}
2024-09-15 17:43:13,480 - __main__ - DEBUG - Counters drawn: Going Down=4, Going Up=4
2024-09-15 17:43:13,480 - __main__ - DEBUG - FPS drawn: 0.63
2024-09-15 17:43:13,495 - __main__ - DEBUG - Getting detections from the frame.
2024-09-15 17:43:14,479 - __main__ - DEBUG - Processing bounding boxes.
2024-09-15 17:43:14,479 - __main__ - DEBUG - Lines drawn on the frame.
2024-09-15 17:43:14,479 - __main__ - INFO - Published data to MQTT: {'going_down': 4, 'going_up': 4}
2024-09-15 17:43:14,495 - __main__ - DEBUG - Counters drawn: Going Down=4, Going Up=4
2024-09-15 17:43:14,495 - __main__ - DEBUG - FPS drawn: 0.64
2024-09-15 17:43:14,540 - __main__ - DEBUG - Getting detections from the frame.
2024-09-15 17:43:15,214 - __main__ - DEBUG - Processing bounding boxes.
2024-09-15 17:43:15,214 - __main__ - DEBUG - Lines drawn on the frame.
2024-09-15 17:43:15,214 - __main__ - INFO - Published data to MQTT: {'going_down': 4, 'going_up': 4}
2024-09-15 17:43:15,214 - __main__ - DEBUG - Counters drawn: Going Down=4, Going Up=4
2024-09-15 17:43:15,228 - __main__ - DEBUG - FPS drawn: 0.67
2024-09-15 17:43:15,275 - __main__ - DEBUG - Getting detections from the frame.
2024-09-15 17:43:15,923 - __main__ - DEBUG - Processing bounding boxes.
2024-09-15 17:43:15,923 - __main__ - DEBUG - Marked object 14 at (406, 306)
2024-09-15 17:43:15,923 - __main__ - DEBUG - Marked object 14 at (406, 306)
2024-09-15 17:43:15,923 - __main__ - DEBUG - Lines drawn on the frame.
2024-09-15 17:43:15,940 - __main__ - INFO - Published data to MQTT: {'going_down': 5, 'going_up': 5}
2024-09-15 17:43:15,948 - __main__ - DEBUG - Counters drawn: Going Down=5, Going Up=5
2024-09-15 17:43:15,949 - __main__ - DEBUG - FPS drawn: 0.69
2024-09-15 17:43:15,957 - __main__ - DEBUG - Getting detections from the frame.
2024-09-15 17:43:16,578 - __main__ - DEBUG - Processing bounding boxes.
2024-09-15 17:43:16,578 - __main__ - DEBUG - Lines drawn on the frame.
2024-09-15 17:43:16,578 - __main__ - INFO - Published data to MQTT: {'going_down': 5, 'going_up': 5}
2024-09-15 17:43:16,578 - __main__ - DEBUG - Counters drawn: Going Down=5, Going Up=5
2024-09-15 17:43:16,578 - __main__ - DEBUG - FPS drawn: 0.71
2024-09-15 17:43:16,594 - __main__ - DEBUG - Getting detections from the frame.
2024-09-15 17:43:17,282 - __main__ - DEBUG - Processing bounding boxes.
2024-09-15 17:43:17,282 - __main__ - DEBUG - Lines drawn on the frame.
2024-09-15 17:43:17,282 - __main__ - INFO - Published data to MQTT: {'going_down': 5, 'going_up': 5}
2024-09-15 17:43:17,282 - __main__ - DEBUG - Counters drawn: Going Down=5, Going Up=5
2024-09-15 17:43:17,282 - __main__ - DEBUG - FPS drawn: 0.73
2024-09-15 17:43:17,305 - __main__ - DEBUG - Getting detections from the frame.
2024-09-15 17:43:17,938 - __main__ - DEBUG - Processing bounding boxes.
2024-09-15 17:43:17,938 - __main__ - DEBUG - Lines drawn on the frame.
2024-09-15 17:43:17,938 - __main__ - INFO - Published data to MQTT: {'going_down': 5, 'going_up': 5}
2024-09-15 17:43:17,938 - __main__ - DEBUG - Counters drawn: Going Down=5, Going Up=5
2024-09-15 17:43:17,938 - __main__ - DEBUG - FPS drawn: 0.75
2024-09-15 17:43:17,961 - __main__ - DEBUG - Getting detections from the frame.
2024-09-15 17:43:18,625 - __main__ - DEBUG - Processing bounding boxes.
2024-09-15 17:43:18,627 - __main__ - DEBUG - Lines drawn on the frame.
2024-09-15 17:43:18,628 - __main__ - INFO - Published data to MQTT: {'going_down': 5, 'going_up': 5}
2024-09-15 17:43:18,629 - __main__ - DEBUG - Counters drawn: Going Down=5, Going Up=5
2024-09-15 17:43:18,630 - __main__ - DEBUG - FPS drawn: 0.77
2024-09-15 17:43:18,642 - __main__ - DEBUG - Getting detections from the frame.
2024-09-15 17:43:19,268 - __main__ - DEBUG - Processing bounding boxes.
2024-09-15 17:43:19,268 - __main__ - DEBUG - Lines drawn on the frame.
2024-09-15 17:43:19,268 - __main__ - INFO - Published data to MQTT: {'going_down': 5, 'going_up': 5}
2024-09-15 17:43:19,268 - __main__ - DEBUG - Counters drawn: Going Down=5, Going Up=5
2024-09-15 17:43:19,268 - __main__ - DEBUG - FPS drawn: 0.79
2024-09-15 17:43:19,291 - __main__ - DEBUG - Getting detections from the frame.
2024-09-15 17:43:19,987 - __main__ - DEBUG - Processing bounding boxes.
2024-09-15 17:43:19,987 - __main__ - DEBUG - Lines drawn on the frame.
2024-09-15 17:43:19,987 - __main__ - INFO - Published data to MQTT: {'going_down': 5, 'going_up': 5}
2024-09-15 17:43:19,987 - __main__ - DEBUG - Counters drawn: Going Down=5, Going Up=5
2024-09-15 17:43:19,987 - __main__ - DEBUG - FPS drawn: 0.81
2024-09-15 17:43:20,025 - __main__ - DEBUG - Getting detections from the frame.
2024-09-15 17:43:20,698 - __main__ - DEBUG - Processing bounding boxes.
2024-09-15 17:43:20,701 - __main__ - DEBUG - Lines drawn on the frame.
2024-09-15 17:43:20,702 - __main__ - INFO - Published data to MQTT: {'going_down': 5, 'going_up': 5}
2024-09-15 17:43:20,703 - __main__ - DEBUG - Counters drawn: Going Down=5, Going Up=5
2024-09-15 17:43:20,707 - __main__ - DEBUG - FPS drawn: 0.82
2024-09-15 17:43:20,727 - __main__ - DEBUG - Getting detections from the frame.
2024-09-15 17:43:21,347 - __main__ - DEBUG - Processing bounding boxes.
2024-09-15 17:43:21,347 - __main__ - DEBUG - Marked object 25 at (253, 308)
2024-09-15 17:43:21,347 - __main__ - DEBUG - Marked object 25 at (253, 308)
2024-09-15 17:43:21,347 - __main__ - DEBUG - Lines drawn on the frame.
2024-09-15 17:43:21,353 - __main__ - INFO - Published data to MQTT: {'going_down': 6, 'going_up': 6}
2024-09-15 17:43:21,354 - __main__ - DEBUG - Counters drawn: Going Down=6, Going Up=6
2024-09-15 17:43:21,355 - __main__ - DEBUG - FPS drawn: 0.84
2024-09-15 17:43:21,374 - __main__ - DEBUG - Getting detections from the frame.
2024-09-15 17:43:22,093 - __main__ - DEBUG - Processing bounding boxes.
2024-09-15 17:43:22,093 - __main__ - DEBUG - Marked object 27 at (290, 307)
2024-09-15 17:43:22,093 - __main__ - DEBUG - Marked object 27 at (290, 307)
2024-09-15 17:43:22,093 - __main__ - DEBUG - Lines drawn on the frame.
2024-09-15 17:43:22,093 - __main__ - INFO - Published data to MQTT: {'going_down': 7, 'going_up': 7}
2024-09-15 17:43:22,105 - __main__ - DEBUG - Counters drawn: Going Down=7, Going Up=7
2024-09-15 17:43:22,106 - __main__ - DEBUG - FPS drawn: 0.85
2024-09-15 17:43:22,157 - __main__ - DEBUG - Getting detections from the frame.
2024-09-15 17:43:22,898 - __main__ - DEBUG - Processing bounding boxes.
2024-09-15 17:43:22,898 - __main__ - DEBUG - Marked object 27 at (293, 320)
2024-09-15 17:43:22,898 - __main__ - DEBUG - Marked object 27 at (293, 320)
2024-09-15 17:43:22,898 - __main__ - DEBUG - Lines drawn on the frame.
2024-09-15 17:43:22,898 - __main__ - INFO - Published data to MQTT: {'going_down': 7, 'going_up': 7}
2024-09-15 17:43:22,910 - __main__ - DEBUG - Counters drawn: Going Down=7, Going Up=7
2024-09-15 17:43:22,914 - __main__ - DEBUG - FPS drawn: 0.86
2024-09-15 17:43:22,957 - __main__ - DEBUG - Getting detections from the frame.
2024-09-15 17:43:23,641 - __main__ - DEBUG - Processing bounding boxes.
2024-09-15 17:43:23,641 - __main__ - DEBUG - Marked object 27 at (290, 322)
2024-09-15 17:43:23,641 - __main__ - DEBUG - Marked object 27 at (290, 322)
2024-09-15 17:43:23,641 - __main__ - DEBUG - Marked object 32 at (228, 301)
2024-09-15 17:43:23,641 - __main__ - DEBUG - Marked object 32 at (228, 301)
2024-09-15 17:43:23,656 - __main__ - DEBUG - Lines drawn on the frame.
2024-09-15 17:43:23,658 - __main__ - INFO - Published data to MQTT: {'going_down': 8, 'going_up': 8}
2024-09-15 17:43:23,659 - __main__ - DEBUG - Counters drawn: Going Down=8, Going Up=8
2024-09-15 17:43:23,666 - __main__ - DEBUG - FPS drawn: 0.87
2024-09-15 17:43:23,685 - __main__ - DEBUG - Getting detections from the frame.
2024-09-15 17:43:24,365 - __main__ - DEBUG - Processing bounding boxes.
2024-09-15 17:43:24,366 - __main__ - DEBUG - Marked object 27 at (299, 301)
2024-09-15 17:43:24,369 - __main__ - DEBUG - Marked object 27 at (299, 301)
2024-09-15 17:43:24,370 - __main__ - DEBUG - Lines drawn on the frame.
2024-09-15 17:43:24,371 - __main__ - INFO - Published data to MQTT: {'going_down': 8, 'going_up': 8}
2024-09-15 17:43:24,372 - __main__ - DEBUG - Counters drawn: Going Down=8, Going Up=8
2024-09-15 17:43:24,373 - __main__ - DEBUG - FPS drawn: 0.88
2024-09-15 17:43:24,386 - __main__ - DEBUG - Getting detections from the frame.
2024-09-15 17:43:25,042 - __main__ - DEBUG - Processing bounding boxes.
2024-09-15 17:43:25,042 - __main__ - DEBUG - Lines drawn on the frame.
2024-09-15 17:43:25,042 - __main__ - INFO - Published data to MQTT: {'going_down': 8, 'going_up': 8}
2024-09-15 17:43:25,042 - __main__ - DEBUG - Counters drawn: Going Down=8, Going Up=8
2024-09-15 17:43:25,058 - __main__ - DEBUG - FPS drawn: 0.90
2024-09-15 17:43:25,086 - __main__ - DEBUG - Getting detections from the frame.
2024-09-15 17:43:25,733 - __main__ - DEBUG - Processing bounding boxes.
2024-09-15 17:43:25,733 - __main__ - DEBUG - Marked object 35 at (411, 303)
2024-09-15 17:43:25,733 - __main__ - DEBUG - Marked object 35 at (411, 303)
2024-09-15 17:43:25,750 - __main__ - DEBUG - Lines drawn on the frame.
2024-09-15 17:43:25,752 - __main__ - INFO - Published data to MQTT: {'going_down': 9, 'going_up': 9}
2024-09-15 17:43:25,754 - __main__ - DEBUG - Counters drawn: Going Down=9, Going Up=9
2024-09-15 17:43:25,755 - __main__ - DEBUG - FPS drawn: 0.91
2024-09-15 17:43:25,771 - __main__ - DEBUG - Getting detections from the frame.
2024-09-15 17:43:26,449 - __main__ - DEBUG - Processing bounding boxes.
2024-09-15 17:43:26,449 - __main__ - DEBUG - Lines drawn on the frame.
2024-09-15 17:43:26,463 - __main__ - INFO - Published data to MQTT: {'going_down': 9, 'going_up': 9}
2024-09-15 17:43:26,464 - __main__ - DEBUG - Counters drawn: Going Down=9, Going Up=9
2024-09-15 17:43:26,474 - __main__ - DEBUG - FPS drawn: 0.92
2024-09-15 17:43:26,487 - __main__ - DEBUG - Getting detections from the frame.
2024-09-15 17:43:26,549 - __main__ - INFO - End of video stream reached. Stopping video.
2024-09-15 17:43:26,815 - __main__ - DEBUG - Processing bounding boxes.
2024-09-15 17:43:26,815 - __main__ - DEBUG - Lines drawn on the frame.
2024-09-15 17:43:26,815 - __main__ - INFO - Published data to MQTT: {'going_down': 9, 'going_up': 9}
2024-09-15 17:43:26,830 - __main__ - DEBUG - Counters drawn: Going Down=9, Going Up=9
2024-09-15 17:43:26,830 - __main__ - DEBUG - FPS drawn: 0.94
2024-09-15 17:43:26,830 - __main__ - ERROR - Error reading frame, exiting.
2024-09-15 17:43:26,846 - __main__ - INFO - Video stream released.
2024-09-15 17:43:26,911 - __main__ - INFO - Published data to MQTT: {'going_down': 9, 'going_up': 9}
