2024-09-15 17:59:57,281 - __main__ - INFO - Device: cpu
2024-09-15 17:59:57,311 - __main__ - INFO - Connected to MQTT broker at 103.245.38.40:1883
2024-09-15 17:59:57,314 - __main__ - INFO - Starting main function.
2024-09-15 17:59:57,374 - __main__ - INFO - Loading model from ./yolov3-tinyu.pt
2024-09-15 17:59:57,506 - __main__ - INFO - Labels loaded: ['person', 'bicycle', 'car', 'motorcycle', 'airplane', 'bus', 'train', 'truck', 'boat']
2024-09-15 17:59:57,551 - __main__ - DEBUG - Getting detections from the frame.
2024-09-15 18:00:13,112 - __main__ - DEBUG - Processing bounding boxes.
2024-09-15 18:00:13,138 - __main__ - DEBUG - Lines drawn on the frame.
2024-09-15 18:00:13,147 - __main__ - INFO - Published data to MQTT: {'going_down': 0, 'going_up': 0}
2024-09-15 18:00:13,154 - __main__ - DEBUG - Counters drawn: Going Down=0, Going Up=0
2024-09-15 18:00:13,163 - __main__ - DEBUG - FPS drawn: 0.06
2024-09-15 18:00:13,369 - __main__ - DEBUG - Getting detections from the frame.
2024-09-15 18:00:14,421 - __main__ - DEBUG - Processing bounding boxes.
2024-09-15 18:00:14,421 - __main__ - DEBUG - Lines drawn on the frame.
2024-09-15 18:00:14,421 - __main__ - INFO - Published data to MQTT: {'going_down': 0, 'going_up': 0}
2024-09-15 18:00:14,439 - __main__ - DEBUG - Counters drawn: Going Down=0, Going Up=0
2024-09-15 18:00:14,440 - __main__ - DEBUG - FPS drawn: 0.12
2024-09-15 18:00:14,455 - __main__ - DEBUG - Getting detections from the frame.
2024-09-15 18:00:15,401 - __main__ - DEBUG - Processing bounding boxes.
2024-09-15 18:00:15,416 - __main__ - DEBUG - Lines drawn on the frame.
2024-09-15 18:00:15,416 - __main__ - INFO - Published data to MQTT: {'going_down': 0, 'going_up': 0}
2024-09-15 18:00:15,416 - __main__ - DEBUG - Counters drawn: Going Down=0, Going Up=0
2024-09-15 18:00:15,416 - __main__ - DEBUG - FPS drawn: 0.17
2024-09-15 18:00:15,512 - __main__ - DEBUG - Getting detections from the frame.
2024-09-15 18:00:16,806 - __main__ - DEBUG - Processing bounding boxes.
2024-09-15 18:00:16,806 - __main__ - DEBUG - Lines drawn on the frame.
2024-09-15 18:00:16,806 - __main__ - INFO - Published data to MQTT: {'going_down': 0, 'going_up': 0}
2024-09-15 18:00:16,806 - __main__ - DEBUG - Counters drawn: Going Down=0, Going Up=0
2024-09-15 18:00:16,806 - __main__ - DEBUG - FPS drawn: 0.21
2024-09-15 18:00:16,843 - __main__ - DEBUG - Getting detections from the frame.
2024-09-15 18:00:18,323 - __main__ - DEBUG - Processing bounding boxes.
2024-09-15 18:00:18,323 - __main__ - DEBUG - Lines drawn on the frame.
2024-09-15 18:00:18,323 - __main__ - INFO - Published data to MQTT: {'going_down': 0, 'going_up': 0}
2024-09-15 18:00:18,323 - __main__ - DEBUG - Counters drawn: Going Down=0, Going Up=0
2024-09-15 18:00:18,323 - __main__ - DEBUG - FPS drawn: 0.24
2024-09-15 18:00:18,368 - __main__ - DEBUG - Getting detections from the frame.
2024-09-15 18:00:20,274 - __main__ - DEBUG - Processing bounding boxes.
2024-09-15 18:00:20,290 - __main__ - DEBUG - Lines drawn on the frame.
2024-09-15 18:00:20,308 - __main__ - INFO - Published data to MQTT: {'going_down': 0, 'going_up': 0}
2024-09-15 18:00:20,320 - __main__ - DEBUG - Counters drawn: Going Down=0, Going Up=0
2024-09-15 18:00:20,322 - __main__ - DEBUG - FPS drawn: 0.26
2024-09-15 18:00:20,412 - __main__ - DEBUG - Getting detections from the frame.
2024-09-15 18:00:21,492 - __main__ - DEBUG - Processing bounding boxes.
2024-09-15 18:00:21,492 - __main__ - DEBUG - Lines drawn on the frame.
2024-09-15 18:00:21,492 - __main__ - INFO - Published data to MQTT: {'going_down': 0, 'going_up': 0}
2024-09-15 18:00:21,492 - __main__ - DEBUG - Counters drawn: Going Down=0, Going Up=0
2024-09-15 18:00:21,492 - __main__ - DEBUG - FPS drawn: 0.29
2024-09-15 18:00:21,594 - __main__ - DEBUG - Getting detections from the frame.
2024-09-15 18:00:23,489 - __main__ - DEBUG - Processing bounding boxes.
2024-09-15 18:00:23,489 - __main__ - DEBUG - Lines drawn on the frame.
2024-09-15 18:00:23,489 - __main__ - INFO - Published data to MQTT: {'going_down': 0, 'going_up': 0}
2024-09-15 18:00:23,489 - __main__ - DEBUG - Counters drawn: Going Down=0, Going Up=0
2024-09-15 18:00:23,509 - __main__ - DEBUG - FPS drawn: 0.31
2024-09-15 18:00:23,513 - __main__ - DEBUG - Getting detections from the frame.
2024-09-15 18:00:24,716 - __main__ - DEBUG - Processing bounding boxes.
2024-09-15 18:00:24,716 - __main__ - DEBUG - Lines drawn on the frame.
2024-09-15 18:00:24,716 - __main__ - INFO - Published data to MQTT: {'going_down': 0, 'going_up': 0}
2024-09-15 18:00:24,726 - __main__ - DEBUG - Counters drawn: Going Down=0, Going Up=0
2024-09-15 18:00:24,727 - __main__ - DEBUG - FPS drawn: 0.33
2024-09-15 18:00:24,741 - __main__ - DEBUG - Getting detections from the frame.
2024-09-15 18:00:25,846 - __main__ - DEBUG - Processing bounding boxes.
2024-09-15 18:00:25,861 - __main__ - DEBUG - Lines drawn on the frame.
2024-09-15 18:00:25,861 - __main__ - INFO - Published data to MQTT: {'going_down': 0, 'going_up': 0}
2024-09-15 18:00:25,861 - __main__ - DEBUG - Counters drawn: Going Down=0, Going Up=0
2024-09-15 18:00:25,867 - __main__ - DEBUG - FPS drawn: 0.35
2024-09-15 18:00:25,907 - __main__ - DEBUG - Getting detections from the frame.
2024-09-15 18:00:27,102 - __main__ - DEBUG - Processing bounding boxes.
2024-09-15 18:00:27,102 - __main__ - DEBUG - Lines drawn on the frame.
2024-09-15 18:00:27,102 - __main__ - INFO - Published data to MQTT: {'going_down': 0, 'going_up': 0}
2024-09-15 18:00:27,102 - __main__ - DEBUG - Counters drawn: Going Down=0, Going Up=0
2024-09-15 18:00:27,102 - __main__ - DEBUG - FPS drawn: 0.37
2024-09-15 18:00:27,136 - __main__ - DEBUG - Getting detections from the frame.
2024-09-15 18:00:28,167 - __main__ - DEBUG - Processing bounding boxes.
2024-09-15 18:00:28,167 - __main__ - DEBUG - Lines drawn on the frame.
2024-09-15 18:00:28,167 - __main__ - INFO - Published data to MQTT: {'going_down': 0, 'going_up': 0}
2024-09-15 18:00:28,167 - __main__ - DEBUG - Counters drawn: Going Down=0, Going Up=0
2024-09-15 18:00:28,167 - __main__ - DEBUG - FPS drawn: 0.39
2024-09-15 18:00:28,184 - __main__ - DEBUG - Getting detections from the frame.
2024-09-15 18:00:29,171 - __main__ - DEBUG - Processing bounding boxes.
2024-09-15 18:00:29,186 - __main__ - DEBUG - Lines drawn on the frame.
2024-09-15 18:00:29,186 - __main__ - INFO - Published data to MQTT: {'going_down': 0, 'going_up': 0}
2024-09-15 18:00:29,186 - __main__ - DEBUG - Counters drawn: Going Down=0, Going Up=0
2024-09-15 18:00:29,186 - __main__ - DEBUG - FPS drawn: 0.41
2024-09-15 18:00:29,213 - __main__ - DEBUG - Getting detections from the frame.
2024-09-15 18:00:30,187 - __main__ - DEBUG - Processing bounding boxes.
2024-09-15 18:00:30,187 - __main__ - DEBUG - Lines drawn on the frame.
2024-09-15 18:00:30,187 - __main__ - INFO - Published data to MQTT: {'going_down': 0, 'going_up': 0}
2024-09-15 18:00:30,187 - __main__ - DEBUG - Counters drawn: Going Down=0, Going Up=0
2024-09-15 18:00:30,187 - __main__ - DEBUG - FPS drawn: 0.43
2024-09-15 18:00:30,212 - __main__ - DEBUG - Getting detections from the frame.
2024-09-15 18:00:31,214 - __main__ - DEBUG - Processing bounding boxes.
2024-09-15 18:00:31,214 - __main__ - DEBUG - Lines drawn on the frame.
2024-09-15 18:00:31,214 - __main__ - INFO - Published data to MQTT: {'going_down': 0, 'going_up': 0}
2024-09-15 18:00:31,214 - __main__ - DEBUG - Counters drawn: Going Down=0, Going Up=0
2024-09-15 18:00:31,228 - __main__ - DEBUG - FPS drawn: 0.44
2024-09-15 18:00:31,278 - __main__ - DEBUG - Getting detections from the frame.
2024-09-15 18:00:32,265 - __main__ - DEBUG - Processing bounding boxes.
2024-09-15 18:00:32,265 - __main__ - DEBUG - Lines drawn on the frame.
2024-09-15 18:00:32,265 - __main__ - INFO - Published data to MQTT: {'going_down': 0, 'going_up': 0}
2024-09-15 18:00:32,276 - __main__ - DEBUG - Counters drawn: Going Down=0, Going Up=0
2024-09-15 18:00:32,277 - __main__ - DEBUG - FPS drawn: 0.46
2024-09-15 18:00:32,314 - __main__ - DEBUG - Getting detections from the frame.
2024-09-15 18:00:33,329 - __main__ - DEBUG - Processing bounding boxes.
2024-09-15 18:00:33,345 - __main__ - DEBUG - Lines drawn on the frame.
2024-09-15 18:00:33,345 - __main__ - INFO - Published data to MQTT: {'going_down': 0, 'going_up': 0}
2024-09-15 18:00:33,345 - __main__ - DEBUG - Counters drawn: Going Down=0, Going Up=0
2024-09-15 18:00:33,349 - __main__ - DEBUG - FPS drawn: 0.47
2024-09-15 18:00:33,379 - __main__ - DEBUG - Getting detections from the frame.
2024-09-15 18:00:34,661 - __main__ - DEBUG - Processing bounding boxes.
2024-09-15 18:00:34,677 - __main__ - DEBUG - Lines drawn on the frame.
2024-09-15 18:00:34,677 - __main__ - INFO - Published data to MQTT: {'going_down': 0, 'going_up': 0}
2024-09-15 18:00:34,677 - __main__ - DEBUG - Counters drawn: Going Down=0, Going Up=0
2024-09-15 18:00:34,677 - __main__ - DEBUG - FPS drawn: 0.48
2024-09-15 18:00:34,689 - __main__ - DEBUG - Getting detections from the frame.
2024-09-15 18:00:35,820 - __main__ - DEBUG - Processing bounding boxes.
2024-09-15 18:00:35,834 - __main__ - DEBUG - Lines drawn on the frame.
2024-09-15 18:00:35,837 - __main__ - INFO - Published data to MQTT: {'going_down': 0, 'going_up': 0}
2024-09-15 18:00:35,839 - __main__ - DEBUG - Counters drawn: Going Down=0, Going Up=0
2024-09-15 18:00:35,839 - __main__ - DEBUG - FPS drawn: 0.49
2024-09-15 18:00:35,876 - __main__ - DEBUG - Getting detections from the frame.
2024-09-15 18:00:37,023 - __main__ - DEBUG - Processing bounding boxes.
2024-09-15 18:00:37,023 - __main__ - DEBUG - Lines drawn on the frame.
2024-09-15 18:00:37,023 - __main__ - INFO - Published data to MQTT: {'going_down': 0, 'going_up': 0}
2024-09-15 18:00:37,023 - __main__ - DEBUG - Counters drawn: Going Down=0, Going Up=0
2024-09-15 18:00:37,023 - __main__ - DEBUG - FPS drawn: 0.50
2024-09-15 18:00:37,074 - __main__ - DEBUG - Getting detections from the frame.
2024-09-15 18:00:38,150 - __main__ - DEBUG - Processing bounding boxes.
2024-09-15 18:00:38,150 - __main__ - DEBUG - Lines drawn on the frame.
2024-09-15 18:00:38,150 - __main__ - INFO - Published data to MQTT: {'going_down': 0, 'going_up': 0}
2024-09-15 18:00:38,165 - __main__ - DEBUG - Counters drawn: Going Down=0, Going Up=0
2024-09-15 18:00:38,165 - __main__ - DEBUG - FPS drawn: 0.51
2024-09-15 18:00:38,235 - __main__ - DEBUG - Getting detections from the frame.
2024-09-15 18:00:39,188 - __main__ - INFO - End of video stream reached. Stopping video.
2024-09-15 18:00:39,479 - __main__ - DEBUG - Processing bounding boxes.
2024-09-15 18:00:39,479 - __main__ - DEBUG - Lines drawn on the frame.
2024-09-15 18:00:39,479 - __main__ - INFO - Published data to MQTT: {'going_down': 0, 'going_up': 0}
2024-09-15 18:00:39,479 - __main__ - DEBUG - Counters drawn: Going Down=0, Going Up=0
2024-09-15 18:00:39,479 - __main__ - DEBUG - FPS drawn: 0.52
2024-09-15 18:00:39,479 - __main__ - ERROR - Error reading frame, exiting.
2024-09-15 18:00:39,498 - __main__ - INFO - Video stream released.
2024-09-15 18:00:39,560 - __main__ - INFO - Published data to MQTT: {'going_down': 0, 'going_up': 0}
