2024-09-15 11:18:17,506 - __main__ - INFO - Device: cpu
2024-09-15 11:18:17,538 - __main__ - INFO - Connected to MQTT broker at 103.245.38.40:1883
2024-09-15 11:18:17,553 - __main__ - INFO - Starting main function.
2024-09-15 11:18:17,617 - __main__ - INFO - Loading model from ./yolov3-tinyu.pt
2024-09-15 11:18:17,726 - __main__ - INFO - Labels loaded: ['person', 'bicycle', 'car', 'motorcycle', 'airplane', 'bus', 'train', 'truck', 'boat']
2024-09-15 11:18:18,036 - __main__ - DEBUG - Getting detections from the frame.
2024-09-15 11:18:29,590 - __main__ - DEBUG - Processing bounding boxes.
2024-09-15 11:18:29,590 - __main__ - DEBUG - Lines drawn on the frame.
2024-09-15 11:18:29,606 - __main__ - INFO - Published data to MQTT: {'going_down': 0, 'going_up': 0}
2024-09-15 11:18:29,607 - __main__ - DEBUG - Counters drawn: Going Down=0, Going Up=0
2024-09-15 11:18:29,607 - __main__ - DEBUG - FPS drawn: 0.08
2024-09-15 11:18:29,802 - __main__ - DEBUG - Getting detections from the frame.
2024-09-15 11:18:30,768 - __main__ - DEBUG - Processing bounding boxes.
2024-09-15 11:18:30,768 - __main__ - DEBUG - Lines drawn on the frame.
2024-09-15 11:18:30,768 - __main__ - INFO - Published data to MQTT: {'going_down': 0, 'going_up': 0}
2024-09-15 11:18:30,768 - __main__ - DEBUG - Counters drawn: Going Down=0, Going Up=0
2024-09-15 11:18:30,768 - __main__ - DEBUG - FPS drawn: 0.15
2024-09-15 11:18:30,864 - __main__ - DEBUG - Getting detections from the frame.
2024-09-15 11:18:31,518 - __main__ - DEBUG - Processing bounding boxes.
2024-09-15 11:18:31,539 - __main__ - DEBUG - Lines drawn on the frame.
2024-09-15 11:18:31,544 - __main__ - INFO - Published data to MQTT: {'going_down': 0, 'going_up': 0}
2024-09-15 11:18:31,545 - __main__ - DEBUG - Counters drawn: Going Down=0, Going Up=0
2024-09-15 11:18:31,545 - __main__ - DEBUG - FPS drawn: 0.22
2024-09-15 11:18:31,605 - __main__ - DEBUG - Getting detections from the frame.
2024-09-15 11:18:32,254 - __main__ - DEBUG - Processing bounding boxes.
2024-09-15 11:18:32,254 - __main__ - DEBUG - Lines drawn on the frame.
2024-09-15 11:18:32,269 - __main__ - INFO - Published data to MQTT: {'going_down': 0, 'going_up': 0}
2024-09-15 11:18:32,270 - __main__ - DEBUG - Counters drawn: Going Down=0, Going Up=0
2024-09-15 11:18:32,271 - __main__ - DEBUG - FPS drawn: 0.27
2024-09-15 11:18:32,305 - __main__ - DEBUG - Getting detections from the frame.
2024-09-15 11:18:32,994 - __main__ - DEBUG - Processing bounding boxes.
2024-09-15 11:18:32,994 - __main__ - DEBUG - Lines drawn on the frame.
2024-09-15 11:18:32,994 - __main__ - INFO - Published data to MQTT: {'going_down': 0, 'going_up': 0}
2024-09-15 11:18:32,994 - __main__ - DEBUG - Counters drawn: Going Down=0, Going Up=0
2024-09-15 11:18:32,994 - __main__ - DEBUG - FPS drawn: 0.33
2024-09-15 11:18:33,091 - __main__ - DEBUG - Getting detections from the frame.
2024-09-15 11:18:33,707 - __main__ - DEBUG - Processing bounding boxes.
2024-09-15 11:18:33,707 - __main__ - DEBUG - Lines drawn on the frame.
2024-09-15 11:18:33,707 - __main__ - INFO - Published data to MQTT: {'going_down': 0, 'going_up': 0}
2024-09-15 11:18:33,707 - __main__ - DEBUG - Counters drawn: Going Down=0, Going Up=0
2024-09-15 11:18:33,707 - __main__ - DEBUG - FPS drawn: 0.37
2024-09-15 11:18:33,782 - __main__ - DEBUG - Getting detections from the frame.
2024-09-15 11:18:34,406 - __main__ - DEBUG - Processing bounding boxes.
2024-09-15 11:18:34,408 - __main__ - DEBUG - Lines drawn on the frame.
2024-09-15 11:18:34,409 - __main__ - INFO - Published data to MQTT: {'going_down': 0, 'going_up': 0}
2024-09-15 11:18:34,411 - __main__ - DEBUG - Counters drawn: Going Down=0, Going Up=0
2024-09-15 11:18:34,411 - __main__ - DEBUG - FPS drawn: 0.42
2024-09-15 11:18:34,527 - __main__ - DEBUG - Getting detections from the frame.
2024-09-15 11:18:35,147 - __main__ - DEBUG - Processing bounding boxes.
2024-09-15 11:18:35,147 - __main__ - DEBUG - Lines drawn on the frame.
2024-09-15 11:18:35,168 - __main__ - INFO - Published data to MQTT: {'going_down': 0, 'going_up': 0}
2024-09-15 11:18:35,177 - __main__ - DEBUG - Counters drawn: Going Down=0, Going Up=0
2024-09-15 11:18:35,181 - __main__ - DEBUG - FPS drawn: 0.46
2024-09-15 11:18:35,341 - __main__ - DEBUG - Getting detections from the frame.
2024-09-15 11:18:36,024 - __main__ - DEBUG - Processing bounding boxes.
2024-09-15 11:18:36,024 - __main__ - DEBUG - Lines drawn on the frame.
2024-09-15 11:18:36,024 - __main__ - INFO - Published data to MQTT: {'going_down': 0, 'going_up': 0}
2024-09-15 11:18:36,024 - __main__ - DEBUG - Counters drawn: Going Down=0, Going Up=0
2024-09-15 11:18:36,024 - __main__ - DEBUG - FPS drawn: 0.49
2024-09-15 11:18:36,107 - __main__ - DEBUG - Getting detections from the frame.
2024-09-15 11:18:36,760 - __main__ - DEBUG - Processing bounding boxes.
2024-09-15 11:18:36,760 - __main__ - DEBUG - Lines drawn on the frame.
2024-09-15 11:18:36,760 - __main__ - INFO - Published data to MQTT: {'going_down': 0, 'going_up': 0}
2024-09-15 11:18:36,760 - __main__ - DEBUG - Counters drawn: Going Down=0, Going Up=0
2024-09-15 11:18:36,760 - __main__ - DEBUG - FPS drawn: 0.52
2024-09-15 11:18:36,809 - __main__ - DEBUG - Getting detections from the frame.
2024-09-15 11:18:37,464 - __main__ - DEBUG - Processing bounding boxes.
2024-09-15 11:18:37,464 - __main__ - DEBUG - Lines drawn on the frame.
2024-09-15 11:18:37,480 - __main__ - INFO - Published data to MQTT: {'going_down': 0, 'going_up': 0}
2024-09-15 11:18:37,480 - __main__ - DEBUG - Counters drawn: Going Down=0, Going Up=0
2024-09-15 11:18:37,480 - __main__ - DEBUG - FPS drawn: 0.55
2024-09-15 11:18:37,586 - __main__ - DEBUG - Getting detections from the frame.
2024-09-15 11:18:38,244 - __main__ - DEBUG - Processing bounding boxes.
2024-09-15 11:18:38,244 - __main__ - DEBUG - Lines drawn on the frame.
2024-09-15 11:18:38,244 - __main__ - INFO - Published data to MQTT: {'going_down': 0, 'going_up': 0}
2024-09-15 11:18:38,244 - __main__ - DEBUG - Counters drawn: Going Down=0, Going Up=0
2024-09-15 11:18:38,244 - __main__ - DEBUG - FPS drawn: 0.58
2024-09-15 11:18:38,310 - __main__ - DEBUG - Getting detections from the frame.
2024-09-15 11:18:38,884 - __main__ - DEBUG - Processing bounding boxes.
2024-09-15 11:18:38,900 - __main__ - DEBUG - Lines drawn on the frame.
2024-09-15 11:18:38,900 - __main__ - INFO - Published data to MQTT: {'going_down': 0, 'going_up': 0}
2024-09-15 11:18:38,900 - __main__ - DEBUG - Counters drawn: Going Down=0, Going Up=0
2024-09-15 11:18:38,900 - __main__ - DEBUG - FPS drawn: 0.61
2024-09-15 11:18:38,971 - __main__ - DEBUG - Getting detections from the frame.
2024-09-15 11:18:39,589 - __main__ - DEBUG - Processing bounding boxes.
2024-09-15 11:18:39,589 - __main__ - DEBUG - Lines drawn on the frame.
2024-09-15 11:18:39,589 - __main__ - INFO - Published data to MQTT: {'going_down': 0, 'going_up': 0}
2024-09-15 11:18:39,589 - __main__ - DEBUG - Counters drawn: Going Down=0, Going Up=0
2024-09-15 11:18:39,595 - __main__ - DEBUG - FPS drawn: 0.64
2024-09-15 11:18:39,640 - __main__ - DEBUG - Getting detections from the frame.
2024-09-15 11:18:40,340 - __main__ - DEBUG - Processing bounding boxes.
2024-09-15 11:18:40,340 - __main__ - DEBUG - Lines drawn on the frame.
2024-09-15 11:18:40,340 - __main__ - INFO - Published data to MQTT: {'going_down': 0, 'going_up': 0}
2024-09-15 11:18:40,340 - __main__ - DEBUG - Counters drawn: Going Down=0, Going Up=0
2024-09-15 11:18:40,340 - __main__ - DEBUG - FPS drawn: 0.66
2024-09-15 11:18:40,423 - __main__ - DEBUG - Getting detections from the frame.
2024-09-15 11:18:41,048 - __main__ - DEBUG - Processing bounding boxes.
2024-09-15 11:18:41,064 - __main__ - DEBUG - Lines drawn on the frame.
2024-09-15 11:18:41,064 - __main__ - INFO - Published data to MQTT: {'going_down': 0, 'going_up': 0}
2024-09-15 11:18:41,064 - __main__ - DEBUG - Counters drawn: Going Down=0, Going Up=0
2024-09-15 11:18:41,064 - __main__ - DEBUG - FPS drawn: 0.68
2024-09-15 11:18:41,119 - __main__ - DEBUG - Getting detections from the frame.
2024-09-15 11:18:41,811 - __main__ - DEBUG - Processing bounding boxes.
2024-09-15 11:18:41,811 - __main__ - DEBUG - Lines drawn on the frame.
2024-09-15 11:18:41,811 - __main__ - INFO - Published data to MQTT: {'going_down': 0, 'going_up': 0}
2024-09-15 11:18:41,811 - __main__ - DEBUG - Counters drawn: Going Down=0, Going Up=0
2024-09-15 11:18:41,811 - __main__ - DEBUG - FPS drawn: 0.70
2024-09-15 11:18:41,929 - __main__ - DEBUG - Getting detections from the frame.
2024-09-15 11:18:42,608 - __main__ - DEBUG - Processing bounding boxes.
2024-09-15 11:18:42,608 - __main__ - DEBUG - Lines drawn on the frame.
2024-09-15 11:18:42,608 - __main__ - INFO - Published data to MQTT: {'going_down': 0, 'going_up': 0}
2024-09-15 11:18:42,608 - __main__ - DEBUG - Counters drawn: Going Down=0, Going Up=0
2024-09-15 11:18:42,608 - __main__ - DEBUG - FPS drawn: 0.72
2024-09-15 11:18:42,751 - __main__ - DEBUG - Getting detections from the frame.
2024-09-15 11:18:43,406 - __main__ - DEBUG - Processing bounding boxes.
2024-09-15 11:18:43,406 - __main__ - DEBUG - Lines drawn on the frame.
2024-09-15 11:18:43,406 - __main__ - INFO - Published data to MQTT: {'going_down': 0, 'going_up': 0}
2024-09-15 11:18:43,406 - __main__ - DEBUG - Counters drawn: Going Down=0, Going Up=0
2024-09-15 11:18:43,406 - __main__ - DEBUG - FPS drawn: 0.74
2024-09-15 11:18:43,430 - __main__ - DEBUG - Getting detections from the frame.
2024-09-15 11:18:44,092 - __main__ - DEBUG - Processing bounding boxes.
2024-09-15 11:18:44,092 - __main__ - DEBUG - Lines drawn on the frame.
2024-09-15 11:18:44,108 - __main__ - INFO - Published data to MQTT: {'going_down': 0, 'going_up': 0}
2024-09-15 11:18:44,119 - __main__ - DEBUG - Counters drawn: Going Down=0, Going Up=0
2024-09-15 11:18:44,122 - __main__ - DEBUG - FPS drawn: 0.75
2024-09-15 11:18:44,143 - __main__ - DEBUG - Getting detections from the frame.
2024-09-15 11:18:44,814 - __main__ - DEBUG - Processing bounding boxes.
2024-09-15 11:18:44,818 - __main__ - DEBUG - Lines drawn on the frame.
2024-09-15 11:18:44,822 - __main__ - INFO - Published data to MQTT: {'going_down': 0, 'going_up': 0}
2024-09-15 11:18:44,833 - __main__ - DEBUG - Counters drawn: Going Down=0, Going Up=0
2024-09-15 11:18:44,834 - __main__ - DEBUG - FPS drawn: 0.77
2024-09-15 11:18:44,987 - __main__ - DEBUG - Getting detections from the frame.
2024-09-15 11:18:45,630 - __main__ - DEBUG - Processing bounding boxes.
2024-09-15 11:18:45,630 - __main__ - DEBUG - Lines drawn on the frame.
2024-09-15 11:18:45,630 - __main__ - INFO - Published data to MQTT: {'going_down': 0, 'going_up': 0}
2024-09-15 11:18:45,630 - __main__ - DEBUG - Counters drawn: Going Down=0, Going Up=0
2024-09-15 11:18:45,646 - __main__ - DEBUG - FPS drawn: 0.78
2024-09-15 11:18:45,803 - __main__ - DEBUG - Getting detections from the frame.
2024-09-15 11:18:46,446 - __main__ - DEBUG - Processing bounding boxes.
2024-09-15 11:18:46,446 - __main__ - DEBUG - Lines drawn on the frame.
2024-09-15 11:18:46,446 - __main__ - INFO - Published data to MQTT: {'going_down': 0, 'going_up': 0}
2024-09-15 11:18:46,446 - __main__ - DEBUG - Counters drawn: Going Down=0, Going Up=0
2024-09-15 11:18:46,453 - __main__ - DEBUG - FPS drawn: 0.80
2024-09-15 11:18:46,531 - __main__ - DEBUG - Getting detections from the frame.
2024-09-15 11:18:47,183 - __main__ - DEBUG - Processing bounding boxes.
2024-09-15 11:18:47,183 - __main__ - DEBUG - Lines drawn on the frame.
2024-09-15 11:18:47,199 - __main__ - INFO - Published data to MQTT: {'going_down': 0, 'going_up': 0}
2024-09-15 11:18:47,199 - __main__ - DEBUG - Counters drawn: Going Down=0, Going Up=0
2024-09-15 11:18:47,199 - __main__ - DEBUG - FPS drawn: 0.81
2024-09-15 11:18:47,211 - __main__ - DEBUG - Getting detections from the frame.
2024-09-15 11:18:47,864 - __main__ - DEBUG - Processing bounding boxes.
2024-09-15 11:18:47,864 - __main__ - DEBUG - Lines drawn on the frame.
2024-09-15 11:18:47,864 - __main__ - INFO - Published data to MQTT: {'going_down': 0, 'going_up': 0}
2024-09-15 11:18:47,864 - __main__ - DEBUG - Counters drawn: Going Down=0, Going Up=0
2024-09-15 11:18:47,871 - __main__ - DEBUG - FPS drawn: 0.83
2024-09-15 11:18:48,006 - __main__ - DEBUG - Getting detections from the frame.
2024-09-15 11:18:48,625 - __main__ - ERROR - Failed to retrieve frame from stream. Reconnecting...
2024-09-15 11:18:48,765 - __main__ - DEBUG - Processing bounding boxes.
2024-09-15 11:18:48,765 - __main__ - DEBUG - Lines drawn on the frame.
2024-09-15 11:18:48,765 - __main__ - INFO - Published data to MQTT: {'going_down': 0, 'going_up': 0}
2024-09-15 11:18:48,765 - __main__ - DEBUG - Counters drawn: Going Down=0, Going Up=0
2024-09-15 11:18:48,765 - __main__ - DEBUG - FPS drawn: 0.83
2024-09-15 11:18:50,704 - __main__ - ERROR - No frame received. Skipping iteration.
2024-09-15 11:18:51,216 - __main__ - DEBUG - Getting detections from the frame.
2024-09-15 11:18:51,919 - __main__ - DEBUG - Processing bounding boxes.
2024-09-15 11:18:51,919 - __main__ - DEBUG - Lines drawn on the frame.
2024-09-15 11:18:51,919 - __main__ - INFO - Published data to MQTT: {'going_down': 0, 'going_up': 0}
2024-09-15 11:18:51,919 - __main__ - DEBUG - Counters drawn: Going Down=0, Going Up=0
2024-09-15 11:18:51,919 - __main__ - DEBUG - FPS drawn: 0.79
2024-09-15 11:18:52,010 - __main__ - DEBUG - Getting detections from the frame.
2024-09-15 11:18:52,671 - __main__ - DEBUG - Processing bounding boxes.
2024-09-15 11:18:52,671 - __main__ - DEBUG - Lines drawn on the frame.
2024-09-15 11:18:52,671 - __main__ - INFO - Published data to MQTT: {'going_down': 0, 'going_up': 0}
2024-09-15 11:18:52,671 - __main__ - DEBUG - Counters drawn: Going Down=0, Going Up=0
2024-09-15 11:18:52,671 - __main__ - DEBUG - FPS drawn: 0.80
2024-09-15 11:18:52,770 - __main__ - DEBUG - Getting detections from the frame.
2024-09-15 11:18:53,470 - __main__ - DEBUG - Processing bounding boxes.
2024-09-15 11:18:53,470 - __main__ - DEBUG - Lines drawn on the frame.
2024-09-15 11:18:53,488 - __main__ - INFO - Published data to MQTT: {'going_down': 0, 'going_up': 0}
2024-09-15 11:18:53,488 - __main__ - DEBUG - Counters drawn: Going Down=0, Going Up=0
2024-09-15 11:18:53,488 - __main__ - DEBUG - FPS drawn: 0.81
2024-09-15 11:18:53,561 - __main__ - DEBUG - Getting detections from the frame.
2024-09-15 11:18:54,239 - __main__ - DEBUG - Processing bounding boxes.
2024-09-15 11:18:54,239 - __main__ - DEBUG - Lines drawn on the frame.
2024-09-15 11:18:54,239 - __main__ - INFO - Published data to MQTT: {'going_down': 0, 'going_up': 0}
2024-09-15 11:18:54,253 - __main__ - DEBUG - Counters drawn: Going Down=0, Going Up=0
2024-09-15 11:18:54,260 - __main__ - DEBUG - FPS drawn: 0.82
2024-09-15 11:18:54,411 - __main__ - DEBUG - Getting detections from the frame.
2024-09-15 11:18:55,316 - __main__ - DEBUG - Processing bounding boxes.
2024-09-15 11:18:55,316 - __main__ - DEBUG - Lines drawn on the frame.
2024-09-15 11:18:55,316 - __main__ - INFO - Published data to MQTT: {'going_down': 0, 'going_up': 0}
2024-09-15 11:18:55,332 - __main__ - DEBUG - Counters drawn: Going Down=0, Going Up=0
2024-09-15 11:18:55,332 - __main__ - DEBUG - FPS drawn: 0.82
2024-09-15 11:18:55,552 - __main__ - DEBUG - Getting detections from the frame.
2024-09-15 11:18:56,597 - __main__ - DEBUG - Processing bounding boxes.
2024-09-15 11:18:56,598 - __main__ - DEBUG - Lines drawn on the frame.
2024-09-15 11:18:56,599 - __main__ - INFO - Published data to MQTT: {'going_down': 0, 'going_up': 0}
2024-09-15 11:18:56,600 - __main__ - DEBUG - Counters drawn: Going Down=0, Going Up=0
2024-09-15 11:18:56,601 - __main__ - DEBUG - FPS drawn: 0.82
2024-09-15 11:18:56,605 - __main__ - INFO - Elapsed time: 38.99
2024-09-15 11:18:56,606 - __main__ - INFO - Approx. FPS: 0.00
2024-09-15 11:18:56,626 - __main__ - INFO - Video stream released.
2024-09-15 11:18:56,658 - __main__ - INFO - Published data to MQTT: {'going_down': 0, 'going_up': 0}
2024-09-15 11:18:56,659 - __main__ - INFO - FFmpeg process finished.
2024-09-15 11:18:56,659 - __main__ - INFO - MQTT client disconnected and garbage collected.
