2024-09-15 11:23:41,519 - __main__ - INFO - Device: cpu
2024-09-15 11:23:41,550 - __main__ - INFO - Connected to MQTT broker at 103.245.38.40:1883
2024-09-15 11:23:41,566 - __main__ - INFO - Starting main function.
2024-09-15 11:23:41,637 - __main__ - INFO - Loading model from ./yolov3-tinyu.pt
2024-09-15 11:23:41,743 - __main__ - INFO - Labels loaded: ['person', 'bicycle', 'car', 'motorcycle', 'airplane', 'bus', 'train', 'truck', 'boat']
2024-09-15 11:23:41,780 - __main__ - INFO - Frame successfully retrieved.
2024-09-15 11:23:41,827 - __main__ - INFO - Frame successfully retrieved.
2024-09-15 11:23:41,827 - __main__ - INFO - Frame successfully retrieved.
2024-09-15 11:23:41,863 - __main__ - DEBUG - Getting detections from the frame.
2024-09-15 11:23:52,880 - __main__ - DEBUG - Processing bounding boxes.
2024-09-15 11:23:52,880 - __main__ - DEBUG - Lines drawn on the frame.
2024-09-15 11:23:52,886 - __main__ - INFO - Published data to MQTT: {'going_down': 0, 'going_up': 0}
2024-09-15 11:23:52,887 - __main__ - DEBUG - Counters drawn: Going Down=0, Going Up=0
2024-09-15 11:23:52,895 - __main__ - DEBUG - FPS drawn: 0.09
2024-09-15 11:23:53,032 - __main__ - INFO - Frame successfully retrieved.
2024-09-15 11:23:53,070 - __main__ - INFO - Frame successfully retrieved.
2024-09-15 11:23:53,137 - __main__ - INFO - Frame successfully retrieved.
2024-09-15 11:23:53,177 - __main__ - DEBUG - Getting detections from the frame.
2024-09-15 11:23:54,398 - __main__ - DEBUG - Processing bounding boxes.
2024-09-15 11:23:54,398 - __main__ - DEBUG - Lines drawn on the frame.
2024-09-15 11:23:54,398 - __main__ - INFO - Published data to MQTT: {'going_down': 0, 'going_up': 0}
2024-09-15 11:23:54,398 - __main__ - DEBUG - Counters drawn: Going Down=0, Going Up=0
2024-09-15 11:23:54,398 - __main__ - DEBUG - FPS drawn: 0.16
2024-09-15 11:23:54,422 - __main__ - INFO - Frame successfully retrieved.
2024-09-15 11:23:54,473 - __main__ - INFO - Frame successfully retrieved.
2024-09-15 11:23:54,495 - __main__ - INFO - Frame successfully retrieved.
2024-09-15 11:23:54,495 - __main__ - DEBUG - Getting detections from the frame.
2024-09-15 11:23:55,179 - __main__ - DEBUG - Processing bounding boxes.
2024-09-15 11:23:55,179 - __main__ - DEBUG - Lines drawn on the frame.
2024-09-15 11:23:55,179 - __main__ - INFO - Published data to MQTT: {'going_down': 0, 'going_up': 0}
2024-09-15 11:23:55,179 - __main__ - DEBUG - Counters drawn: Going Down=0, Going Up=0
2024-09-15 11:23:55,179 - __main__ - DEBUG - FPS drawn: 0.22
2024-09-15 11:23:55,211 - __main__ - INFO - Frame successfully retrieved.
2024-09-15 11:23:55,230 - __main__ - INFO - Frame successfully retrieved.
2024-09-15 11:23:55,248 - __main__ - INFO - Frame successfully retrieved.
2024-09-15 11:23:55,252 - __main__ - DEBUG - Getting detections from the frame.
2024-09-15 11:23:55,900 - __main__ - DEBUG - Processing bounding boxes.
2024-09-15 11:23:55,900 - __main__ - DEBUG - Lines drawn on the frame.
2024-09-15 11:23:55,900 - __main__ - INFO - Published data to MQTT: {'going_down': 0, 'going_up': 0}
2024-09-15 11:23:55,900 - __main__ - DEBUG - Counters drawn: Going Down=0, Going Up=0
2024-09-15 11:23:55,900 - __main__ - DEBUG - FPS drawn: 0.28
2024-09-15 11:23:55,950 - __main__ - INFO - Frame successfully retrieved.
2024-09-15 11:23:56,002 - __main__ - INFO - Frame successfully retrieved.
2024-09-15 11:23:56,025 - __main__ - INFO - Frame successfully retrieved.
2024-09-15 11:23:56,025 - __main__ - DEBUG - Getting detections from the frame.
2024-09-15 11:23:56,714 - __main__ - DEBUG - Processing bounding boxes.
2024-09-15 11:23:56,714 - __main__ - DEBUG - Lines drawn on the frame.
2024-09-15 11:23:56,714 - __main__ - INFO - Published data to MQTT: {'going_down': 0, 'going_up': 0}
2024-09-15 11:23:56,714 - __main__ - DEBUG - Counters drawn: Going Down=0, Going Up=0
2024-09-15 11:23:56,714 - __main__ - DEBUG - FPS drawn: 0.33
2024-09-15 11:23:56,739 - __main__ - INFO - Frame successfully retrieved.
2024-09-15 11:23:56,790 - __main__ - INFO - Frame successfully retrieved.
2024-09-15 11:23:56,799 - __main__ - INFO - Frame successfully retrieved.
2024-09-15 11:23:56,805 - __main__ - DEBUG - Getting detections from the frame.
2024-09-15 11:23:57,480 - __main__ - DEBUG - Processing bounding boxes.
2024-09-15 11:23:57,480 - __main__ - DEBUG - Lines drawn on the frame.
2024-09-15 11:23:57,480 - __main__ - INFO - Published data to MQTT: {'going_down': 0, 'going_up': 0}
2024-09-15 11:23:57,480 - __main__ - DEBUG - Counters drawn: Going Down=0, Going Up=0
2024-09-15 11:23:57,480 - __main__ - DEBUG - FPS drawn: 0.38
2024-09-15 11:23:57,503 - __main__ - INFO - Frame successfully retrieved.
2024-09-15 11:23:57,538 - __main__ - INFO - Frame successfully retrieved.
2024-09-15 11:23:57,550 - __main__ - INFO - Frame successfully retrieved.
2024-09-15 11:23:57,553 - __main__ - DEBUG - Getting detections from the frame.
2024-09-15 11:23:58,197 - __main__ - DEBUG - Processing bounding boxes.
2024-09-15 11:23:58,197 - __main__ - DEBUG - Lines drawn on the frame.
2024-09-15 11:23:58,211 - __main__ - INFO - Published data to MQTT: {'going_down': 0, 'going_up': 0}
2024-09-15 11:23:58,212 - __main__ - DEBUG - Counters drawn: Going Down=0, Going Up=0
2024-09-15 11:23:58,213 - __main__ - DEBUG - FPS drawn: 0.42
2024-09-15 11:23:58,231 - __main__ - INFO - Frame successfully retrieved.
2024-09-15 11:23:58,280 - __main__ - INFO - Frame successfully retrieved.
2024-09-15 11:23:58,296 - __main__ - INFO - Frame successfully retrieved.
2024-09-15 11:23:58,302 - __main__ - DEBUG - Getting detections from the frame.
2024-09-15 11:23:58,917 - __main__ - DEBUG - Processing bounding boxes.
2024-09-15 11:23:58,917 - __main__ - DEBUG - Lines drawn on the frame.
2024-09-15 11:23:58,917 - __main__ - INFO - Published data to MQTT: {'going_down': 0, 'going_up': 0}
2024-09-15 11:23:58,917 - __main__ - DEBUG - Counters drawn: Going Down=0, Going Up=0
2024-09-15 11:23:58,917 - __main__ - DEBUG - FPS drawn: 0.46
2024-09-15 11:23:58,949 - __main__ - INFO - Frame successfully retrieved.
2024-09-15 11:23:58,969 - __main__ - INFO - Frame successfully retrieved.
2024-09-15 11:23:58,987 - __main__ - INFO - Frame successfully retrieved.
2024-09-15 11:23:58,987 - __main__ - DEBUG - Getting detections from the frame.
2024-09-15 11:23:59,658 - __main__ - DEBUG - Processing bounding boxes.
2024-09-15 11:23:59,658 - __main__ - DEBUG - Lines drawn on the frame.
2024-09-15 11:23:59,658 - __main__ - INFO - Published data to MQTT: {'going_down': 0, 'going_up': 0}
2024-09-15 11:23:59,658 - __main__ - DEBUG - Counters drawn: Going Down=0, Going Up=0
2024-09-15 11:23:59,667 - __main__ - DEBUG - FPS drawn: 0.50
2024-09-15 11:23:59,686 - __main__ - INFO - Frame successfully retrieved.
2024-09-15 11:23:59,711 - __main__ - INFO - Frame successfully retrieved.
2024-09-15 11:23:59,746 - __main__ - INFO - Frame successfully retrieved.
2024-09-15 11:23:59,746 - __main__ - DEBUG - Getting detections from the frame.
2024-09-15 11:24:00,450 - __main__ - DEBUG - Processing bounding boxes.
2024-09-15 11:24:00,450 - __main__ - DEBUG - Lines drawn on the frame.
2024-09-15 11:24:00,450 - __main__ - INFO - Published data to MQTT: {'going_down': 0, 'going_up': 0}
2024-09-15 11:24:00,450 - __main__ - DEBUG - Counters drawn: Going Down=0, Going Up=0
2024-09-15 11:24:00,450 - __main__ - DEBUG - FPS drawn: 0.53
2024-09-15 11:24:00,494 - __main__ - INFO - Frame successfully retrieved.
2024-09-15 11:24:00,588 - __main__ - INFO - Frame successfully retrieved.
2024-09-15 11:24:00,626 - __main__ - INFO - Frame successfully retrieved.
2024-09-15 11:24:00,628 - __main__ - DEBUG - Getting detections from the frame.
2024-09-15 11:24:01,311 - __main__ - DEBUG - Processing bounding boxes.
2024-09-15 11:24:01,326 - __main__ - DEBUG - Lines drawn on the frame.
2024-09-15 11:24:01,327 - __main__ - INFO - Published data to MQTT: {'going_down': 0, 'going_up': 0}
2024-09-15 11:24:01,328 - __main__ - DEBUG - Counters drawn: Going Down=0, Going Up=0
2024-09-15 11:24:01,330 - __main__ - DEBUG - FPS drawn: 0.56
2024-09-15 11:24:01,346 - __main__ - INFO - Frame successfully retrieved.
2024-09-15 11:24:01,374 - __main__ - INFO - Frame successfully retrieved.
2024-09-15 11:24:01,397 - __main__ - INFO - Frame successfully retrieved.
2024-09-15 11:24:01,401 - __main__ - DEBUG - Getting detections from the frame.
2024-09-15 11:24:02,045 - __main__ - DEBUG - Processing bounding boxes.
2024-09-15 11:24:02,045 - __main__ - DEBUG - Lines drawn on the frame.
2024-09-15 11:24:02,045 - __main__ - INFO - Published data to MQTT: {'going_down': 0, 'going_up': 0}
2024-09-15 11:24:02,045 - __main__ - DEBUG - Counters drawn: Going Down=0, Going Up=0
2024-09-15 11:24:02,045 - __main__ - DEBUG - FPS drawn: 0.59
2024-09-15 11:24:02,090 - __main__ - INFO - Frame successfully retrieved.
2024-09-15 11:24:02,113 - __main__ - INFO - Frame successfully retrieved.
2024-09-15 11:24:02,123 - __main__ - INFO - Frame successfully retrieved.
2024-09-15 11:24:02,130 - __main__ - DEBUG - Getting detections from the frame.
2024-09-15 11:24:02,780 - __main__ - DEBUG - Processing bounding boxes.
2024-09-15 11:24:02,780 - __main__ - DEBUG - Lines drawn on the frame.
2024-09-15 11:24:02,780 - __main__ - INFO - Published data to MQTT: {'going_down': 0, 'going_up': 0}
2024-09-15 11:24:02,780 - __main__ - DEBUG - Counters drawn: Going Down=0, Going Up=0
2024-09-15 11:24:02,780 - __main__ - DEBUG - FPS drawn: 0.61
2024-09-15 11:24:02,826 - __main__ - INFO - Frame successfully retrieved.
2024-09-15 11:24:02,827 - __main__ - INFO - Frame successfully retrieved.
2024-09-15 11:24:02,856 - __main__ - INFO - Frame successfully retrieved.
2024-09-15 11:24:02,862 - __main__ - DEBUG - Getting detections from the frame.
2024-09-15 11:24:03,547 - __main__ - DEBUG - Processing bounding boxes.
2024-09-15 11:24:03,547 - __main__ - DEBUG - Lines drawn on the frame.
2024-09-15 11:24:03,547 - __main__ - INFO - Published data to MQTT: {'going_down': 0, 'going_up': 0}
2024-09-15 11:24:03,547 - __main__ - DEBUG - Counters drawn: Going Down=0, Going Up=0
2024-09-15 11:24:03,547 - __main__ - DEBUG - FPS drawn: 0.64
2024-09-15 11:24:03,585 - __main__ - INFO - Frame successfully retrieved.
2024-09-15 11:24:03,617 - __main__ - INFO - Frame successfully retrieved.
2024-09-15 11:24:03,652 - __main__ - INFO - Frame successfully retrieved.
2024-09-15 11:24:03,652 - __main__ - DEBUG - Getting detections from the frame.
2024-09-15 11:24:04,330 - __main__ - DEBUG - Processing bounding boxes.
2024-09-15 11:24:04,345 - __main__ - DEBUG - Lines drawn on the frame.
2024-09-15 11:24:04,345 - __main__ - INFO - Published data to MQTT: {'going_down': 0, 'going_up': 0}
2024-09-15 11:24:04,345 - __main__ - DEBUG - Counters drawn: Going Down=0, Going Up=0
2024-09-15 11:24:04,345 - __main__ - DEBUG - FPS drawn: 0.66
2024-09-15 11:24:04,386 - __main__ - INFO - Frame successfully retrieved.
2024-09-15 11:24:04,399 - __main__ - INFO - Frame successfully retrieved.
2024-09-15 11:24:04,408 - __main__ - INFO - Frame successfully retrieved.
2024-09-15 11:24:04,412 - __main__ - DEBUG - Getting detections from the frame.
2024-09-15 11:24:05,065 - __main__ - DEBUG - Processing bounding boxes.
2024-09-15 11:24:05,065 - __main__ - DEBUG - Lines drawn on the frame.
2024-09-15 11:24:05,065 - __main__ - INFO - Published data to MQTT: {'going_down': 0, 'going_up': 0}
2024-09-15 11:24:05,065 - __main__ - DEBUG - Counters drawn: Going Down=0, Going Up=0
2024-09-15 11:24:05,065 - __main__ - DEBUG - FPS drawn: 0.68
2024-09-15 11:24:05,134 - __main__ - INFO - Frame successfully retrieved.
2024-09-15 11:24:05,151 - __main__ - INFO - Frame successfully retrieved.
2024-09-15 11:24:05,193 - __main__ - INFO - Frame successfully retrieved.
2024-09-15 11:24:05,205 - __main__ - DEBUG - Getting detections from the frame.
2024-09-15 11:24:05,887 - __main__ - DEBUG - Processing bounding boxes.
2024-09-15 11:24:05,887 - __main__ - DEBUG - Lines drawn on the frame.
2024-09-15 11:24:05,901 - __main__ - INFO - Published data to MQTT: {'going_down': 0, 'going_up': 0}
2024-09-15 11:24:05,901 - __main__ - DEBUG - Counters drawn: Going Down=0, Going Up=0
2024-09-15 11:24:05,901 - __main__ - DEBUG - FPS drawn: 0.70
2024-09-15 11:24:05,920 - __main__ - INFO - Frame successfully retrieved.
2024-09-15 11:24:05,939 - __main__ - INFO - Frame successfully retrieved.
2024-09-15 11:24:05,947 - __main__ - INFO - Frame successfully retrieved.
2024-09-15 11:24:05,953 - __main__ - DEBUG - Getting detections from the frame.
2024-09-15 11:24:06,985 - __main__ - DEBUG - Processing bounding boxes.
2024-09-15 11:24:06,985 - __main__ - DEBUG - Lines drawn on the frame.
2024-09-15 11:24:06,985 - __main__ - INFO - Published data to MQTT: {'going_down': 0, 'going_up': 0}
2024-09-15 11:24:06,985 - __main__ - DEBUG - Counters drawn: Going Down=0, Going Up=0
2024-09-15 11:24:06,985 - __main__ - DEBUG - FPS drawn: 0.71
2024-09-15 11:24:07,021 - __main__ - INFO - Frame successfully retrieved.
2024-09-15 11:24:07,031 - __main__ - INFO - Frame successfully retrieved.
2024-09-15 11:24:07,081 - __main__ - INFO - Frame successfully retrieved.
2024-09-15 11:24:07,081 - __main__ - DEBUG - Getting detections from the frame.
2024-09-15 11:24:07,763 - __main__ - DEBUG - Processing bounding boxes.
2024-09-15 11:24:07,764 - __main__ - DEBUG - Lines drawn on the frame.
2024-09-15 11:24:07,765 - __main__ - INFO - Published data to MQTT: {'going_down': 0, 'going_up': 0}
2024-09-15 11:24:07,766 - __main__ - DEBUG - Counters drawn: Going Down=0, Going Up=0
2024-09-15 11:24:07,767 - __main__ - DEBUG - FPS drawn: 0.73
2024-09-15 11:24:07,828 - __main__ - INFO - Frame successfully retrieved.
2024-09-15 11:24:07,863 - __main__ - INFO - Frame successfully retrieved.
2024-09-15 11:24:07,887 - __main__ - INFO - Frame successfully retrieved.
2024-09-15 11:24:07,897 - __main__ - DEBUG - Getting detections from the frame.
2024-09-15 11:24:08,534 - __main__ - DEBUG - Processing bounding boxes.
2024-09-15 11:24:08,534 - __main__ - DEBUG - Lines drawn on the frame.
2024-09-15 11:24:08,534 - __main__ - INFO - Published data to MQTT: {'going_down': 0, 'going_up': 0}
2024-09-15 11:24:08,534 - __main__ - DEBUG - Counters drawn: Going Down=0, Going Up=0
2024-09-15 11:24:08,534 - __main__ - DEBUG - FPS drawn: 0.74
2024-09-15 11:24:08,579 - __main__ - INFO - Frame successfully retrieved.
2024-09-15 11:24:08,588 - __main__ - INFO - Frame successfully retrieved.
2024-09-15 11:24:08,597 - __main__ - INFO - Frame successfully retrieved.
2024-09-15 11:24:08,601 - __main__ - DEBUG - Getting detections from the frame.
2024-09-15 11:24:09,268 - __main__ - DEBUG - Processing bounding boxes.
2024-09-15 11:24:09,268 - __main__ - DEBUG - Lines drawn on the frame.
2024-09-15 11:24:09,268 - __main__ - INFO - Published data to MQTT: {'going_down': 0, 'going_up': 0}
2024-09-15 11:24:09,268 - __main__ - DEBUG - Counters drawn: Going Down=0, Going Up=0
2024-09-15 11:24:09,284 - __main__ - DEBUG - FPS drawn: 0.76
2024-09-15 11:24:09,329 - __main__ - INFO - Frame successfully retrieved.
2024-09-15 11:24:09,352 - __main__ - INFO - Frame successfully retrieved.
2024-09-15 11:24:09,360 - __main__ - INFO - Frame successfully retrieved.
2024-09-15 11:24:09,367 - __main__ - DEBUG - Getting detections from the frame.
2024-09-15 11:24:10,002 - __main__ - DEBUG - Processing bounding boxes.
2024-09-15 11:24:10,018 - __main__ - DEBUG - Lines drawn on the frame.
2024-09-15 11:24:10,018 - __main__ - INFO - Published data to MQTT: {'going_down': 0, 'going_up': 0}
2024-09-15 11:24:10,018 - __main__ - DEBUG - Counters drawn: Going Down=0, Going Up=0
2024-09-15 11:24:10,018 - __main__ - DEBUG - FPS drawn: 0.78
2024-09-15 11:24:10,027 - __main__ - INFO - Frame successfully retrieved.
2024-09-15 11:24:10,036 - __main__ - INFO - Frame successfully retrieved.
2024-09-15 11:24:10,056 - __main__ - INFO - Frame successfully retrieved.
2024-09-15 11:24:10,060 - __main__ - DEBUG - Getting detections from the frame.
2024-09-15 11:24:10,705 - __main__ - DEBUG - Processing bounding boxes.
2024-09-15 11:24:10,705 - __main__ - DEBUG - Lines drawn on the frame.
2024-09-15 11:24:10,705 - __main__ - INFO - Published data to MQTT: {'going_down': 0, 'going_up': 0}
2024-09-15 11:24:10,705 - __main__ - DEBUG - Counters drawn: Going Down=0, Going Up=0
2024-09-15 11:24:10,705 - __main__ - DEBUG - FPS drawn: 0.79
2024-09-15 11:24:10,744 - __main__ - INFO - Frame successfully retrieved.
2024-09-15 11:24:10,796 - __main__ - INFO - Frame successfully retrieved.
2024-09-15 11:24:10,840 - __main__ - INFO - Frame successfully retrieved.
2024-09-15 11:24:10,845 - __main__ - DEBUG - Getting detections from the frame.
2024-09-15 11:24:11,475 - __main__ - DEBUG - Processing bounding boxes.
2024-09-15 11:24:11,475 - __main__ - DEBUG - Lines drawn on the frame.
2024-09-15 11:24:11,475 - __main__ - INFO - Published data to MQTT: {'going_down': 0, 'going_up': 0}
2024-09-15 11:24:11,475 - __main__ - DEBUG - Counters drawn: Going Down=0, Going Up=0
2024-09-15 11:24:11,475 - __main__ - DEBUG - FPS drawn: 0.80
2024-09-15 11:24:11,503 - __main__ - INFO - Frame successfully retrieved.
2024-09-15 11:24:11,513 - __main__ - INFO - Frame successfully retrieved.
2024-09-15 11:24:11,555 - __main__ - INFO - Frame successfully retrieved.
2024-09-15 11:24:11,555 - __main__ - DEBUG - Getting detections from the frame.
2024-09-15 11:24:12,208 - __main__ - DEBUG - Processing bounding boxes.
2024-09-15 11:24:12,208 - __main__ - DEBUG - Lines drawn on the frame.
2024-09-15 11:24:12,208 - __main__ - INFO - Published data to MQTT: {'going_down': 0, 'going_up': 0}
2024-09-15 11:24:12,208 - __main__ - DEBUG - Counters drawn: Going Down=0, Going Up=0
2024-09-15 11:24:12,208 - __main__ - DEBUG - FPS drawn: 0.82
2024-09-15 11:24:12,208 - __main__ - INFO - Frame successfully retrieved.
2024-09-15 11:24:12,224 - __main__ - INFO - Frame successfully retrieved.
2024-09-15 11:24:12,271 - __main__ - INFO - Frame successfully retrieved.
2024-09-15 11:24:12,271 - __main__ - DEBUG - Getting detections from the frame.
2024-09-15 11:24:12,493 - __main__ - ERROR - Failed to retrieve frame from stream. Attempting to reconnect...
2024-09-15 11:24:12,710 - __main__ - DEBUG - Processing bounding boxes.
2024-09-15 11:24:12,710 - __main__ - DEBUG - Lines drawn on the frame.
2024-09-15 11:24:12,710 - __main__ - INFO - Published data to MQTT: {'going_down': 0, 'going_up': 0}
2024-09-15 11:24:12,710 - __main__ - DEBUG - Counters drawn: Going Down=0, Going Up=0
2024-09-15 11:24:12,710 - __main__ - DEBUG - FPS drawn: 0.84
2024-09-15 11:24:14,572 - __main__ - INFO - Reconnected to video source: ../veh2.mp4
2024-09-15 11:24:14,805 - __main__ - INFO - Frame successfully retrieved.
2024-09-15 11:24:14,843 - __main__ - INFO - Frame successfully retrieved.
2024-09-15 11:24:15,007 - __main__ - INFO - Frame successfully retrieved.
2024-09-15 11:24:15,007 - __main__ - DEBUG - Getting detections from the frame.
2024-09-15 11:24:15,697 - __main__ - DEBUG - Processing bounding boxes.
2024-09-15 11:24:15,697 - __main__ - DEBUG - Lines drawn on the frame.
2024-09-15 11:24:15,697 - __main__ - INFO - Published data to MQTT: {'going_down': 0, 'going_up': 0}
2024-09-15 11:24:15,697 - __main__ - DEBUG - Counters drawn: Going Down=0, Going Up=0
2024-09-15 11:24:15,697 - __main__ - DEBUG - FPS drawn: 0.79
2024-09-15 11:24:15,730 - __main__ - INFO - Frame successfully retrieved.
2024-09-15 11:24:15,760 - __main__ - INFO - Frame successfully retrieved.
2024-09-15 11:24:15,797 - __main__ - INFO - Frame successfully retrieved.
2024-09-15 11:24:15,797 - __main__ - DEBUG - Getting detections from the frame.
2024-09-15 11:24:16,466 - __main__ - DEBUG - Processing bounding boxes.
2024-09-15 11:24:16,466 - __main__ - DEBUG - Lines drawn on the frame.
2024-09-15 11:24:16,466 - __main__ - INFO - Published data to MQTT: {'going_down': 0, 'going_up': 0}
2024-09-15 11:24:16,466 - __main__ - DEBUG - Counters drawn: Going Down=0, Going Up=0
2024-09-15 11:24:16,466 - __main__ - DEBUG - FPS drawn: 0.80
2024-09-15 11:24:16,527 - __main__ - INFO - Frame successfully retrieved.
2024-09-15 11:24:16,552 - __main__ - INFO - Frame successfully retrieved.
2024-09-15 11:24:16,596 - __main__ - INFO - Frame successfully retrieved.
2024-09-15 11:24:16,613 - __main__ - DEBUG - Getting detections from the frame.
2024-09-15 11:24:17,455 - __main__ - DEBUG - Processing bounding boxes.
2024-09-15 11:24:17,455 - __main__ - DEBUG - Lines drawn on the frame.
2024-09-15 11:24:17,480 - __main__ - INFO - Published data to MQTT: {'going_down': 0, 'going_up': 0}
2024-09-15 11:24:17,486 - __main__ - DEBUG - Counters drawn: Going Down=0, Going Up=0
2024-09-15 11:24:17,487 - __main__ - DEBUG - FPS drawn: 0.81
2024-09-15 11:24:17,500 - __main__ - INFO - Frame successfully retrieved.
2024-09-15 11:24:17,509 - __main__ - INFO - Frame successfully retrieved.
2024-09-15 11:24:17,518 - __main__ - INFO - Frame successfully retrieved.
2024-09-15 11:24:17,521 - __main__ - DEBUG - Getting detections from the frame.
2024-09-15 11:24:18,162 - __main__ - DEBUG - Processing bounding boxes.
2024-09-15 11:24:18,162 - __main__ - DEBUG - Lines drawn on the frame.
2024-09-15 11:24:18,174 - __main__ - INFO - Published data to MQTT: {'going_down': 0, 'going_up': 0}
2024-09-15 11:24:18,174 - __main__ - DEBUG - Counters drawn: Going Down=0, Going Up=0
2024-09-15 11:24:18,174 - __main__ - DEBUG - FPS drawn: 0.82
2024-09-15 11:24:18,197 - __main__ - INFO - Frame successfully retrieved.
2024-09-15 11:24:18,222 - __main__ - INFO - Frame successfully retrieved.
2024-09-15 11:24:18,257 - __main__ - INFO - Frame successfully retrieved.
2024-09-15 11:24:18,267 - __main__ - DEBUG - Getting detections from the frame.
2024-09-15 11:24:18,965 - __main__ - DEBUG - Processing bounding boxes.
2024-09-15 11:24:18,965 - __main__ - DEBUG - Lines drawn on the frame.
2024-09-15 11:24:18,965 - __main__ - INFO - Published data to MQTT: {'going_down': 0, 'going_up': 0}
2024-09-15 11:24:18,970 - __main__ - DEBUG - Counters drawn: Going Down=0, Going Up=0
2024-09-15 11:24:18,971 - __main__ - DEBUG - FPS drawn: 0.83
2024-09-15 11:24:18,992 - __main__ - INFO - Frame successfully retrieved.
2024-09-15 11:24:19,022 - __main__ - INFO - Frame successfully retrieved.
2024-09-15 11:24:19,046 - __main__ - INFO - Frame successfully retrieved.
2024-09-15 11:24:19,054 - __main__ - DEBUG - Getting detections from the frame.
2024-09-15 11:24:19,678 - __main__ - DEBUG - Processing bounding boxes.
2024-09-15 11:24:19,678 - __main__ - DEBUG - Lines drawn on the frame.
2024-09-15 11:24:19,678 - __main__ - INFO - Published data to MQTT: {'going_down': 0, 'going_up': 0}
2024-09-15 11:24:19,678 - __main__ - DEBUG - Counters drawn: Going Down=0, Going Up=0
2024-09-15 11:24:19,678 - __main__ - DEBUG - FPS drawn: 0.84
2024-09-15 11:24:19,722 - __main__ - INFO - Frame successfully retrieved.
2024-09-15 11:24:19,742 - __main__ - INFO - Frame successfully retrieved.
2024-09-15 11:24:19,747 - __main__ - INFO - Frame successfully retrieved.
2024-09-15 11:24:19,747 - __main__ - DEBUG - Getting detections from the frame.
2024-09-15 11:24:20,412 - __main__ - DEBUG - Processing bounding boxes.
2024-09-15 11:24:20,412 - __main__ - DEBUG - Lines drawn on the frame.
2024-09-15 11:24:20,433 - __main__ - INFO - Published data to MQTT: {'going_down': 0, 'going_up': 0}
2024-09-15 11:24:20,436 - __main__ - DEBUG - Counters drawn: Going Down=0, Going Up=0
2024-09-15 11:24:20,436 - __main__ - DEBUG - FPS drawn: 0.85
2024-09-15 11:24:20,452 - __main__ - INFO - Frame successfully retrieved.
2024-09-15 11:24:20,483 - __main__ - INFO - Frame successfully retrieved.
2024-09-15 11:24:20,487 - __main__ - INFO - Frame successfully retrieved.
2024-09-15 11:24:20,487 - __main__ - DEBUG - Getting detections from the frame.
2024-09-15 11:24:21,179 - __main__ - DEBUG - Processing bounding boxes.
2024-09-15 11:24:21,179 - __main__ - DEBUG - Lines drawn on the frame.
2024-09-15 11:24:21,179 - __main__ - INFO - Published data to MQTT: {'going_down': 0, 'going_up': 0}
2024-09-15 11:24:21,179 - __main__ - DEBUG - Counters drawn: Going Down=0, Going Up=0
2024-09-15 11:24:21,195 - __main__ - DEBUG - FPS drawn: 0.86
2024-09-15 11:24:21,254 - __main__ - INFO - Frame successfully retrieved.
2024-09-15 11:24:21,263 - __main__ - INFO - Frame successfully retrieved.
2024-09-15 11:24:21,275 - __main__ - INFO - Frame successfully retrieved.
2024-09-15 11:24:21,285 - __main__ - DEBUG - Getting detections from the frame.
2024-09-15 11:24:21,913 - __main__ - DEBUG - Processing bounding boxes.
2024-09-15 11:24:21,913 - __main__ - DEBUG - Lines drawn on the frame.
2024-09-15 11:24:21,913 - __main__ - INFO - Published data to MQTT: {'going_down': 0, 'going_up': 0}
2024-09-15 11:24:21,913 - __main__ - DEBUG - Counters drawn: Going Down=0, Going Up=0
2024-09-15 11:24:21,927 - __main__ - DEBUG - FPS drawn: 0.87
2024-09-15 11:24:21,962 - __main__ - INFO - Frame successfully retrieved.
2024-09-15 11:24:21,981 - __main__ - INFO - Frame successfully retrieved.
2024-09-15 11:24:22,006 - __main__ - INFO - Frame successfully retrieved.
2024-09-15 11:24:22,006 - __main__ - DEBUG - Getting detections from the frame.
2024-09-15 11:24:22,658 - __main__ - DEBUG - Processing bounding boxes.
2024-09-15 11:24:22,659 - __main__ - DEBUG - Lines drawn on the frame.
2024-09-15 11:24:22,660 - __main__ - INFO - Published data to MQTT: {'going_down': 0, 'going_up': 0}
2024-09-15 11:24:22,661 - __main__ - DEBUG - Counters drawn: Going Down=0, Going Up=0
2024-09-15 11:24:22,663 - __main__ - DEBUG - FPS drawn: 0.88
2024-09-15 11:24:22,691 - __main__ - INFO - Frame successfully retrieved.
2024-09-15 11:24:22,699 - __main__ - INFO - Frame successfully retrieved.
2024-09-15 11:24:22,706 - __main__ - INFO - Frame successfully retrieved.
2024-09-15 11:24:22,706 - __main__ - DEBUG - Getting detections from the frame.
2024-09-15 11:24:23,367 - __main__ - DEBUG - Processing bounding boxes.
2024-09-15 11:24:23,367 - __main__ - DEBUG - Lines drawn on the frame.
2024-09-15 11:24:23,367 - __main__ - INFO - Published data to MQTT: {'going_down': 0, 'going_up': 0}
2024-09-15 11:24:23,367 - __main__ - DEBUG - Counters drawn: Going Down=0, Going Up=0
2024-09-15 11:24:23,367 - __main__ - DEBUG - FPS drawn: 0.89
2024-09-15 11:24:23,445 - __main__ - INFO - Frame successfully retrieved.
2024-09-15 11:24:23,460 - __main__ - INFO - Frame successfully retrieved.
2024-09-15 11:24:23,476 - __main__ - INFO - Frame successfully retrieved.
2024-09-15 11:24:23,481 - __main__ - DEBUG - Getting detections from the frame.
2024-09-15 11:24:24,135 - __main__ - DEBUG - Processing bounding boxes.
2024-09-15 11:24:24,135 - __main__ - DEBUG - Lines drawn on the frame.
2024-09-15 11:24:24,135 - __main__ - INFO - Published data to MQTT: {'going_down': 0, 'going_up': 0}
2024-09-15 11:24:24,135 - __main__ - DEBUG - Counters drawn: Going Down=0, Going Up=0
2024-09-15 11:24:24,145 - __main__ - DEBUG - FPS drawn: 0.89
2024-09-15 11:24:24,149 - __main__ - INFO - Elapsed time: 42.51
2024-09-15 11:24:24,149 - __main__ - INFO - Approx. FPS: 0.00
2024-09-15 11:24:24,171 - __main__ - INFO - Video stream released.
2024-09-15 11:24:24,229 - __main__ - INFO - Published data to MQTT: {'going_down': 0, 'going_up': 0}
2024-09-15 11:24:24,229 - __main__ - INFO - FFmpeg process finished.
2024-09-15 11:24:24,229 - __main__ - INFO - MQTT client disconnected and garbage collected.
