2024-09-15 17:18:15,221 - __main__ - INFO - Device: cpu
2024-09-15 17:18:15,252 - __main__ - INFO - Connected to MQTT broker at 103.245.38.40:1883
2024-09-15 17:18:15,252 - __main__ - INFO - Starting main function.
2024-09-15 17:18:15,328 - __main__ - INFO - Loading model from ./yolov3-tinyu.pt
2024-09-15 17:18:15,431 - __main__ - INFO - Labels loaded: ['person', 'bicycle', 'car', 'motorcycle', 'airplane', 'bus', 'train', 'truck', 'boat']
2024-09-15 17:18:15,470 - __main__ - DEBUG - Getting detections from the frame.
2024-09-15 17:18:26,071 - __main__ - DEBUG - Processing bounding boxes.
2024-09-15 17:18:26,071 - __main__ - DEBUG - Lines drawn on the frame.
2024-09-15 17:18:26,087 - __main__ - INFO - Published data to MQTT: {'going_down': 0, 'going_up': 0}
2024-09-15 17:18:26,094 - __main__ - DEBUG - Counters drawn: Going Down=0, Going Up=0
2024-09-15 17:18:26,094 - __main__ - DEBUG - FPS drawn: 0.09
2024-09-15 17:18:26,327 - __main__ - DEBUG - Getting detections from the frame.
2024-09-15 17:18:27,344 - __main__ - DEBUG - Processing bounding boxes.
2024-09-15 17:18:27,344 - __main__ - DEBUG - Lines drawn on the frame.
2024-09-15 17:18:27,344 - __main__ - INFO - Published data to MQTT: {'going_down': 0, 'going_up': 0}
2024-09-15 17:18:27,344 - __main__ - DEBUG - Counters drawn: Going Down=0, Going Up=0
2024-09-15 17:18:27,360 - __main__ - DEBUG - FPS drawn: 0.17
2024-09-15 17:18:27,439 - __main__ - DEBUG - Getting detections from the frame.
2024-09-15 17:18:28,115 - __main__ - DEBUG - Processing bounding boxes.
2024-09-15 17:18:28,117 - __main__ - DEBUG - Lines drawn on the frame.
2024-09-15 17:18:28,118 - __main__ - INFO - Published data to MQTT: {'going_down': 0, 'going_up': 0}
2024-09-15 17:18:28,119 - __main__ - DEBUG - Counters drawn: Going Down=0, Going Up=0
2024-09-15 17:18:28,126 - __main__ - DEBUG - FPS drawn: 0.23
2024-09-15 17:18:28,178 - __main__ - DEBUG - Getting detections from the frame.
2024-09-15 17:18:28,875 - __main__ - DEBUG - Processing bounding boxes.
2024-09-15 17:18:28,876 - __main__ - DEBUG - Lines drawn on the frame.
2024-09-15 17:18:28,877 - __main__ - INFO - Published data to MQTT: {'going_down': 0, 'going_up': 0}
2024-09-15 17:18:28,878 - __main__ - DEBUG - Counters drawn: Going Down=0, Going Up=0
2024-09-15 17:18:28,879 - __main__ - DEBUG - FPS drawn: 0.30
2024-09-15 17:18:28,948 - __main__ - DEBUG - Getting detections from the frame.
2024-09-15 17:18:29,551 - __main__ - DEBUG - Processing bounding boxes.
2024-09-15 17:18:29,551 - __main__ - DEBUG - Lines drawn on the frame.
2024-09-15 17:18:29,551 - __main__ - INFO - Published data to MQTT: {'going_down': 0, 'going_up': 0}
2024-09-15 17:18:29,567 - __main__ - DEBUG - Counters drawn: Going Down=0, Going Up=0
2024-09-15 17:18:29,567 - __main__ - DEBUG - FPS drawn: 0.35
2024-09-15 17:18:29,683 - __main__ - DEBUG - Getting detections from the frame.
2024-09-15 17:18:30,350 - __main__ - DEBUG - Processing bounding boxes.
2024-09-15 17:18:30,350 - __main__ - DEBUG - Lines drawn on the frame.
2024-09-15 17:18:30,350 - __main__ - INFO - Published data to MQTT: {'going_down': 0, 'going_up': 0}
2024-09-15 17:18:30,350 - __main__ - DEBUG - Counters drawn: Going Down=0, Going Up=0
2024-09-15 17:18:30,350 - __main__ - DEBUG - FPS drawn: 0.40
2024-09-15 17:18:30,469 - __main__ - DEBUG - Getting detections from the frame.
2024-09-15 17:18:31,090 - __main__ - DEBUG - Processing bounding boxes.
2024-09-15 17:18:31,090 - __main__ - DEBUG - Lines drawn on the frame.
2024-09-15 17:18:31,090 - __main__ - INFO - Published data to MQTT: {'going_down': 0, 'going_up': 0}
2024-09-15 17:18:31,090 - __main__ - DEBUG - Counters drawn: Going Down=0, Going Up=0
2024-09-15 17:18:31,120 - __main__ - DEBUG - FPS drawn: 0.44
2024-09-15 17:18:31,160 - __main__ - DEBUG - Getting detections from the frame.
2024-09-15 17:18:31,821 - __main__ - DEBUG - Processing bounding boxes.
2024-09-15 17:18:31,821 - __main__ - DEBUG - Lines drawn on the frame.
2024-09-15 17:18:31,821 - __main__ - INFO - Published data to MQTT: {'going_down': 0, 'going_up': 0}
2024-09-15 17:18:31,821 - __main__ - DEBUG - Counters drawn: Going Down=0, Going Up=0
2024-09-15 17:18:31,821 - __main__ - DEBUG - FPS drawn: 0.49
2024-09-15 17:18:31,852 - __main__ - DEBUG - Getting detections from the frame.
2024-09-15 17:18:32,510 - __main__ - DEBUG - Processing bounding boxes.
2024-09-15 17:18:32,510 - __main__ - DEBUG - Lines drawn on the frame.
2024-09-15 17:18:32,525 - __main__ - INFO - Published data to MQTT: {'going_down': 0, 'going_up': 0}
2024-09-15 17:18:32,525 - __main__ - DEBUG - Counters drawn: Going Down=0, Going Up=0
2024-09-15 17:18:32,525 - __main__ - DEBUG - FPS drawn: 0.52
2024-09-15 17:18:32,632 - __main__ - DEBUG - Getting detections from the frame.
2024-09-15 17:18:33,232 - __main__ - DEBUG - Processing bounding boxes.
2024-09-15 17:18:33,232 - __main__ - DEBUG - Lines drawn on the frame.
2024-09-15 17:18:33,232 - __main__ - INFO - Published data to MQTT: {'going_down': 0, 'going_up': 0}
2024-09-15 17:18:33,232 - __main__ - DEBUG - Counters drawn: Going Down=0, Going Up=0
2024-09-15 17:18:33,232 - __main__ - DEBUG - FPS drawn: 0.56
2024-09-15 17:18:33,282 - __main__ - DEBUG - Getting detections from the frame.
2024-09-15 17:18:33,889 - __main__ - DEBUG - Processing bounding boxes.
2024-09-15 17:18:33,889 - __main__ - DEBUG - Lines drawn on the frame.
2024-09-15 17:18:33,889 - __main__ - INFO - Published data to MQTT: {'going_down': 0, 'going_up': 0}
2024-09-15 17:18:33,889 - __main__ - DEBUG - Counters drawn: Going Down=0, Going Up=0
2024-09-15 17:18:33,889 - __main__ - DEBUG - FPS drawn: 0.59
2024-09-15 17:18:33,997 - __main__ - DEBUG - Getting detections from the frame.
2024-09-15 17:18:34,608 - __main__ - DEBUG - Processing bounding boxes.
2024-09-15 17:18:34,608 - __main__ - DEBUG - Lines drawn on the frame.
2024-09-15 17:18:34,608 - __main__ - INFO - Published data to MQTT: {'going_down': 0, 'going_up': 0}
2024-09-15 17:18:34,608 - __main__ - DEBUG - Counters drawn: Going Down=0, Going Up=0
2024-09-15 17:18:34,608 - __main__ - DEBUG - FPS drawn: 0.62
2024-09-15 17:18:34,701 - __main__ - DEBUG - Getting detections from the frame.
2024-09-15 17:18:35,323 - __main__ - DEBUG - Processing bounding boxes.
2024-09-15 17:18:35,323 - __main__ - DEBUG - Lines drawn on the frame.
2024-09-15 17:18:35,323 - __main__ - INFO - Published data to MQTT: {'going_down': 0, 'going_up': 0}
2024-09-15 17:18:35,335 - __main__ - DEBUG - Counters drawn: Going Down=0, Going Up=0
2024-09-15 17:18:35,336 - __main__ - DEBUG - FPS drawn: 0.65
2024-09-15 17:18:35,443 - __main__ - DEBUG - Getting detections from the frame.
2024-09-15 17:18:36,107 - __main__ - DEBUG - Processing bounding boxes.
2024-09-15 17:18:36,107 - __main__ - DEBUG - Lines drawn on the frame.
2024-09-15 17:18:36,107 - __main__ - INFO - Published data to MQTT: {'going_down': 0, 'going_up': 0}
2024-09-15 17:18:36,107 - __main__ - DEBUG - Counters drawn: Going Down=0, Going Up=0
2024-09-15 17:18:36,123 - __main__ - DEBUG - FPS drawn: 0.67
2024-09-15 17:18:36,134 - __main__ - DEBUG - Getting detections from the frame.
2024-09-15 17:18:36,765 - __main__ - DEBUG - Processing bounding boxes.
2024-09-15 17:18:36,765 - __main__ - DEBUG - Lines drawn on the frame.
2024-09-15 17:18:36,765 - __main__ - INFO - Published data to MQTT: {'going_down': 0, 'going_up': 0}
2024-09-15 17:18:36,765 - __main__ - DEBUG - Counters drawn: Going Down=0, Going Up=0
2024-09-15 17:18:36,765 - __main__ - DEBUG - FPS drawn: 0.70
2024-09-15 17:18:36,813 - __main__ - DEBUG - Getting detections from the frame.
2024-09-15 17:18:37,483 - __main__ - DEBUG - Processing bounding boxes.
2024-09-15 17:18:37,483 - __main__ - DEBUG - Lines drawn on the frame.
2024-09-15 17:18:37,483 - __main__ - INFO - Published data to MQTT: {'going_down': 0, 'going_up': 0}
2024-09-15 17:18:37,483 - __main__ - DEBUG - Counters drawn: Going Down=0, Going Up=0
2024-09-15 17:18:37,483 - __main__ - DEBUG - FPS drawn: 0.72
2024-09-15 17:18:37,557 - __main__ - DEBUG - Getting detections from the frame.
2024-09-15 17:18:38,178 - __main__ - DEBUG - Processing bounding boxes.
2024-09-15 17:18:38,180 - __main__ - DEBUG - Lines drawn on the frame.
2024-09-15 17:18:38,180 - __main__ - INFO - Published data to MQTT: {'going_down': 0, 'going_up': 0}
2024-09-15 17:18:38,180 - __main__ - DEBUG - Counters drawn: Going Down=0, Going Up=0
2024-09-15 17:18:38,180 - __main__ - DEBUG - FPS drawn: 0.74
2024-09-15 17:18:38,195 - __main__ - DEBUG - Getting detections from the frame.
2024-09-15 17:18:39,210 - __main__ - DEBUG - Processing bounding boxes.
2024-09-15 17:18:39,210 - __main__ - DEBUG - Lines drawn on the frame.
2024-09-15 17:18:39,210 - __main__ - INFO - Published data to MQTT: {'going_down': 0, 'going_up': 0}
2024-09-15 17:18:39,210 - __main__ - DEBUG - Counters drawn: Going Down=0, Going Up=0
2024-09-15 17:18:39,210 - __main__ - DEBUG - FPS drawn: 0.75
2024-09-15 17:18:39,342 - __main__ - DEBUG - Getting detections from the frame.
2024-09-15 17:18:40,083 - __main__ - DEBUG - Processing bounding boxes.
2024-09-15 17:18:40,083 - __main__ - DEBUG - Lines drawn on the frame.
2024-09-15 17:18:40,083 - __main__ - INFO - Published data to MQTT: {'going_down': 0, 'going_up': 0}
2024-09-15 17:18:40,083 - __main__ - DEBUG - Counters drawn: Going Down=0, Going Up=0
2024-09-15 17:18:40,083 - __main__ - DEBUG - FPS drawn: 0.77
2024-09-15 17:18:40,166 - __main__ - DEBUG - Getting detections from the frame.
2024-09-15 17:18:40,978 - __main__ - DEBUG - Processing bounding boxes.
2024-09-15 17:18:40,978 - __main__ - DEBUG - Lines drawn on the frame.
2024-09-15 17:18:40,994 - __main__ - INFO - Published data to MQTT: {'going_down': 0, 'going_up': 0}
2024-09-15 17:18:40,994 - __main__ - DEBUG - Counters drawn: Going Down=0, Going Up=0
2024-09-15 17:18:40,994 - __main__ - DEBUG - FPS drawn: 0.78
2024-09-15 17:18:41,042 - __main__ - DEBUG - Getting detections from the frame.
2024-09-15 17:18:41,979 - __main__ - DEBUG - Processing bounding boxes.
2024-09-15 17:18:41,995 - __main__ - DEBUG - Lines drawn on the frame.
2024-09-15 17:18:41,995 - __main__ - INFO - Published data to MQTT: {'going_down': 0, 'going_up': 0}
2024-09-15 17:18:41,995 - __main__ - DEBUG - Counters drawn: Going Down=0, Going Up=0
2024-09-15 17:18:41,998 - __main__ - DEBUG - FPS drawn: 0.79
2024-09-15 17:18:42,075 - __main__ - DEBUG - Getting detections from the frame.
2024-09-15 17:18:42,840 - __main__ - DEBUG - Processing bounding boxes.
2024-09-15 17:18:42,856 - __main__ - DEBUG - Lines drawn on the frame.
2024-09-15 17:18:42,856 - __main__ - INFO - Published data to MQTT: {'going_down': 0, 'going_up': 0}
2024-09-15 17:18:42,856 - __main__ - DEBUG - Counters drawn: Going Down=0, Going Up=0
2024-09-15 17:18:42,856 - __main__ - DEBUG - FPS drawn: 0.80
2024-09-15 17:18:43,222 - __main__ - DEBUG - Getting detections from the frame.
2024-09-15 17:18:44,058 - __main__ - DEBUG - Processing bounding boxes.
2024-09-15 17:18:44,074 - __main__ - DEBUG - Lines drawn on the frame.
2024-09-15 17:18:44,074 - __main__ - INFO - Published data to MQTT: {'going_down': 0, 'going_up': 0}
2024-09-15 17:18:44,074 - __main__ - DEBUG - Counters drawn: Going Down=0, Going Up=0
2024-09-15 17:18:44,116 - __main__ - DEBUG - FPS drawn: 0.80
2024-09-15 17:18:44,199 - __main__ - DEBUG - Getting detections from the frame.
2024-09-15 17:18:45,057 - __main__ - DEBUG - Processing bounding boxes.
2024-09-15 17:18:45,057 - __main__ - DEBUG - Lines drawn on the frame.
2024-09-15 17:18:45,057 - __main__ - INFO - Published data to MQTT: {'going_down': 0, 'going_up': 0}
2024-09-15 17:18:45,057 - __main__ - DEBUG - Counters drawn: Going Down=0, Going Up=0
2024-09-15 17:18:45,073 - __main__ - DEBUG - FPS drawn: 0.81
2024-09-15 17:18:45,190 - __main__ - DEBUG - Getting detections from the frame.
2024-09-15 17:18:45,808 - __main__ - DEBUG - Processing bounding boxes.
2024-09-15 17:18:45,808 - __main__ - DEBUG - Lines drawn on the frame.
2024-09-15 17:18:45,808 - __main__ - INFO - Published data to MQTT: {'going_down': 0, 'going_up': 0}
2024-09-15 17:18:45,808 - __main__ - DEBUG - Counters drawn: Going Down=0, Going Up=0
2024-09-15 17:18:45,808 - __main__ - DEBUG - FPS drawn: 0.82
2024-09-15 17:18:45,845 - __main__ - DEBUG - Getting detections from the frame.
2024-09-15 17:18:46,548 - __main__ - DEBUG - Processing bounding boxes.
2024-09-15 17:18:46,548 - __main__ - DEBUG - Lines drawn on the frame.
2024-09-15 17:18:46,548 - __main__ - INFO - Published data to MQTT: {'going_down': 0, 'going_up': 0}
2024-09-15 17:18:46,552 - __main__ - DEBUG - Counters drawn: Going Down=0, Going Up=0
2024-09-15 17:18:46,553 - __main__ - DEBUG - FPS drawn: 0.83
2024-09-15 17:18:46,717 - __main__ - DEBUG - Getting detections from the frame.
2024-09-15 17:18:47,343 - __main__ - DEBUG - Processing bounding boxes.
2024-09-15 17:18:47,343 - __main__ - DEBUG - Lines drawn on the frame.
2024-09-15 17:18:47,343 - __main__ - INFO - Published data to MQTT: {'going_down': 0, 'going_up': 0}
2024-09-15 17:18:47,343 - __main__ - DEBUG - Counters drawn: Going Down=0, Going Up=0
2024-09-15 17:18:47,343 - __main__ - DEBUG - FPS drawn: 0.84
2024-09-15 17:18:47,825 - __main__ - DEBUG - Getting detections from the frame.
2024-09-15 17:18:48,478 - __main__ - DEBUG - Processing bounding boxes.
2024-09-15 17:18:48,478 - __main__ - DEBUG - Lines drawn on the frame.
2024-09-15 17:18:48,478 - __main__ - INFO - Published data to MQTT: {'going_down': 0, 'going_up': 0}
2024-09-15 17:18:48,478 - __main__ - DEBUG - Counters drawn: Going Down=0, Going Up=0
2024-09-15 17:18:48,478 - __main__ - DEBUG - FPS drawn: 0.84
2024-09-15 17:18:48,615 - __main__ - DEBUG - Getting detections from the frame.
2024-09-15 17:18:49,211 - __main__ - INFO - End of video stream reached. Stopping video.
2024-09-15 17:18:49,233 - __main__ - DEBUG - Processing bounding boxes.
2024-09-15 17:18:49,233 - __main__ - DEBUG - Lines drawn on the frame.
2024-09-15 17:18:49,235 - __main__ - INFO - Published data to MQTT: {'going_down': 0, 'going_up': 0}
2024-09-15 17:18:49,235 - __main__ - DEBUG - Counters drawn: Going Down=0, Going Up=0
2024-09-15 17:18:49,236 - __main__ - DEBUG - FPS drawn: 0.86
2024-09-15 17:18:49,249 - __main__ - ERROR - Error reading frame, exiting.
2024-09-15 17:18:49,253 - __main__ - INFO - Video stream released.
2024-09-15 17:18:49,359 - __main__ - INFO - Published data to MQTT: {'going_down': 0, 'going_up': 0}
