2024-09-15 17:31:14,639 - __main__ - INFO - Device: cpu
2024-09-15 17:31:14,675 - __main__ - INFO - Connected to MQTT broker at 103.245.38.40:1883
2024-09-15 17:31:14,678 - __main__ - INFO - Starting main function.
2024-09-15 17:31:14,742 - __main__ - INFO - Loading model from ./yolov3-tinyu.pt
2024-09-15 17:31:14,840 - __main__ - INFO - Labels loaded: ['person', 'bicycle', 'car', 'motorcycle', 'airplane', 'bus', 'train', 'truck', 'boat']
2024-09-15 17:31:14,927 - __main__ - DEBUG - Getting detections from the frame.
2024-09-15 17:31:25,642 - __main__ - DEBUG - Processing bounding boxes.
2024-09-15 17:31:25,642 - __main__ - DEBUG - Lines drawn on the frame.
2024-09-15 17:31:25,661 - __main__ - INFO - Published data to MQTT: {'going_down': 0, 'going_up': 0}
2024-09-15 17:31:25,663 - __main__ - DEBUG - Counters drawn: Going Down=0, Going Up=0
2024-09-15 17:31:25,663 - __main__ - DEBUG - FPS drawn: 0.09
2024-09-15 17:31:26,085 - __main__ - DEBUG - Getting detections from the frame.
2024-09-15 17:31:27,015 - __main__ - DEBUG - Processing bounding boxes.
2024-09-15 17:31:27,015 - __main__ - DEBUG - Lines drawn on the frame.
2024-09-15 17:31:27,015 - __main__ - INFO - Published data to MQTT: {'going_down': 0, 'going_up': 0}
2024-09-15 17:31:27,015 - __main__ - DEBUG - Counters drawn: Going Down=0, Going Up=0
2024-09-15 17:31:27,015 - __main__ - DEBUG - FPS drawn: 0.16
2024-09-15 17:31:27,109 - __main__ - DEBUG - Getting detections from the frame.
2024-09-15 17:31:27,780 - __main__ - DEBUG - Processing bounding boxes.
2024-09-15 17:31:27,780 - __main__ - DEBUG - Lines drawn on the frame.
2024-09-15 17:31:27,780 - __main__ - INFO - Published data to MQTT: {'going_down': 0, 'going_up': 0}
2024-09-15 17:31:27,780 - __main__ - DEBUG - Counters drawn: Going Down=0, Going Up=0
2024-09-15 17:31:27,795 - __main__ - DEBUG - FPS drawn: 0.23
2024-09-15 17:31:27,853 - __main__ - DEBUG - Getting detections from the frame.
2024-09-15 17:31:28,529 - __main__ - DEBUG - Processing bounding boxes.
2024-09-15 17:31:28,545 - __main__ - DEBUG - Lines drawn on the frame.
2024-09-15 17:31:28,545 - __main__ - INFO - Published data to MQTT: {'going_down': 0, 'going_up': 0}
2024-09-15 17:31:28,545 - __main__ - DEBUG - Counters drawn: Going Down=0, Going Up=0
2024-09-15 17:31:28,545 - __main__ - DEBUG - FPS drawn: 0.29
2024-09-15 17:31:28,568 - __main__ - DEBUG - Getting detections from the frame.
2024-09-15 17:31:29,194 - __main__ - DEBUG - Processing bounding boxes.
2024-09-15 17:31:29,196 - __main__ - DEBUG - Lines drawn on the frame.
2024-09-15 17:31:29,196 - __main__ - INFO - Published data to MQTT: {'going_down': 0, 'going_up': 0}
2024-09-15 17:31:29,196 - __main__ - DEBUG - Counters drawn: Going Down=0, Going Up=0
2024-09-15 17:31:29,196 - __main__ - DEBUG - FPS drawn: 0.35
2024-09-15 17:31:29,211 - __main__ - DEBUG - Getting detections from the frame.
2024-09-15 17:31:29,858 - __main__ - DEBUG - Processing bounding boxes.
2024-09-15 17:31:29,858 - __main__ - DEBUG - Lines drawn on the frame.
2024-09-15 17:31:29,858 - __main__ - INFO - Published data to MQTT: {'going_down': 0, 'going_up': 0}
2024-09-15 17:31:29,858 - __main__ - DEBUG - Counters drawn: Going Down=0, Going Up=0
2024-09-15 17:31:29,858 - __main__ - DEBUG - FPS drawn: 0.40
2024-09-15 17:31:29,954 - __main__ - DEBUG - Getting detections from the frame.
2024-09-15 17:31:30,581 - __main__ - DEBUG - Processing bounding boxes.
2024-09-15 17:31:30,581 - __main__ - DEBUG - Lines drawn on the frame.
2024-09-15 17:31:30,596 - __main__ - INFO - Published data to MQTT: {'going_down': 0, 'going_up': 0}
2024-09-15 17:31:30,596 - __main__ - DEBUG - Counters drawn: Going Down=0, Going Up=0
2024-09-15 17:31:30,596 - __main__ - DEBUG - FPS drawn: 0.44
2024-09-15 17:31:30,669 - __main__ - DEBUG - Getting detections from the frame.
2024-09-15 17:31:31,359 - __main__ - DEBUG - Processing bounding boxes.
2024-09-15 17:31:31,359 - __main__ - DEBUG - Lines drawn on the frame.
2024-09-15 17:31:31,359 - __main__ - INFO - Published data to MQTT: {'going_down': 0, 'going_up': 0}
2024-09-15 17:31:31,359 - __main__ - DEBUG - Counters drawn: Going Down=0, Going Up=0
2024-09-15 17:31:31,367 - __main__ - DEBUG - FPS drawn: 0.48
2024-09-15 17:31:31,478 - __main__ - DEBUG - Getting detections from the frame.
2024-09-15 17:31:32,125 - __main__ - DEBUG - Processing bounding boxes.
2024-09-15 17:31:32,125 - __main__ - DEBUG - Lines drawn on the frame.
2024-09-15 17:31:32,125 - __main__ - INFO - Published data to MQTT: {'going_down': 0, 'going_up': 0}
2024-09-15 17:31:32,142 - __main__ - DEBUG - Counters drawn: Going Down=0, Going Up=0
2024-09-15 17:31:32,146 - __main__ - DEBUG - FPS drawn: 0.52
2024-09-15 17:31:32,216 - __main__ - DEBUG - Getting detections from the frame.
2024-09-15 17:31:32,856 - __main__ - DEBUG - Processing bounding boxes.
2024-09-15 17:31:32,861 - __main__ - DEBUG - Lines drawn on the frame.
2024-09-15 17:31:32,861 - __main__ - INFO - Published data to MQTT: {'going_down': 0, 'going_up': 0}
2024-09-15 17:31:32,861 - __main__ - DEBUG - Counters drawn: Going Down=0, Going Up=0
2024-09-15 17:31:32,861 - __main__ - DEBUG - FPS drawn: 0.55
2024-09-15 17:31:32,931 - __main__ - DEBUG - Getting detections from the frame.
2024-09-15 17:31:33,574 - __main__ - DEBUG - Processing bounding boxes.
2024-09-15 17:31:33,574 - __main__ - DEBUG - Lines drawn on the frame.
2024-09-15 17:31:33,574 - __main__ - INFO - Published data to MQTT: {'going_down': 0, 'going_up': 0}
2024-09-15 17:31:33,574 - __main__ - DEBUG - Counters drawn: Going Down=0, Going Up=0
2024-09-15 17:31:33,574 - __main__ - DEBUG - FPS drawn: 0.58
2024-09-15 17:31:33,643 - __main__ - DEBUG - Getting detections from the frame.
2024-09-15 17:31:34,331 - __main__ - DEBUG - Processing bounding boxes.
2024-09-15 17:31:34,331 - __main__ - DEBUG - Lines drawn on the frame.
2024-09-15 17:31:34,331 - __main__ - INFO - Published data to MQTT: {'going_down': 0, 'going_up': 0}
2024-09-15 17:31:34,331 - __main__ - DEBUG - Counters drawn: Going Down=0, Going Up=0
2024-09-15 17:31:34,331 - __main__ - DEBUG - FPS drawn: 0.61
2024-09-15 17:31:34,418 - __main__ - DEBUG - Getting detections from the frame.
2024-09-15 17:31:35,047 - __main__ - DEBUG - Processing bounding boxes.
2024-09-15 17:31:35,047 - __main__ - DEBUG - Lines drawn on the frame.
2024-09-15 17:31:35,047 - __main__ - INFO - Published data to MQTT: {'going_down': 0, 'going_up': 0}
2024-09-15 17:31:35,047 - __main__ - DEBUG - Counters drawn: Going Down=0, Going Up=0
2024-09-15 17:31:35,047 - __main__ - DEBUG - FPS drawn: 0.64
2024-09-15 17:31:35,118 - __main__ - DEBUG - Getting detections from the frame.
2024-09-15 17:31:35,735 - __main__ - DEBUG - Processing bounding boxes.
2024-09-15 17:31:35,735 - __main__ - DEBUG - Lines drawn on the frame.
2024-09-15 17:31:35,735 - __main__ - INFO - Published data to MQTT: {'going_down': 0, 'going_up': 0}
2024-09-15 17:31:35,735 - __main__ - DEBUG - Counters drawn: Going Down=0, Going Up=0
2024-09-15 17:31:35,735 - __main__ - DEBUG - FPS drawn: 0.67
2024-09-15 17:31:35,786 - __main__ - DEBUG - Getting detections from the frame.
2024-09-15 17:31:36,392 - __main__ - DEBUG - Processing bounding boxes.
2024-09-15 17:31:36,408 - __main__ - DEBUG - Lines drawn on the frame.
2024-09-15 17:31:36,408 - __main__ - INFO - Published data to MQTT: {'going_down': 0, 'going_up': 0}
2024-09-15 17:31:36,408 - __main__ - DEBUG - Counters drawn: Going Down=0, Going Up=0
2024-09-15 17:31:36,408 - __main__ - DEBUG - FPS drawn: 0.69
2024-09-15 17:31:36,476 - __main__ - DEBUG - Getting detections from the frame.
2024-09-15 17:31:37,131 - __main__ - DEBUG - Processing bounding boxes.
2024-09-15 17:31:37,131 - __main__ - DEBUG - Lines drawn on the frame.
2024-09-15 17:31:37,131 - __main__ - INFO - Published data to MQTT: {'going_down': 0, 'going_up': 0}
2024-09-15 17:31:37,131 - __main__ - DEBUG - Counters drawn: Going Down=0, Going Up=0
2024-09-15 17:31:37,131 - __main__ - DEBUG - FPS drawn: 0.71
2024-09-15 17:31:37,187 - __main__ - DEBUG - Getting detections from the frame.
2024-09-15 17:31:37,804 - __main__ - DEBUG - Processing bounding boxes.
2024-09-15 17:31:37,804 - __main__ - DEBUG - Lines drawn on the frame.
2024-09-15 17:31:37,804 - __main__ - INFO - Published data to MQTT: {'going_down': 0, 'going_up': 0}
2024-09-15 17:31:37,819 - __main__ - DEBUG - Counters drawn: Going Down=0, Going Up=0
2024-09-15 17:31:37,819 - __main__ - DEBUG - FPS drawn: 0.74
2024-09-15 17:31:37,891 - __main__ - DEBUG - Getting detections from the frame.
2024-09-15 17:31:38,515 - __main__ - DEBUG - Processing bounding boxes.
2024-09-15 17:31:38,515 - __main__ - DEBUG - Lines drawn on the frame.
2024-09-15 17:31:38,515 - __main__ - INFO - Published data to MQTT: {'going_down': 0, 'going_up': 0}
2024-09-15 17:31:38,531 - __main__ - DEBUG - Counters drawn: Going Down=0, Going Up=0
2024-09-15 17:31:38,532 - __main__ - DEBUG - FPS drawn: 0.76
2024-09-15 17:31:38,599 - __main__ - DEBUG - Getting detections from the frame.
2024-09-15 17:31:39,257 - __main__ - DEBUG - Processing bounding boxes.
2024-09-15 17:31:39,257 - __main__ - DEBUG - Lines drawn on the frame.
2024-09-15 17:31:39,257 - __main__ - INFO - Published data to MQTT: {'going_down': 0, 'going_up': 0}
2024-09-15 17:31:39,257 - __main__ - DEBUG - Counters drawn: Going Down=0, Going Up=0
2024-09-15 17:31:39,257 - __main__ - DEBUG - FPS drawn: 0.78
2024-09-15 17:31:39,330 - __main__ - DEBUG - Getting detections from the frame.
2024-09-15 17:31:39,919 - __main__ - DEBUG - Processing bounding boxes.
2024-09-15 17:31:39,919 - __main__ - DEBUG - Lines drawn on the frame.
2024-09-15 17:31:39,919 - __main__ - INFO - Published data to MQTT: {'going_down': 0, 'going_up': 0}
2024-09-15 17:31:39,935 - __main__ - DEBUG - Counters drawn: Going Down=0, Going Up=0
2024-09-15 17:31:39,935 - __main__ - DEBUG - FPS drawn: 0.79
2024-09-15 17:31:40,064 - __main__ - DEBUG - Getting detections from the frame.
2024-09-15 17:31:40,670 - __main__ - DEBUG - Processing bounding boxes.
2024-09-15 17:31:40,670 - __main__ - DEBUG - Lines drawn on the frame.
2024-09-15 17:31:40,670 - __main__ - INFO - Published data to MQTT: {'going_down': 0, 'going_up': 0}
2024-09-15 17:31:40,670 - __main__ - DEBUG - Counters drawn: Going Down=0, Going Up=0
2024-09-15 17:31:40,670 - __main__ - DEBUG - FPS drawn: 0.81
2024-09-15 17:31:40,693 - __main__ - DEBUG - Getting detections from the frame.
2024-09-15 17:31:41,387 - __main__ - DEBUG - Processing bounding boxes.
2024-09-15 17:31:41,387 - __main__ - DEBUG - Lines drawn on the frame.
2024-09-15 17:31:41,396 - __main__ - INFO - Published data to MQTT: {'going_down': 0, 'going_up': 0}
2024-09-15 17:31:41,408 - __main__ - DEBUG - Counters drawn: Going Down=0, Going Up=0
2024-09-15 17:31:41,411 - __main__ - DEBUG - FPS drawn: 0.82
2024-09-15 17:31:41,536 - __main__ - DEBUG - Getting detections from the frame.
2024-09-15 17:31:42,135 - __main__ - DEBUG - Processing bounding boxes.
2024-09-15 17:31:42,135 - __main__ - DEBUG - Lines drawn on the frame.
2024-09-15 17:31:42,135 - __main__ - INFO - Published data to MQTT: {'going_down': 0, 'going_up': 0}
2024-09-15 17:31:42,135 - __main__ - DEBUG - Counters drawn: Going Down=0, Going Up=0
2024-09-15 17:31:42,135 - __main__ - DEBUG - FPS drawn: 0.84
2024-09-15 17:31:42,230 - __main__ - DEBUG - Getting detections from the frame.
2024-09-15 17:31:43,013 - __main__ - DEBUG - Processing bounding boxes.
2024-09-15 17:31:43,013 - __main__ - DEBUG - Lines drawn on the frame.
2024-09-15 17:31:43,013 - __main__ - INFO - Published data to MQTT: {'going_down': 0, 'going_up': 0}
2024-09-15 17:31:43,013 - __main__ - DEBUG - Counters drawn: Going Down=0, Going Up=0
2024-09-15 17:31:43,013 - __main__ - DEBUG - FPS drawn: 0.85
2024-09-15 17:31:43,058 - __main__ - DEBUG - Getting detections from the frame.
2024-09-15 17:31:43,778 - __main__ - DEBUG - Processing bounding boxes.
2024-09-15 17:31:43,778 - __main__ - DEBUG - Lines drawn on the frame.
2024-09-15 17:31:43,778 - __main__ - INFO - Published data to MQTT: {'going_down': 0, 'going_up': 0}
2024-09-15 17:31:43,791 - __main__ - DEBUG - Counters drawn: Going Down=0, Going Up=0
2024-09-15 17:31:43,806 - __main__ - DEBUG - FPS drawn: 0.86
2024-09-15 17:31:44,342 - __main__ - DEBUG - Getting detections from the frame.
2024-09-15 17:31:45,029 - __main__ - DEBUG - Processing bounding boxes.
2024-09-15 17:31:45,029 - __main__ - DEBUG - Lines drawn on the frame.
2024-09-15 17:31:45,029 - __main__ - INFO - Published data to MQTT: {'going_down': 0, 'going_up': 0}
2024-09-15 17:31:45,045 - __main__ - DEBUG - Counters drawn: Going Down=0, Going Up=0
2024-09-15 17:31:45,045 - __main__ - DEBUG - FPS drawn: 0.86
2024-09-15 17:31:45,102 - __main__ - DEBUG - Getting detections from the frame.
2024-09-15 17:31:45,747 - __main__ - DEBUG - Processing bounding boxes.
2024-09-15 17:31:45,762 - __main__ - DEBUG - Lines drawn on the frame.
2024-09-15 17:31:45,762 - __main__ - INFO - Published data to MQTT: {'going_down': 0, 'going_up': 0}
2024-09-15 17:31:45,762 - __main__ - DEBUG - Counters drawn: Going Down=0, Going Up=0
2024-09-15 17:31:45,762 - __main__ - DEBUG - FPS drawn: 0.87
2024-09-15 17:31:45,864 - __main__ - DEBUG - Getting detections from the frame.
2024-09-15 17:31:46,884 - __main__ - DEBUG - Processing bounding boxes.
2024-09-15 17:31:46,884 - __main__ - DEBUG - Lines drawn on the frame.
2024-09-15 17:31:46,884 - __main__ - INFO - Published data to MQTT: {'going_down': 0, 'going_up': 0}
2024-09-15 17:31:46,884 - __main__ - DEBUG - Counters drawn: Going Down=0, Going Up=0
2024-09-15 17:31:46,884 - __main__ - DEBUG - FPS drawn: 0.87
2024-09-15 17:31:46,977 - __main__ - DEBUG - Getting detections from the frame.
2024-09-15 17:31:47,663 - __main__ - DEBUG - Processing bounding boxes.
2024-09-15 17:31:47,663 - __main__ - DEBUG - Lines drawn on the frame.
2024-09-15 17:31:47,663 - __main__ - INFO - Published data to MQTT: {'going_down': 0, 'going_up': 0}
2024-09-15 17:31:47,663 - __main__ - DEBUG - Counters drawn: Going Down=0, Going Up=0
2024-09-15 17:31:47,663 - __main__ - DEBUG - FPS drawn: 0.88
2024-09-15 17:31:47,696 - __main__ - DEBUG - Getting detections from the frame.
2024-09-15 17:31:48,353 - __main__ - DEBUG - Processing bounding boxes.
2024-09-15 17:31:48,369 - __main__ - DEBUG - Lines drawn on the frame.
2024-09-15 17:31:48,369 - __main__ - INFO - Published data to MQTT: {'going_down': 0, 'going_up': 0}
2024-09-15 17:31:48,369 - __main__ - DEBUG - Counters drawn: Going Down=0, Going Up=0
2024-09-15 17:31:48,369 - __main__ - DEBUG - FPS drawn: 0.89
2024-09-15 17:31:48,425 - __main__ - DEBUG - Getting detections from the frame.
2024-09-15 17:31:48,651 - __main__ - INFO - End of video stream reached. Stopping video.
2024-09-15 17:31:48,855 - __main__ - DEBUG - Processing bounding boxes.
2024-09-15 17:31:48,855 - __main__ - DEBUG - Lines drawn on the frame.
2024-09-15 17:31:48,855 - __main__ - INFO - Published data to MQTT: {'going_down': 0, 'going_up': 0}
2024-09-15 17:31:48,855 - __main__ - DEBUG - Counters drawn: Going Down=0, Going Up=0
2024-09-15 17:31:48,855 - __main__ - DEBUG - FPS drawn: 0.91
2024-09-15 17:31:48,855 - __main__ - ERROR - Error reading frame, exiting.
2024-09-15 17:31:48,877 - __main__ - INFO - Video stream released.
2024-09-15 17:31:48,942 - __main__ - INFO - Published data to MQTT: {'going_down': 0, 'going_up': 0}
