2024-09-15 11:10:25,041 - __main__ - INFO - Device: cpu
2024-09-15 11:10:25,411 - __main__ - INFO - Connected to MQTT broker at 103.245.38.40:1883
2024-09-15 11:10:25,411 - __main__ - INFO - Starting main function.
2024-09-15 11:10:25,485 - __main__ - INFO - Loading model from ./yolov3-tinyu.pt
2024-09-15 11:10:25,585 - __main__ - INFO - Labels loaded: ['person', 'bicycle', 'car', 'motorcycle', 'airplane', 'bus', 'train', 'truck', 'boat']
2024-09-15 11:10:25,601 - __main__ - DEBUG - Lines drawn on the frame.
2024-09-15 11:10:25,601 - __main__ - DEBUG - Getting detections from the frame.
2024-09-15 11:10:37,248 - __main__ - DEBUG - Processing bounding boxes.
2024-09-15 11:10:37,248 - __main__ - INFO - Published data to MQTT: {'going_down': 0, 'going_up': 0}
2024-09-15 11:10:37,260 - __main__ - DEBUG - Counters drawn: Going Down=0, Going Up=0
2024-09-15 11:10:37,266 - __main__ - DEBUG - FPS drawn: 0.08
2024-09-15 11:10:37,440 - __main__ - DEBUG - Lines drawn on the frame.
2024-09-15 11:10:37,441 - __main__ - DEBUG - Getting detections from the frame.
2024-09-15 11:10:38,423 - __main__ - DEBUG - Processing bounding boxes.
2024-09-15 11:10:38,423 - __main__ - INFO - Published data to MQTT: {'going_down': 0, 'going_up': 0}
2024-09-15 11:10:38,423 - __main__ - DEBUG - Counters drawn: Going Down=0, Going Up=0
2024-09-15 11:10:38,423 - __main__ - DEBUG - FPS drawn: 0.15
2024-09-15 11:10:38,450 - __main__ - DEBUG - Lines drawn on the frame.
2024-09-15 11:10:38,450 - __main__ - DEBUG - Getting detections from the frame.
2024-09-15 11:10:39,109 - __main__ - DEBUG - Processing bounding boxes.
2024-09-15 11:10:39,124 - __main__ - INFO - Published data to MQTT: {'going_down': 0, 'going_up': 0}
2024-09-15 11:10:39,125 - __main__ - DEBUG - Counters drawn: Going Down=0, Going Up=0
2024-09-15 11:10:39,125 - __main__ - DEBUG - FPS drawn: 0.22
2024-09-15 11:10:39,146 - __main__ - DEBUG - Lines drawn on the frame.
2024-09-15 11:10:39,147 - __main__ - DEBUG - Getting detections from the frame.
2024-09-15 11:10:39,831 - __main__ - DEBUG - Processing bounding boxes.
2024-09-15 11:10:39,836 - __main__ - INFO - Published data to MQTT: {'going_down': 0, 'going_up': 0}
2024-09-15 11:10:39,837 - __main__ - DEBUG - Counters drawn: Going Down=0, Going Up=0
2024-09-15 11:10:39,838 - __main__ - DEBUG - FPS drawn: 0.28
2024-09-15 11:10:39,858 - __main__ - DEBUG - Lines drawn on the frame.
2024-09-15 11:10:39,860 - __main__ - DEBUG - Getting detections from the frame.
2024-09-15 11:10:40,573 - __main__ - DEBUG - Processing bounding boxes.
2024-09-15 11:10:40,573 - __main__ - INFO - Published data to MQTT: {'going_down': 0, 'going_up': 0}
2024-09-15 11:10:40,573 - __main__ - DEBUG - Counters drawn: Going Down=0, Going Up=0
2024-09-15 11:10:40,573 - __main__ - DEBUG - FPS drawn: 0.33
2024-09-15 11:10:40,611 - __main__ - DEBUG - Lines drawn on the frame.
2024-09-15 11:10:40,611 - __main__ - DEBUG - Getting detections from the frame.
2024-09-15 11:10:41,304 - __main__ - DEBUG - Processing bounding boxes.
2024-09-15 11:10:41,304 - __main__ - INFO - Published data to MQTT: {'going_down': 0, 'going_up': 0}
2024-09-15 11:10:41,304 - __main__ - DEBUG - Counters drawn: Going Down=0, Going Up=0
2024-09-15 11:10:41,304 - __main__ - DEBUG - FPS drawn: 0.38
2024-09-15 11:10:41,342 - __main__ - DEBUG - Lines drawn on the frame.
2024-09-15 11:10:41,344 - __main__ - DEBUG - Getting detections from the frame.
2024-09-15 11:10:41,986 - __main__ - DEBUG - Processing bounding boxes.
2024-09-15 11:10:41,986 - __main__ - INFO - Published data to MQTT: {'going_down': 0, 'going_up': 0}
2024-09-15 11:10:41,986 - __main__ - DEBUG - Counters drawn: Going Down=0, Going Up=0
2024-09-15 11:10:41,986 - __main__ - DEBUG - FPS drawn: 0.42
2024-09-15 11:10:42,017 - __main__ - DEBUG - Lines drawn on the frame.
2024-09-15 11:10:42,024 - __main__ - DEBUG - Getting detections from the frame.
2024-09-15 11:10:42,701 - __main__ - DEBUG - Processing bounding boxes.
2024-09-15 11:10:42,701 - __main__ - INFO - Published data to MQTT: {'going_down': 0, 'going_up': 0}
2024-09-15 11:10:42,701 - __main__ - DEBUG - Counters drawn: Going Down=0, Going Up=0
2024-09-15 11:10:42,701 - __main__ - DEBUG - FPS drawn: 0.46
2024-09-15 11:10:42,756 - __main__ - DEBUG - Lines drawn on the frame.
2024-09-15 11:10:42,759 - __main__ - DEBUG - Getting detections from the frame.
2024-09-15 11:10:43,492 - __main__ - DEBUG - Processing bounding boxes.
2024-09-15 11:10:43,492 - __main__ - INFO - Published data to MQTT: {'going_down': 0, 'going_up': 0}
2024-09-15 11:10:43,492 - __main__ - DEBUG - Counters drawn: Going Down=0, Going Up=0
2024-09-15 11:10:43,492 - __main__ - DEBUG - FPS drawn: 0.50
2024-09-15 11:10:43,534 - __main__ - DEBUG - Lines drawn on the frame.
2024-09-15 11:10:43,534 - __main__ - DEBUG - Getting detections from the frame.
2024-09-15 11:10:44,282 - __main__ - DEBUG - Processing bounding boxes.
2024-09-15 11:10:44,282 - __main__ - INFO - Published data to MQTT: {'going_down': 0, 'going_up': 0}
2024-09-15 11:10:44,282 - __main__ - DEBUG - Counters drawn: Going Down=0, Going Up=0
2024-09-15 11:10:44,282 - __main__ - DEBUG - FPS drawn: 0.53
2024-09-15 11:10:44,351 - __main__ - DEBUG - Lines drawn on the frame.
2024-09-15 11:10:44,351 - __main__ - DEBUG - Getting detections from the frame.
2024-09-15 11:10:44,997 - __main__ - DEBUG - Processing bounding boxes.
2024-09-15 11:10:44,997 - __main__ - INFO - Published data to MQTT: {'going_down': 0, 'going_up': 0}
2024-09-15 11:10:44,997 - __main__ - DEBUG - Counters drawn: Going Down=0, Going Up=0
2024-09-15 11:10:44,997 - __main__ - DEBUG - FPS drawn: 0.56
2024-09-15 11:10:45,067 - __main__ - DEBUG - Lines drawn on the frame.
2024-09-15 11:10:45,067 - __main__ - DEBUG - Getting detections from the frame.
2024-09-15 11:10:45,779 - __main__ - DEBUG - Processing bounding boxes.
2024-09-15 11:10:45,779 - __main__ - INFO - Published data to MQTT: {'going_down': 0, 'going_up': 0}
2024-09-15 11:10:45,779 - __main__ - DEBUG - Counters drawn: Going Down=0, Going Up=0
2024-09-15 11:10:45,779 - __main__ - DEBUG - FPS drawn: 0.59
2024-09-15 11:10:45,821 - __main__ - DEBUG - Lines drawn on the frame.
2024-09-15 11:10:45,821 - __main__ - DEBUG - Getting detections from the frame.
2024-09-15 11:10:46,555 - __main__ - DEBUG - Processing bounding boxes.
2024-09-15 11:10:46,570 - __main__ - INFO - Published data to MQTT: {'going_down': 0, 'going_up': 0}
2024-09-15 11:10:46,570 - __main__ - DEBUG - Counters drawn: Going Down=0, Going Up=0
2024-09-15 11:10:46,570 - __main__ - DEBUG - FPS drawn: 0.62
2024-09-15 11:10:46,589 - __main__ - DEBUG - Lines drawn on the frame.
2024-09-15 11:10:46,590 - __main__ - DEBUG - Getting detections from the frame.
2024-09-15 11:10:47,242 - __main__ - DEBUG - Processing bounding boxes.
2024-09-15 11:10:47,242 - __main__ - INFO - Published data to MQTT: {'going_down': 0, 'going_up': 0}
2024-09-15 11:10:47,242 - __main__ - DEBUG - Counters drawn: Going Down=0, Going Up=0
2024-09-15 11:10:47,242 - __main__ - DEBUG - FPS drawn: 0.64
2024-09-15 11:10:47,287 - __main__ - DEBUG - Lines drawn on the frame.
2024-09-15 11:10:47,287 - __main__ - DEBUG - Getting detections from the frame.
2024-09-15 11:10:48,269 - __main__ - DEBUG - Processing bounding boxes.
2024-09-15 11:10:48,269 - __main__ - INFO - Published data to MQTT: {'going_down': 0, 'going_up': 0}
2024-09-15 11:10:48,269 - __main__ - DEBUG - Counters drawn: Going Down=0, Going Up=0
2024-09-15 11:10:48,269 - __main__ - DEBUG - FPS drawn: 0.66
2024-09-15 11:10:48,282 - __main__ - DEBUG - Lines drawn on the frame.
2024-09-15 11:10:48,283 - __main__ - DEBUG - Getting detections from the frame.
2024-09-15 11:10:48,950 - __main__ - DEBUG - Processing bounding boxes.
2024-09-15 11:10:48,950 - __main__ - INFO - Published data to MQTT: {'going_down': 0, 'going_up': 0}
2024-09-15 11:10:48,950 - __main__ - DEBUG - Counters drawn: Going Down=0, Going Up=0
2024-09-15 11:10:48,950 - __main__ - DEBUG - FPS drawn: 0.68
2024-09-15 11:10:48,986 - __main__ - DEBUG - Lines drawn on the frame.
2024-09-15 11:10:48,986 - __main__ - DEBUG - Getting detections from the frame.
2024-09-15 11:10:49,669 - __main__ - DEBUG - Processing bounding boxes.
2024-09-15 11:10:49,669 - __main__ - INFO - Published data to MQTT: {'going_down': 0, 'going_up': 0}
2024-09-15 11:10:49,669 - __main__ - DEBUG - Counters drawn: Going Down=0, Going Up=0
2024-09-15 11:10:49,669 - __main__ - DEBUG - FPS drawn: 0.70
2024-09-15 11:10:49,724 - __main__ - DEBUG - Lines drawn on the frame.
2024-09-15 11:10:49,726 - __main__ - DEBUG - Getting detections from the frame.
2024-09-15 11:10:50,376 - __main__ - WARNING - Label index out of range: 9
2024-09-15 11:10:50,376 - __main__ - DEBUG - Processing bounding boxes.
2024-09-15 11:10:50,392 - __main__ - INFO - Published data to MQTT: {'going_down': 0, 'going_up': 0}
2024-09-15 11:10:50,392 - __main__ - DEBUG - Counters drawn: Going Down=0, Going Up=0
2024-09-15 11:10:50,394 - __main__ - DEBUG - FPS drawn: 0.72
2024-09-15 11:10:50,403 - __main__ - DEBUG - Lines drawn on the frame.
2024-09-15 11:10:50,404 - __main__ - DEBUG - Getting detections from the frame.
2024-09-15 11:10:51,048 - __main__ - WARNING - Label index out of range: 25
2024-09-15 11:10:51,048 - __main__ - DEBUG - Processing bounding boxes.
2024-09-15 11:10:51,048 - __main__ - INFO - Published data to MQTT: {'going_down': 0, 'going_up': 0}
2024-09-15 11:10:51,048 - __main__ - DEBUG - Counters drawn: Going Down=0, Going Up=0
2024-09-15 11:10:51,048 - __main__ - DEBUG - FPS drawn: 0.74
2024-09-15 11:10:51,134 - __main__ - DEBUG - Lines drawn on the frame.
2024-09-15 11:10:51,134 - __main__ - DEBUG - Getting detections from the frame.
2024-09-15 11:10:51,890 - __main__ - DEBUG - Processing bounding boxes.
2024-09-15 11:10:51,890 - __main__ - INFO - Published data to MQTT: {'going_down': 0, 'going_up': 0}
2024-09-15 11:10:51,890 - __main__ - DEBUG - Counters drawn: Going Down=0, Going Up=0
2024-09-15 11:10:51,899 - __main__ - DEBUG - FPS drawn: 0.76
2024-09-15 11:10:51,926 - __main__ - DEBUG - Lines drawn on the frame.
2024-09-15 11:10:51,927 - __main__ - DEBUG - Getting detections from the frame.
2024-09-15 11:10:52,724 - __main__ - DEBUG - Processing bounding boxes.
2024-09-15 11:10:52,724 - __main__ - INFO - Published data to MQTT: {'going_down': 0, 'going_up': 0}
2024-09-15 11:10:52,724 - __main__ - DEBUG - Counters drawn: Going Down=0, Going Up=0
2024-09-15 11:10:52,724 - __main__ - DEBUG - FPS drawn: 0.77
2024-09-15 11:10:52,751 - __main__ - DEBUG - Lines drawn on the frame.
2024-09-15 11:10:52,754 - __main__ - DEBUG - Getting detections from the frame.
2024-09-15 11:10:53,499 - __main__ - DEBUG - Processing bounding boxes.
2024-09-15 11:10:53,499 - __main__ - INFO - Published data to MQTT: {'going_down': 0, 'going_up': 0}
2024-09-15 11:10:53,499 - __main__ - DEBUG - Counters drawn: Going Down=0, Going Up=0
2024-09-15 11:10:53,499 - __main__ - DEBUG - FPS drawn: 0.79
2024-09-15 11:10:53,530 - __main__ - DEBUG - Lines drawn on the frame.
2024-09-15 11:10:53,532 - __main__ - DEBUG - Getting detections from the frame.
2024-09-15 11:10:54,263 - __main__ - DEBUG - Processing bounding boxes.
2024-09-15 11:10:54,265 - __main__ - INFO - Published data to MQTT: {'going_down': 0, 'going_up': 0}
2024-09-15 11:10:54,266 - __main__ - DEBUG - Counters drawn: Going Down=0, Going Up=0
2024-09-15 11:10:54,267 - __main__ - DEBUG - FPS drawn: 0.80
2024-09-15 11:10:54,283 - __main__ - DEBUG - Lines drawn on the frame.
2024-09-15 11:10:54,284 - __main__ - DEBUG - Getting detections from the frame.
2024-09-15 11:10:54,962 - __main__ - DEBUG - Processing bounding boxes.
2024-09-15 11:10:54,962 - __main__ - INFO - Published data to MQTT: {'going_down': 0, 'going_up': 0}
2024-09-15 11:10:54,962 - __main__ - DEBUG - Counters drawn: Going Down=0, Going Up=0
2024-09-15 11:10:54,962 - __main__ - DEBUG - FPS drawn: 0.81
2024-09-15 11:10:54,998 - __main__ - DEBUG - Lines drawn on the frame.
2024-09-15 11:10:54,999 - __main__ - DEBUG - Getting detections from the frame.
2024-09-15 11:10:55,637 - __main__ - DEBUG - Processing bounding boxes.
2024-09-15 11:10:55,637 - __main__ - INFO - Published data to MQTT: {'going_down': 0, 'going_up': 0}
2024-09-15 11:10:55,637 - __main__ - DEBUG - Counters drawn: Going Down=0, Going Up=0
2024-09-15 11:10:55,637 - __main__ - DEBUG - FPS drawn: 0.83
2024-09-15 11:10:55,661 - __main__ - DEBUG - Lines drawn on the frame.
2024-09-15 11:10:55,661 - __main__ - DEBUG - Getting detections from the frame.
2024-09-15 11:10:56,298 - __main__ - DEBUG - Processing bounding boxes.
2024-09-15 11:10:56,299 - __main__ - INFO - Published data to MQTT: {'going_down': 0, 'going_up': 0}
2024-09-15 11:10:56,300 - __main__ - DEBUG - Counters drawn: Going Down=0, Going Up=0
2024-09-15 11:10:56,301 - __main__ - DEBUG - FPS drawn: 0.84
2024-09-15 11:10:56,374 - __main__ - DEBUG - Lines drawn on the frame.
2024-09-15 11:10:56,376 - __main__ - DEBUG - Getting detections from the frame.
2024-09-15 11:10:56,678 - __main__ - ERROR - Failed to retrieve frame from stream. Reconnecting...
2024-09-15 11:10:56,853 - __main__ - DEBUG - Processing bounding boxes.
2024-09-15 11:10:56,853 - __main__ - INFO - Published data to MQTT: {'going_down': 0, 'going_up': 0}
2024-09-15 11:10:56,853 - __main__ - DEBUG - Counters drawn: Going Down=0, Going Up=0
2024-09-15 11:10:56,853 - __main__ - DEBUG - FPS drawn: 0.86
2024-09-15 11:10:58,789 - __main__ - DEBUG - Lines drawn on the frame.
2024-09-15 11:10:58,792 - __main__ - DEBUG - Getting detections from the frame.
2024-09-15 11:10:59,430 - __main__ - WARNING - Label index out of range: 9
2024-09-15 11:10:59,430 - __main__ - DEBUG - Processing bounding boxes.
2024-09-15 11:10:59,430 - __main__ - INFO - Published data to MQTT: {'going_down': 0, 'going_up': 0}
2024-09-15 11:10:59,430 - __main__ - DEBUG - Counters drawn: Going Down=0, Going Up=0
2024-09-15 11:10:59,438 - __main__ - DEBUG - FPS drawn: 0.82
2024-09-15 11:10:59,462 - __main__ - DEBUG - Lines drawn on the frame.
2024-09-15 11:10:59,476 - __main__ - DEBUG - Getting detections from the frame.
2024-09-15 11:11:00,168 - __main__ - DEBUG - Processing bounding boxes.
2024-09-15 11:11:00,168 - __main__ - INFO - Published data to MQTT: {'going_down': 0, 'going_up': 0}
2024-09-15 11:11:00,168 - __main__ - DEBUG - Counters drawn: Going Down=0, Going Up=0
2024-09-15 11:11:00,168 - __main__ - DEBUG - FPS drawn: 0.84
2024-09-15 11:11:00,193 - __main__ - DEBUG - Lines drawn on the frame.
2024-09-15 11:11:00,202 - __main__ - DEBUG - Getting detections from the frame.
2024-09-15 11:11:00,839 - __main__ - DEBUG - Processing bounding boxes.
2024-09-15 11:11:00,839 - __main__ - INFO - Published data to MQTT: {'going_down': 0, 'going_up': 0}
2024-09-15 11:11:00,839 - __main__ - DEBUG - Counters drawn: Going Down=0, Going Up=0
2024-09-15 11:11:00,839 - __main__ - DEBUG - FPS drawn: 0.85
2024-09-15 11:11:00,879 - __main__ - DEBUG - Lines drawn on the frame.
2024-09-15 11:11:00,880 - __main__ - DEBUG - Getting detections from the frame.
2024-09-15 11:11:01,591 - __main__ - DEBUG - Processing bounding boxes.
2024-09-15 11:11:01,591 - __main__ - INFO - Published data to MQTT: {'going_down': 0, 'going_up': 0}
2024-09-15 11:11:01,591 - __main__ - DEBUG - Counters drawn: Going Down=0, Going Up=0
2024-09-15 11:11:01,591 - __main__ - DEBUG - FPS drawn: 0.86
2024-09-15 11:11:01,635 - __main__ - DEBUG - Lines drawn on the frame.
2024-09-15 11:11:01,637 - __main__ - DEBUG - Getting detections from the frame.
2024-09-15 11:11:02,312 - __main__ - DEBUG - Processing bounding boxes.
2024-09-15 11:11:02,312 - __main__ - INFO - Published data to MQTT: {'going_down': 0, 'going_up': 0}
2024-09-15 11:11:02,312 - __main__ - DEBUG - Counters drawn: Going Down=0, Going Up=0
2024-09-15 11:11:02,312 - __main__ - DEBUG - FPS drawn: 0.87
2024-09-15 11:11:02,328 - __main__ - DEBUG - Lines drawn on the frame.
2024-09-15 11:11:02,335 - __main__ - DEBUG - Getting detections from the frame.
2024-09-15 11:11:02,970 - __main__ - DEBUG - Processing bounding boxes.
2024-09-15 11:11:02,981 - __main__ - INFO - Published data to MQTT: {'going_down': 0, 'going_up': 0}
2024-09-15 11:11:02,981 - __main__ - DEBUG - Counters drawn: Going Down=0, Going Up=0
2024-09-15 11:11:02,981 - __main__ - DEBUG - FPS drawn: 0.88
2024-09-15 11:11:03,029 - __main__ - DEBUG - Lines drawn on the frame.
2024-09-15 11:11:03,032 - __main__ - DEBUG - Getting detections from the frame.
2024-09-15 11:11:03,673 - __main__ - WARNING - Label index out of range: 25
2024-09-15 11:11:03,689 - __main__ - DEBUG - Processing bounding boxes.
2024-09-15 11:11:03,691 - __main__ - INFO - Published data to MQTT: {'going_down': 0, 'going_up': 0}
2024-09-15 11:11:03,699 - __main__ - DEBUG - Counters drawn: Going Down=0, Going Up=0
2024-09-15 11:11:03,701 - __main__ - DEBUG - FPS drawn: 0.89
2024-09-15 11:11:03,714 - __main__ - DEBUG - Lines drawn on the frame.
2024-09-15 11:11:03,714 - __main__ - DEBUG - Getting detections from the frame.
2024-09-15 11:11:04,376 - __main__ - DEBUG - Processing bounding boxes.
2024-09-15 11:11:04,401 - __main__ - INFO - Published data to MQTT: {'going_down': 0, 'going_up': 0}
2024-09-15 11:11:04,421 - __main__ - DEBUG - Counters drawn: Going Down=0, Going Up=0
2024-09-15 11:11:04,422 - __main__ - DEBUG - FPS drawn: 0.90
2024-09-15 11:11:04,439 - __main__ - DEBUG - Lines drawn on the frame.
2024-09-15 11:11:04,439 - __main__ - DEBUG - Getting detections from the frame.
2024-09-15 11:11:05,081 - __main__ - DEBUG - Processing bounding boxes.
2024-09-15 11:11:05,081 - __main__ - INFO - Published data to MQTT: {'going_down': 0, 'going_up': 0}
2024-09-15 11:11:05,081 - __main__ - DEBUG - Counters drawn: Going Down=0, Going Up=0
2024-09-15 11:11:05,081 - __main__ - DEBUG - FPS drawn: 0.91
2024-09-15 11:11:05,094 - __main__ - DEBUG - Lines drawn on the frame.
2024-09-15 11:11:05,097 - __main__ - DEBUG - Getting detections from the frame.
2024-09-15 11:11:05,768 - __main__ - DEBUG - Processing bounding boxes.
2024-09-15 11:11:05,768 - __main__ - INFO - Published data to MQTT: {'going_down': 0, 'going_up': 0}
2024-09-15 11:11:05,768 - __main__ - DEBUG - Counters drawn: Going Down=0, Going Up=0
2024-09-15 11:11:05,768 - __main__ - DEBUG - FPS drawn: 0.92
2024-09-15 11:11:05,845 - __main__ - DEBUG - Lines drawn on the frame.
2024-09-15 11:11:05,846 - __main__ - DEBUG - Getting detections from the frame.
2024-09-15 11:11:06,486 - __main__ - DEBUG - Processing bounding boxes.
2024-09-15 11:11:06,486 - __main__ - INFO - Published data to MQTT: {'going_down': 0, 'going_up': 0}
2024-09-15 11:11:06,510 - __main__ - DEBUG - Counters drawn: Going Down=0, Going Up=0
2024-09-15 11:11:06,510 - __main__ - DEBUG - FPS drawn: 0.93
2024-09-15 11:11:06,557 - __main__ - DEBUG - Lines drawn on the frame.
2024-09-15 11:11:06,557 - __main__ - DEBUG - Getting detections from the frame.
2024-09-15 11:11:07,230 - __main__ - DEBUG - Processing bounding boxes.
2024-09-15 11:11:07,230 - __main__ - INFO - Published data to MQTT: {'going_down': 0, 'going_up': 0}
2024-09-15 11:11:07,237 - __main__ - DEBUG - Counters drawn: Going Down=0, Going Up=0
2024-09-15 11:11:07,240 - __main__ - DEBUG - FPS drawn: 0.93
2024-09-15 11:11:07,265 - __main__ - DEBUG - Lines drawn on the frame.
2024-09-15 11:11:07,268 - __main__ - DEBUG - Getting detections from the frame.
2024-09-15 11:11:07,927 - __main__ - DEBUG - Processing bounding boxes.
2024-09-15 11:11:07,927 - __main__ - INFO - Published data to MQTT: {'going_down': 0, 'going_up': 0}
2024-09-15 11:11:07,927 - __main__ - DEBUG - Counters drawn: Going Down=0, Going Up=0
2024-09-15 11:11:07,927 - __main__ - DEBUG - FPS drawn: 0.94
2024-09-15 11:11:07,960 - __main__ - DEBUG - Lines drawn on the frame.
2024-09-15 11:11:07,961 - __main__ - DEBUG - Getting detections from the frame.
2024-09-15 11:11:08,625 - __main__ - DEBUG - Processing bounding boxes.
2024-09-15 11:11:08,625 - __main__ - INFO - Published data to MQTT: {'going_down': 0, 'going_up': 0}
2024-09-15 11:11:08,625 - __main__ - DEBUG - Counters drawn: Going Down=0, Going Up=0
2024-09-15 11:11:08,625 - __main__ - DEBUG - FPS drawn: 0.95
2024-09-15 11:11:08,656 - __main__ - DEBUG - Lines drawn on the frame.
2024-09-15 11:11:08,656 - __main__ - DEBUG - Getting detections from the frame.
2024-09-15 11:11:09,301 - __main__ - DEBUG - Processing bounding boxes.
2024-09-15 11:11:09,301 - __main__ - INFO - Published data to MQTT: {'going_down': 0, 'going_up': 0}
2024-09-15 11:11:09,319 - __main__ - DEBUG - Counters drawn: Going Down=0, Going Up=0
2024-09-15 11:11:09,321 - __main__ - DEBUG - FPS drawn: 0.96
2024-09-15 11:11:09,370 - __main__ - DEBUG - Lines drawn on the frame.
2024-09-15 11:11:09,370 - __main__ - DEBUG - Getting detections from the frame.
2024-09-15 11:11:10,008 - __main__ - DEBUG - Processing bounding boxes.
2024-09-15 11:11:10,023 - __main__ - INFO - Published data to MQTT: {'going_down': 0, 'going_up': 0}
2024-09-15 11:11:10,023 - __main__ - DEBUG - Counters drawn: Going Down=0, Going Up=0
2024-09-15 11:11:10,023 - __main__ - DEBUG - FPS drawn: 0.97
2024-09-15 11:11:10,041 - __main__ - DEBUG - Lines drawn on the frame.
2024-09-15 11:11:10,041 - __main__ - DEBUG - Getting detections from the frame.
2024-09-15 11:11:10,701 - __main__ - DEBUG - Processing bounding boxes.
2024-09-15 11:11:10,701 - __main__ - INFO - Published data to MQTT: {'going_down': 0, 'going_up': 0}
2024-09-15 11:11:10,701 - __main__ - DEBUG - Counters drawn: Going Down=0, Going Up=0
2024-09-15 11:11:10,701 - __main__ - DEBUG - FPS drawn: 0.97
2024-09-15 11:11:10,742 - __main__ - DEBUG - Lines drawn on the frame.
2024-09-15 11:11:10,753 - __main__ - DEBUG - Getting detections from the frame.
2024-09-15 11:11:11,395 - __main__ - DEBUG - Processing bounding boxes.
2024-09-15 11:11:11,396 - __main__ - INFO - Published data to MQTT: {'going_down': 0, 'going_up': 0}
2024-09-15 11:11:11,397 - __main__ - DEBUG - Counters drawn: Going Down=0, Going Up=0
2024-09-15 11:11:11,399 - __main__ - DEBUG - FPS drawn: 0.98
2024-09-15 11:11:11,420 - __main__ - DEBUG - Lines drawn on the frame.
2024-09-15 11:11:11,421 - __main__ - DEBUG - Getting detections from the frame.
2024-09-15 11:11:12,101 - __main__ - DEBUG - Processing bounding boxes.
2024-09-15 11:11:12,101 - __main__ - INFO - Published data to MQTT: {'going_down': 0, 'going_up': 0}
2024-09-15 11:11:12,101 - __main__ - DEBUG - Counters drawn: Going Down=0, Going Up=0
2024-09-15 11:11:12,117 - __main__ - DEBUG - FPS drawn: 0.99
2024-09-15 11:11:12,120 - __main__ - INFO - Elapsed time: 46.64
2024-09-15 11:11:12,120 - __main__ - INFO - Approx. FPS: 0.00
2024-09-15 11:11:12,146 - __main__ - INFO - Video stream released.
2024-09-15 11:11:12,171 - __main__ - INFO - FFmpeg process finished.
2024-09-15 11:11:12,308 - __main__ - INFO - MQTT client disconnected and garbage collected.
