2024-09-15 15:41:27,463 - __main__ - INFO - Device: cpu
2024-09-15 15:41:27,495 - __main__ - INFO - Connected to MQTT broker at 103.245.38.40:1883
2024-09-15 15:41:27,501 - __main__ - INFO - Starting main function.
2024-09-15 15:41:27,581 - __main__ - INFO - Loading model from ./yolov3-tinyu_1.onnx
2024-09-15 15:41:27,584 - __main__ - INFO - Labels loaded: ['person', 'bicycle', 'car', 'motorcycle', 'airplane', 'bus', 'train', 'truck', 'boat']
2024-09-15 15:41:27,650 - __main__ - INFO - Frame successfully retrieved.
2024-09-15 15:41:27,658 - __main__ - INFO - Frame successfully retrieved.
2024-09-15 15:41:27,667 - __main__ - INFO - Frame successfully retrieved.
2024-09-15 15:41:27,685 - __main__ - DEBUG - Getting detections from the frame.
2024-09-15 15:41:30,842 - __main__ - ERROR - Error during detection: [ONNXRuntimeError] : 7 : INVALID_PROTOBUF : Load model from yolov3-tinyu_1.onnx failed:Protobuf parsing failed.
2024-09-15 15:41:30,842 - __main__ - DEBUG - Processing bounding boxes.
2024-09-15 15:41:30,842 - __main__ - DEBUG - Lines drawn on the frame.
2024-09-15 15:41:30,842 - __main__ - INFO - Published data to MQTT: {'going_down': 0, 'going_up': 0}
2024-09-15 15:41:30,842 - __main__ - DEBUG - Counters drawn: Going Down=0, Going Up=0
2024-09-15 15:41:30,855 - __main__ - DEBUG - FPS drawn: 0.31
2024-09-15 15:41:30,940 - __main__ - INFO - Frame successfully retrieved.
2024-09-15 15:41:30,973 - __main__ - INFO - Frame successfully retrieved.
2024-09-15 15:41:30,999 - __main__ - INFO - Frame successfully retrieved.
2024-09-15 15:41:31,003 - __main__ - DEBUG - Getting detections from the frame.
2024-09-15 15:41:33,916 - __main__ - ERROR - Error during detection: [ONNXRuntimeError] : 7 : INVALID_PROTOBUF : Load model from yolov3-tinyu_1.onnx failed:Protobuf parsing failed.
2024-09-15 15:41:33,918 - __main__ - DEBUG - Processing bounding boxes.
2024-09-15 15:41:33,919 - __main__ - DEBUG - Lines drawn on the frame.
2024-09-15 15:41:33,920 - __main__ - INFO - Published data to MQTT: {'going_down': 0, 'going_up': 0}
2024-09-15 15:41:33,921 - __main__ - DEBUG - Counters drawn: Going Down=0, Going Up=0
2024-09-15 15:41:33,922 - __main__ - DEBUG - FPS drawn: 0.32
2024-09-15 15:41:34,230 - __main__ - INFO - Frame successfully retrieved.
2024-09-15 15:41:34,230 - __main__ - INFO - Frame successfully retrieved.
2024-09-15 15:41:34,318 - __main__ - INFO - Frame successfully retrieved.
2024-09-15 15:41:34,324 - __main__ - DEBUG - Getting detections from the frame.
2024-09-15 15:41:37,256 - __main__ - ERROR - Error during detection: [ONNXRuntimeError] : 7 : INVALID_PROTOBUF : Load model from yolov3-tinyu_1.onnx failed:Protobuf parsing failed.
2024-09-15 15:41:37,263 - __main__ - DEBUG - Processing bounding boxes.
2024-09-15 15:41:37,265 - __main__ - DEBUG - Lines drawn on the frame.
2024-09-15 15:41:37,268 - __main__ - INFO - Published data to MQTT: {'going_down': 0, 'going_up': 0}
2024-09-15 15:41:37,268 - __main__ - DEBUG - Counters drawn: Going Down=0, Going Up=0
2024-09-15 15:41:37,268 - __main__ - DEBUG - FPS drawn: 0.31
2024-09-15 15:41:37,284 - __main__ - INFO - Frame successfully retrieved.
2024-09-15 15:41:37,298 - __main__ - INFO - Frame successfully retrieved.
2024-09-15 15:41:37,329 - __main__ - INFO - Frame successfully retrieved.
2024-09-15 15:41:37,329 - __main__ - DEBUG - Getting detections from the frame.
2024-09-15 15:41:40,090 - __main__ - ERROR - Error during detection: [ONNXRuntimeError] : 7 : INVALID_PROTOBUF : Load model from yolov3-tinyu_1.onnx failed:Protobuf parsing failed.
2024-09-15 15:41:40,090 - __main__ - DEBUG - Processing bounding boxes.
2024-09-15 15:41:40,090 - __main__ - DEBUG - Lines drawn on the frame.
2024-09-15 15:41:40,090 - __main__ - INFO - Published data to MQTT: {'going_down': 0, 'going_up': 0}
2024-09-15 15:41:40,090 - __main__ - DEBUG - Counters drawn: Going Down=0, Going Up=0
2024-09-15 15:41:40,109 - __main__ - DEBUG - FPS drawn: 0.32
2024-09-15 15:41:40,234 - __main__ - INFO - Frame successfully retrieved.
2024-09-15 15:41:40,273 - __main__ - INFO - Frame successfully retrieved.
2024-09-15 15:41:40,310 - __main__ - INFO - Frame successfully retrieved.
2024-09-15 15:41:40,314 - __main__ - DEBUG - Getting detections from the frame.
2024-09-15 15:41:43,702 - __main__ - ERROR - Error during detection: [ONNXRuntimeError] : 7 : INVALID_PROTOBUF : Load model from yolov3-tinyu_1.onnx failed:Protobuf parsing failed.
2024-09-15 15:41:43,702 - __main__ - DEBUG - Processing bounding boxes.
2024-09-15 15:41:43,712 - __main__ - DEBUG - Lines drawn on the frame.
2024-09-15 15:41:43,713 - __main__ - INFO - Published data to MQTT: {'going_down': 0, 'going_up': 0}
2024-09-15 15:41:43,716 - __main__ - DEBUG - Counters drawn: Going Down=0, Going Up=0
2024-09-15 15:41:43,717 - __main__ - DEBUG - FPS drawn: 0.31
2024-09-15 15:41:43,764 - __main__ - INFO - Frame successfully retrieved.
2024-09-15 15:41:43,792 - __main__ - INFO - Frame successfully retrieved.
2024-09-15 15:41:43,816 - __main__ - INFO - Frame successfully retrieved.
2024-09-15 15:41:43,819 - __main__ - DEBUG - Getting detections from the frame.
2024-09-15 15:41:47,266 - __main__ - ERROR - Error during detection: [ONNXRuntimeError] : 7 : INVALID_PROTOBUF : Load model from yolov3-tinyu_1.onnx failed:Protobuf parsing failed.
2024-09-15 15:41:47,266 - __main__ - DEBUG - Processing bounding boxes.
2024-09-15 15:41:47,267 - __main__ - DEBUG - Lines drawn on the frame.
2024-09-15 15:41:47,268 - __main__ - INFO - Published data to MQTT: {'going_down': 0, 'going_up': 0}
2024-09-15 15:41:47,270 - __main__ - DEBUG - Counters drawn: Going Down=0, Going Up=0
2024-09-15 15:41:47,274 - __main__ - DEBUG - FPS drawn: 0.30
2024-09-15 15:41:47,444 - __main__ - INFO - Frame successfully retrieved.
2024-09-15 15:41:47,489 - __main__ - INFO - Frame successfully retrieved.
2024-09-15 15:41:47,576 - __main__ - INFO - Frame successfully retrieved.
2024-09-15 15:41:47,576 - __main__ - DEBUG - Getting detections from the frame.
2024-09-15 15:41:50,516 - __main__ - ERROR - Error during detection: [ONNXRuntimeError] : 7 : INVALID_PROTOBUF : Load model from yolov3-tinyu_1.onnx failed:Protobuf parsing failed.
2024-09-15 15:41:50,520 - __main__ - DEBUG - Processing bounding boxes.
2024-09-15 15:41:50,521 - __main__ - DEBUG - Lines drawn on the frame.
2024-09-15 15:41:50,521 - __main__ - INFO - Published data to MQTT: {'going_down': 0, 'going_up': 0}
2024-09-15 15:41:50,521 - __main__ - DEBUG - Counters drawn: Going Down=0, Going Up=0
2024-09-15 15:41:50,521 - __main__ - DEBUG - FPS drawn: 0.31
2024-09-15 15:41:50,535 - __main__ - INFO - Frame successfully retrieved.
2024-09-15 15:41:50,552 - __main__ - INFO - Frame successfully retrieved.
2024-09-15 15:41:50,598 - __main__ - INFO - Frame successfully retrieved.
2024-09-15 15:41:50,602 - __main__ - DEBUG - Getting detections from the frame.
2024-09-15 15:41:53,487 - __main__ - ERROR - Error during detection: [ONNXRuntimeError] : 7 : INVALID_PROTOBUF : Load model from yolov3-tinyu_1.onnx failed:Protobuf parsing failed.
2024-09-15 15:41:53,487 - __main__ - DEBUG - Processing bounding boxes.
2024-09-15 15:41:53,487 - __main__ - DEBUG - Lines drawn on the frame.
2024-09-15 15:41:53,495 - __main__ - INFO - Published data to MQTT: {'going_down': 0, 'going_up': 0}
2024-09-15 15:41:53,496 - __main__ - DEBUG - Counters drawn: Going Down=0, Going Up=0
2024-09-15 15:41:53,497 - __main__ - DEBUG - FPS drawn: 0.31
2024-09-15 15:41:53,721 - __main__ - INFO - Frame successfully retrieved.
2024-09-15 15:41:53,970 - __main__ - INFO - Frame successfully retrieved.
2024-09-15 15:41:54,359 - __main__ - INFO - Frame successfully retrieved.
2024-09-15 15:41:54,360 - __main__ - DEBUG - Getting detections from the frame.
2024-09-15 15:41:56,036 - __main__ - ERROR - Failed to retrieve frame from stream. Attempting to reconnect...
2024-09-15 15:41:57,103 - __main__ - ERROR - Error during detection: [ONNXRuntimeError] : 7 : INVALID_PROTOBUF : Load model from yolov3-tinyu_1.onnx failed:Protobuf parsing failed.
2024-09-15 15:41:57,118 - __main__ - DEBUG - Processing bounding boxes.
2024-09-15 15:41:57,118 - __main__ - DEBUG - Lines drawn on the frame.
2024-09-15 15:41:57,118 - __main__ - INFO - Published data to MQTT: {'going_down': 0, 'going_up': 0}
2024-09-15 15:41:57,120 - __main__ - DEBUG - Counters drawn: Going Down=0, Going Up=0
2024-09-15 15:41:57,120 - __main__ - DEBUG - FPS drawn: 0.30
2024-09-15 15:41:58,087 - __main__ - INFO - Reconnected to video source: ../veh2.mp4
2024-09-15 15:41:58,541 - __main__ - INFO - Frame successfully retrieved.
2024-09-15 15:41:58,613 - __main__ - INFO - Frame successfully retrieved.
2024-09-15 15:41:59,243 - __main__ - INFO - Frame successfully retrieved.
2024-09-15 15:41:59,243 - __main__ - DEBUG - Getting detections from the frame.
2024-09-15 15:42:02,581 - __main__ - ERROR - Error during detection: [ONNXRuntimeError] : 7 : INVALID_PROTOBUF : Load model from yolov3-tinyu_1.onnx failed:Protobuf parsing failed.
2024-09-15 15:42:02,583 - __main__ - DEBUG - Processing bounding boxes.
2024-09-15 15:42:02,584 - __main__ - DEBUG - Lines drawn on the frame.
2024-09-15 15:42:02,585 - __main__ - INFO - Published data to MQTT: {'going_down': 0, 'going_up': 0}
2024-09-15 15:42:02,586 - __main__ - DEBUG - Counters drawn: Going Down=0, Going Up=0
2024-09-15 15:42:02,587 - __main__ - DEBUG - FPS drawn: 0.29
2024-09-15 15:42:02,631 - __main__ - INFO - Frame successfully retrieved.
2024-09-15 15:42:02,682 - __main__ - INFO - Frame successfully retrieved.
2024-09-15 15:42:02,840 - __main__ - INFO - Frame successfully retrieved.
2024-09-15 15:42:02,840 - __main__ - DEBUG - Getting detections from the frame.
2024-09-15 15:42:05,691 - __main__ - ERROR - Error during detection: [ONNXRuntimeError] : 7 : INVALID_PROTOBUF : Load model from yolov3-tinyu_1.onnx failed:Protobuf parsing failed.
2024-09-15 15:42:05,707 - __main__ - DEBUG - Processing bounding boxes.
2024-09-15 15:42:05,708 - __main__ - DEBUG - Lines drawn on the frame.
2024-09-15 15:42:05,710 - __main__ - INFO - Published data to MQTT: {'going_down': 0, 'going_up': 0}
2024-09-15 15:42:05,710 - __main__ - DEBUG - Counters drawn: Going Down=0, Going Up=0
2024-09-15 15:42:05,714 - __main__ - DEBUG - FPS drawn: 0.29
2024-09-15 15:42:05,717 - __main__ - INFO - Elapsed time: 38.14
2024-09-15 15:42:05,717 - __main__ - INFO - Approx. FPS: 0.00
2024-09-15 15:42:05,736 - __main__ - INFO - Video stream released.
2024-09-15 15:42:05,760 - __main__ - INFO - Published data to MQTT: {'going_down': 0, 'going_up': 0}
2024-09-15 15:42:05,761 - __main__ - INFO - FFmpeg process finished.
2024-09-15 15:42:05,762 - __main__ - INFO - MQTT client disconnected and garbage collected.
