2024-09-15 17:25:32,659 - __main__ - INFO - Device: cpu
2024-09-15 17:25:32,703 - __main__ - INFO - Connected to MQTT broker at 103.245.38.40:1883
2024-09-15 17:25:32,708 - __main__ - INFO - Starting main function.
2024-09-15 17:25:32,780 - __main__ - INFO - Loading model from ./yolov3-tinyu.pt
2024-09-15 17:25:32,891 - __main__ - INFO - Labels loaded: ['person', 'bicycle', 'car', 'motorcycle', 'airplane', 'bus', 'train', 'truck', 'boat']
2024-09-15 17:25:32,920 - __main__ - DEBUG - Getting detections from the frame.
2024-09-15 17:25:43,834 - __main__ - DEBUG - Processing bounding boxes.
2024-09-15 17:25:43,834 - __main__ - DEBUG - Lines drawn on the frame.
2024-09-15 17:25:43,834 - __main__ - INFO - Published data to MQTT: {'going_down': 0, 'going_up': 0}
2024-09-15 17:25:43,849 - __main__ - DEBUG - Counters drawn: Going Down=0, Going Up=0
2024-09-15 17:25:43,850 - __main__ - DEBUG - FPS drawn: 0.09
2024-09-15 17:25:44,308 - __main__ - DEBUG - Getting detections from the frame.
2024-09-15 17:25:45,060 - __main__ - DEBUG - Processing bounding boxes.
2024-09-15 17:25:45,060 - __main__ - DEBUG - Lines drawn on the frame.
2024-09-15 17:25:45,060 - __main__ - INFO - Published data to MQTT: {'going_down': 0, 'going_up': 0}
2024-09-15 17:25:45,076 - __main__ - DEBUG - Counters drawn: Going Down=0, Going Up=0
2024-09-15 17:25:45,076 - __main__ - DEBUG - FPS drawn: 0.16
2024-09-15 17:25:45,156 - __main__ - DEBUG - Getting detections from the frame.
2024-09-15 17:25:45,792 - __main__ - DEBUG - Processing bounding boxes.
2024-09-15 17:25:45,808 - __main__ - DEBUG - Lines drawn on the frame.
2024-09-15 17:25:45,808 - __main__ - INFO - Published data to MQTT: {'going_down': 0, 'going_up': 0}
2024-09-15 17:25:45,808 - __main__ - DEBUG - Counters drawn: Going Down=0, Going Up=0
2024-09-15 17:25:45,808 - __main__ - DEBUG - FPS drawn: 0.23
2024-09-15 17:25:45,820 - __main__ - DEBUG - Getting detections from the frame.
2024-09-15 17:25:46,511 - __main__ - DEBUG - Processing bounding boxes.
2024-09-15 17:25:46,511 - __main__ - DEBUG - Lines drawn on the frame.
2024-09-15 17:25:46,511 - __main__ - INFO - Published data to MQTT: {'going_down': 0, 'going_up': 0}
2024-09-15 17:25:46,511 - __main__ - DEBUG - Counters drawn: Going Down=0, Going Up=0
2024-09-15 17:25:46,526 - __main__ - DEBUG - FPS drawn: 0.29
2024-09-15 17:25:46,589 - __main__ - DEBUG - Getting detections from the frame.
2024-09-15 17:25:47,248 - __main__ - DEBUG - Processing bounding boxes.
2024-09-15 17:25:47,248 - __main__ - DEBUG - Lines drawn on the frame.
2024-09-15 17:25:47,248 - __main__ - INFO - Published data to MQTT: {'going_down': 0, 'going_up': 0}
2024-09-15 17:25:47,248 - __main__ - DEBUG - Counters drawn: Going Down=0, Going Up=0
2024-09-15 17:25:47,248 - __main__ - DEBUG - FPS drawn: 0.35
2024-09-15 17:25:47,379 - __main__ - DEBUG - Getting detections from the frame.
2024-09-15 17:25:48,012 - __main__ - DEBUG - Processing bounding boxes.
2024-09-15 17:25:48,012 - __main__ - DEBUG - Lines drawn on the frame.
2024-09-15 17:25:48,012 - __main__ - INFO - Published data to MQTT: {'going_down': 0, 'going_up': 0}
2024-09-15 17:25:48,027 - __main__ - DEBUG - Counters drawn: Going Down=0, Going Up=0
2024-09-15 17:25:48,028 - __main__ - DEBUG - FPS drawn: 0.39
2024-09-15 17:25:48,084 - __main__ - DEBUG - Getting detections from the frame.
2024-09-15 17:25:48,771 - __main__ - DEBUG - Processing bounding boxes.
2024-09-15 17:25:48,774 - __main__ - DEBUG - Lines drawn on the frame.
2024-09-15 17:25:48,779 - __main__ - INFO - Published data to MQTT: {'going_down': 0, 'going_up': 0}
2024-09-15 17:25:48,780 - __main__ - DEBUG - Counters drawn: Going Down=0, Going Up=0
2024-09-15 17:25:48,781 - __main__ - DEBUG - FPS drawn: 0.44
2024-09-15 17:25:48,868 - __main__ - DEBUG - Getting detections from the frame.
2024-09-15 17:25:49,536 - __main__ - DEBUG - Processing bounding boxes.
2024-09-15 17:25:49,536 - __main__ - DEBUG - Lines drawn on the frame.
2024-09-15 17:25:49,538 - __main__ - INFO - Published data to MQTT: {'going_down': 0, 'going_up': 0}
2024-09-15 17:25:49,539 - __main__ - DEBUG - Counters drawn: Going Down=0, Going Up=0
2024-09-15 17:25:49,540 - __main__ - DEBUG - FPS drawn: 0.48
2024-09-15 17:25:49,799 - __main__ - DEBUG - Getting detections from the frame.
2024-09-15 17:25:50,448 - __main__ - DEBUG - Processing bounding boxes.
2024-09-15 17:25:50,448 - __main__ - DEBUG - Lines drawn on the frame.
2024-09-15 17:25:50,448 - __main__ - INFO - Published data to MQTT: {'going_down': 0, 'going_up': 0}
2024-09-15 17:25:50,448 - __main__ - DEBUG - Counters drawn: Going Down=0, Going Up=0
2024-09-15 17:25:50,448 - __main__ - DEBUG - FPS drawn: 0.51
2024-09-15 17:25:50,514 - __main__ - DEBUG - Getting detections from the frame.
2024-09-15 17:25:51,139 - __main__ - DEBUG - Processing bounding boxes.
2024-09-15 17:25:51,139 - __main__ - DEBUG - Lines drawn on the frame.
2024-09-15 17:25:51,139 - __main__ - INFO - Published data to MQTT: {'going_down': 0, 'going_up': 0}
2024-09-15 17:25:51,139 - __main__ - DEBUG - Counters drawn: Going Down=0, Going Up=0
2024-09-15 17:25:51,157 - __main__ - DEBUG - FPS drawn: 0.54
2024-09-15 17:25:51,214 - __main__ - DEBUG - Getting detections from the frame.
2024-09-15 17:25:52,321 - __main__ - DEBUG - Processing bounding boxes.
2024-09-15 17:25:52,321 - __main__ - DEBUG - Lines drawn on the frame.
2024-09-15 17:25:52,321 - __main__ - INFO - Published data to MQTT: {'going_down': 0, 'going_up': 0}
2024-09-15 17:25:52,321 - __main__ - DEBUG - Counters drawn: Going Down=0, Going Up=0
2024-09-15 17:25:52,321 - __main__ - DEBUG - FPS drawn: 0.56
2024-09-15 17:25:52,376 - __main__ - DEBUG - Getting detections from the frame.
2024-09-15 17:25:53,032 - __main__ - DEBUG - Processing bounding boxes.
2024-09-15 17:25:53,032 - __main__ - DEBUG - Lines drawn on the frame.
2024-09-15 17:25:53,032 - __main__ - INFO - Published data to MQTT: {'going_down': 0, 'going_up': 0}
2024-09-15 17:25:53,032 - __main__ - DEBUG - Counters drawn: Going Down=0, Going Up=0
2024-09-15 17:25:53,032 - __main__ - DEBUG - FPS drawn: 0.59
2024-09-15 17:25:53,115 - __main__ - DEBUG - Getting detections from the frame.
2024-09-15 17:25:53,767 - __main__ - DEBUG - Processing bounding boxes.
2024-09-15 17:25:53,767 - __main__ - DEBUG - Lines drawn on the frame.
2024-09-15 17:25:53,767 - __main__ - INFO - Published data to MQTT: {'going_down': 0, 'going_up': 0}
2024-09-15 17:25:53,767 - __main__ - DEBUG - Counters drawn: Going Down=0, Going Up=0
2024-09-15 17:25:53,773 - __main__ - DEBUG - FPS drawn: 0.62
2024-09-15 17:25:53,854 - __main__ - DEBUG - Getting detections from the frame.
2024-09-15 17:25:54,507 - __main__ - DEBUG - Processing bounding boxes.
2024-09-15 17:25:54,523 - __main__ - DEBUG - Lines drawn on the frame.
2024-09-15 17:25:54,523 - __main__ - INFO - Published data to MQTT: {'going_down': 0, 'going_up': 0}
2024-09-15 17:25:54,523 - __main__ - DEBUG - Counters drawn: Going Down=0, Going Up=0
2024-09-15 17:25:54,523 - __main__ - DEBUG - FPS drawn: 0.64
2024-09-15 17:25:54,608 - __main__ - DEBUG - Getting detections from the frame.
2024-09-15 17:25:55,208 - __main__ - DEBUG - Processing bounding boxes.
2024-09-15 17:25:55,208 - __main__ - DEBUG - Lines drawn on the frame.
2024-09-15 17:25:55,218 - __main__ - INFO - Published data to MQTT: {'going_down': 0, 'going_up': 0}
2024-09-15 17:25:55,219 - __main__ - DEBUG - Counters drawn: Going Down=0, Going Up=0
2024-09-15 17:25:55,220 - __main__ - DEBUG - FPS drawn: 0.67
2024-09-15 17:25:55,288 - __main__ - DEBUG - Getting detections from the frame.
2024-09-15 17:25:55,924 - __main__ - DEBUG - Processing bounding boxes.
2024-09-15 17:25:55,924 - __main__ - DEBUG - Lines drawn on the frame.
2024-09-15 17:25:55,924 - __main__ - INFO - Published data to MQTT: {'going_down': 0, 'going_up': 0}
2024-09-15 17:25:55,924 - __main__ - DEBUG - Counters drawn: Going Down=0, Going Up=0
2024-09-15 17:25:55,941 - __main__ - DEBUG - FPS drawn: 0.69
2024-09-15 17:25:56,008 - __main__ - DEBUG - Getting detections from the frame.
2024-09-15 17:25:56,630 - __main__ - DEBUG - Processing bounding boxes.
2024-09-15 17:25:56,630 - __main__ - DEBUG - Lines drawn on the frame.
2024-09-15 17:25:56,630 - __main__ - INFO - Published data to MQTT: {'going_down': 0, 'going_up': 0}
2024-09-15 17:25:56,630 - __main__ - DEBUG - Counters drawn: Going Down=0, Going Up=0
2024-09-15 17:25:56,630 - __main__ - DEBUG - FPS drawn: 0.71
2024-09-15 17:25:56,731 - __main__ - DEBUG - Getting detections from the frame.
2024-09-15 17:25:57,356 - __main__ - DEBUG - Processing bounding boxes.
2024-09-15 17:25:57,372 - __main__ - DEBUG - Lines drawn on the frame.
2024-09-15 17:25:57,374 - __main__ - INFO - Published data to MQTT: {'going_down': 0, 'going_up': 0}
2024-09-15 17:25:57,377 - __main__ - DEBUG - Counters drawn: Going Down=0, Going Up=0
2024-09-15 17:25:57,384 - __main__ - DEBUG - FPS drawn: 0.73
2024-09-15 17:25:57,416 - __main__ - DEBUG - Getting detections from the frame.
2024-09-15 17:25:58,038 - __main__ - DEBUG - Processing bounding boxes.
2024-09-15 17:25:58,038 - __main__ - DEBUG - Lines drawn on the frame.
2024-09-15 17:25:58,038 - __main__ - INFO - Published data to MQTT: {'going_down': 0, 'going_up': 0}
2024-09-15 17:25:58,038 - __main__ - DEBUG - Counters drawn: Going Down=0, Going Up=0
2024-09-15 17:25:58,048 - __main__ - DEBUG - FPS drawn: 0.75
2024-09-15 17:25:58,159 - __main__ - DEBUG - Getting detections from the frame.
2024-09-15 17:25:58,788 - __main__ - DEBUG - Processing bounding boxes.
2024-09-15 17:25:58,788 - __main__ - DEBUG - Lines drawn on the frame.
2024-09-15 17:25:58,788 - __main__ - INFO - Published data to MQTT: {'going_down': 0, 'going_up': 0}
2024-09-15 17:25:58,788 - __main__ - DEBUG - Counters drawn: Going Down=0, Going Up=0
2024-09-15 17:25:58,788 - __main__ - DEBUG - FPS drawn: 0.77
2024-09-15 17:25:58,863 - __main__ - DEBUG - Getting detections from the frame.
2024-09-15 17:25:59,510 - __main__ - DEBUG - Processing bounding boxes.
2024-09-15 17:25:59,510 - __main__ - DEBUG - Lines drawn on the frame.
2024-09-15 17:25:59,524 - __main__ - INFO - Published data to MQTT: {'going_down': 0, 'going_up': 0}
2024-09-15 17:25:59,525 - __main__ - DEBUG - Counters drawn: Going Down=0, Going Up=0
2024-09-15 17:25:59,526 - __main__ - DEBUG - FPS drawn: 0.79
2024-09-15 17:25:59,610 - __main__ - DEBUG - Getting detections from the frame.
2024-09-15 17:26:00,279 - __main__ - WARNING - Label index out of range: 25
2024-09-15 17:26:00,279 - __main__ - DEBUG - Processing bounding boxes.
2024-09-15 17:26:00,279 - __main__ - DEBUG - Lines drawn on the frame.
2024-09-15 17:26:00,279 - __main__ - INFO - Published data to MQTT: {'going_down': 0, 'going_up': 0}
2024-09-15 17:26:00,279 - __main__ - DEBUG - Counters drawn: Going Down=0, Going Up=0
2024-09-15 17:26:00,279 - __main__ - DEBUG - FPS drawn: 0.80
2024-09-15 17:26:00,352 - __main__ - DEBUG - Getting detections from the frame.
2024-09-15 17:26:01,014 - __main__ - DEBUG - Processing bounding boxes.
2024-09-15 17:26:01,014 - __main__ - DEBUG - Lines drawn on the frame.
2024-09-15 17:26:01,014 - __main__ - INFO - Published data to MQTT: {'going_down': 0, 'going_up': 0}
2024-09-15 17:26:01,014 - __main__ - DEBUG - Counters drawn: Going Down=0, Going Up=0
2024-09-15 17:26:01,014 - __main__ - DEBUG - FPS drawn: 0.81
2024-09-15 17:26:01,090 - __main__ - DEBUG - Getting detections from the frame.
2024-09-15 17:26:01,765 - __main__ - DEBUG - Processing bounding boxes.
2024-09-15 17:26:01,765 - __main__ - DEBUG - Lines drawn on the frame.
2024-09-15 17:26:01,765 - __main__ - INFO - Published data to MQTT: {'going_down': 0, 'going_up': 0}
2024-09-15 17:26:01,765 - __main__ - DEBUG - Counters drawn: Going Down=0, Going Up=0
2024-09-15 17:26:01,774 - __main__ - DEBUG - FPS drawn: 0.83
2024-09-15 17:26:01,824 - __main__ - DEBUG - Getting detections from the frame.
2024-09-15 17:26:02,515 - __main__ - DEBUG - Processing bounding boxes.
2024-09-15 17:26:02,515 - __main__ - DEBUG - Lines drawn on the frame.
2024-09-15 17:26:02,515 - __main__ - INFO - Published data to MQTT: {'going_down': 0, 'going_up': 0}
2024-09-15 17:26:02,515 - __main__ - DEBUG - Counters drawn: Going Down=0, Going Up=0
2024-09-15 17:26:02,515 - __main__ - DEBUG - FPS drawn: 0.84
2024-09-15 17:26:02,640 - __main__ - DEBUG - Getting detections from the frame.
2024-09-15 17:26:03,284 - __main__ - DEBUG - Processing bounding boxes.
2024-09-15 17:26:03,284 - __main__ - DEBUG - Lines drawn on the frame.
2024-09-15 17:26:03,296 - __main__ - INFO - Published data to MQTT: {'going_down': 0, 'going_up': 0}
2024-09-15 17:26:03,297 - __main__ - DEBUG - Counters drawn: Going Down=0, Going Up=0
2024-09-15 17:26:03,298 - __main__ - DEBUG - FPS drawn: 0.85
2024-09-15 17:26:03,378 - __main__ - DEBUG - Getting detections from the frame.
2024-09-15 17:26:04,062 - __main__ - DEBUG - Processing bounding boxes.
2024-09-15 17:26:04,062 - __main__ - DEBUG - Lines drawn on the frame.
2024-09-15 17:26:04,062 - __main__ - INFO - Published data to MQTT: {'going_down': 0, 'going_up': 0}
2024-09-15 17:26:04,062 - __main__ - DEBUG - Counters drawn: Going Down=0, Going Up=0
2024-09-15 17:26:04,062 - __main__ - DEBUG - FPS drawn: 0.86
2024-09-15 17:26:04,182 - __main__ - DEBUG - Getting detections from the frame.
2024-09-15 17:26:05,165 - __main__ - DEBUG - Processing bounding boxes.
2024-09-15 17:26:05,181 - __main__ - DEBUG - Lines drawn on the frame.
2024-09-15 17:26:05,183 - __main__ - INFO - Published data to MQTT: {'going_down': 0, 'going_up': 0}
2024-09-15 17:26:05,183 - __main__ - DEBUG - Counters drawn: Going Down=0, Going Up=0
2024-09-15 17:26:05,183 - __main__ - DEBUG - FPS drawn: 0.86
2024-09-15 17:26:05,287 - __main__ - DEBUG - Getting detections from the frame.
2024-09-15 17:26:05,937 - __main__ - DEBUG - Processing bounding boxes.
2024-09-15 17:26:05,953 - __main__ - DEBUG - Lines drawn on the frame.
2024-09-15 17:26:05,953 - __main__ - INFO - Published data to MQTT: {'going_down': 0, 'going_up': 0}
2024-09-15 17:26:05,953 - __main__ - DEBUG - Counters drawn: Going Down=0, Going Up=0
2024-09-15 17:26:05,957 - __main__ - DEBUG - FPS drawn: 0.87
2024-09-15 17:26:06,077 - __main__ - DEBUG - Getting detections from the frame.
2024-09-15 17:26:06,527 - __main__ - INFO - End of video stream reached. Stopping video.
2024-09-15 17:26:06,643 - __main__ - DEBUG - Processing bounding boxes.
2024-09-15 17:26:06,644 - __main__ - DEBUG - Lines drawn on the frame.
2024-09-15 17:26:06,644 - __main__ - INFO - Published data to MQTT: {'going_down': 0, 'going_up': 0}
2024-09-15 17:26:06,645 - __main__ - DEBUG - Counters drawn: Going Down=0, Going Up=0
2024-09-15 17:26:06,645 - __main__ - DEBUG - FPS drawn: 0.89
2024-09-15 17:26:06,649 - __main__ - ERROR - Error reading frame, exiting.
2024-09-15 17:26:06,661 - __main__ - INFO - Video stream released.
2024-09-15 17:26:06,778 - __main__ - INFO - Published data to MQTT: {'going_down': 0, 'going_up': 0}
