2024-09-15 11:15:10,779 - __main__ - INFO - Device: cpu
2024-09-15 11:15:10,811 - __main__ - INFO - Connected to MQTT broker at 103.245.38.40:1883
2024-09-15 11:15:10,818 - __main__ - INFO - Starting main function.
2024-09-15 11:15:10,877 - __main__ - INFO - Loading model from ./yolov3-tinyu.pt
2024-09-15 11:15:10,994 - __main__ - INFO - Labels loaded: ['person', 'bicycle', 'car', 'motorcycle', 'airplane', 'bus', 'train', 'truck', 'boat']
2024-09-15 11:15:11,016 - __main__ - DEBUG - Lines drawn on the frame.
2024-09-15 11:15:11,031 - __main__ - DEBUG - Getting detections from the frame.
2024-09-15 11:15:21,909 - __main__ - DEBUG - Processing bounding boxes.
2024-09-15 11:15:21,926 - __main__ - INFO - Published data to MQTT: {'going_down': 0, 'going_up': 0}
2024-09-15 11:15:21,935 - __main__ - DEBUG - Counters drawn: Going Down=0, Going Up=0
2024-09-15 11:15:21,936 - __main__ - DEBUG - FPS drawn: 0.09
2024-09-15 11:15:22,200 - __main__ - DEBUG - Lines drawn on the frame.
2024-09-15 11:15:22,201 - __main__ - DEBUG - Getting detections from the frame.
2024-09-15 11:15:23,001 - __main__ - DEBUG - Processing bounding boxes.
2024-09-15 11:15:23,001 - __main__ - INFO - Published data to MQTT: {'going_down': 0, 'going_up': 0}
2024-09-15 11:15:23,001 - __main__ - DEBUG - Counters drawn: Going Down=0, Going Up=0
2024-09-15 11:15:23,001 - __main__ - DEBUG - FPS drawn: 0.16
2024-09-15 11:15:23,111 - __main__ - DEBUG - Lines drawn on the frame.
2024-09-15 11:15:23,112 - __main__ - DEBUG - Getting detections from the frame.
2024-09-15 11:15:23,736 - __main__ - DEBUG - Processing bounding boxes.
2024-09-15 11:15:23,736 - __main__ - INFO - Published data to MQTT: {'going_down': 0, 'going_up': 0}
2024-09-15 11:15:23,736 - __main__ - DEBUG - Counters drawn: Going Down=0, Going Up=0
2024-09-15 11:15:23,736 - __main__ - DEBUG - FPS drawn: 0.23
2024-09-15 11:15:23,841 - __main__ - DEBUG - Lines drawn on the frame.
2024-09-15 11:15:23,841 - __main__ - DEBUG - Getting detections from the frame.
2024-09-15 11:15:24,450 - __main__ - DEBUG - Processing bounding boxes.
2024-09-15 11:15:24,450 - __main__ - INFO - Published data to MQTT: {'going_down': 0, 'going_up': 0}
2024-09-15 11:15:24,450 - __main__ - DEBUG - Counters drawn: Going Down=0, Going Up=0
2024-09-15 11:15:24,453 - __main__ - DEBUG - FPS drawn: 0.29
2024-09-15 11:15:24,753 - __main__ - DEBUG - Lines drawn on the frame.
2024-09-15 11:15:24,769 - __main__ - DEBUG - Getting detections from the frame.
2024-09-15 11:15:25,496 - __main__ - DEBUG - Processing bounding boxes.
2024-09-15 11:15:25,510 - __main__ - INFO - Published data to MQTT: {'going_down': 0, 'going_up': 0}
2024-09-15 11:15:25,511 - __main__ - DEBUG - Counters drawn: Going Down=0, Going Up=0
2024-09-15 11:15:25,512 - __main__ - DEBUG - FPS drawn: 0.34
2024-09-15 11:15:25,605 - __main__ - DEBUG - Lines drawn on the frame.
2024-09-15 11:15:25,607 - __main__ - DEBUG - Getting detections from the frame.
2024-09-15 11:15:26,276 - __main__ - DEBUG - Processing bounding boxes.
2024-09-15 11:15:26,276 - __main__ - INFO - Published data to MQTT: {'going_down': 0, 'going_up': 0}
2024-09-15 11:15:26,276 - __main__ - DEBUG - Counters drawn: Going Down=0, Going Up=0
2024-09-15 11:15:26,276 - __main__ - DEBUG - FPS drawn: 0.39
2024-09-15 11:15:26,341 - __main__ - DEBUG - Lines drawn on the frame.
2024-09-15 11:15:26,342 - __main__ - DEBUG - Getting detections from the frame.
2024-09-15 11:15:26,954 - __main__ - DEBUG - Processing bounding boxes.
2024-09-15 11:15:26,954 - __main__ - INFO - Published data to MQTT: {'going_down': 0, 'going_up': 0}
2024-09-15 11:15:26,954 - __main__ - DEBUG - Counters drawn: Going Down=0, Going Up=0
2024-09-15 11:15:26,954 - __main__ - DEBUG - FPS drawn: 0.44
2024-09-15 11:15:26,991 - __main__ - DEBUG - Lines drawn on the frame.
2024-09-15 11:15:26,992 - __main__ - DEBUG - Getting detections from the frame.
2024-09-15 11:15:27,661 - __main__ - DEBUG - Processing bounding boxes.
2024-09-15 11:15:27,677 - __main__ - INFO - Published data to MQTT: {'going_down': 0, 'going_up': 0}
2024-09-15 11:15:27,680 - __main__ - DEBUG - Counters drawn: Going Down=0, Going Up=0
2024-09-15 11:15:27,681 - __main__ - DEBUG - FPS drawn: 0.48
2024-09-15 11:15:27,762 - __main__ - DEBUG - Lines drawn on the frame.
2024-09-15 11:15:27,762 - __main__ - DEBUG - Getting detections from the frame.
2024-09-15 11:15:28,415 - __main__ - DEBUG - Processing bounding boxes.
2024-09-15 11:15:28,415 - __main__ - INFO - Published data to MQTT: {'going_down': 0, 'going_up': 0}
2024-09-15 11:15:28,415 - __main__ - DEBUG - Counters drawn: Going Down=0, Going Up=0
2024-09-15 11:15:28,415 - __main__ - DEBUG - FPS drawn: 0.51
2024-09-15 11:15:28,501 - __main__ - DEBUG - Lines drawn on the frame.
2024-09-15 11:15:28,502 - __main__ - DEBUG - Getting detections from the frame.
2024-09-15 11:15:29,179 - __main__ - DEBUG - Processing bounding boxes.
2024-09-15 11:15:29,180 - __main__ - INFO - Published data to MQTT: {'going_down': 0, 'going_up': 0}
2024-09-15 11:15:29,181 - __main__ - DEBUG - Counters drawn: Going Down=0, Going Up=0
2024-09-15 11:15:29,182 - __main__ - DEBUG - FPS drawn: 0.55
2024-09-15 11:15:29,200 - __main__ - DEBUG - Lines drawn on the frame.
2024-09-15 11:15:29,208 - __main__ - DEBUG - Getting detections from the frame.
2024-09-15 11:15:29,880 - __main__ - DEBUG - Processing bounding boxes.
2024-09-15 11:15:29,880 - __main__ - INFO - Published data to MQTT: {'going_down': 0, 'going_up': 0}
2024-09-15 11:15:29,880 - __main__ - DEBUG - Counters drawn: Going Down=0, Going Up=0
2024-09-15 11:15:29,880 - __main__ - DEBUG - FPS drawn: 0.58
2024-09-15 11:15:29,953 - __main__ - DEBUG - Lines drawn on the frame.
2024-09-15 11:15:29,957 - __main__ - DEBUG - Getting detections from the frame.
2024-09-15 11:15:30,616 - __main__ - DEBUG - Processing bounding boxes.
2024-09-15 11:15:30,616 - __main__ - INFO - Published data to MQTT: {'going_down': 0, 'going_up': 0}
2024-09-15 11:15:30,616 - __main__ - DEBUG - Counters drawn: Going Down=0, Going Up=0
2024-09-15 11:15:30,616 - __main__ - DEBUG - FPS drawn: 0.61
2024-09-15 11:15:30,723 - __main__ - DEBUG - Lines drawn on the frame.
2024-09-15 11:15:30,723 - __main__ - DEBUG - Getting detections from the frame.
2024-09-15 11:15:31,412 - __main__ - DEBUG - Processing bounding boxes.
2024-09-15 11:15:31,412 - __main__ - INFO - Published data to MQTT: {'going_down': 0, 'going_up': 0}
2024-09-15 11:15:31,412 - __main__ - DEBUG - Counters drawn: Going Down=0, Going Up=0
2024-09-15 11:15:31,422 - __main__ - DEBUG - FPS drawn: 0.63
2024-09-15 11:15:31,552 - __main__ - DEBUG - Lines drawn on the frame.
2024-09-15 11:15:31,552 - __main__ - DEBUG - Getting detections from the frame.
2024-09-15 11:15:32,208 - __main__ - DEBUG - Processing bounding boxes.
2024-09-15 11:15:32,208 - __main__ - INFO - Published data to MQTT: {'going_down': 0, 'going_up': 0}
2024-09-15 11:15:32,208 - __main__ - DEBUG - Counters drawn: Going Down=0, Going Up=0
2024-09-15 11:15:32,208 - __main__ - DEBUG - FPS drawn: 0.66
2024-09-15 11:15:32,365 - __main__ - DEBUG - Lines drawn on the frame.
2024-09-15 11:15:32,365 - __main__ - DEBUG - Getting detections from the frame.
2024-09-15 11:15:33,007 - __main__ - DEBUG - Processing bounding boxes.
2024-09-15 11:15:33,007 - __main__ - INFO - Published data to MQTT: {'going_down': 0, 'going_up': 0}
2024-09-15 11:15:33,024 - __main__ - DEBUG - Counters drawn: Going Down=0, Going Up=0
2024-09-15 11:15:33,024 - __main__ - DEBUG - FPS drawn: 0.68
2024-09-15 11:15:33,055 - __main__ - DEBUG - Lines drawn on the frame.
2024-09-15 11:15:33,055 - __main__ - DEBUG - Getting detections from the frame.
2024-09-15 11:15:33,708 - __main__ - DEBUG - Processing bounding boxes.
2024-09-15 11:15:33,708 - __main__ - INFO - Published data to MQTT: {'going_down': 0, 'going_up': 0}
2024-09-15 11:15:33,708 - __main__ - DEBUG - Counters drawn: Going Down=0, Going Up=0
2024-09-15 11:15:33,708 - __main__ - DEBUG - FPS drawn: 0.70
2024-09-15 11:15:33,789 - __main__ - DEBUG - Lines drawn on the frame.
2024-09-15 11:15:33,790 - __main__ - DEBUG - Getting detections from the frame.
2024-09-15 11:15:34,436 - __main__ - DEBUG - Processing bounding boxes.
2024-09-15 11:15:34,437 - __main__ - INFO - Published data to MQTT: {'going_down': 0, 'going_up': 0}
2024-09-15 11:15:34,438 - __main__ - DEBUG - Counters drawn: Going Down=0, Going Up=0
2024-09-15 11:15:34,439 - __main__ - DEBUG - FPS drawn: 0.72
2024-09-15 11:15:34,545 - __main__ - DEBUG - Lines drawn on the frame.
2024-09-15 11:15:34,545 - __main__ - DEBUG - Getting detections from the frame.
2024-09-15 11:15:35,181 - __main__ - DEBUG - Processing bounding boxes.
2024-09-15 11:15:35,196 - __main__ - INFO - Published data to MQTT: {'going_down': 0, 'going_up': 0}
2024-09-15 11:15:35,196 - __main__ - DEBUG - Counters drawn: Going Down=0, Going Up=0
2024-09-15 11:15:35,196 - __main__ - DEBUG - FPS drawn: 0.74
2024-09-15 11:15:35,361 - __main__ - DEBUG - Lines drawn on the frame.
2024-09-15 11:15:35,361 - __main__ - DEBUG - Getting detections from the frame.
2024-09-15 11:15:35,994 - __main__ - DEBUG - Processing bounding boxes.
2024-09-15 11:15:35,994 - __main__ - INFO - Published data to MQTT: {'going_down': 0, 'going_up': 0}
2024-09-15 11:15:35,994 - __main__ - DEBUG - Counters drawn: Going Down=0, Going Up=0
2024-09-15 11:15:35,994 - __main__ - DEBUG - FPS drawn: 0.76
2024-09-15 11:15:36,112 - __main__ - DEBUG - Lines drawn on the frame.
2024-09-15 11:15:36,112 - __main__ - DEBUG - Getting detections from the frame.
2024-09-15 11:15:36,745 - __main__ - DEBUG - Processing bounding boxes.
2024-09-15 11:15:36,761 - __main__ - INFO - Published data to MQTT: {'going_down': 0, 'going_up': 0}
2024-09-15 11:15:36,761 - __main__ - DEBUG - Counters drawn: Going Down=0, Going Up=0
2024-09-15 11:15:36,761 - __main__ - DEBUG - FPS drawn: 0.77
2024-09-15 11:15:36,812 - __main__ - DEBUG - Lines drawn on the frame.
2024-09-15 11:15:36,813 - __main__ - DEBUG - Getting detections from the frame.
2024-09-15 11:15:37,484 - __main__ - DEBUG - Processing bounding boxes.
2024-09-15 11:15:37,500 - __main__ - INFO - Published data to MQTT: {'going_down': 0, 'going_up': 0}
2024-09-15 11:15:37,500 - __main__ - DEBUG - Counters drawn: Going Down=0, Going Up=0
2024-09-15 11:15:37,500 - __main__ - DEBUG - FPS drawn: 0.79
2024-09-15 11:15:37,638 - __main__ - DEBUG - Lines drawn on the frame.
2024-09-15 11:15:37,638 - __main__ - DEBUG - Getting detections from the frame.
2024-09-15 11:15:38,295 - __main__ - DEBUG - Processing bounding boxes.
2024-09-15 11:15:38,295 - __main__ - INFO - Published data to MQTT: {'going_down': 0, 'going_up': 0}
2024-09-15 11:15:38,295 - __main__ - DEBUG - Counters drawn: Going Down=0, Going Up=0
2024-09-15 11:15:38,295 - __main__ - DEBUG - FPS drawn: 0.80
2024-09-15 11:15:38,344 - __main__ - DEBUG - Lines drawn on the frame.
2024-09-15 11:15:38,344 - __main__ - DEBUG - Getting detections from the frame.
2024-09-15 11:15:39,000 - __main__ - DEBUG - Processing bounding boxes.
2024-09-15 11:15:39,000 - __main__ - INFO - Published data to MQTT: {'going_down': 0, 'going_up': 0}
2024-09-15 11:15:39,000 - __main__ - DEBUG - Counters drawn: Going Down=0, Going Up=0
2024-09-15 11:15:39,000 - __main__ - DEBUG - FPS drawn: 0.82
2024-09-15 11:15:39,041 - __main__ - DEBUG - Lines drawn on the frame.
2024-09-15 11:15:39,055 - __main__ - DEBUG - Getting detections from the frame.
2024-09-15 11:15:39,753 - __main__ - DEBUG - Processing bounding boxes.
2024-09-15 11:15:39,753 - __main__ - INFO - Published data to MQTT: {'going_down': 0, 'going_up': 0}
2024-09-15 11:15:39,753 - __main__ - DEBUG - Counters drawn: Going Down=0, Going Up=0
2024-09-15 11:15:39,753 - __main__ - DEBUG - FPS drawn: 0.83
2024-09-15 11:15:39,833 - __main__ - DEBUG - Lines drawn on the frame.
2024-09-15 11:15:39,833 - __main__ - DEBUG - Getting detections from the frame.
2024-09-15 11:15:40,466 - __main__ - DEBUG - Processing bounding boxes.
2024-09-15 11:15:40,466 - __main__ - INFO - Published data to MQTT: {'going_down': 0, 'going_up': 0}
2024-09-15 11:15:40,466 - __main__ - DEBUG - Counters drawn: Going Down=0, Going Up=0
2024-09-15 11:15:40,466 - __main__ - DEBUG - FPS drawn: 0.84
2024-09-15 11:15:40,559 - __main__ - DEBUG - Lines drawn on the frame.
2024-09-15 11:15:40,560 - __main__ - DEBUG - Getting detections from the frame.
2024-09-15 11:15:41,159 - __main__ - DEBUG - Processing bounding boxes.
2024-09-15 11:15:41,175 - __main__ - INFO - Published data to MQTT: {'going_down': 0, 'going_up': 0}
2024-09-15 11:15:41,175 - __main__ - DEBUG - Counters drawn: Going Down=0, Going Up=0
2024-09-15 11:15:41,175 - __main__ - DEBUG - FPS drawn: 0.86
2024-09-15 11:15:41,261 - __main__ - DEBUG - Lines drawn on the frame.
2024-09-15 11:15:41,261 - __main__ - DEBUG - Getting detections from the frame.
2024-09-15 11:15:41,512 - __main__ - ERROR - Failed to retrieve frame from stream. Reconnecting...
2024-09-15 11:15:41,709 - __main__ - DEBUG - Processing bounding boxes.
2024-09-15 11:15:41,709 - __main__ - INFO - Published data to MQTT: {'going_down': 0, 'going_up': 0}
2024-09-15 11:15:41,709 - __main__ - DEBUG - Counters drawn: Going Down=0, Going Up=0
2024-09-15 11:15:41,709 - __main__ - DEBUG - FPS drawn: 0.88
2024-09-15 11:15:44,356 - __main__ - DEBUG - Lines drawn on the frame.
2024-09-15 11:15:44,363 - __main__ - DEBUG - Getting detections from the frame.
2024-09-15 11:15:45,035 - __main__ - DEBUG - Processing bounding boxes.
2024-09-15 11:15:45,035 - __main__ - INFO - Published data to MQTT: {'going_down': 0, 'going_up': 0}
2024-09-15 11:15:45,035 - __main__ - DEBUG - Counters drawn: Going Down=0, Going Up=0
2024-09-15 11:15:45,051 - __main__ - DEBUG - FPS drawn: 0.82
2024-09-15 11:15:45,096 - __main__ - DEBUG - Lines drawn on the frame.
2024-09-15 11:15:45,096 - __main__ - DEBUG - Getting detections from the frame.
2024-09-15 11:15:45,696 - __main__ - DEBUG - Processing bounding boxes.
2024-09-15 11:15:45,711 - __main__ - INFO - Published data to MQTT: {'going_down': 0, 'going_up': 0}
2024-09-15 11:15:45,718 - __main__ - DEBUG - Counters drawn: Going Down=0, Going Up=0
2024-09-15 11:15:45,719 - __main__ - DEBUG - FPS drawn: 0.83
2024-09-15 11:15:45,756 - __main__ - DEBUG - Lines drawn on the frame.
2024-09-15 11:15:45,756 - __main__ - DEBUG - Getting detections from the frame.
2024-09-15 11:15:46,426 - __main__ - DEBUG - Processing bounding boxes.
2024-09-15 11:15:46,426 - __main__ - INFO - Published data to MQTT: {'going_down': 0, 'going_up': 0}
2024-09-15 11:15:46,426 - __main__ - DEBUG - Counters drawn: Going Down=0, Going Up=0
2024-09-15 11:15:46,426 - __main__ - DEBUG - FPS drawn: 0.84
2024-09-15 11:15:46,518 - __main__ - DEBUG - Lines drawn on the frame.
2024-09-15 11:15:46,519 - __main__ - DEBUG - Getting detections from the frame.
2024-09-15 11:15:47,163 - __main__ - DEBUG - Processing bounding boxes.
2024-09-15 11:15:47,163 - __main__ - INFO - Published data to MQTT: {'going_down': 0, 'going_up': 0}
2024-09-15 11:15:47,163 - __main__ - DEBUG - Counters drawn: Going Down=0, Going Up=0
2024-09-15 11:15:47,163 - __main__ - DEBUG - FPS drawn: 0.85
2024-09-15 11:15:47,225 - __main__ - DEBUG - Lines drawn on the frame.
2024-09-15 11:15:47,225 - __main__ - DEBUG - Getting detections from the frame.
2024-09-15 11:15:47,865 - __main__ - DEBUG - Processing bounding boxes.
2024-09-15 11:15:47,865 - __main__ - INFO - Published data to MQTT: {'going_down': 0, 'going_up': 0}
2024-09-15 11:15:47,865 - __main__ - DEBUG - Counters drawn: Going Down=0, Going Up=0
2024-09-15 11:15:47,881 - __main__ - DEBUG - FPS drawn: 0.86
2024-09-15 11:15:48,006 - __main__ - DEBUG - Lines drawn on the frame.
2024-09-15 11:15:48,006 - __main__ - DEBUG - Getting detections from the frame.
2024-09-15 11:15:48,632 - __main__ - DEBUG - Processing bounding boxes.
2024-09-15 11:15:48,640 - __main__ - INFO - Published data to MQTT: {'going_down': 0, 'going_up': 0}
2024-09-15 11:15:48,646 - __main__ - DEBUG - Counters drawn: Going Down=0, Going Up=0
2024-09-15 11:15:48,646 - __main__ - DEBUG - FPS drawn: 0.87
2024-09-15 11:15:48,727 - __main__ - DEBUG - Lines drawn on the frame.
2024-09-15 11:15:48,728 - __main__ - DEBUG - Getting detections from the frame.
2024-09-15 11:15:49,382 - __main__ - DEBUG - Processing bounding boxes.
2024-09-15 11:15:49,382 - __main__ - INFO - Published data to MQTT: {'going_down': 0, 'going_up': 0}
2024-09-15 11:15:49,398 - __main__ - DEBUG - Counters drawn: Going Down=0, Going Up=0
2024-09-15 11:15:49,398 - __main__ - DEBUG - FPS drawn: 0.88
2024-09-15 11:15:49,447 - __main__ - DEBUG - Lines drawn on the frame.
2024-09-15 11:15:49,447 - __main__ - DEBUG - Getting detections from the frame.
2024-09-15 11:15:50,086 - __main__ - DEBUG - Processing bounding boxes.
2024-09-15 11:15:50,101 - __main__ - INFO - Published data to MQTT: {'going_down': 0, 'going_up': 0}
2024-09-15 11:15:50,102 - __main__ - DEBUG - Counters drawn: Going Down=0, Going Up=0
2024-09-15 11:15:50,103 - __main__ - DEBUG - FPS drawn: 0.89
2024-09-15 11:15:50,106 - __main__ - INFO - Elapsed time: 39.23
2024-09-15 11:15:50,107 - __main__ - INFO - Approx. FPS: 0.00
2024-09-15 11:15:50,133 - __main__ - INFO - Video stream released.
2024-09-15 11:15:50,158 - __main__ - INFO - Published data to MQTT: {'going_down': 0, 'going_up': 0}
2024-09-15 11:15:50,159 - __main__ - INFO - FFmpeg process finished.
2024-09-15 11:15:50,160 - __main__ - INFO - MQTT client disconnected and garbage collected.
