2024-09-15 17:16:22,875 - __main__ - INFO - Device: cpu
2024-09-15 17:16:22,917 - __main__ - INFO - Connected to MQTT broker at 103.245.38.40:1883
2024-09-15 17:16:22,919 - __main__ - INFO - Starting main function.
2024-09-15 17:16:22,987 - __main__ - INFO - Loading model from ./yolov3-tinyu.pt
2024-09-15 17:16:23,118 - __main__ - INFO - Labels loaded: ['person', 'bicycle', 'car', 'motorcycle', 'airplane', 'bus', 'train', 'truck', 'boat']
2024-09-15 17:16:23,142 - __main__ - DEBUG - Getting detections from the frame.
2024-09-15 17:16:33,894 - __main__ - DEBUG - Processing bounding boxes.
2024-09-15 17:16:33,894 - __main__ - DEBUG - Lines drawn on the frame.
2024-09-15 17:16:33,909 - __main__ - INFO - Published data to MQTT: {'going_down': 0, 'going_up': 0}
2024-09-15 17:16:33,917 - __main__ - DEBUG - Counters drawn: Going Down=0, Going Up=0
2024-09-15 17:16:33,918 - __main__ - DEBUG - FPS drawn: 0.09
2024-09-15 17:16:34,003 - __main__ - DEBUG - Getting detections from the frame.
2024-09-15 17:16:35,152 - __main__ - DEBUG - Processing bounding boxes.
2024-09-15 17:16:35,152 - __main__ - DEBUG - Lines drawn on the frame.
2024-09-15 17:16:35,152 - __main__ - INFO - Published data to MQTT: {'going_down': 0, 'going_up': 0}
2024-09-15 17:16:35,152 - __main__ - DEBUG - Counters drawn: Going Down=0, Going Up=0
2024-09-15 17:16:35,152 - __main__ - DEBUG - FPS drawn: 0.16
2024-09-15 17:16:35,355 - __main__ - DEBUG - Getting detections from the frame.
2024-09-15 17:16:35,961 - __main__ - DEBUG - Processing bounding boxes.
2024-09-15 17:16:35,961 - __main__ - DEBUG - Lines drawn on the frame.
2024-09-15 17:16:35,961 - __main__ - INFO - Published data to MQTT: {'going_down': 0, 'going_up': 0}
2024-09-15 17:16:35,961 - __main__ - DEBUG - Counters drawn: Going Down=0, Going Up=0
2024-09-15 17:16:35,961 - __main__ - DEBUG - FPS drawn: 0.23
2024-09-15 17:16:36,203 - __main__ - DEBUG - Getting detections from the frame.
2024-09-15 17:16:37,102 - __main__ - DEBUG - Processing bounding boxes.
2024-09-15 17:16:37,103 - __main__ - DEBUG - Lines drawn on the frame.
2024-09-15 17:16:37,104 - __main__ - INFO - Published data to MQTT: {'going_down': 0, 'going_up': 0}
2024-09-15 17:16:37,104 - __main__ - DEBUG - Counters drawn: Going Down=0, Going Up=0
2024-09-15 17:16:37,106 - __main__ - DEBUG - FPS drawn: 0.28
2024-09-15 17:16:37,195 - __main__ - DEBUG - Getting detections from the frame.
2024-09-15 17:16:37,851 - __main__ - DEBUG - Processing bounding boxes.
2024-09-15 17:16:37,851 - __main__ - DEBUG - Lines drawn on the frame.
2024-09-15 17:16:37,851 - __main__ - INFO - Published data to MQTT: {'going_down': 0, 'going_up': 0}
2024-09-15 17:16:37,857 - __main__ - DEBUG - Counters drawn: Going Down=0, Going Up=0
2024-09-15 17:16:37,858 - __main__ - DEBUG - FPS drawn: 0.34
2024-09-15 17:16:37,928 - __main__ - DEBUG - Getting detections from the frame.
2024-09-15 17:16:38,541 - __main__ - DEBUG - Processing bounding boxes.
2024-09-15 17:16:38,541 - __main__ - DEBUG - Lines drawn on the frame.
2024-09-15 17:16:38,541 - __main__ - INFO - Published data to MQTT: {'going_down': 0, 'going_up': 0}
2024-09-15 17:16:38,541 - __main__ - DEBUG - Counters drawn: Going Down=0, Going Up=0
2024-09-15 17:16:38,541 - __main__ - DEBUG - FPS drawn: 0.39
2024-09-15 17:16:38,630 - __main__ - DEBUG - Getting detections from the frame.
2024-09-15 17:16:39,267 - __main__ - DEBUG - Processing bounding boxes.
2024-09-15 17:16:39,267 - __main__ - DEBUG - Lines drawn on the frame.
2024-09-15 17:16:39,282 - __main__ - INFO - Published data to MQTT: {'going_down': 0, 'going_up': 0}
2024-09-15 17:16:39,282 - __main__ - DEBUG - Counters drawn: Going Down=0, Going Up=0
2024-09-15 17:16:39,282 - __main__ - DEBUG - FPS drawn: 0.43
2024-09-15 17:16:39,359 - __main__ - DEBUG - Getting detections from the frame.
2024-09-15 17:16:40,027 - __main__ - DEBUG - Processing bounding boxes.
2024-09-15 17:16:40,027 - __main__ - DEBUG - Lines drawn on the frame.
2024-09-15 17:16:40,027 - __main__ - INFO - Published data to MQTT: {'going_down': 0, 'going_up': 0}
2024-09-15 17:16:40,027 - __main__ - DEBUG - Counters drawn: Going Down=0, Going Up=0
2024-09-15 17:16:40,027 - __main__ - DEBUG - FPS drawn: 0.47
2024-09-15 17:16:40,059 - __main__ - DEBUG - Getting detections from the frame.
2024-09-15 17:16:40,663 - __main__ - DEBUG - Processing bounding boxes.
2024-09-15 17:16:40,663 - __main__ - DEBUG - Lines drawn on the frame.
2024-09-15 17:16:40,663 - __main__ - INFO - Published data to MQTT: {'going_down': 0, 'going_up': 0}
2024-09-15 17:16:40,663 - __main__ - DEBUG - Counters drawn: Going Down=0, Going Up=0
2024-09-15 17:16:40,663 - __main__ - DEBUG - FPS drawn: 0.51
2024-09-15 17:16:40,745 - __main__ - DEBUG - Getting detections from the frame.
2024-09-15 17:16:41,380 - __main__ - DEBUG - Processing bounding boxes.
2024-09-15 17:16:41,380 - __main__ - DEBUG - Lines drawn on the frame.
2024-09-15 17:16:41,380 - __main__ - INFO - Published data to MQTT: {'going_down': 0, 'going_up': 0}
2024-09-15 17:16:41,380 - __main__ - DEBUG - Counters drawn: Going Down=0, Going Up=0
2024-09-15 17:16:41,380 - __main__ - DEBUG - FPS drawn: 0.54
2024-09-15 17:16:41,548 - __main__ - DEBUG - Getting detections from the frame.
2024-09-15 17:16:42,303 - __main__ - DEBUG - Processing bounding boxes.
2024-09-15 17:16:42,304 - __main__ - DEBUG - Lines drawn on the frame.
2024-09-15 17:16:42,306 - __main__ - INFO - Published data to MQTT: {'going_down': 0, 'going_up': 0}
2024-09-15 17:16:42,306 - __main__ - DEBUG - Counters drawn: Going Down=0, Going Up=0
2024-09-15 17:16:42,307 - __main__ - DEBUG - FPS drawn: 0.57
2024-09-15 17:16:42,344 - __main__ - DEBUG - Getting detections from the frame.
2024-09-15 17:16:43,019 - __main__ - WARNING - Label index out of range: 11
2024-09-15 17:16:43,047 - __main__ - DEBUG - Processing bounding boxes.
2024-09-15 17:16:43,064 - __main__ - DEBUG - Lines drawn on the frame.
2024-09-15 17:16:43,064 - __main__ - INFO - Published data to MQTT: {'going_down': 0, 'going_up': 0}
2024-09-15 17:16:43,064 - __main__ - DEBUG - Counters drawn: Going Down=0, Going Up=0
2024-09-15 17:16:43,076 - __main__ - DEBUG - FPS drawn: 0.60
2024-09-15 17:16:43,178 - __main__ - DEBUG - Getting detections from the frame.
2024-09-15 17:16:43,789 - __main__ - DEBUG - Processing bounding boxes.
2024-09-15 17:16:43,790 - __main__ - DEBUG - Lines drawn on the frame.
2024-09-15 17:16:43,790 - __main__ - INFO - Published data to MQTT: {'going_down': 0, 'going_up': 0}
2024-09-15 17:16:43,790 - __main__ - DEBUG - Counters drawn: Going Down=0, Going Up=0
2024-09-15 17:16:43,790 - __main__ - DEBUG - FPS drawn: 0.62
2024-09-15 17:16:43,952 - __main__ - DEBUG - Getting detections from the frame.
2024-09-15 17:16:44,556 - __main__ - DEBUG - Processing bounding boxes.
2024-09-15 17:16:44,556 - __main__ - DEBUG - Lines drawn on the frame.
2024-09-15 17:16:44,556 - __main__ - INFO - Published data to MQTT: {'going_down': 0, 'going_up': 0}
2024-09-15 17:16:44,556 - __main__ - DEBUG - Counters drawn: Going Down=0, Going Up=0
2024-09-15 17:16:44,556 - __main__ - DEBUG - FPS drawn: 0.65
2024-09-15 17:16:44,617 - __main__ - DEBUG - Getting detections from the frame.
2024-09-15 17:16:45,272 - __main__ - DEBUG - Processing bounding boxes.
2024-09-15 17:16:45,272 - __main__ - DEBUG - Lines drawn on the frame.
2024-09-15 17:16:45,272 - __main__ - INFO - Published data to MQTT: {'going_down': 0, 'going_up': 0}
2024-09-15 17:16:45,272 - __main__ - DEBUG - Counters drawn: Going Down=0, Going Up=0
2024-09-15 17:16:45,272 - __main__ - DEBUG - FPS drawn: 0.67
2024-09-15 17:16:45,459 - __main__ - DEBUG - Getting detections from the frame.
2024-09-15 17:16:46,118 - __main__ - DEBUG - Processing bounding boxes.
2024-09-15 17:16:46,118 - __main__ - DEBUG - Lines drawn on the frame.
2024-09-15 17:16:46,118 - __main__ - INFO - Published data to MQTT: {'going_down': 0, 'going_up': 0}
2024-09-15 17:16:46,118 - __main__ - DEBUG - Counters drawn: Going Down=0, Going Up=0
2024-09-15 17:16:46,118 - __main__ - DEBUG - FPS drawn: 0.69
2024-09-15 17:16:46,194 - __main__ - DEBUG - Getting detections from the frame.
2024-09-15 17:16:46,831 - __main__ - DEBUG - Processing bounding boxes.
2024-09-15 17:16:46,835 - __main__ - DEBUG - Lines drawn on the frame.
2024-09-15 17:16:46,836 - __main__ - INFO - Published data to MQTT: {'going_down': 0, 'going_up': 0}
2024-09-15 17:16:46,836 - __main__ - DEBUG - Counters drawn: Going Down=0, Going Up=0
2024-09-15 17:16:46,838 - __main__ - DEBUG - FPS drawn: 0.71
2024-09-15 17:16:46,939 - __main__ - DEBUG - Getting detections from the frame.
2024-09-15 17:16:47,587 - __main__ - DEBUG - Processing bounding boxes.
2024-09-15 17:16:47,587 - __main__ - DEBUG - Lines drawn on the frame.
2024-09-15 17:16:47,587 - __main__ - INFO - Published data to MQTT: {'going_down': 0, 'going_up': 0}
2024-09-15 17:16:47,587 - __main__ - DEBUG - Counters drawn: Going Down=0, Going Up=0
2024-09-15 17:16:47,587 - __main__ - DEBUG - FPS drawn: 0.73
2024-09-15 17:16:47,642 - __main__ - DEBUG - Getting detections from the frame.
2024-09-15 17:16:48,277 - __main__ - DEBUG - Processing bounding boxes.
2024-09-15 17:16:48,277 - __main__ - DEBUG - Lines drawn on the frame.
2024-09-15 17:16:48,277 - __main__ - INFO - Published data to MQTT: {'going_down': 0, 'going_up': 0}
2024-09-15 17:16:48,277 - __main__ - DEBUG - Counters drawn: Going Down=0, Going Up=0
2024-09-15 17:16:48,292 - __main__ - DEBUG - FPS drawn: 0.75
2024-09-15 17:16:48,375 - __main__ - DEBUG - Getting detections from the frame.
2024-09-15 17:16:49,005 - __main__ - DEBUG - Processing bounding boxes.
2024-09-15 17:16:49,020 - __main__ - DEBUG - Lines drawn on the frame.
2024-09-15 17:16:49,020 - __main__ - INFO - Published data to MQTT: {'going_down': 0, 'going_up': 0}
2024-09-15 17:16:49,020 - __main__ - DEBUG - Counters drawn: Going Down=0, Going Up=0
2024-09-15 17:16:49,020 - __main__ - DEBUG - FPS drawn: 0.77
2024-09-15 17:16:49,105 - __main__ - DEBUG - Getting detections from the frame.
2024-09-15 17:16:49,730 - __main__ - DEBUG - Processing bounding boxes.
2024-09-15 17:16:49,730 - __main__ - DEBUG - Lines drawn on the frame.
2024-09-15 17:16:49,746 - __main__ - INFO - Published data to MQTT: {'going_down': 0, 'going_up': 0}
2024-09-15 17:16:49,746 - __main__ - DEBUG - Counters drawn: Going Down=0, Going Up=0
2024-09-15 17:16:49,746 - __main__ - DEBUG - FPS drawn: 0.78
2024-09-15 17:16:49,824 - __main__ - DEBUG - Getting detections from the frame.
2024-09-15 17:16:50,481 - __main__ - DEBUG - Processing bounding boxes.
2024-09-15 17:16:50,481 - __main__ - DEBUG - Lines drawn on the frame.
2024-09-15 17:16:50,481 - __main__ - INFO - Published data to MQTT: {'going_down': 0, 'going_up': 0}
2024-09-15 17:16:50,481 - __main__ - DEBUG - Counters drawn: Going Down=0, Going Up=0
2024-09-15 17:16:50,481 - __main__ - DEBUG - FPS drawn: 0.80
2024-09-15 17:16:50,534 - __main__ - DEBUG - Getting detections from the frame.
2024-09-15 17:16:51,231 - __main__ - DEBUG - Processing bounding boxes.
2024-09-15 17:16:51,232 - __main__ - DEBUG - Lines drawn on the frame.
2024-09-15 17:16:51,234 - __main__ - INFO - Published data to MQTT: {'going_down': 0, 'going_up': 0}
2024-09-15 17:16:51,235 - __main__ - DEBUG - Counters drawn: Going Down=0, Going Up=0
2024-09-15 17:16:51,236 - __main__ - DEBUG - FPS drawn: 0.81
2024-09-15 17:16:51,270 - __main__ - DEBUG - Getting detections from the frame.
2024-09-15 17:16:51,926 - __main__ - DEBUG - Processing bounding boxes.
2024-09-15 17:16:51,926 - __main__ - DEBUG - Lines drawn on the frame.
2024-09-15 17:16:51,926 - __main__ - INFO - Published data to MQTT: {'going_down': 0, 'going_up': 0}
2024-09-15 17:16:51,926 - __main__ - DEBUG - Counters drawn: Going Down=0, Going Up=0
2024-09-15 17:16:51,926 - __main__ - DEBUG - FPS drawn: 0.83
2024-09-15 17:16:51,973 - __main__ - DEBUG - Getting detections from the frame.
2024-09-15 17:16:52,604 - __main__ - DEBUG - Processing bounding boxes.
2024-09-15 17:16:52,604 - __main__ - DEBUG - Lines drawn on the frame.
2024-09-15 17:16:52,604 - __main__ - INFO - Published data to MQTT: {'going_down': 0, 'going_up': 0}
2024-09-15 17:16:52,604 - __main__ - DEBUG - Counters drawn: Going Down=0, Going Up=0
2024-09-15 17:16:52,604 - __main__ - DEBUG - FPS drawn: 0.84
2024-09-15 17:16:52,683 - __main__ - DEBUG - Getting detections from the frame.
2024-09-15 17:16:53,392 - __main__ - DEBUG - Processing bounding boxes.
2024-09-15 17:16:53,392 - __main__ - DEBUG - Lines drawn on the frame.
2024-09-15 17:16:53,392 - __main__ - INFO - Published data to MQTT: {'going_down': 0, 'going_up': 0}
2024-09-15 17:16:53,392 - __main__ - DEBUG - Counters drawn: Going Down=0, Going Up=0
2024-09-15 17:16:53,392 - __main__ - DEBUG - FPS drawn: 0.86
2024-09-15 17:16:53,469 - __main__ - DEBUG - Getting detections from the frame.
2024-09-15 17:16:54,156 - __main__ - DEBUG - Processing bounding boxes.
2024-09-15 17:16:54,156 - __main__ - DEBUG - Lines drawn on the frame.
2024-09-15 17:16:54,156 - __main__ - INFO - Published data to MQTT: {'going_down': 0, 'going_up': 0}
2024-09-15 17:16:54,156 - __main__ - DEBUG - Counters drawn: Going Down=0, Going Up=0
2024-09-15 17:16:54,163 - __main__ - DEBUG - FPS drawn: 0.87
2024-09-15 17:16:54,230 - __main__ - DEBUG - Getting detections from the frame.
2024-09-15 17:16:54,895 - __main__ - DEBUG - Processing bounding boxes.
2024-09-15 17:16:54,896 - __main__ - DEBUG - Lines drawn on the frame.
2024-09-15 17:16:54,898 - __main__ - INFO - Published data to MQTT: {'going_down': 0, 'going_up': 0}
2024-09-15 17:16:54,900 - __main__ - DEBUG - Counters drawn: Going Down=0, Going Up=0
2024-09-15 17:16:54,901 - __main__ - DEBUG - FPS drawn: 0.88
2024-09-15 17:16:54,979 - __main__ - DEBUG - Getting detections from the frame.
2024-09-15 17:16:55,602 - __main__ - DEBUG - Processing bounding boxes.
2024-09-15 17:16:55,602 - __main__ - DEBUG - Lines drawn on the frame.
2024-09-15 17:16:55,602 - __main__ - INFO - Published data to MQTT: {'going_down': 0, 'going_up': 0}
2024-09-15 17:16:55,602 - __main__ - DEBUG - Counters drawn: Going Down=0, Going Up=0
2024-09-15 17:16:55,602 - __main__ - DEBUG - FPS drawn: 0.89
2024-09-15 17:16:55,783 - __main__ - DEBUG - Getting detections from the frame.
2024-09-15 17:16:56,463 - __main__ - DEBUG - Processing bounding boxes.
2024-09-15 17:16:56,464 - __main__ - DEBUG - Lines drawn on the frame.
2024-09-15 17:16:56,465 - __main__ - INFO - Published data to MQTT: {'going_down': 0, 'going_up': 0}
2024-09-15 17:16:56,466 - __main__ - DEBUG - Counters drawn: Going Down=0, Going Up=0
2024-09-15 17:16:56,471 - __main__ - DEBUG - FPS drawn: 0.90
2024-09-15 17:16:56,540 - __main__ - DEBUG - Getting detections from the frame.
2024-09-15 17:16:57,082 - __main__ - INFO - End of video stream reached. Stopping video.
2024-09-15 17:16:57,132 - __main__ - DEBUG - Processing bounding boxes.
2024-09-15 17:16:57,133 - __main__ - DEBUG - Lines drawn on the frame.
2024-09-15 17:16:57,133 - __main__ - INFO - Published data to MQTT: {'going_down': 0, 'going_up': 0}
2024-09-15 17:16:57,134 - __main__ - DEBUG - Counters drawn: Going Down=0, Going Up=0
2024-09-15 17:16:57,135 - __main__ - DEBUG - FPS drawn: 0.91
2024-09-15 17:16:57,137 - __main__ - ERROR - Error reading frame, exiting.
2024-09-15 17:16:57,149 - __main__ - INFO - Video stream released.
2024-09-15 17:16:57,288 - __main__ - INFO - Published data to MQTT: {'going_down': 0, 'going_up': 0}
