2024-09-15 21:08:06,953 - __main__ - INFO - Device: cpu
2024-09-15 21:08:06,998 - __main__ - INFO - Connected to MQTT broker at 103.245.38.40:1883
2024-09-15 21:08:07,001 - __main__ - INFO - Starting main function.
2024-09-15 21:08:07,071 - __main__ - INFO - Loading model from ./yolov3-tinyu.pt
2024-09-15 21:08:07,195 - __main__ - INFO - Labels loaded: ['person', 'bicycle', 'car', 'motorcycle', 'airplane', 'bus', 'train', 'truck', 'boat']
2024-09-15 21:08:07,215 - __main__ - DEBUG - Getting detections from the frame.
2024-09-15 21:08:19,391 - __main__ - DEBUG - Processing bounding boxes.
2024-09-15 21:08:19,392 - __main__ - DEBUG - Marked object 1 at (426, 324)
2024-09-15 21:08:19,392 - __main__ - DEBUG - Marked object 1 at (426, 324)
2024-09-15 21:08:19,398 - __main__ - DEBUG - Marked object 2 at (441, 288)
2024-09-15 21:08:19,404 - __main__ - DEBUG - Marked object 2 at (441, 288)
2024-09-15 21:08:19,406 - __main__ - DEBUG - Lines drawn on the frame.
2024-09-15 21:08:19,409 - __main__ - INFO - Published data to MQTT: {'going_down': 2, 'going_up': 2}
2024-09-15 21:08:19,410 - __main__ - DEBUG - Counters drawn: Going Down=2, Going Up=2
2024-09-15 21:08:19,413 - __main__ - DEBUG - FPS drawn: 0.08
2024-09-15 21:08:19,525 - __main__ - DEBUG - Getting detections from the frame.
2024-09-15 21:08:20,825 - __main__ - DEBUG - Processing bounding boxes.
2024-09-15 21:08:20,827 - __main__ - DEBUG - Lines drawn on the frame.
2024-09-15 21:08:20,828 - __main__ - INFO - Published data to MQTT: {'going_down': 2, 'going_up': 2}
2024-09-15 21:08:20,829 - __main__ - DEBUG - Counters drawn: Going Down=2, Going Up=2
2024-09-15 21:08:20,830 - __main__ - DEBUG - FPS drawn: 0.15
2024-09-15 21:08:20,855 - __main__ - DEBUG - Getting detections from the frame.
2024-09-15 21:08:21,866 - __main__ - DEBUG - Processing bounding boxes.
2024-09-15 21:08:21,867 - __main__ - DEBUG - Marked object 4 at (200, 312)
2024-09-15 21:08:21,868 - __main__ - DEBUG - Marked object 4 at (200, 312)
2024-09-15 21:08:21,869 - __main__ - DEBUG - Marked object 5 at (434, 310)
2024-09-15 21:08:21,870 - __main__ - DEBUG - Marked object 5 at (434, 310)
2024-09-15 21:08:21,871 - __main__ - DEBUG - Lines drawn on the frame.
2024-09-15 21:08:21,873 - __main__ - INFO - Published data to MQTT: {'going_down': 4, 'going_up': 4}
2024-09-15 21:08:21,874 - __main__ - DEBUG - Counters drawn: Going Down=4, Going Up=4
2024-09-15 21:08:21,876 - __main__ - DEBUG - FPS drawn: 0.20
2024-09-15 21:08:21,897 - __main__ - DEBUG - Getting detections from the frame.
2024-09-15 21:08:22,837 - __main__ - DEBUG - Processing bounding boxes.
2024-09-15 21:08:22,838 - __main__ - DEBUG - Marked object 7 at (404, 297)
2024-09-15 21:08:22,838 - __main__ - DEBUG - Marked object 7 at (404, 297)
2024-09-15 21:08:22,839 - __main__ - DEBUG - Lines drawn on the frame.
2024-09-15 21:08:22,841 - __main__ - INFO - Published data to MQTT: {'going_down': 5, 'going_up': 5}
2024-09-15 21:08:22,842 - __main__ - DEBUG - Counters drawn: Going Down=5, Going Up=5
2024-09-15 21:08:22,843 - __main__ - DEBUG - FPS drawn: 0.25
2024-09-15 21:08:22,880 - __main__ - DEBUG - Getting detections from the frame.
2024-09-15 21:08:23,643 - __main__ - DEBUG - Processing bounding boxes.
2024-09-15 21:08:23,644 - __main__ - DEBUG - Lines drawn on the frame.
2024-09-15 21:08:23,646 - __main__ - INFO - Published data to MQTT: {'going_down': 5, 'going_up': 5}
2024-09-15 21:08:23,647 - __main__ - DEBUG - Counters drawn: Going Down=5, Going Up=5
2024-09-15 21:08:23,648 - __main__ - DEBUG - FPS drawn: 0.30
2024-09-15 21:08:23,686 - __main__ - DEBUG - Getting detections from the frame.
2024-09-15 21:08:24,398 - __main__ - DEBUG - Processing bounding boxes.
2024-09-15 21:08:24,399 - __main__ - DEBUG - Lines drawn on the frame.
2024-09-15 21:08:24,404 - __main__ - INFO - Published data to MQTT: {'going_down': 5, 'going_up': 5}
2024-09-15 21:08:24,407 - __main__ - DEBUG - Counters drawn: Going Down=5, Going Up=5
2024-09-15 21:08:24,409 - __main__ - DEBUG - FPS drawn: 0.35
2024-09-15 21:08:24,438 - __main__ - DEBUG - Getting detections from the frame.
2024-09-15 21:08:25,208 - __main__ - DEBUG - Processing bounding boxes.
2024-09-15 21:08:25,209 - __main__ - DEBUG - Lines drawn on the frame.
2024-09-15 21:08:25,210 - __main__ - INFO - Published data to MQTT: {'going_down': 5, 'going_up': 5}
2024-09-15 21:08:25,212 - __main__ - DEBUG - Counters drawn: Going Down=5, Going Up=5
2024-09-15 21:08:25,214 - __main__ - DEBUG - FPS drawn: 0.39
2024-09-15 21:08:25,233 - __main__ - DEBUG - Getting detections from the frame.
2024-09-15 21:08:25,974 - __main__ - DEBUG - Processing bounding boxes.
2024-09-15 21:08:25,977 - __main__ - DEBUG - Lines drawn on the frame.
2024-09-15 21:08:25,979 - __main__ - INFO - Published data to MQTT: {'going_down': 5, 'going_up': 5}
2024-09-15 21:08:25,980 - __main__ - DEBUG - Counters drawn: Going Down=5, Going Up=5
2024-09-15 21:08:25,983 - __main__ - DEBUG - FPS drawn: 0.42
2024-09-15 21:08:26,011 - __main__ - DEBUG - Getting detections from the frame.
2024-09-15 21:08:26,845 - __main__ - DEBUG - Processing bounding boxes.
2024-09-15 21:08:26,846 - __main__ - DEBUG - Marked object 9 at (459, 312)
2024-09-15 21:08:26,847 - __main__ - DEBUG - Marked object 9 at (459, 312)
2024-09-15 21:08:26,847 - __main__ - DEBUG - Lines drawn on the frame.
2024-09-15 21:08:26,849 - __main__ - INFO - Published data to MQTT: {'going_down': 6, 'going_up': 6}
2024-09-15 21:08:26,849 - __main__ - DEBUG - Counters drawn: Going Down=6, Going Up=6
2024-09-15 21:08:26,851 - __main__ - DEBUG - FPS drawn: 0.46
2024-09-15 21:08:26,932 - __main__ - DEBUG - Getting detections from the frame.
2024-09-15 21:08:28,112 - __main__ - DEBUG - Processing bounding boxes.
2024-09-15 21:08:28,113 - __main__ - DEBUG - Lines drawn on the frame.
2024-09-15 21:08:28,114 - __main__ - INFO - Published data to MQTT: {'going_down': 6, 'going_up': 6}
2024-09-15 21:08:28,115 - __main__ - DEBUG - Counters drawn: Going Down=6, Going Up=6
2024-09-15 21:08:28,116 - __main__ - DEBUG - FPS drawn: 0.48
2024-09-15 21:08:28,172 - __main__ - DEBUG - Getting detections from the frame.
2024-09-15 21:08:29,026 - __main__ - WARNING - Label index out of range: 9
2024-09-15 21:08:29,027 - __main__ - DEBUG - Processing bounding boxes.
2024-09-15 21:08:29,028 - __main__ - DEBUG - Lines drawn on the frame.
2024-09-15 21:08:29,029 - __main__ - INFO - Published data to MQTT: {'going_down': 6, 'going_up': 6}
2024-09-15 21:08:29,029 - __main__ - DEBUG - Counters drawn: Going Down=6, Going Up=6
2024-09-15 21:08:29,031 - __main__ - DEBUG - FPS drawn: 0.50
2024-09-15 21:08:29,048 - __main__ - DEBUG - Getting detections from the frame.
2024-09-15 21:08:29,802 - __main__ - DEBUG - Processing bounding boxes.
2024-09-15 21:08:29,802 - __main__ - DEBUG - Marked object 11 at (394, 292)
2024-09-15 21:08:29,803 - __main__ - DEBUG - Marked object 11 at (394, 292)
2024-09-15 21:08:29,804 - __main__ - DEBUG - Lines drawn on the frame.
2024-09-15 21:08:29,806 - __main__ - INFO - Published data to MQTT: {'going_down': 7, 'going_up': 7}
2024-09-15 21:08:29,807 - __main__ - DEBUG - Counters drawn: Going Down=7, Going Up=7
2024-09-15 21:08:29,808 - __main__ - DEBUG - FPS drawn: 0.53
2024-09-15 21:08:29,861 - __main__ - DEBUG - Getting detections from the frame.
2024-09-15 21:08:30,567 - __main__ - DEBUG - Processing bounding boxes.
2024-09-15 21:08:30,568 - __main__ - DEBUG - Marked object 12 at (426, 333)
2024-09-15 21:08:30,569 - __main__ - DEBUG - Marked object 12 at (426, 333)
2024-09-15 21:08:30,570 - __main__ - DEBUG - Lines drawn on the frame.
2024-09-15 21:08:30,572 - __main__ - INFO - Published data to MQTT: {'going_down': 8, 'going_up': 8}
2024-09-15 21:08:30,572 - __main__ - DEBUG - Counters drawn: Going Down=8, Going Up=8
2024-09-15 21:08:30,573 - __main__ - DEBUG - FPS drawn: 0.55
2024-09-15 21:08:30,589 - __main__ - DEBUG - Getting detections from the frame.
2024-09-15 21:08:31,392 - __main__ - DEBUG - Processing bounding boxes.
2024-09-15 21:08:31,393 - __main__ - DEBUG - Lines drawn on the frame.
2024-09-15 21:08:31,394 - __main__ - INFO - Published data to MQTT: {'going_down': 8, 'going_up': 8}
2024-09-15 21:08:31,395 - __main__ - DEBUG - Counters drawn: Going Down=8, Going Up=8
2024-09-15 21:08:31,396 - __main__ - DEBUG - FPS drawn: 0.58
2024-09-15 21:08:31,422 - __main__ - DEBUG - Getting detections from the frame.
2024-09-15 21:08:32,319 - __main__ - DEBUG - Processing bounding boxes.
2024-09-15 21:08:32,320 - __main__ - DEBUG - Lines drawn on the frame.
2024-09-15 21:08:32,321 - __main__ - INFO - Published data to MQTT: {'going_down': 8, 'going_up': 8}
2024-09-15 21:08:32,322 - __main__ - DEBUG - Counters drawn: Going Down=8, Going Up=8
2024-09-15 21:08:32,323 - __main__ - DEBUG - FPS drawn: 0.59
2024-09-15 21:08:32,347 - __main__ - DEBUG - Getting detections from the frame.
2024-09-15 21:08:33,239 - __main__ - DEBUG - Processing bounding boxes.
2024-09-15 21:08:33,242 - __main__ - DEBUG - Marked object 15 at (285, 290)
2024-09-15 21:08:33,243 - __main__ - DEBUG - Marked object 15 at (285, 290)
2024-09-15 21:08:33,244 - __main__ - DEBUG - Lines drawn on the frame.
2024-09-15 21:08:33,246 - __main__ - INFO - Published data to MQTT: {'going_down': 9, 'going_up': 9}
2024-09-15 21:08:33,247 - __main__ - DEBUG - Counters drawn: Going Down=9, Going Up=9
2024-09-15 21:08:33,249 - __main__ - DEBUG - FPS drawn: 0.61
2024-09-15 21:08:33,305 - __main__ - DEBUG - Getting detections from the frame.
2024-09-15 21:08:34,126 - __main__ - DEBUG - Processing bounding boxes.
2024-09-15 21:08:34,127 - __main__ - DEBUG - Marked object 16 at (172, 346)
2024-09-15 21:08:34,127 - __main__ - DEBUG - Marked object 16 at (172, 346)
2024-09-15 21:08:34,128 - __main__ - DEBUG - Marked object 17 at (288, 321)
2024-09-15 21:08:34,129 - __main__ - DEBUG - Marked object 17 at (288, 321)
2024-09-15 21:08:34,131 - __main__ - DEBUG - Lines drawn on the frame.
2024-09-15 21:08:34,133 - __main__ - INFO - Published data to MQTT: {'going_down': 11, 'going_up': 11}
2024-09-15 21:08:34,134 - __main__ - DEBUG - Counters drawn: Going Down=11, Going Up=11
2024-09-15 21:08:34,136 - __main__ - DEBUG - FPS drawn: 0.63
2024-09-15 21:08:34,139 - __main__ - INFO - Exiting the main loop.
2024-09-15 21:08:34,191 - __main__ - INFO - Video stream released.
2024-09-15 21:08:34,252 - __main__ - INFO - Published data to MQTT: {'going_down': 11, 'going_up': 11}
