2024-09-15 17:45:31,596 - __main__ - INFO - Device: cpu
2024-09-15 17:45:31,630 - __main__ - INFO - Connected to MQTT broker at 103.245.38.40:1883
2024-09-15 17:45:31,644 - __main__ - INFO - Starting main function.
2024-09-15 17:45:31,716 - __main__ - INFO - Loading model from ./yolov3-tinyu.pt
2024-09-15 17:45:31,846 - __main__ - INFO - Labels loaded: ['person', 'bicycle', 'car', 'motorcycle', 'airplane', 'bus', 'train', 'truck', 'boat']
2024-09-15 17:45:31,870 - __main__ - DEBUG - Getting detections from the frame.
2024-09-15 17:45:42,715 - __main__ - DEBUG - Processing bounding boxes.
2024-09-15 17:45:42,715 - __main__ - DEBUG - Lines drawn on the frame.
2024-09-15 17:45:42,724 - __main__ - INFO - Published data to MQTT: {'going_down': 0, 'going_up': 0}
2024-09-15 17:45:42,725 - __main__ - DEBUG - Counters drawn: Going Down=0, Going Up=0
2024-09-15 17:45:42,731 - __main__ - DEBUG - FPS drawn: 0.09
2024-09-15 17:45:42,923 - __main__ - DEBUG - Getting detections from the frame.
2024-09-15 17:45:44,041 - __main__ - DEBUG - Processing bounding boxes.
2024-09-15 17:45:44,041 - __main__ - DEBUG - Lines drawn on the frame.
2024-09-15 17:45:44,088 - __main__ - INFO - Published data to MQTT: {'going_down': 0, 'going_up': 0}
2024-09-15 17:45:44,088 - __main__ - DEBUG - Counters drawn: Going Down=0, Going Up=0
2024-09-15 17:45:44,090 - __main__ - DEBUG - FPS drawn: 0.16
2024-09-15 17:45:44,108 - __main__ - DEBUG - Getting detections from the frame.
2024-09-15 17:45:44,992 - __main__ - DEBUG - Processing bounding boxes.
2024-09-15 17:45:44,992 - __main__ - DEBUG - Lines drawn on the frame.
2024-09-15 17:45:45,008 - __main__ - INFO - Published data to MQTT: {'going_down': 0, 'going_up': 0}
2024-09-15 17:45:45,008 - __main__ - DEBUG - Counters drawn: Going Down=0, Going Up=0
2024-09-15 17:45:45,008 - __main__ - DEBUG - FPS drawn: 0.23
2024-09-15 17:45:45,063 - __main__ - DEBUG - Getting detections from the frame.
2024-09-15 17:45:45,992 - __main__ - DEBUG - Processing bounding boxes.
2024-09-15 17:45:45,992 - __main__ - DEBUG - Lines drawn on the frame.
2024-09-15 17:45:45,992 - __main__ - INFO - Published data to MQTT: {'going_down': 0, 'going_up': 0}
2024-09-15 17:45:45,992 - __main__ - DEBUG - Counters drawn: Going Down=0, Going Up=0
2024-09-15 17:45:45,992 - __main__ - DEBUG - FPS drawn: 0.28
2024-09-15 17:45:46,039 - __main__ - DEBUG - Getting detections from the frame.
2024-09-15 17:45:47,141 - __main__ - DEBUG - Processing bounding boxes.
2024-09-15 17:45:47,141 - __main__ - DEBUG - Lines drawn on the frame.
2024-09-15 17:45:47,141 - __main__ - INFO - Published data to MQTT: {'going_down': 0, 'going_up': 0}
2024-09-15 17:45:47,157 - __main__ - DEBUG - Counters drawn: Going Down=0, Going Up=0
2024-09-15 17:45:47,157 - __main__ - DEBUG - FPS drawn: 0.32
2024-09-15 17:45:47,172 - __main__ - DEBUG - Getting detections from the frame.
2024-09-15 17:45:48,016 - __main__ - DEBUG - Processing bounding boxes.
2024-09-15 17:45:48,016 - __main__ - DEBUG - Lines drawn on the frame.
2024-09-15 17:45:48,016 - __main__ - INFO - Published data to MQTT: {'going_down': 0, 'going_up': 0}
2024-09-15 17:45:48,016 - __main__ - DEBUG - Counters drawn: Going Down=0, Going Up=0
2024-09-15 17:45:48,016 - __main__ - DEBUG - FPS drawn: 0.37
2024-09-15 17:45:48,057 - __main__ - DEBUG - Getting detections from the frame.
2024-09-15 17:45:48,789 - __main__ - DEBUG - Processing bounding boxes.
2024-09-15 17:45:48,789 - __main__ - DEBUG - Lines drawn on the frame.
2024-09-15 17:45:48,789 - __main__ - INFO - Published data to MQTT: {'going_down': 0, 'going_up': 0}
2024-09-15 17:45:48,789 - __main__ - DEBUG - Counters drawn: Going Down=0, Going Up=0
2024-09-15 17:45:48,789 - __main__ - DEBUG - FPS drawn: 0.41
2024-09-15 17:45:48,832 - __main__ - DEBUG - Getting detections from the frame.
2024-09-15 17:45:49,457 - __main__ - DEBUG - Processing bounding boxes.
2024-09-15 17:45:49,457 - __main__ - DEBUG - Lines drawn on the frame.
2024-09-15 17:45:49,457 - __main__ - INFO - Published data to MQTT: {'going_down': 0, 'going_up': 0}
2024-09-15 17:45:49,457 - __main__ - DEBUG - Counters drawn: Going Down=0, Going Up=0
2024-09-15 17:45:49,457 - __main__ - DEBUG - FPS drawn: 0.45
2024-09-15 17:45:49,511 - __main__ - DEBUG - Getting detections from the frame.
2024-09-15 17:45:50,142 - __main__ - DEBUG - Processing bounding boxes.
2024-09-15 17:45:50,142 - __main__ - DEBUG - Lines drawn on the frame.
2024-09-15 17:45:50,142 - __main__ - INFO - Published data to MQTT: {'going_down': 0, 'going_up': 0}
2024-09-15 17:45:50,142 - __main__ - DEBUG - Counters drawn: Going Down=0, Going Up=0
2024-09-15 17:45:50,142 - __main__ - DEBUG - FPS drawn: 0.49
2024-09-15 17:45:50,176 - __main__ - DEBUG - Getting detections from the frame.
2024-09-15 17:45:51,226 - __main__ - DEBUG - Processing bounding boxes.
2024-09-15 17:45:51,226 - __main__ - DEBUG - Lines drawn on the frame.
2024-09-15 17:45:51,226 - __main__ - INFO - Published data to MQTT: {'going_down': 0, 'going_up': 0}
2024-09-15 17:45:51,226 - __main__ - DEBUG - Counters drawn: Going Down=0, Going Up=0
2024-09-15 17:45:51,226 - __main__ - DEBUG - FPS drawn: 0.51
2024-09-15 17:45:51,261 - __main__ - DEBUG - Getting detections from the frame.
2024-09-15 17:45:51,890 - __main__ - DEBUG - Processing bounding boxes.
2024-09-15 17:45:51,890 - __main__ - DEBUG - Lines drawn on the frame.
2024-09-15 17:45:51,890 - __main__ - INFO - Published data to MQTT: {'going_down': 0, 'going_up': 0}
2024-09-15 17:45:51,890 - __main__ - DEBUG - Counters drawn: Going Down=0, Going Up=0
2024-09-15 17:45:51,890 - __main__ - DEBUG - FPS drawn: 0.55
2024-09-15 17:45:51,918 - __main__ - DEBUG - Getting detections from the frame.
2024-09-15 17:45:52,606 - __main__ - DEBUG - Processing bounding boxes.
2024-09-15 17:45:52,606 - __main__ - DEBUG - Lines drawn on the frame.
2024-09-15 17:45:52,606 - __main__ - INFO - Published data to MQTT: {'going_down': 0, 'going_up': 0}
2024-09-15 17:45:52,606 - __main__ - DEBUG - Counters drawn: Going Down=0, Going Up=0
2024-09-15 17:45:52,606 - __main__ - DEBUG - FPS drawn: 0.57
2024-09-15 17:45:52,653 - __main__ - DEBUG - Getting detections from the frame.
2024-09-15 17:45:53,282 - __main__ - DEBUG - Processing bounding boxes.
2024-09-15 17:45:53,282 - __main__ - DEBUG - Lines drawn on the frame.
2024-09-15 17:45:53,282 - __main__ - INFO - Published data to MQTT: {'going_down': 0, 'going_up': 0}
2024-09-15 17:45:53,282 - __main__ - DEBUG - Counters drawn: Going Down=0, Going Up=0
2024-09-15 17:45:53,282 - __main__ - DEBUG - FPS drawn: 0.60
2024-09-15 17:45:53,300 - __main__ - DEBUG - Getting detections from the frame.
2024-09-15 17:45:54,034 - __main__ - DEBUG - Processing bounding boxes.
2024-09-15 17:45:54,034 - __main__ - DEBUG - Lines drawn on the frame.
2024-09-15 17:45:54,034 - __main__ - INFO - Published data to MQTT: {'going_down': 0, 'going_up': 0}
2024-09-15 17:45:54,034 - __main__ - DEBUG - Counters drawn: Going Down=0, Going Up=0
2024-09-15 17:45:54,034 - __main__ - DEBUG - FPS drawn: 0.63
2024-09-15 17:45:54,066 - __main__ - DEBUG - Getting detections from the frame.
2024-09-15 17:45:54,714 - __main__ - DEBUG - Processing bounding boxes.
2024-09-15 17:45:54,715 - __main__ - DEBUG - Lines drawn on the frame.
2024-09-15 17:45:54,716 - __main__ - INFO - Published data to MQTT: {'going_down': 0, 'going_up': 0}
2024-09-15 17:45:54,717 - __main__ - DEBUG - Counters drawn: Going Down=0, Going Up=0
2024-09-15 17:45:54,718 - __main__ - DEBUG - FPS drawn: 0.65
2024-09-15 17:45:54,808 - __main__ - DEBUG - Getting detections from the frame.
2024-09-15 17:45:55,395 - __main__ - DEBUG - Processing bounding boxes.
2024-09-15 17:45:55,395 - __main__ - DEBUG - Lines drawn on the frame.
2024-09-15 17:45:55,395 - __main__ - INFO - Published data to MQTT: {'going_down': 0, 'going_up': 0}
2024-09-15 17:45:55,395 - __main__ - DEBUG - Counters drawn: Going Down=0, Going Up=0
2024-09-15 17:45:55,411 - __main__ - DEBUG - FPS drawn: 0.68
2024-09-15 17:45:55,443 - __main__ - DEBUG - Getting detections from the frame.
2024-09-15 17:45:56,083 - __main__ - DEBUG - Processing bounding boxes.
2024-09-15 17:45:56,083 - __main__ - DEBUG - Lines drawn on the frame.
2024-09-15 17:45:56,083 - __main__ - INFO - Published data to MQTT: {'going_down': 0, 'going_up': 0}
2024-09-15 17:45:56,083 - __main__ - DEBUG - Counters drawn: Going Down=0, Going Up=0
2024-09-15 17:45:56,083 - __main__ - DEBUG - FPS drawn: 0.70
2024-09-15 17:45:56,118 - __main__ - DEBUG - Getting detections from the frame.
2024-09-15 17:45:56,795 - __main__ - DEBUG - Processing bounding boxes.
2024-09-15 17:45:56,795 - __main__ - DEBUG - Lines drawn on the frame.
2024-09-15 17:45:56,795 - __main__ - INFO - Published data to MQTT: {'going_down': 0, 'going_up': 0}
2024-09-15 17:45:56,795 - __main__ - DEBUG - Counters drawn: Going Down=0, Going Up=0
2024-09-15 17:45:56,795 - __main__ - DEBUG - FPS drawn: 0.72
2024-09-15 17:45:56,835 - __main__ - DEBUG - Getting detections from the frame.
2024-09-15 17:45:57,506 - __main__ - DEBUG - Processing bounding boxes.
2024-09-15 17:45:57,506 - __main__ - DEBUG - Lines drawn on the frame.
2024-09-15 17:45:57,506 - __main__ - INFO - Published data to MQTT: {'going_down': 0, 'going_up': 0}
2024-09-15 17:45:57,506 - __main__ - DEBUG - Counters drawn: Going Down=0, Going Up=0
2024-09-15 17:45:57,506 - __main__ - DEBUG - FPS drawn: 0.74
2024-09-15 17:45:57,534 - __main__ - DEBUG - Getting detections from the frame.
2024-09-15 17:45:58,193 - __main__ - DEBUG - Processing bounding boxes.
2024-09-15 17:45:58,209 - __main__ - DEBUG - Lines drawn on the frame.
2024-09-15 17:45:58,209 - __main__ - INFO - Published data to MQTT: {'going_down': 0, 'going_up': 0}
2024-09-15 17:45:58,209 - __main__ - DEBUG - Counters drawn: Going Down=0, Going Up=0
2024-09-15 17:45:58,209 - __main__ - DEBUG - FPS drawn: 0.75
2024-09-15 17:45:58,236 - __main__ - DEBUG - Getting detections from the frame.
2024-09-15 17:45:58,887 - __main__ - DEBUG - Processing bounding boxes.
2024-09-15 17:45:58,887 - __main__ - DEBUG - Lines drawn on the frame.
2024-09-15 17:45:58,887 - __main__ - INFO - Published data to MQTT: {'going_down': 0, 'going_up': 0}
2024-09-15 17:45:58,887 - __main__ - DEBUG - Counters drawn: Going Down=0, Going Up=0
2024-09-15 17:45:58,887 - __main__ - DEBUG - FPS drawn: 0.77
2024-09-15 17:45:58,928 - __main__ - DEBUG - Getting detections from the frame.
2024-09-15 17:45:59,585 - __main__ - DEBUG - Processing bounding boxes.
2024-09-15 17:45:59,585 - __main__ - DEBUG - Lines drawn on the frame.
2024-09-15 17:45:59,585 - __main__ - INFO - Published data to MQTT: {'going_down': 0, 'going_up': 0}
2024-09-15 17:45:59,605 - __main__ - DEBUG - Counters drawn: Going Down=0, Going Up=0
2024-09-15 17:45:59,606 - __main__ - DEBUG - FPS drawn: 0.79
2024-09-15 17:45:59,791 - __main__ - DEBUG - Getting detections from the frame.
2024-09-15 17:46:00,445 - __main__ - DEBUG - Processing bounding boxes.
2024-09-15 17:46:00,445 - __main__ - DEBUG - Lines drawn on the frame.
2024-09-15 17:46:00,445 - __main__ - INFO - Published data to MQTT: {'going_down': 0, 'going_up': 0}
2024-09-15 17:46:00,445 - __main__ - DEBUG - Counters drawn: Going Down=0, Going Up=0
2024-09-15 17:46:00,445 - __main__ - DEBUG - FPS drawn: 0.80
2024-09-15 17:46:00,465 - __main__ - DEBUG - Getting detections from the frame.
2024-09-15 17:46:01,156 - __main__ - DEBUG - Processing bounding boxes.
2024-09-15 17:46:01,156 - __main__ - DEBUG - Lines drawn on the frame.
2024-09-15 17:46:01,172 - __main__ - INFO - Published data to MQTT: {'going_down': 0, 'going_up': 0}
2024-09-15 17:46:01,182 - __main__ - DEBUG - Counters drawn: Going Down=0, Going Up=0
2024-09-15 17:46:01,182 - __main__ - DEBUG - FPS drawn: 0.81
2024-09-15 17:46:01,198 - __main__ - DEBUG - Getting detections from the frame.
2024-09-15 17:46:01,916 - __main__ - DEBUG - Processing bounding boxes.
2024-09-15 17:46:01,916 - __main__ - DEBUG - Lines drawn on the frame.
2024-09-15 17:46:01,916 - __main__ - INFO - Published data to MQTT: {'going_down': 0, 'going_up': 0}
2024-09-15 17:46:01,916 - __main__ - DEBUG - Counters drawn: Going Down=0, Going Up=0
2024-09-15 17:46:01,928 - __main__ - DEBUG - FPS drawn: 0.83
2024-09-15 17:46:01,974 - __main__ - DEBUG - Getting detections from the frame.
2024-09-15 17:46:02,636 - __main__ - DEBUG - Processing bounding boxes.
2024-09-15 17:46:02,636 - __main__ - DEBUG - Lines drawn on the frame.
2024-09-15 17:46:02,636 - __main__ - INFO - Published data to MQTT: {'going_down': 0, 'going_up': 0}
2024-09-15 17:46:02,636 - __main__ - DEBUG - Counters drawn: Going Down=0, Going Up=0
2024-09-15 17:46:02,636 - __main__ - DEBUG - FPS drawn: 0.84
2024-09-15 17:46:02,687 - __main__ - DEBUG - Getting detections from the frame.
2024-09-15 17:46:03,314 - __main__ - DEBUG - Processing bounding boxes.
2024-09-15 17:46:03,314 - __main__ - DEBUG - Lines drawn on the frame.
2024-09-15 17:46:03,314 - __main__ - INFO - Published data to MQTT: {'going_down': 0, 'going_up': 0}
2024-09-15 17:46:03,314 - __main__ - DEBUG - Counters drawn: Going Down=0, Going Up=0
2024-09-15 17:46:03,323 - __main__ - DEBUG - FPS drawn: 0.85
2024-09-15 17:46:03,393 - __main__ - DEBUG - Getting detections from the frame.
2024-09-15 17:46:04,092 - __main__ - DEBUG - Processing bounding boxes.
2024-09-15 17:46:04,092 - __main__ - DEBUG - Lines drawn on the frame.
2024-09-15 17:46:04,092 - __main__ - INFO - Published data to MQTT: {'going_down': 0, 'going_up': 0}
2024-09-15 17:46:04,092 - __main__ - DEBUG - Counters drawn: Going Down=0, Going Up=0
2024-09-15 17:46:04,092 - __main__ - DEBUG - FPS drawn: 0.86
2024-09-15 17:46:04,146 - __main__ - DEBUG - Getting detections from the frame.
2024-09-15 17:46:05,048 - __main__ - DEBUG - Processing bounding boxes.
2024-09-15 17:46:05,064 - __main__ - DEBUG - Lines drawn on the frame.
2024-09-15 17:46:05,067 - __main__ - INFO - Published data to MQTT: {'going_down': 0, 'going_up': 0}
2024-09-15 17:46:05,068 - __main__ - DEBUG - Counters drawn: Going Down=0, Going Up=0
2024-09-15 17:46:05,073 - __main__ - DEBUG - FPS drawn: 0.87
2024-09-15 17:46:05,124 - __main__ - DEBUG - Getting detections from the frame.
2024-09-15 17:46:05,689 - __main__ - INFO - End of video stream reached. Stopping video.
2024-09-15 17:46:05,775 - __main__ - DEBUG - Processing bounding boxes.
2024-09-15 17:46:05,776 - __main__ - DEBUG - Lines drawn on the frame.
2024-09-15 17:46:05,777 - __main__ - INFO - Published data to MQTT: {'going_down': 0, 'going_up': 0}
2024-09-15 17:46:05,777 - __main__ - DEBUG - Counters drawn: Going Down=0, Going Up=0
2024-09-15 17:46:05,778 - __main__ - DEBUG - FPS drawn: 0.88
2024-09-15 17:46:05,781 - __main__ - ERROR - Error reading frame, exiting.
2024-09-15 17:46:05,787 - __main__ - INFO - Video stream released.
2024-09-15 17:46:05,851 - __main__ - INFO - Published data to MQTT: {'going_down': 0, 'going_up': 0}
