2024-09-15 12:30:07,123 - __main__ - INFO - Device: cpu
2024-09-15 12:30:07,156 - __main__ - INFO - Connected to MQTT broker at 103.245.38.40:1883
2024-09-15 12:30:07,165 - __main__ - INFO - Starting main function.
2024-09-15 12:30:07,236 - __main__ - INFO - Loading model from ./yolov3-tinyu_1.onnx
2024-09-15 12:30:07,239 - __main__ - INFO - Labels loaded: ['person', 'bicycle', 'car', 'motorcycle', 'airplane', 'bus', 'train', 'truck', 'boat']
2024-09-15 12:30:07,348 - __main__ - INFO - Frame successfully retrieved.
2024-09-15 12:30:07,359 - __main__ - INFO - Frame successfully retrieved.
2024-09-15 12:30:07,414 - __main__ - INFO - Frame successfully retrieved.
2024-09-15 12:30:07,426 - __main__ - DEBUG - Getting detections from the frame.
2024-09-15 12:30:11,012 - __main__ - ERROR - Error during detection: [ONNXRuntimeError] : 7 : INVALID_PROTOBUF : Load model from yolov3-tinyu_1.onnx failed:Protobuf parsing failed.
2024-09-15 12:30:11,012 - __main__ - DEBUG - Processing bounding boxes.
2024-09-15 12:30:11,012 - __main__ - DEBUG - Lines drawn on the frame.
2024-09-15 12:30:11,012 - __main__ - INFO - Published data to MQTT: {'going_down': 0, 'going_up': 0}
2024-09-15 12:30:11,012 - __main__ - DEBUG - Counters drawn: Going Down=0, Going Up=0
2024-09-15 12:30:11,012 - __main__ - DEBUG - FPS drawn: 0.26
2024-09-15 12:30:11,196 - __main__ - INFO - Frame successfully retrieved.
2024-09-15 12:30:11,205 - __main__ - INFO - Frame successfully retrieved.
2024-09-15 12:30:11,219 - __main__ - INFO - Frame successfully retrieved.
2024-09-15 12:30:11,234 - __main__ - DEBUG - Getting detections from the frame.
2024-09-15 12:30:14,633 - __main__ - ERROR - Error during detection: [ONNXRuntimeError] : 7 : INVALID_PROTOBUF : Load model from yolov3-tinyu_1.onnx failed:Protobuf parsing failed.
2024-09-15 12:30:14,633 - __main__ - DEBUG - Processing bounding boxes.
2024-09-15 12:30:14,633 - __main__ - DEBUG - Lines drawn on the frame.
2024-09-15 12:30:14,639 - __main__ - INFO - Published data to MQTT: {'going_down': 0, 'going_up': 0}
2024-09-15 12:30:14,640 - __main__ - DEBUG - Counters drawn: Going Down=0, Going Up=0
2024-09-15 12:30:14,642 - __main__ - DEBUG - FPS drawn: 0.27
2024-09-15 12:30:14,658 - __main__ - INFO - Frame successfully retrieved.
2024-09-15 12:30:14,740 - __main__ - INFO - Frame successfully retrieved.
2024-09-15 12:30:14,768 - __main__ - INFO - Frame successfully retrieved.
2024-09-15 12:30:14,775 - __main__ - DEBUG - Getting detections from the frame.
2024-09-15 12:30:17,768 - __main__ - ERROR - Error during detection: [ONNXRuntimeError] : 7 : INVALID_PROTOBUF : Load model from yolov3-tinyu_1.onnx failed:Protobuf parsing failed.
2024-09-15 12:30:17,768 - __main__ - DEBUG - Processing bounding boxes.
2024-09-15 12:30:17,768 - __main__ - DEBUG - Lines drawn on the frame.
2024-09-15 12:30:17,768 - __main__ - INFO - Published data to MQTT: {'going_down': 0, 'going_up': 0}
2024-09-15 12:30:17,768 - __main__ - DEBUG - Counters drawn: Going Down=0, Going Up=0
2024-09-15 12:30:17,768 - __main__ - DEBUG - FPS drawn: 0.28
2024-09-15 12:30:17,816 - __main__ - INFO - Frame successfully retrieved.
2024-09-15 12:30:17,949 - __main__ - INFO - Frame successfully retrieved.
2024-09-15 12:30:18,000 - __main__ - INFO - Frame successfully retrieved.
2024-09-15 12:30:18,001 - __main__ - DEBUG - Getting detections from the frame.
2024-09-15 12:30:21,118 - __main__ - ERROR - Error during detection: [ONNXRuntimeError] : 7 : INVALID_PROTOBUF : Load model from yolov3-tinyu_1.onnx failed:Protobuf parsing failed.
2024-09-15 12:30:21,120 - __main__ - DEBUG - Processing bounding boxes.
2024-09-15 12:30:21,121 - __main__ - DEBUG - Lines drawn on the frame.
2024-09-15 12:30:21,122 - __main__ - INFO - Published data to MQTT: {'going_down': 0, 'going_up': 0}
2024-09-15 12:30:21,124 - __main__ - DEBUG - Counters drawn: Going Down=0, Going Up=0
2024-09-15 12:30:21,125 - __main__ - DEBUG - FPS drawn: 0.29
2024-09-15 12:30:21,178 - __main__ - INFO - Frame successfully retrieved.
2024-09-15 12:30:21,224 - __main__ - INFO - Frame successfully retrieved.
2024-09-15 12:30:21,278 - __main__ - INFO - Frame successfully retrieved.
2024-09-15 12:30:21,278 - __main__ - DEBUG - Getting detections from the frame.
2024-09-15 12:30:24,921 - __main__ - ERROR - Error during detection: [ONNXRuntimeError] : 7 : INVALID_PROTOBUF : Load model from yolov3-tinyu_1.onnx failed:Protobuf parsing failed.
2024-09-15 12:30:24,921 - __main__ - DEBUG - Processing bounding boxes.
2024-09-15 12:30:24,921 - __main__ - DEBUG - Lines drawn on the frame.
2024-09-15 12:30:24,921 - __main__ - INFO - Published data to MQTT: {'going_down': 0, 'going_up': 0}
2024-09-15 12:30:24,921 - __main__ - DEBUG - Counters drawn: Going Down=0, Going Up=0
2024-09-15 12:30:24,931 - __main__ - DEBUG - FPS drawn: 0.28
2024-09-15 12:30:24,936 - __main__ - INFO - Frame successfully retrieved.
2024-09-15 12:30:24,954 - __main__ - INFO - Frame successfully retrieved.
2024-09-15 12:30:25,003 - __main__ - INFO - Frame successfully retrieved.
2024-09-15 12:30:25,003 - __main__ - DEBUG - Getting detections from the frame.
2024-09-15 12:30:28,097 - __main__ - ERROR - Error during detection: [ONNXRuntimeError] : 7 : INVALID_PROTOBUF : Load model from yolov3-tinyu_1.onnx failed:Protobuf parsing failed.
2024-09-15 12:30:28,098 - __main__ - DEBUG - Processing bounding boxes.
2024-09-15 12:30:28,099 - __main__ - DEBUG - Lines drawn on the frame.
2024-09-15 12:30:28,101 - __main__ - INFO - Published data to MQTT: {'going_down': 0, 'going_up': 0}
2024-09-15 12:30:28,102 - __main__ - DEBUG - Counters drawn: Going Down=0, Going Up=0
2024-09-15 12:30:28,103 - __main__ - DEBUG - FPS drawn: 0.29
2024-09-15 12:30:28,257 - __main__ - INFO - Frame successfully retrieved.
2024-09-15 12:30:28,292 - __main__ - INFO - Frame successfully retrieved.
2024-09-15 12:30:28,394 - __main__ - INFO - Frame successfully retrieved.
2024-09-15 12:30:28,410 - __main__ - DEBUG - Getting detections from the frame.
2024-09-15 12:30:31,183 - __main__ - ERROR - Error during detection: [ONNXRuntimeError] : 7 : INVALID_PROTOBUF : Load model from yolov3-tinyu_1.onnx failed:Protobuf parsing failed.
2024-09-15 12:30:31,183 - __main__ - DEBUG - Processing bounding boxes.
2024-09-15 12:30:31,183 - __main__ - DEBUG - Lines drawn on the frame.
2024-09-15 12:30:31,183 - __main__ - INFO - Published data to MQTT: {'going_down': 0, 'going_up': 0}
2024-09-15 12:30:31,189 - __main__ - DEBUG - Counters drawn: Going Down=0, Going Up=0
2024-09-15 12:30:31,191 - __main__ - DEBUG - FPS drawn: 0.29
2024-09-15 12:30:31,194 - __main__ - INFO - Frame successfully retrieved.
2024-09-15 12:30:31,381 - __main__ - INFO - Frame successfully retrieved.
2024-09-15 12:30:31,426 - __main__ - INFO - Frame successfully retrieved.
2024-09-15 12:30:31,426 - __main__ - DEBUG - Getting detections from the frame.
2024-09-15 12:30:33,984 - __main__ - ERROR - Failed to retrieve frame from stream. Attempting to reconnect...
2024-09-15 12:30:34,344 - __main__ - ERROR - Error during detection: [ONNXRuntimeError] : 7 : INVALID_PROTOBUF : Load model from yolov3-tinyu_1.onnx failed:Protobuf parsing failed.
2024-09-15 12:30:34,345 - __main__ - DEBUG - Processing bounding boxes.
2024-09-15 12:30:34,345 - __main__ - DEBUG - Lines drawn on the frame.
2024-09-15 12:30:34,346 - __main__ - INFO - Published data to MQTT: {'going_down': 0, 'going_up': 0}
2024-09-15 12:30:34,347 - __main__ - DEBUG - Counters drawn: Going Down=0, Going Up=0
2024-09-15 12:30:34,348 - __main__ - DEBUG - FPS drawn: 0.30
2024-09-15 12:30:34,351 - __main__ - INFO - Elapsed time: 27.11
2024-09-15 12:30:34,351 - __main__ - INFO - Approx. FPS: 0.00
2024-09-15 12:30:36,085 - __main__ - INFO - Reconnected to video source: ../veh2.mp4
2024-09-15 12:30:36,085 - __main__ - INFO - Video stream released.
2024-09-15 12:30:36,116 - __main__ - INFO - Published data to MQTT: {'going_down': 0, 'going_up': 0}
2024-09-15 12:30:36,117 - __main__ - INFO - FFmpeg process finished.
2024-09-15 12:30:36,118 - __main__ - INFO - MQTT client disconnected and garbage collected.
